<?xml version="1.0" encoding="UTF-8"?>
<testsuites>
  <testsuite name="tbl_demographics" timestamp="2025-02-17T04:51:49Z" hostname="d3a3bea519ca" tests="1" skipped="0" failures="0" errors="0" time="1.351">
    <testcase time="1.351" classname="character(0)" name="tbl_demographics_works"/>
  </testsuite>
  <testsuite name="theme_gtsummary_roche" timestamp="2025-02-17T04:51:49Z" hostname="d3a3bea519ca" tests="1" skipped="0" failures="0" errors="0" time="0.145">
    <testcase time="0.145" classname="character(0)" name="theme_gtsummary_roche_works"/>
  </testsuite>
  <testsuite name="add_blank_row" timestamp="2025-02-17T04:51:49Z" hostname="d3a3bea519ca" tests="1" skipped="0" failures="0" errors="0" time="0.016">
    <testcase time="0.016" classname="character(0)" name="add_blank_row_works"/>
  </testsuite>
  <testsuite name="add_blank_row" timestamp="2025-02-17T04:51:49Z" hostname="d3a3bea519ca" tests="1" skipped="0" failures="0" errors="0" time="0.002">
    <testcase time="0.00199999999999978" classname="character(0)" name="add_blank_row_messaging"/>
  </testsuite>
</testsuites>
