<?xml version="1.0" encoding="UTF-8"?>
<testsuites>
  <testsuite name="tbl_demographics" timestamp="2025-02-17T04:41:48Z" hostname="40775195a573" tests="1" skipped="0" failures="0" errors="0" time="1.365">
    <testcase time="1.365" classname="character(0)" name="tbl_demographics_works"/>
  </testsuite>
  <testsuite name="theme_gtsummary_roche" timestamp="2025-02-17T04:41:48Z" hostname="40775195a573" tests="1" skipped="0" failures="0" errors="0" time="0.137">
    <testcase time="0.137" classname="character(0)" name="theme_gtsummary_roche_works"/>
  </testsuite>
  <testsuite name="add_blank_row" timestamp="2025-02-17T04:41:48Z" hostname="40775195a573" tests="1" skipped="0" failures="0" errors="0" time="0.018">
    <testcase time="0.0179999999999998" classname="character(0)" name="add_blank_row_works"/>
  </testsuite>
  <testsuite name="add_blank_row" timestamp="2025-02-17T04:41:48Z" hostname="40775195a573" tests="1" skipped="0" failures="1" errors="0" time="0.001">
    <testcase time="0.00100000000000033" classname="character(0)" name="add_blank_row_messaging">
      <failure type="failure" message="Snapshot of code has changed: ('test-add_blank_row.R:15:3')">Snapshot of code has changed:
old vs new
  Code
    add_blank_row(as_gtsummary(trial[1:5, 1:2]))
  Condition
-   Error in `add_blank_row()`:
+   Error in `as_gtsummary()`:
-   ! The &lt;gtsummary&gt; table passed in argument `x` must have a "variable" column.
+   ! could not find function "as_gtsummary"

* Run `testthat::snapshot_accept('add_blank_row')` to accept the change.
* Run `testthat::snapshot_review('add_blank_row')` to interactively review the change.</failure>
    </testcase>
  </testsuite>
</testsuites>
