<?xml version="1.0" encoding="UTF-8"?>
<testsuites>
  <testsuite name="tbl_demographics" timestamp="2025-02-17T04:41:42Z" hostname="bd26a86f21e8" tests="1" skipped="0" failures="0" errors="0" time="1.344">
    <testcase time="1.344" classname="character(0)" name="tbl_demographics_works"/>
  </testsuite>
  <testsuite name="add_blank_row" timestamp="2025-02-17T04:41:42Z" hostname="bd26a86f21e8" tests="1" skipped="0" failures="0" errors="0" time="0.08">
    <testcase time="0.0799999999999996" classname="character(0)" name="add_blank_row_works"/>
  </testsuite>
  <testsuite name="add_blank_row" timestamp="2025-02-17T04:41:42Z" hostname="bd26a86f21e8" tests="1" skipped="1" failures="0" errors="0" time="0.013">
    <testcase time="0.0130000000000003" classname="character(0)" name="add_blank_row_messaging">
      <skipped message="Reason: On CRAN ('test-add_blank_row.R:15:3')"/>
    </testcase>
  </testsuite>
  <testsuite name="theme_gtsummary_roche" timestamp="2025-02-17T04:41:42Z" hostname="bd26a86f21e8" tests="1" skipped="1" failures="0" errors="0" time="0.025">
    <testcase time="0.0249999999999999" classname="character(0)" name="theme_gtsummary_roche_works">
      <skipped message="Reason: On CRAN ('test-theme_gtsummary_roche.R:3:3')"/>
    </testcase>
  </testsuite>
</testsuites>
