<?xml version="1.0" encoding="UTF-8"?>
<testsuites>
  <testsuite name="tbl_demographics" timestamp="2025-03-05T20:52:25Z" hostname="0bff96bef454" tests="1" skipped="0" failures="0" errors="0" time="1.399">
    <testcase time="1.399" classname="character(0)" name="tbl_demographics_works"/>
  </testsuite>
  <testsuite name="add_blank_row" timestamp="2025-03-05T20:52:25Z" hostname="0bff96bef454" tests="1" skipped="0" failures="0" errors="0" time="0.128">
    <testcase time="0.128" classname="character(0)" name="add_blank_row_works"/>
  </testsuite>
  <testsuite name="add_blank_row" timestamp="2025-03-05T20:52:25Z" hostname="0bff96bef454" tests="1" skipped="0" failures="0" errors="0" time="0.012">
    <testcase time="0.012" classname="character(0)" name="add_blank_row_messaging"/>
  </testsuite>
  <testsuite name="theme_gtsummary_roche" timestamp="2025-03-05T20:52:25Z" hostname="0bff96bef454" tests="1" skipped="0" failures="0" errors="0" time="0.004">
    <testcase time="0.004" classname="character(0)" name="theme_gtsummary_roche_works"/>
  </testsuite>
</testsuites>
