<?xml version="1.0" encoding="UTF-8"?>
<testsuites>
  <testsuite name="roche_pvalue" timestamp="2025-05-28T01:23:33Z" hostname="642bda9b1417" tests="1" skipped="0" failures="0" errors="0" time="1">
    <testcase time="1" classname="character(0)" name="roche_pvalue_works"/>
  </testsuite>
  <testsuite name="add_blank_row" timestamp="2025-05-28T01:23:34Z" hostname="642bda9b1417" tests="1" skipped="0" failures="0" errors="0" time="1.102">
    <testcase time="1.102" classname="character(0)" name="add_blank_row_works"/>
  </testsuite>
  <testsuite name="add_blank_row" timestamp="2025-05-28T01:23:34Z" hostname="642bda9b1417" tests="1" skipped="1" failures="0" errors="0" time="0.095">
    <testcase time="0.0949999999999998" classname="character(0)" name="add_blank_row_messaging">
      <skipped message="Reason: On CRAN ('test-add_blank_row.R:15:3')"/>
    </testcase>
  </testsuite>
  <testsuite name="tbl_demographics" timestamp="2025-05-28T01:23:38Z" hostname="642bda9b1417" tests="1" skipped="0" failures="0" errors="0" time="3.889">
    <testcase time="3.889" classname="character(0)" name="tbl_demographics_works"/>
  </testsuite>
  <testsuite name="tbl_demographics" timestamp="2025-05-28T01:23:38Z" hostname="642bda9b1417" tests="2" skipped="1" failures="0" errors="0" time="0.003">
    <testcase time="0.00200000000000067" classname="character(0)" name="tbl_demographics_add_overall_works"/>
    <testcase time="0.000999999999999446" classname="character(0)" name="tbl_demographics_add_overall_works">
      <skipped message="Reason: On CRAN ('test-tbl_demographics.R:40:3')"/>
    </testcase>
  </testsuite>
  <testsuite name="tbl_survfit_quantiles" timestamp="2025-05-28T01:23:38Z" hostname="642bda9b1417" tests="2" skipped="1" failures="0" errors="0" time="0.632">
    <testcase time="0.631" classname="character(0)" name="tbl_survfit_quantiles_works"/>
    <testcase time="0.00100000000000033" classname="character(0)" name="tbl_survfit_quantiles_works">
      <skipped message="Reason: On CRAN ('test-tbl_survfit_quantiles.R:13:3')"/>
    </testcase>
  </testsuite>
  <testsuite name="tbl_survfit_quantiles" timestamp="2025-05-28T01:23:38Z" hostname="642bda9b1417" tests="1" skipped="1" failures="0" errors="0" time="0.016">
    <testcase time="0.016" classname="character(0)" name="tbl_survfit_quantiles_by_messaging">
      <skipped message="Reason: On CRAN ('test-tbl_survfit_quantiles.R:55:3')"/>
    </testcase>
  </testsuite>
  <testsuite name="tbl_survfit_quantiles" timestamp="2025-05-28T01:23:39Z" hostname="642bda9b1417" tests="1" skipped="1" failures="0" errors="0" time="0.024">
    <testcase time="0.024" classname="character(0)" name="tbl_survfit_quantiles_estimate_fun_">
      <skipped message="Reason: On CRAN ('test-tbl_survfit_quantiles.R:75:3')"/>
    </testcase>
  </testsuite>
  <testsuite name="tbl_survfit_quantiles" timestamp="2025-05-28T01:23:39Z" hostname="642bda9b1417" tests="1" skipped="0" failures="0" errors="0" time="0.014">
    <testcase time="0.0139999999999993" classname="character(0)" name="tbl_survfit_quantiles_method.args_"/>
  </testsuite>
  <testsuite name="tbl_survfit_quantiles" timestamp="2025-05-28T01:23:39Z" hostname="642bda9b1417" tests="1" skipped="1" failures="0" errors="0" time="0.001">
    <testcase time="0.00100000000000033" classname="character(0)" name="add_overall.tbl_survfit_quantiles_works">
      <skipped message="Reason: On CRAN ('test-tbl_survfit_quantiles.R:111:3')"/>
    </testcase>
  </testsuite>
  <testsuite name="theme_gtsummary_roche" timestamp="2025-05-28T01:23:39Z" hostname="642bda9b1417" tests="1" skipped="1" failures="0" errors="0" time="0.524">
    <testcase time="0.524000000000001" classname="character(0)" name="theme_gtsummary_roche_works">
      <skipped message="Reason: On CRAN ('test-theme_gtsummary_roche.R:3:3')"/>
    </testcase>
  </testsuite>
  <testsuite name="theme_gtsummary_roche" timestamp="2025-05-28T01:23:39Z" hostname="642bda9b1417" tests="1" skipped="1" failures="0" errors="0" time="0.015">
    <testcase time="0.0149999999999988" classname="character(0)" name="theme_gtsummary_roche_adds_relevant_flextable_directives">
      <skipped message="Reason: On CRAN ('test-theme_gtsummary_roche.R:17:3')"/>
    </testcase>
  </testsuite>
  <testsuite name="theme_gtsummary_roche" timestamp="2025-05-28T01:23:39Z" hostname="642bda9b1417" tests="1" skipped="0" failures="0" errors="0" time="0.01">
    <testcase time="0.00999999999999979" classname="character(0)" name="theme_gtsummary_roche_no_errors_with_a_gt_print"/>
  </testsuite>
</testsuites>
