<?xml version="1.0" encoding="UTF-8"?>
<testsuites>
  <testsuite name="add_hierarchical_count_row" timestamp="2025-09-12T18:31:23Z" hostname="7bfb68b41e2f" tests="4" skipped="0" failures="0" errors="0" time="5.287">
    <testcase time="5.265" classname="character(0)" name="add_hierarchical_count_row_works"/>
    <testcase time="0.0150000000000006" classname="character(0)" name="add_hierarchical_count_row_works"/>
    <testcase time="0.00600000000000023" classname="character(0)" name="add_hierarchical_count_row_works"/>
    <testcase time="0.000999999999999446" classname="character(0)" name="add_hierarchical_count_row_works"/>
  </testsuite>
  <testsuite name="add_hierarchical_count_row" timestamp="2025-09-12T18:31:23Z" hostname="7bfb68b41e2f" tests="2" skipped="0" failures="0" errors="0" time="0.002">
    <testcase time="0.00100000000000033" classname="character(0)" name="add_hierarchical_count_row_data_preprocess_works"/>
    <testcase time="0.000999999999999446" classname="character(0)" name="add_hierarchical_count_row_data_preprocess_works"/>
  </testsuite>
  <testsuite name="label_roche" timestamp="2025-09-12T18:31:23Z" hostname="7bfb68b41e2f" tests="1" skipped="0" failures="0" errors="0" time="0.09">
    <testcase time="0.0900000000000007" classname="character(0)" name="style_roche_pvalue_works"/>
  </testsuite>
  <testsuite name="label_roche" timestamp="2025-09-12T18:31:23Z" hostname="7bfb68b41e2f" tests="3" skipped="0" failures="0" errors="0" time="0.005">
    <testcase time="0.00399999999999956" classname="character(0)" name="style_roche_percent_works"/>
    <testcase time="0" classname="character(0)" name="style_roche_percent_works"/>
    <testcase time="0.00100000000000033" classname="character(0)" name="style_roche_percent_works"/>
  </testsuite>
  <testsuite name="label_roche" timestamp="2025-09-12T18:31:23Z" hostname="7bfb68b41e2f" tests="2" skipped="0" failures="0" errors="0" time="0.002">
    <testcase time="0.000999999999999446" classname="character(0)" name="style_roche_ratio_works"/>
    <testcase time="0.00100000000000033" classname="character(0)" name="style_roche_ratio_works"/>
  </testsuite>
  <testsuite name="add_blank_rows" timestamp="2025-09-12T18:31:24Z" hostname="7bfb68b41e2f" tests="1" skipped="0" failures="0" errors="0" time="1.012">
    <testcase time="1.012" classname="character(0)" name="add_blank_rows_works"/>
  </testsuite>
  <testsuite name="add_blank_rows" timestamp="2025-09-12T18:31:24Z" hostname="7bfb68b41e2f" tests="2" skipped="0" failures="0" errors="0" time="0.002">
    <testcase time="0.00200000000000067" classname="character(0)" name="add_blank_rows_variables_works"/>
    <testcase time="0" classname="character(0)" name="add_blank_rows_variables_works"/>
  </testsuite>
  <testsuite name="add_blank_rows" timestamp="2025-09-12T18:31:24Z" hostname="7bfb68b41e2f" tests="1" skipped="0" failures="0" errors="0" time="0.002">
    <testcase time="0.00199999999999978" classname="character(0)" name="add_blank_rows_variables_grade_is_last_row_then_table_identical"/>
  </testsuite>
  <testsuite name="add_blank_rows" timestamp="2025-09-12T18:31:24Z" hostname="7bfb68b41e2f" tests="1" skipped="0" failures="0" errors="0" time="0.001">
    <testcase time="0.00100000000000033" classname="character(0)" name="add_blank_rows_variable_level_works"/>
  </testsuite>
  <testsuite name="add_blank_rows" timestamp="2025-09-12T18:31:24Z" hostname="7bfb68b41e2f" tests="1" skipped="0" failures="0" errors="0" time="0.002">
    <testcase time="0.00199999999999978" classname="character(0)" name="add_blank_rows_error_message"/>
  </testsuite>
  <testsuite name="add_blank_rows" timestamp="2025-09-12T18:31:24Z" hostname="7bfb68b41e2f" tests="2" skipped="0" failures="0" errors="0" time="0.002">
    <testcase time="0.000999999999999446" classname="character(0)" name="add_blank_rows_row_numbers_error"/>
    <testcase time="0.00100000000000033" classname="character(0)" name="add_blank_rows_row_numbers_error"/>
  </testsuite>
  <testsuite name="add_blank_rows" timestamp="2025-09-12T18:31:24Z" hostname="7bfb68b41e2f" tests="1" skipped="0" failures="0" errors="0" time="0.001">
    <testcase time="0.00100000000000033" classname="character(0)" name="add_blank_rows_errors_when_no_variable"/>
  </testsuite>
  <testsuite name="modify_zero_recode" timestamp="2025-09-12T18:31:25Z" hostname="7bfb68b41e2f" tests="2" skipped="0" failures="0" errors="0" time="0.999">
    <testcase time="0.998" classname="character(0)" name="modify_zero_recode_works"/>
    <testcase time="0.000999999999999446" classname="character(0)" name="modify_zero_recode_works"/>
  </testsuite>
  <testsuite name="modify_header_rm_md" timestamp="2025-09-12T18:31:26Z" hostname="7bfb68b41e2f" tests="2" skipped="0" failures="0" errors="0" time="0.413">
    <testcase time="0.412000000000001" classname="character(0)" name="strip_md_bold_works_with_gtsummary_table"/>
    <testcase time="0.000999999999999446" classname="character(0)" name="strip_md_bold_works_with_gtsummary_table"/>
  </testsuite>
  <testsuite name="tbl_hierarchical_rate_and_count" timestamp="2025-09-12T18:31:45Z" hostname="7bfb68b41e2f" tests="6" skipped="0" failures="0" errors="0" time="19.718">
    <testcase time="19.715" classname="character(0)" name="tbl_hierarchical_rate_and_count_works"/>
    <testcase time="0" classname="character(0)" name="tbl_hierarchical_rate_and_count_works"/>
    <testcase time="0.00100000000000122" classname="character(0)" name="tbl_hierarchical_rate_and_count_works"/>
    <testcase time="0" classname="character(0)" name="tbl_hierarchical_rate_and_count_works"/>
    <testcase time="0.000999999999997669" classname="character(0)" name="tbl_hierarchical_rate_and_count_works"/>
    <testcase time="0.00100000000000122" classname="character(0)" name="tbl_hierarchical_rate_and_count_works"/>
  </testsuite>
  <testsuite name="tbl_hierarchical_rate_and_count" timestamp="2025-09-12T18:31:45Z" hostname="7bfb68b41e2f" tests="2" skipped="0" failures="0" errors="0" time="0.002">
    <testcase time="0.00100000000000122" classname="character(0)" name="tbl_hierarchical_rate_and_count_sort_"/>
    <testcase time="0.000999999999997669" classname="character(0)" name="tbl_hierarchical_rate_and_count_sort_"/>
  </testsuite>
  <testsuite name="tbl_hierarchical_rate_and_count" timestamp="2025-09-12T18:31:45Z" hostname="7bfb68b41e2f" tests="1" skipped="0" failures="0" errors="0" time="0.001">
    <testcase time="0.00100000000000122" classname="character(0)" name="tbl_hierarchical_rate_and_count_digits_styling_defaults_to_gtsummary"/>
  </testsuite>
  <testsuite name="tbl_hierarchical_rate_and_count" timestamp="2025-09-12T18:31:45Z" hostname="7bfb68b41e2f" tests="2" skipped="0" failures="0" errors="0" time="0.002">
    <testcase time="0.00199999999999889" classname="character(0)" name="tbl_hierarchical_rate_and_count_works_only_with_2_or_3_variables"/>
    <testcase time="0" classname="character(0)" name="tbl_hierarchical_rate_and_count_works_only_with_2_or_3_variables"/>
  </testsuite>
  <testsuite name="tbl_baseline_chg" timestamp="2025-09-12T18:31:59Z" hostname="7bfb68b41e2f" tests="3" skipped="0" failures="0" errors="0" time="13.964">
    <testcase time="13.961" classname="character(0)" name="tbl_baseline_chg_works"/>
    <testcase time="0.00100000000000477" classname="character(0)" name="tbl_baseline_chg_works"/>
    <testcase time="0.00199999999999534" classname="character(0)" name="tbl_baseline_chg_works"/>
  </testsuite>
  <testsuite name="tbl_baseline_chg" timestamp="2025-09-12T18:31:59Z" hostname="7bfb68b41e2f" tests="2" skipped="0" failures="0" errors="0" time="0.003">
    <testcase time="0.00200000000000244" classname="character(0)" name="tbl_baseline_chg_works_with_no_by_variable"/>
    <testcase time="0.000999999999997669" classname="character(0)" name="tbl_baseline_chg_works_with_no_by_variable"/>
  </testsuite>
  <testsuite name="tbl_baseline_chg" timestamp="2025-09-12T18:31:59Z" hostname="7bfb68b41e2f" tests="2" skipped="0" failures="0" errors="0" time="0.004">
    <testcase time="0.00300000000000011" classname="character(0)" name="add_overall.tbl_baseline_chg_works"/>
    <testcase time="0.00100000000000477" classname="character(0)" name="add_overall.tbl_baseline_chg_works"/>
  </testsuite>
  <testsuite name="tbl_baseline_chg" timestamp="2025-09-12T18:31:59Z" hostname="7bfb68b41e2f" tests="2" skipped="0" failures="0" errors="0" time="0.003">
    <testcase time="0.00300000000000011" classname="character(0)" name="add_overall.tbl_baseline_chg_messaging"/>
    <testcase time="0" classname="character(0)" name="add_overall.tbl_baseline_chg_messaging"/>
  </testsuite>
  <testsuite name="tbl_baseline_chg" timestamp="2025-09-12T18:31:59Z" hostname="7bfb68b41e2f" tests="4" skipped="0" failures="0" errors="0" time="0.004">
    <testcase time="0.00199999999999534" classname="character(0)" name="tbl_baseline_chg_throws_error_when_required_arguments_are_missing"/>
    <testcase time="0" classname="character(0)" name="tbl_baseline_chg_throws_error_when_required_arguments_are_missing"/>
    <testcase time="0.00100000000000477" classname="character(0)" name="tbl_baseline_chg_throws_error_when_required_arguments_are_missing"/>
    <testcase time="0.000999999999997669" classname="character(0)" name="tbl_baseline_chg_throws_error_when_required_arguments_are_missing"/>
  </testsuite>
  <testsuite name="tbl_baseline_chg" timestamp="2025-09-12T18:31:59Z" hostname="7bfb68b41e2f" tests="1" skipped="0" failures="0" errors="0" time="0.001">
    <testcase time="0.000999999999997669" classname="character(0)" name="tbl_baseline_chg_messaging"/>
  </testsuite>
  <testsuite name="tbl_baseline_chg" timestamp="2025-09-12T18:31:59Z" hostname="7bfb68b41e2f" tests="1" skipped="0" failures="0" errors="0" time="0.002">
    <testcase time="0.00200000000000244" classname="character(0)" name="gather_ard_works_on_output_table"/>
  </testsuite>
  <testsuite name="tbl_listing" timestamp="2025-09-12T18:32:00Z" hostname="7bfb68b41e2f" tests="1" skipped="0" failures="0" errors="0" time="0.698">
    <testcase time="0.698" classname="character(0)" name="tbl_listing_works_with_default_values"/>
  </testsuite>
  <testsuite name="tbl_listing" timestamp="2025-09-12T18:32:00Z" hostname="7bfb68b41e2f" tests="2" skipped="0" failures="0" errors="0" time="0.003">
    <testcase time="0.00200000000000244" classname="character(0)" name="tbl_listing_hide_duplicate_keys_FALSE_works_with_standard_values"/>
    <testcase time="0.000999999999997669" classname="character(0)" name="tbl_listing_hide_duplicate_keys_FALSE_works_with_standard_values"/>
  </testsuite>
  <testsuite name="tbl_listing" timestamp="2025-09-12T18:32:00Z" hostname="7bfb68b41e2f" tests="3" skipped="0" failures="0" errors="0" time="0.005">
    <testcase time="0.00300000000000011" classname="character(0)" name="tbl_listing_add_blanks_rows_works_with_standard_values"/>
    <testcase time="0.000999999999997669" classname="character(0)" name="tbl_listing_add_blanks_rows_works_with_standard_values"/>
    <testcase time="0.00100000000000477" classname="character(0)" name="tbl_listing_add_blanks_rows_works_with_standard_values"/>
  </testsuite>
  <testsuite name="tbl_listing" timestamp="2025-09-12T18:32:00Z" hostname="7bfb68b41e2f" tests="3" skipped="0" failures="0" errors="0" time="0.004">
    <testcase time="0.00199999999999534" classname="character(0)" name="tbl_listing_split_by_rows_works_with_standard_values"/>
    <testcase time="0.00100000000000477" classname="character(0)" name="tbl_listing_split_by_rows_works_with_standard_values"/>
    <testcase time="0.000999999999997669" classname="character(0)" name="tbl_listing_split_by_rows_works_with_standard_values"/>
  </testsuite>
  <testsuite name="tbl_listing" timestamp="2025-09-12T18:32:00Z" hostname="7bfb68b41e2f" tests="3" skipped="0" failures="0" errors="0" time="0.004">
    <testcase time="0.00300000000000011" classname="character(0)" name="tbl_listing_split_by_rows_add_blank_rows_works_with_standard_values"/>
    <testcase time="0" classname="character(0)" name="tbl_listing_split_by_rows_add_blank_rows_works_with_standard_values"/>
    <testcase time="0.000999999999997669" classname="character(0)" name="tbl_listing_split_by_rows_add_blank_rows_works_with_standard_values"/>
  </testsuite>
  <testsuite name="tbl_listing" timestamp="2025-09-12T18:32:00Z" hostname="7bfb68b41e2f" tests="3" skipped="0" failures="0" errors="0" time="0.002">
    <testcase time="0.00100000000000477" classname="character(0)" name="tbl_listing_split_by_columns_works_with_standard_values"/>
    <testcase time="0.000999999999997669" classname="character(0)" name="tbl_listing_split_by_columns_works_with_standard_values"/>
    <testcase time="0" classname="character(0)" name="tbl_listing_split_by_columns_works_with_standard_values"/>
  </testsuite>
  <testsuite name="tbl_listing" timestamp="2025-09-12T18:32:00Z" hostname="7bfb68b41e2f" tests="5" skipped="0" failures="0" errors="0" time="0.003">
    <testcase time="0.00199999999999534" classname="character(0)" name="tbl_listing_split_by_rows_split_by_columns_works_with_standard_values"/>
    <testcase time="0" classname="character(0)" name="tbl_listing_split_by_rows_split_by_columns_works_with_standard_values"/>
    <testcase time="0" classname="character(0)" name="tbl_listing_split_by_rows_split_by_columns_works_with_standard_values"/>
    <testcase time="0.000999999999997669" classname="character(0)" name="tbl_listing_split_by_rows_split_by_columns_works_with_standard_values"/>
    <testcase time="0" classname="character(0)" name="tbl_listing_split_by_rows_split_by_columns_works_with_standard_values"/>
  </testsuite>
  <testsuite name="tbl_roche_summary" timestamp="2025-09-12T18:32:06Z" hostname="7bfb68b41e2f" tests="1" skipped="0" failures="0" errors="0" time="6.301">
    <testcase time="6.301" classname="character(0)" name="tbl_roche_summary_works"/>
  </testsuite>
  <testsuite name="tbl_roche_summary" timestamp="2025-09-12T18:32:06Z" hostname="7bfb68b41e2f" tests="3" skipped="0" failures="0" errors="0" time="0.005">
    <testcase time="0.00300000000000011" classname="character(0)" name="tbl_roche_summary_add_overall_works"/>
    <testcase time="0.000999999999997669" classname="character(0)" name="tbl_roche_summary_add_overall_works"/>
    <testcase time="0.00100000000000477" classname="character(0)" name="tbl_roche_summary_add_overall_works"/>
  </testsuite>
  <testsuite name="tbl_roche_summary" timestamp="2025-09-12T18:32:06Z" hostname="7bfb68b41e2f" tests="1" skipped="0" failures="0" errors="0" time="0.003">
    <testcase time="0.00300000000000011" classname="character(0)" name="tbl_roche_summary_recode_counts_for_all_NA_column"/>
  </testsuite>
  <testsuite name="tbl_shift" timestamp="2025-09-12T18:32:28Z" hostname="7bfb68b41e2f" tests="4" skipped="0" failures="0" errors="0" time="22.148">
    <testcase time="22.146" classname="character(0)" name="tbl_shift_strata_location_"/>
    <testcase time="0.000999999999990564" classname="character(0)" name="tbl_shift_strata_location_"/>
    <testcase time="0" classname="character(0)" name="tbl_shift_strata_location_"/>
    <testcase time="0.00100000000000477" classname="character(0)" name="tbl_shift_strata_location_"/>
  </testsuite>
  <testsuite name="tbl_shift" timestamp="2025-09-12T18:32:28Z" hostname="7bfb68b41e2f" tests="1" skipped="0" failures="0" errors="0" time="0.001">
    <testcase time="0.00100000000000477" classname="character(0)" name="tbl_shift_by_messaging"/>
  </testsuite>
  <testsuite name="tbl_shift" timestamp="2025-09-12T18:32:28Z" hostname="7bfb68b41e2f" tests="1" skipped="0" failures="0" errors="0" time="0.002">
    <testcase time="0.00199999999999534" classname="character(0)" name="tbl_shift_data_header_messaging"/>
  </testsuite>
  <testsuite name="tbl_shift" timestamp="2025-09-12T18:32:28Z" hostname="7bfb68b41e2f" tests="4" skipped="0" failures="0" errors="0" time="0.003">
    <testcase time="0.00100000000000477" classname="character(0)" name="add_overall.tbl_shift_"/>
    <testcase time="0.000999999999990564" classname="character(0)" name="add_overall.tbl_shift_"/>
    <testcase time="0" classname="character(0)" name="add_overall.tbl_shift_"/>
    <testcase time="0.00100000000000477" classname="character(0)" name="add_overall.tbl_shift_"/>
  </testsuite>
  <testsuite name="tbl_shift" timestamp="2025-09-12T18:32:28Z" hostname="7bfb68b41e2f" tests="2" skipped="0" failures="0" errors="0" time="0.001">
    <testcase time="0.00100000000000477" classname="character(0)" name="add_overall.tbl_shift_messaging"/>
    <testcase time="0" classname="character(0)" name="add_overall.tbl_shift_messaging"/>
  </testsuite>
  <testsuite name="tbl_shift" timestamp="2025-09-12T18:32:28Z" hostname="7bfb68b41e2f" tests="2" skipped="0" failures="0" errors="0" time="0.002">
    <testcase time="0.00200000000000955" classname="character(0)" name="add_overall.tbl_shift_strata_NULL_messaging"/>
    <testcase time="0" classname="character(0)" name="add_overall.tbl_shift_strata_NULL_messaging"/>
  </testsuite>
  <testsuite name="tbl_survfit_quantiles" timestamp="2025-09-12T18:32:35Z" hostname="7bfb68b41e2f" tests="7" skipped="0" failures="0" errors="0" time="6.378">
    <testcase time="6.375" classname="character(0)" name="tbl_survfit_quantiles_works"/>
    <testcase time="0.000999999999990564" classname="character(0)" name="tbl_survfit_quantiles_works"/>
    <testcase time="0" classname="character(0)" name="tbl_survfit_quantiles_works"/>
    <testcase time="0.00100000000000477" classname="character(0)" name="tbl_survfit_quantiles_works"/>
    <testcase time="0" classname="character(0)" name="tbl_survfit_quantiles_works"/>
    <testcase time="0.00100000000000477" classname="character(0)" name="tbl_survfit_quantiles_works"/>
    <testcase time="0" classname="character(0)" name="tbl_survfit_quantiles_works"/>
  </testsuite>
  <testsuite name="tbl_survfit_quantiles" timestamp="2025-09-12T18:32:35Z" hostname="7bfb68b41e2f" tests="2" skipped="0" failures="0" errors="0" time="0.002">
    <testcase time="0.00199999999999534" classname="character(0)" name="tbl_survfit_quantiles_by_messaging"/>
    <testcase time="0" classname="character(0)" name="tbl_survfit_quantiles_by_messaging"/>
  </testsuite>
  <testsuite name="tbl_survfit_quantiles" timestamp="2025-09-12T18:32:35Z" hostname="7bfb68b41e2f" tests="1" skipped="0" failures="0" errors="0" time="0.002">
    <testcase time="0.00199999999999534" classname="character(0)" name="tbl_survfit_quantiles_estimate_fun_"/>
  </testsuite>
  <testsuite name="tbl_survfit_quantiles" timestamp="2025-09-12T18:32:35Z" hostname="7bfb68b41e2f" tests="1" skipped="0" failures="0" errors="0" time="0.002">
    <testcase time="0.00200000000000955" classname="character(0)" name="tbl_survfit_quantiles_method.args_"/>
  </testsuite>
  <testsuite name="tbl_survfit_quantiles" timestamp="2025-09-12T18:32:35Z" hostname="7bfb68b41e2f" tests="1" skipped="0" failures="0" errors="0" time="0.001">
    <testcase time="0.000999999999990564" classname="character(0)" name="add_overall.tbl_survfit_quantiles_works"/>
  </testsuite>
  <testsuite name="tbl_survfit_times" timestamp="2025-09-12T18:32:38Z" hostname="7bfb68b41e2f" tests="7" skipped="0" failures="0" errors="0" time="3.71">
    <testcase time="3.706" classname="character(0)" name="tbl_survfit_times_works"/>
    <testcase time="0.00100000000000477" classname="character(0)" name="tbl_survfit_times_works"/>
    <testcase time="0.000999999999990564" classname="character(0)" name="tbl_survfit_times_works"/>
    <testcase time="0" classname="character(0)" name="tbl_survfit_times_works"/>
    <testcase time="0.00100000000000477" classname="character(0)" name="tbl_survfit_times_works"/>
    <testcase time="0" classname="character(0)" name="tbl_survfit_times_works"/>
    <testcase time="0.00100000000000477" classname="character(0)" name="tbl_survfit_times_works"/>
  </testsuite>
  <testsuite name="tbl_survfit_times" timestamp="2025-09-12T18:32:38Z" hostname="7bfb68b41e2f" tests="2" skipped="0" failures="0" errors="0" time="0.002">
    <testcase time="0.00199999999999534" classname="character(0)" name="tbl_survfit_times_by_messaging"/>
    <testcase time="0" classname="character(0)" name="tbl_survfit_times_by_messaging"/>
  </testsuite>
  <testsuite name="tbl_survfit_times" timestamp="2025-09-12T18:32:39Z" hostname="7bfb68b41e2f" tests="1" skipped="0" failures="0" errors="0" time="0.002">
    <testcase time="0.00199999999999534" classname="character(0)" name="add_overall.tbl_survfit_times_works"/>
  </testsuite>
  <testsuite name="theme_gtsummary_roche" timestamp="2025-09-12T18:32:42Z" hostname="7bfb68b41e2f" tests="1" skipped="0" failures="0" errors="0" time="3.258">
    <testcase time="3.25800000000001" classname="character(0)" name="theme_gtsummary_roche_works"/>
  </testsuite>
  <testsuite name="theme_gtsummary_roche" timestamp="2025-09-12T18:32:42Z" hostname="7bfb68b41e2f" tests="1" skipped="0" failures="0" errors="0" time="0.003">
    <testcase time="0.00300000000000011" classname="character(0)" name="theme_gtsummary_roche_adds_relevant_flextable_directives"/>
  </testsuite>
  <testsuite name="theme_gtsummary_roche" timestamp="2025-09-12T18:32:42Z" hostname="7bfb68b41e2f" tests="1" skipped="0" failures="0" errors="0" time="0.003">
    <testcase time="0.00300000000000011" classname="character(0)" name="theme_gtsummary_roche_no_errors_with_a_gt_print"/>
  </testsuite>
  <testsuite name="theme_gtsummary_roche" timestamp="2025-09-12T18:32:42Z" hostname="7bfb68b41e2f" tests="7" skipped="0" failures="0" errors="0" time="0.007">
    <testcase time="0.00300000000000011" classname="character(0)" name="theme_gtsummary_roche_styles_tbl_hierarchical_results"/>
    <testcase time="0.000999999999990564" classname="character(0)" name="theme_gtsummary_roche_styles_tbl_hierarchical_results"/>
    <testcase time="0" classname="character(0)" name="theme_gtsummary_roche_styles_tbl_hierarchical_results"/>
    <testcase time="0.00100000000000477" classname="character(0)" name="theme_gtsummary_roche_styles_tbl_hierarchical_results"/>
    <testcase time="0.00100000000000477" classname="character(0)" name="theme_gtsummary_roche_styles_tbl_hierarchical_results"/>
    <testcase time="0" classname="character(0)" name="theme_gtsummary_roche_styles_tbl_hierarchical_results"/>
    <testcase time="0.000999999999990564" classname="character(0)" name="theme_gtsummary_roche_styles_tbl_hierarchical_results"/>
  </testsuite>
  <testsuite name="tbl_hierarchical_rate_by_grade" timestamp="2025-09-12T18:32:51Z" hostname="7bfb68b41e2f" tests="7" skipped="0" failures="0" errors="0" time="9.308">
    <testcase time="9.304" classname="character(0)" name="tbl_hierarchical_rate_by_grade_works"/>
    <testcase time="0.00100000000000477" classname="character(0)" name="tbl_hierarchical_rate_by_grade_works"/>
    <testcase time="0.00100000000000477" classname="character(0)" name="tbl_hierarchical_rate_by_grade_works"/>
    <testcase time="0" classname="character(0)" name="tbl_hierarchical_rate_by_grade_works"/>
    <testcase time="0.000999999999990564" classname="character(0)" name="tbl_hierarchical_rate_by_grade_works"/>
    <testcase time="0" classname="character(0)" name="tbl_hierarchical_rate_by_grade_works"/>
    <testcase time="0.00100000000000477" classname="character(0)" name="tbl_hierarchical_rate_by_grade_works"/>
  </testsuite>
  <testsuite name="tbl_hierarchical_rate_by_grade" timestamp="2025-09-12T18:32:51Z" hostname="7bfb68b41e2f" tests="4" skipped="0" failures="0" errors="0" time="0.003">
    <testcase time="0.00100000000000477" classname="character(0)" name="tbl_hierarchical_rate_by_grade_include_overall_works"/>
    <testcase time="0.000999999999990564" classname="character(0)" name="tbl_hierarchical_rate_by_grade_include_overall_works"/>
    <testcase time="0" classname="character(0)" name="tbl_hierarchical_rate_by_grade_include_overall_works"/>
    <testcase time="0.00100000000000477" classname="character(0)" name="tbl_hierarchical_rate_by_grade_include_overall_works"/>
  </testsuite>
  <testsuite name="tbl_hierarchical_rate_by_grade" timestamp="2025-09-12T18:32:51Z" hostname="7bfb68b41e2f" tests="2" skipped="0" failures="0" errors="0" time="0.002">
    <testcase time="0.00100000000000477" classname="character(0)" name="tbl_hierarchical_rate_by_grade_works_with_add_overall_"/>
    <testcase time="0.000999999999990564" classname="character(0)" name="tbl_hierarchical_rate_by_grade_works_with_add_overall_"/>
  </testsuite>
  <testsuite name="tbl_hierarchical_rate_by_grade" timestamp="2025-09-12T18:32:51Z" hostname="7bfb68b41e2f" tests="5" skipped="0" failures="0" errors="0" time="0.004">
    <testcase time="0.00200000000000955" classname="character(0)" name="tbl_hierarchical_rate_by_grade_sort_works"/>
    <testcase time="0" classname="character(0)" name="tbl_hierarchical_rate_by_grade_sort_works"/>
    <testcase time="0.000999999999990564" classname="character(0)" name="tbl_hierarchical_rate_by_grade_sort_works"/>
    <testcase time="0" classname="character(0)" name="tbl_hierarchical_rate_by_grade_sort_works"/>
    <testcase time="0.00100000000000477" classname="character(0)" name="tbl_hierarchical_rate_by_grade_sort_works"/>
  </testsuite>
  <testsuite name="tbl_hierarchical_rate_by_grade" timestamp="2025-09-12T18:32:51Z" hostname="7bfb68b41e2f" tests="4" skipped="0" failures="0" errors="0" time="0.003">
    <testcase time="0.00100000000000477" classname="character(0)" name="tbl_hierarchical_rate_by_grade_filter_works"/>
    <testcase time="0.000999999999990564" classname="character(0)" name="tbl_hierarchical_rate_by_grade_filter_works"/>
    <testcase time="0" classname="character(0)" name="tbl_hierarchical_rate_by_grade_filter_works"/>
    <testcase time="0.00100000000000477" classname="character(0)" name="tbl_hierarchical_rate_by_grade_filter_works"/>
  </testsuite>
  <testsuite name="tbl_hierarchical_rate_by_grade" timestamp="2025-09-12T18:32:51Z" hostname="7bfb68b41e2f" tests="1" skipped="0" failures="0" errors="0" time="0.001">
    <testcase time="0.00100000000000477" classname="character(0)" name="tbl_hierarchical_rate_by_grade_works_with_non_factor_grade_variables"/>
  </testsuite>
  <testsuite name="tbl_hierarchical_rate_by_grade" timestamp="2025-09-12T18:32:51Z" hostname="7bfb68b41e2f" tests="1" skipped="0" failures="0" errors="0" time="0.002">
    <testcase time="0.00199999999999534" classname="character(0)" name="tbl_hierarchical_rate_by_grade_grade_groups_works_with_some_grades_not_in_groups"/>
  </testsuite>
  <testsuite name="tbl_hierarchical_rate_by_grade" timestamp="2025-09-12T18:32:51Z" hostname="7bfb68b41e2f" tests="4" skipped="0" failures="0" errors="0" time="0.002">
    <testcase time="0.00100000000000477" classname="character(0)" name="tbl_hierarchical_rate_by_grade_grades_exclude_works"/>
    <testcase time="0" classname="character(0)" name="tbl_hierarchical_rate_by_grade_grades_exclude_works"/>
    <testcase time="0.00100000000000477" classname="character(0)" name="tbl_hierarchical_rate_by_grade_grades_exclude_works"/>
    <testcase time="0" classname="character(0)" name="tbl_hierarchical_rate_by_grade_grades_exclude_works"/>
  </testsuite>
  <testsuite name="tbl_hierarchical_rate_by_grade" timestamp="2025-09-12T18:32:51Z" hostname="7bfb68b41e2f" tests="3" skipped="0" failures="0" errors="0" time="0.003">
    <testcase time="0.00199999999999534" classname="character(0)" name="tbl_hierarchical_rate_by_grade_keep_zero_rows_works"/>
    <testcase time="0" classname="character(0)" name="tbl_hierarchical_rate_by_grade_keep_zero_rows_works"/>
    <testcase time="0.00100000000000477" classname="character(0)" name="tbl_hierarchical_rate_by_grade_keep_zero_rows_works"/>
  </testsuite>
  <testsuite name="tbl_hierarchical_rate_by_grade" timestamp="2025-09-12T18:32:51Z" hostname="7bfb68b41e2f" tests="4" skipped="0" failures="0" errors="0" time="0.003">
    <testcase time="0.00100000000000477" classname="character(0)" name="tbl_hierarchical_rate_by_grade_error_messaging_works"/>
    <testcase time="0.000999999999990564" classname="character(0)" name="tbl_hierarchical_rate_by_grade_error_messaging_works"/>
    <testcase time="0" classname="character(0)" name="tbl_hierarchical_rate_by_grade_error_messaging_works"/>
    <testcase time="0.00100000000000477" classname="character(0)" name="tbl_hierarchical_rate_by_grade_error_messaging_works"/>
  </testsuite>
</testsuites>
