<?xml version="1.0" encoding="UTF-8"?>
<testsuites>
  <testsuite name="add_hierarchical_count_row" timestamp="2025-09-12T18:14:32Z" hostname="d3557a4e2d28" tests="4" skipped="0" failures="0" errors="0" time="5.458">
    <testcase time="5.434" classname="character(0)" name="add_hierarchical_count_row_works"/>
    <testcase time="0.0169999999999995" classname="character(0)" name="add_hierarchical_count_row_works"/>
    <testcase time="0.00700000000000056" classname="character(0)" name="add_hierarchical_count_row_works"/>
    <testcase time="0" classname="character(0)" name="add_hierarchical_count_row_works"/>
  </testsuite>
  <testsuite name="add_hierarchical_count_row" timestamp="2025-09-12T18:14:32Z" hostname="d3557a4e2d28" tests="2" skipped="0" failures="0" errors="0" time="0.003">
    <testcase time="0.00199999999999978" classname="character(0)" name="add_hierarchical_count_row_data_preprocess_works"/>
    <testcase time="0.000999999999999446" classname="character(0)" name="add_hierarchical_count_row_data_preprocess_works"/>
  </testsuite>
  <testsuite name="label_roche" timestamp="2025-09-12T18:14:32Z" hostname="d3557a4e2d28" tests="1" skipped="0" failures="0" errors="0" time="0.083">
    <testcase time="0.0830000000000002" classname="character(0)" name="style_roche_pvalue_works"/>
  </testsuite>
  <testsuite name="label_roche" timestamp="2025-09-12T18:14:32Z" hostname="d3557a4e2d28" tests="3" skipped="0" failures="0" errors="0" time="0.006">
    <testcase time="0.00499999999999989" classname="character(0)" name="style_roche_percent_works"/>
    <testcase time="0" classname="character(0)" name="style_roche_percent_works"/>
    <testcase time="0.00100000000000033" classname="character(0)" name="style_roche_percent_works"/>
  </testsuite>
  <testsuite name="label_roche" timestamp="2025-09-12T18:14:32Z" hostname="d3557a4e2d28" tests="2" skipped="0" failures="0" errors="0" time="0.002">
    <testcase time="0.00100000000000033" classname="character(0)" name="style_roche_ratio_works"/>
    <testcase time="0.000999999999999446" classname="character(0)" name="style_roche_ratio_works"/>
  </testsuite>
  <testsuite name="add_blank_rows" timestamp="2025-09-12T18:14:33Z" hostname="d3557a4e2d28" tests="1" skipped="0" failures="0" errors="0" time="1.032">
    <testcase time="1.032" classname="character(0)" name="add_blank_rows_works"/>
  </testsuite>
  <testsuite name="add_blank_rows" timestamp="2025-09-12T18:14:33Z" hostname="d3557a4e2d28" tests="2" skipped="0" failures="0" errors="0" time="0.004">
    <testcase time="0.00300000000000011" classname="character(0)" name="add_blank_rows_variables_works"/>
    <testcase time="0.00100000000000033" classname="character(0)" name="add_blank_rows_variables_works"/>
  </testsuite>
  <testsuite name="add_blank_rows" timestamp="2025-09-12T18:14:33Z" hostname="d3557a4e2d28" tests="1" skipped="0" failures="0" errors="0" time="0.003">
    <testcase time="0.00300000000000011" classname="character(0)" name="add_blank_rows_variables_grade_is_last_row_then_table_identical"/>
  </testsuite>
  <testsuite name="add_blank_rows" timestamp="2025-09-12T18:14:33Z" hostname="d3557a4e2d28" tests="1" skipped="0" failures="0" errors="0" time="0.002">
    <testcase time="0.00199999999999978" classname="character(0)" name="add_blank_rows_variable_level_works"/>
  </testsuite>
  <testsuite name="add_blank_rows" timestamp="2025-09-12T18:14:33Z" hostname="d3557a4e2d28" tests="1" skipped="0" failures="0" errors="0" time="0.003">
    <testcase time="0.00300000000000011" classname="character(0)" name="add_blank_rows_error_message"/>
  </testsuite>
  <testsuite name="add_blank_rows" timestamp="2025-09-12T18:14:33Z" hostname="d3557a4e2d28" tests="2" skipped="0" failures="0" errors="0" time="0.003">
    <testcase time="0.00199999999999978" classname="character(0)" name="add_blank_rows_row_numbers_error"/>
    <testcase time="0.00100000000000033" classname="character(0)" name="add_blank_rows_row_numbers_error"/>
  </testsuite>
  <testsuite name="add_blank_rows" timestamp="2025-09-12T18:14:33Z" hostname="d3557a4e2d28" tests="1" skipped="0" failures="0" errors="0" time="0.001">
    <testcase time="0.000999999999999446" classname="character(0)" name="add_blank_rows_errors_when_no_variable"/>
  </testsuite>
  <testsuite name="modify_zero_recode" timestamp="2025-09-12T18:14:34Z" hostname="d3557a4e2d28" tests="2" skipped="0" failures="0" errors="0" time="1.05">
    <testcase time="1.05" classname="character(0)" name="modify_zero_recode_works"/>
    <testcase time="0" classname="character(0)" name="modify_zero_recode_works"/>
  </testsuite>
  <testsuite name="modify_header_rm_md" timestamp="2025-09-12T18:14:34Z" hostname="d3557a4e2d28" tests="2" skipped="0" failures="0" errors="0" time="0.54">
    <testcase time="0.539" classname="character(0)" name="strip_md_bold_works_with_gtsummary_table"/>
    <testcase time="0.00100000000000122" classname="character(0)" name="strip_md_bold_works_with_gtsummary_table"/>
  </testsuite>
  <testsuite name="tbl_hierarchical_rate_and_count" timestamp="2025-09-12T18:14:55Z" hostname="d3557a4e2d28" tests="5" skipped="0" failures="0" errors="0" time="20.373">
    <testcase time="20.371" classname="character(0)" name="tbl_hierarchical_rate_and_count_works"/>
    <testcase time="0" classname="character(0)" name="tbl_hierarchical_rate_and_count_works"/>
    <testcase time="0.00100000000000122" classname="character(0)" name="tbl_hierarchical_rate_and_count_works"/>
    <testcase time="0.00100000000000122" classname="character(0)" name="tbl_hierarchical_rate_and_count_works"/>
    <testcase time="0" classname="character(0)" name="tbl_hierarchical_rate_and_count_works"/>
  </testsuite>
  <testsuite name="tbl_hierarchical_rate_and_count" timestamp="2025-09-12T18:14:55Z" hostname="d3557a4e2d28" tests="2" skipped="0" failures="0" errors="0" time="0.002">
    <testcase time="0.00199999999999889" classname="character(0)" name="tbl_hierarchical_rate_and_count_sort_"/>
    <testcase time="0" classname="character(0)" name="tbl_hierarchical_rate_and_count_sort_"/>
  </testsuite>
  <testsuite name="tbl_hierarchical_rate_and_count" timestamp="2025-09-12T18:14:55Z" hostname="d3557a4e2d28" tests="1" skipped="0" failures="0" errors="0" time="0.002">
    <testcase time="0.00199999999999889" classname="character(0)" name="tbl_hierarchical_rate_and_count_digits_styling_defaults_to_gtsummary"/>
  </testsuite>
  <testsuite name="tbl_hierarchical_rate_and_count" timestamp="2025-09-12T18:14:55Z" hostname="d3557a4e2d28" tests="2" skipped="0" failures="0" errors="0" time="0.002">
    <testcase time="0.00100000000000122" classname="character(0)" name="tbl_hierarchical_rate_and_count_works_only_with_2_or_3_variables"/>
    <testcase time="0.00100000000000122" classname="character(0)" name="tbl_hierarchical_rate_and_count_works_only_with_2_or_3_variables"/>
  </testsuite>
  <testsuite name="tbl_baseline_chg" timestamp="2025-09-12T18:15:08Z" hostname="d3557a4e2d28" tests="3" skipped="0" failures="0" errors="0" time="13.743">
    <testcase time="13.741" classname="character(0)" name="tbl_baseline_chg_works"/>
    <testcase time="0.000999999999997669" classname="character(0)" name="tbl_baseline_chg_works"/>
    <testcase time="0.00100000000000477" classname="character(0)" name="tbl_baseline_chg_works"/>
  </testsuite>
  <testsuite name="tbl_baseline_chg" timestamp="2025-09-12T18:15:08Z" hostname="d3557a4e2d28" tests="2" skipped="0" failures="0" errors="0" time="0.004">
    <testcase time="0.00300000000000011" classname="character(0)" name="tbl_baseline_chg_works_with_no_by_variable"/>
    <testcase time="0.000999999999997669" classname="character(0)" name="tbl_baseline_chg_works_with_no_by_variable"/>
  </testsuite>
  <testsuite name="tbl_baseline_chg" timestamp="2025-09-12T18:15:08Z" hostname="d3557a4e2d28" tests="2" skipped="0" failures="0" errors="0" time="0.002">
    <testcase time="0.00200000000000244" classname="character(0)" name="add_overall.tbl_baseline_chg_works"/>
    <testcase time="0" classname="character(0)" name="add_overall.tbl_baseline_chg_works"/>
  </testsuite>
  <testsuite name="tbl_baseline_chg" timestamp="2025-09-12T18:15:08Z" hostname="d3557a4e2d28" tests="2" skipped="0" failures="0" errors="0" time="0.003">
    <testcase time="0.00300000000000011" classname="character(0)" name="add_overall.tbl_baseline_chg_messaging"/>
    <testcase time="0" classname="character(0)" name="add_overall.tbl_baseline_chg_messaging"/>
  </testsuite>
  <testsuite name="tbl_baseline_chg" timestamp="2025-09-12T18:15:08Z" hostname="d3557a4e2d28" tests="4" skipped="0" failures="0" errors="0" time="0.003">
    <testcase time="0.000999999999997669" classname="character(0)" name="tbl_baseline_chg_throws_error_when_required_arguments_are_missing"/>
    <testcase time="0.00100000000000477" classname="character(0)" name="tbl_baseline_chg_throws_error_when_required_arguments_are_missing"/>
    <testcase time="0" classname="character(0)" name="tbl_baseline_chg_throws_error_when_required_arguments_are_missing"/>
    <testcase time="0.000999999999997669" classname="character(0)" name="tbl_baseline_chg_throws_error_when_required_arguments_are_missing"/>
  </testsuite>
  <testsuite name="tbl_baseline_chg" timestamp="2025-09-12T18:15:08Z" hostname="d3557a4e2d28" tests="1" skipped="0" failures="0" errors="0" time="0.001">
    <testcase time="0.000999999999997669" classname="character(0)" name="tbl_baseline_chg_messaging"/>
  </testsuite>
  <testsuite name="tbl_baseline_chg" timestamp="2025-09-12T18:15:08Z" hostname="d3557a4e2d28" tests="1" skipped="0" failures="0" errors="0" time="0.002">
    <testcase time="0.00200000000000244" classname="character(0)" name="gather_ard_works_on_output_table"/>
  </testsuite>
  <testsuite name="tbl_listing" timestamp="2025-09-12T18:15:09Z" hostname="d3557a4e2d28" tests="1" skipped="0" failures="0" errors="0" time="0.704">
    <testcase time="0.704000000000001" classname="character(0)" name="tbl_listing_works_with_default_values"/>
  </testsuite>
  <testsuite name="tbl_listing" timestamp="2025-09-12T18:15:09Z" hostname="d3557a4e2d28" tests="2" skipped="0" failures="0" errors="0" time="0.002">
    <testcase time="0.00200000000000244" classname="character(0)" name="tbl_listing_hide_duplicate_keys_FALSE_works_with_standard_values"/>
    <testcase time="0" classname="character(0)" name="tbl_listing_hide_duplicate_keys_FALSE_works_with_standard_values"/>
  </testsuite>
  <testsuite name="tbl_listing" timestamp="2025-09-12T18:15:09Z" hostname="d3557a4e2d28" tests="3" skipped="0" failures="0" errors="0" time="0.003">
    <testcase time="0.00199999999999534" classname="character(0)" name="tbl_listing_add_blanks_rows_works_with_standard_values"/>
    <testcase time="0" classname="character(0)" name="tbl_listing_add_blanks_rows_works_with_standard_values"/>
    <testcase time="0.00100000000000477" classname="character(0)" name="tbl_listing_add_blanks_rows_works_with_standard_values"/>
  </testsuite>
  <testsuite name="tbl_listing" timestamp="2025-09-12T18:15:09Z" hostname="d3557a4e2d28" tests="3" skipped="0" failures="0" errors="0" time="0.003">
    <testcase time="0.000999999999997669" classname="character(0)" name="tbl_listing_split_by_rows_works_with_standard_values"/>
    <testcase time="0.000999999999997669" classname="character(0)" name="tbl_listing_split_by_rows_works_with_standard_values"/>
    <testcase time="0.00100000000000477" classname="character(0)" name="tbl_listing_split_by_rows_works_with_standard_values"/>
  </testsuite>
  <testsuite name="tbl_listing" timestamp="2025-09-12T18:15:09Z" hostname="d3557a4e2d28" tests="3" skipped="0" failures="0" errors="0" time="0.002">
    <testcase time="0.000999999999997669" classname="character(0)" name="tbl_listing_split_by_rows_add_blank_rows_works_with_standard_values"/>
    <testcase time="0.000999999999997669" classname="character(0)" name="tbl_listing_split_by_rows_add_blank_rows_works_with_standard_values"/>
    <testcase time="0" classname="character(0)" name="tbl_listing_split_by_rows_add_blank_rows_works_with_standard_values"/>
  </testsuite>
  <testsuite name="tbl_listing" timestamp="2025-09-12T18:15:09Z" hostname="d3557a4e2d28" tests="3" skipped="0" failures="0" errors="0" time="0.003">
    <testcase time="0.00200000000000244" classname="character(0)" name="tbl_listing_split_by_columns_works_with_standard_values"/>
    <testcase time="0" classname="character(0)" name="tbl_listing_split_by_columns_works_with_standard_values"/>
    <testcase time="0.000999999999997669" classname="character(0)" name="tbl_listing_split_by_columns_works_with_standard_values"/>
  </testsuite>
  <testsuite name="tbl_listing" timestamp="2025-09-12T18:15:09Z" hostname="d3557a4e2d28" tests="5" skipped="0" failures="0" errors="0" time="0.003">
    <testcase time="0.00100000000000477" classname="character(0)" name="tbl_listing_split_by_rows_split_by_columns_works_with_standard_values"/>
    <testcase time="0.000999999999997669" classname="character(0)" name="tbl_listing_split_by_rows_split_by_columns_works_with_standard_values"/>
    <testcase time="0" classname="character(0)" name="tbl_listing_split_by_rows_split_by_columns_works_with_standard_values"/>
    <testcase time="0.000999999999997669" classname="character(0)" name="tbl_listing_split_by_rows_split_by_columns_works_with_standard_values"/>
    <testcase time="0" classname="character(0)" name="tbl_listing_split_by_rows_split_by_columns_works_with_standard_values"/>
  </testsuite>
  <testsuite name="tbl_roche_summary" timestamp="2025-09-12T18:15:16Z" hostname="d3557a4e2d28" tests="1" skipped="0" failures="0" errors="0" time="6.371">
    <testcase time="6.371" classname="character(0)" name="tbl_roche_summary_works"/>
  </testsuite>
  <testsuite name="tbl_roche_summary" timestamp="2025-09-12T18:15:16Z" hostname="d3557a4e2d28" tests="3" skipped="0" failures="0" errors="0" time="0.003">
    <testcase time="0.00200000000000244" classname="character(0)" name="tbl_roche_summary_add_overall_works"/>
    <testcase time="0" classname="character(0)" name="tbl_roche_summary_add_overall_works"/>
    <testcase time="0.000999999999997669" classname="character(0)" name="tbl_roche_summary_add_overall_works"/>
  </testsuite>
  <testsuite name="tbl_roche_summary" timestamp="2025-09-12T18:15:16Z" hostname="d3557a4e2d28" tests="1" skipped="0" failures="0" errors="0" time="0.001">
    <testcase time="0.000999999999997669" classname="character(0)" name="tbl_roche_summary_recode_counts_for_all_NA_column"/>
  </testsuite>
  <testsuite name="tbl_shift" timestamp="2025-09-12T18:15:37Z" hostname="d3557a4e2d28" tests="4" skipped="0" failures="0" errors="0" time="21.958">
    <testcase time="21.955" classname="character(0)" name="tbl_shift_strata_location_"/>
    <testcase time="0.00100000000000477" classname="character(0)" name="tbl_shift_strata_location_"/>
    <testcase time="0.00100000000000477" classname="character(0)" name="tbl_shift_strata_location_"/>
    <testcase time="0.000999999999990564" classname="character(0)" name="tbl_shift_strata_location_"/>
  </testsuite>
  <testsuite name="tbl_shift" timestamp="2025-09-12T18:15:37Z" hostname="d3557a4e2d28" tests="1" skipped="0" failures="0" errors="0" time="0.003">
    <testcase time="0.00300000000000011" classname="character(0)" name="tbl_shift_by_messaging"/>
  </testsuite>
  <testsuite name="tbl_shift" timestamp="2025-09-12T18:15:37Z" hostname="d3557a4e2d28" tests="1" skipped="0" failures="0" errors="0" time="0.003">
    <testcase time="0.00300000000000011" classname="character(0)" name="tbl_shift_data_header_messaging"/>
  </testsuite>
  <testsuite name="tbl_shift" timestamp="2025-09-12T18:15:37Z" hostname="d3557a4e2d28" tests="4" skipped="0" failures="0" errors="0" time="0.003">
    <testcase time="0.00200000000000955" classname="character(0)" name="add_overall.tbl_shift_"/>
    <testcase time="0" classname="character(0)" name="add_overall.tbl_shift_"/>
    <testcase time="0.000999999999990564" classname="character(0)" name="add_overall.tbl_shift_"/>
    <testcase time="0" classname="character(0)" name="add_overall.tbl_shift_"/>
  </testsuite>
  <testsuite name="tbl_shift" timestamp="2025-09-12T18:15:37Z" hostname="d3557a4e2d28" tests="2" skipped="0" failures="0" errors="0" time="0.002">
    <testcase time="0.00200000000000955" classname="character(0)" name="add_overall.tbl_shift_messaging"/>
    <testcase time="0" classname="character(0)" name="add_overall.tbl_shift_messaging"/>
  </testsuite>
  <testsuite name="tbl_shift" timestamp="2025-09-12T18:15:37Z" hostname="d3557a4e2d28" tests="2" skipped="0" failures="0" errors="0" time="0.003">
    <testcase time="0.00199999999999534" classname="character(0)" name="add_overall.tbl_shift_strata_NULL_messaging"/>
    <testcase time="0.00100000000000477" classname="character(0)" name="add_overall.tbl_shift_strata_NULL_messaging"/>
  </testsuite>
  <testsuite name="tbl_survfit_quantiles" timestamp="2025-09-12T18:15:44Z" hostname="d3557a4e2d28" tests="7" skipped="0" failures="0" errors="0" time="6.217">
    <testcase time="6.21199999999999" classname="character(0)" name="tbl_survfit_quantiles_works"/>
    <testcase time="0.00100000000000477" classname="character(0)" name="tbl_survfit_quantiles_works"/>
    <testcase time="0.00100000000000477" classname="character(0)" name="tbl_survfit_quantiles_works"/>
    <testcase time="0" classname="character(0)" name="tbl_survfit_quantiles_works"/>
    <testcase time="0.000999999999990564" classname="character(0)" name="tbl_survfit_quantiles_works"/>
    <testcase time="0.00100000000000477" classname="character(0)" name="tbl_survfit_quantiles_works"/>
    <testcase time="0.00100000000000477" classname="character(0)" name="tbl_survfit_quantiles_works"/>
  </testsuite>
  <testsuite name="tbl_survfit_quantiles" timestamp="2025-09-12T18:15:44Z" hostname="d3557a4e2d28" tests="2" skipped="0" failures="0" errors="0" time="0.004">
    <testcase time="0.00300000000000011" classname="character(0)" name="tbl_survfit_quantiles_by_messaging"/>
    <testcase time="0.000999999999990564" classname="character(0)" name="tbl_survfit_quantiles_by_messaging"/>
  </testsuite>
  <testsuite name="tbl_survfit_quantiles" timestamp="2025-09-12T18:15:44Z" hostname="d3557a4e2d28" tests="1" skipped="0" failures="0" errors="0" time="0.002">
    <testcase time="0.00200000000000955" classname="character(0)" name="tbl_survfit_quantiles_estimate_fun_"/>
  </testsuite>
  <testsuite name="tbl_survfit_quantiles" timestamp="2025-09-12T18:15:44Z" hostname="d3557a4e2d28" tests="1" skipped="0" failures="0" errors="0" time="0.001">
    <testcase time="0.000999999999990564" classname="character(0)" name="tbl_survfit_quantiles_method.args_"/>
  </testsuite>
  <testsuite name="tbl_survfit_quantiles" timestamp="2025-09-12T18:15:44Z" hostname="d3557a4e2d28" tests="1" skipped="0" failures="0" errors="0" time="0.002">
    <testcase time="0.00200000000000955" classname="character(0)" name="add_overall.tbl_survfit_quantiles_works"/>
  </testsuite>
  <testsuite name="tbl_survfit_times" timestamp="2025-09-12T18:15:47Z" hostname="d3557a4e2d28" tests="7" skipped="0" failures="0" errors="0" time="3.59">
    <testcase time="3.58699999999999" classname="character(0)" name="tbl_survfit_times_works"/>
    <testcase time="0.00100000000000477" classname="character(0)" name="tbl_survfit_times_works"/>
    <testcase time="0" classname="character(0)" name="tbl_survfit_times_works"/>
    <testcase time="0.00100000000000477" classname="character(0)" name="tbl_survfit_times_works"/>
    <testcase time="0" classname="character(0)" name="tbl_survfit_times_works"/>
    <testcase time="0" classname="character(0)" name="tbl_survfit_times_works"/>
    <testcase time="0.00100000000000477" classname="character(0)" name="tbl_survfit_times_works"/>
  </testsuite>
  <testsuite name="tbl_survfit_times" timestamp="2025-09-12T18:15:47Z" hostname="d3557a4e2d28" tests="2" skipped="0" failures="0" errors="0" time="0.002">
    <testcase time="0.00100000000000477" classname="character(0)" name="tbl_survfit_times_by_messaging"/>
    <testcase time="0.000999999999990564" classname="character(0)" name="tbl_survfit_times_by_messaging"/>
  </testsuite>
  <testsuite name="tbl_survfit_times" timestamp="2025-09-12T18:15:47Z" hostname="d3557a4e2d28" tests="1" skipped="0" failures="0" errors="0" time="0.001">
    <testcase time="0.00100000000000477" classname="character(0)" name="add_overall.tbl_survfit_times_works"/>
  </testsuite>
  <testsuite name="theme_gtsummary_roche" timestamp="2025-09-12T18:15:50Z" hostname="d3557a4e2d28" tests="1" skipped="0" failures="0" errors="0" time="3.136">
    <testcase time="3.136" classname="character(0)" name="theme_gtsummary_roche_works"/>
  </testsuite>
  <testsuite name="theme_gtsummary_roche" timestamp="2025-09-12T18:15:50Z" hostname="d3557a4e2d28" tests="1" skipped="0" failures="0" errors="0" time="0.001">
    <testcase time="0.00100000000000477" classname="character(0)" name="theme_gtsummary_roche_adds_relevant_flextable_directives"/>
  </testsuite>
  <testsuite name="theme_gtsummary_roche" timestamp="2025-09-12T18:15:50Z" hostname="d3557a4e2d28" tests="1" skipped="0" failures="0" errors="0" time="0.002">
    <testcase time="0.00199999999999534" classname="character(0)" name="theme_gtsummary_roche_no_errors_with_a_gt_print"/>
  </testsuite>
  <testsuite name="theme_gtsummary_roche" timestamp="2025-09-12T18:15:50Z" hostname="d3557a4e2d28" tests="7" skipped="0" failures="0" errors="0" time="0.005">
    <testcase time="0.00100000000000477" classname="character(0)" name="theme_gtsummary_roche_styles_tbl_hierarchical_results"/>
    <testcase time="0.00100000000000477" classname="character(0)" name="theme_gtsummary_roche_styles_tbl_hierarchical_results"/>
    <testcase time="0" classname="character(0)" name="theme_gtsummary_roche_styles_tbl_hierarchical_results"/>
    <testcase time="0.000999999999990564" classname="character(0)" name="theme_gtsummary_roche_styles_tbl_hierarchical_results"/>
    <testcase time="0.00100000000000477" classname="character(0)" name="theme_gtsummary_roche_styles_tbl_hierarchical_results"/>
    <testcase time="0" classname="character(0)" name="theme_gtsummary_roche_styles_tbl_hierarchical_results"/>
    <testcase time="0.00100000000000477" classname="character(0)" name="theme_gtsummary_roche_styles_tbl_hierarchical_results"/>
  </testsuite>
  <testsuite name="tbl_hierarchical_rate_by_grade" timestamp="2025-09-12T18:15:59Z" hostname="d3557a4e2d28" tests="7" skipped="0" failures="0" errors="0" time="8.993">
    <testcase time="8.98899999999999" classname="character(0)" name="tbl_hierarchical_rate_by_grade_works"/>
    <testcase time="0.00100000000000477" classname="character(0)" name="tbl_hierarchical_rate_by_grade_works"/>
    <testcase time="0.00100000000000477" classname="character(0)" name="tbl_hierarchical_rate_by_grade_works"/>
    <testcase time="0" classname="character(0)" name="tbl_hierarchical_rate_by_grade_works"/>
    <testcase time="0.000999999999990564" classname="character(0)" name="tbl_hierarchical_rate_by_grade_works"/>
    <testcase time="0" classname="character(0)" name="tbl_hierarchical_rate_by_grade_works"/>
    <testcase time="0.00100000000000477" classname="character(0)" name="tbl_hierarchical_rate_by_grade_works"/>
  </testsuite>
  <testsuite name="tbl_hierarchical_rate_by_grade" timestamp="2025-09-12T18:15:59Z" hostname="d3557a4e2d28" tests="4" skipped="0" failures="0" errors="0" time="0.003">
    <testcase time="0.00100000000000477" classname="character(0)" name="tbl_hierarchical_rate_by_grade_include_overall_works"/>
    <testcase time="0.000999999999990564" classname="character(0)" name="tbl_hierarchical_rate_by_grade_include_overall_works"/>
    <testcase time="0" classname="character(0)" name="tbl_hierarchical_rate_by_grade_include_overall_works"/>
    <testcase time="0.00100000000000477" classname="character(0)" name="tbl_hierarchical_rate_by_grade_include_overall_works"/>
  </testsuite>
  <testsuite name="tbl_hierarchical_rate_by_grade" timestamp="2025-09-12T18:15:59Z" hostname="d3557a4e2d28" tests="2" skipped="0" failures="0" errors="0" time="0.002">
    <testcase time="0.00100000000000477" classname="character(0)" name="tbl_hierarchical_rate_by_grade_works_with_add_overall_"/>
    <testcase time="0.000999999999990564" classname="character(0)" name="tbl_hierarchical_rate_by_grade_works_with_add_overall_"/>
  </testsuite>
  <testsuite name="tbl_hierarchical_rate_by_grade" timestamp="2025-09-12T18:15:59Z" hostname="d3557a4e2d28" tests="5" skipped="0" failures="0" errors="0" time="0.003">
    <testcase time="0.00100000000000477" classname="character(0)" name="tbl_hierarchical_rate_by_grade_sort_works"/>
    <testcase time="0.00100000000000477" classname="character(0)" name="tbl_hierarchical_rate_by_grade_sort_works"/>
    <testcase time="0" classname="character(0)" name="tbl_hierarchical_rate_by_grade_sort_works"/>
    <testcase time="0.000999999999990564" classname="character(0)" name="tbl_hierarchical_rate_by_grade_sort_works"/>
    <testcase time="0" classname="character(0)" name="tbl_hierarchical_rate_by_grade_sort_works"/>
  </testsuite>
  <testsuite name="tbl_hierarchical_rate_by_grade" timestamp="2025-09-12T18:15:59Z" hostname="d3557a4e2d28" tests="4" skipped="0" failures="0" errors="0" time="0.003">
    <testcase time="0.00200000000000955" classname="character(0)" name="tbl_hierarchical_rate_by_grade_filter_works"/>
    <testcase time="0" classname="character(0)" name="tbl_hierarchical_rate_by_grade_filter_works"/>
    <testcase time="0.000999999999990564" classname="character(0)" name="tbl_hierarchical_rate_by_grade_filter_works"/>
    <testcase time="0" classname="character(0)" name="tbl_hierarchical_rate_by_grade_filter_works"/>
  </testsuite>
  <testsuite name="tbl_hierarchical_rate_by_grade" timestamp="2025-09-12T18:15:59Z" hostname="d3557a4e2d28" tests="1" skipped="0" failures="0" errors="0" time="0.002">
    <testcase time="0.00200000000000955" classname="character(0)" name="tbl_hierarchical_rate_by_grade_works_with_non_factor_grade_variables"/>
  </testsuite>
  <testsuite name="tbl_hierarchical_rate_by_grade" timestamp="2025-09-12T18:15:59Z" hostname="d3557a4e2d28" tests="1" skipped="0" failures="0" errors="0" time="0.001">
    <testcase time="0.000999999999990564" classname="character(0)" name="tbl_hierarchical_rate_by_grade_grade_groups_works_with_some_grades_not_in_groups"/>
  </testsuite>
  <testsuite name="tbl_hierarchical_rate_by_grade" timestamp="2025-09-12T18:15:59Z" hostname="d3557a4e2d28" tests="4" skipped="0" failures="0" errors="0" time="0.003">
    <testcase time="0.00200000000000955" classname="character(0)" name="tbl_hierarchical_rate_by_grade_grades_exclude_works"/>
    <testcase time="0" classname="character(0)" name="tbl_hierarchical_rate_by_grade_grades_exclude_works"/>
    <testcase time="0.000999999999990564" classname="character(0)" name="tbl_hierarchical_rate_by_grade_grades_exclude_works"/>
    <testcase time="0" classname="character(0)" name="tbl_hierarchical_rate_by_grade_grades_exclude_works"/>
  </testsuite>
  <testsuite name="tbl_hierarchical_rate_by_grade" timestamp="2025-09-12T18:15:59Z" hostname="d3557a4e2d28" tests="3" skipped="0" failures="0" errors="0" time="0.003">
    <testcase time="0.00200000000000955" classname="character(0)" name="tbl_hierarchical_rate_by_grade_keep_zero_rows_works"/>
    <testcase time="0" classname="character(0)" name="tbl_hierarchical_rate_by_grade_keep_zero_rows_works"/>
    <testcase time="0.000999999999990564" classname="character(0)" name="tbl_hierarchical_rate_by_grade_keep_zero_rows_works"/>
  </testsuite>
  <testsuite name="tbl_hierarchical_rate_by_grade" timestamp="2025-09-12T18:15:59Z" hostname="d3557a4e2d28" tests="4" skipped="0" failures="0" errors="0" time="0.004">
    <testcase time="0.00100000000000477" classname="character(0)" name="tbl_hierarchical_rate_by_grade_error_messaging_works"/>
    <testcase time="0.00100000000000477" classname="character(0)" name="tbl_hierarchical_rate_by_grade_error_messaging_works"/>
    <testcase time="0.000999999999990564" classname="character(0)" name="tbl_hierarchical_rate_by_grade_error_messaging_works"/>
    <testcase time="0.00100000000000477" classname="character(0)" name="tbl_hierarchical_rate_by_grade_error_messaging_works"/>
  </testsuite>
</testsuites>
