<?xml version="1.0" encoding="UTF-8"?>
<testsuites>
  <testsuite name="add_hierarchical_count_row" timestamp="2025-07-01T15:58:12Z" hostname="6b0014fc43d4" tests="4" skipped="0" failures="0" errors="0" time="3.727">
    <testcase time="3.699" classname="character(0)" name="add_hierarchical_count_row_works"/>
    <testcase time="0.0210000000000008" classname="character(0)" name="add_hierarchical_count_row_works"/>
    <testcase time="0.00599999999999934" classname="character(0)" name="add_hierarchical_count_row_works"/>
    <testcase time="0.00100000000000033" classname="character(0)" name="add_hierarchical_count_row_works"/>
  </testsuite>
  <testsuite name="add_blank_row" timestamp="2025-07-01T15:58:12Z" hostname="6b0014fc43d4" tests="1" skipped="0" failures="0" errors="1" time="0.137">
    <testcase time="0.137" classname="character(0)" name="add_blank_row_works">
      <error type="error" message="Error in `add_blank_row(tbl_roche_summary(gtsummary::trial, by = trt, include = c(age,  ('test-add_blank_row.R:2:3')">Error in `add_blank_row(tbl_roche_summary(gtsummary::trial, by = trt, include = c(age, 
    grade)))`: non-interactive browser() -- left over from debugging?
Backtrace:
    ▆
 1. ├─testthat::expect_silent(...) at test-add_blank_row.R:2:3
 2. │ └─testthat:::quasi_capture(enquo(object), NULL, evaluate_promise)
 3. │   ├─testthat (local) .capture(...)
 4. │   │ ├─withr::with_output_sink(...)
 5. │   │ │ └─base::force(code)
 6. │   │ ├─base::withCallingHandlers(...)
 7. │   │ └─base::withVisible(code)
 8. │   └─rlang::eval_bare(quo_get_expr(.quo), quo_get_env(.quo))
 9. └─crane::add_blank_row(...)</error>
    </testcase>
  </testsuite>
  <testsuite name="add_blank_row" timestamp="2025-07-01T15:58:12Z" hostname="6b0014fc43d4" tests="1" skipped="0" failures="0" errors="1" time="0.04">
    <testcase time="0.04" classname="character(0)" name="add_blank_row_age_works">
      <error type="error" message="Error in `add_blank_row(tbl_roche_summary(gtsummary::trial, by = trt, include = c(age,  ('test-add_blank_row.R:14:3')">Error in `add_blank_row(tbl_roche_summary(gtsummary::trial, by = trt, include = c(age, 
    grade)), age)`: non-interactive browser() -- left over from debugging?
Backtrace:
    ▆
 1. ├─testthat::expect_silent(...) at test-add_blank_row.R:14:3
 2. │ └─testthat:::quasi_capture(enquo(object), NULL, evaluate_promise)
 3. │   ├─testthat (local) .capture(...)
 4. │   │ ├─withr::with_output_sink(...)
 5. │   │ │ └─base::force(code)
 6. │   │ ├─base::withCallingHandlers(...)
 7. │   │ └─base::withVisible(code)
 8. │   └─rlang::eval_bare(quo_get_expr(.quo), quo_get_env(.quo))
 9. └─crane::add_blank_row(...)</error>
    </testcase>
  </testsuite>
  <testsuite name="add_blank_row" timestamp="2025-07-01T15:58:12Z" hostname="6b0014fc43d4" tests="1" skipped="0" failures="0" errors="1" time="0.033">
    <testcase time="0.0330000000000004" classname="character(0)" name="add_blank_row_grade_is_last_row_then_table_identical">
      <error type="error" message="Error in `add_blank_row(tbl_roche_summary(gtsummary::trial, by = trt, include = c(age,  ('test-add_blank_row.R:33:3')">Error in `add_blank_row(tbl_roche_summary(gtsummary::trial, by = trt, include = c(age, 
    grade)), grade)`: non-interactive browser() -- left over from debugging?
Backtrace:
    ▆
 1. └─crane::add_blank_row(...) at test-add_blank_row.R:33:3</error>
    </testcase>
  </testsuite>
  <testsuite name="add_blank_row" timestamp="2025-07-01T15:58:12Z" hostname="6b0014fc43d4" tests="1" skipped="0" failures="0" errors="1" time="0.015">
    <testcase time="0.0149999999999997" classname="character(0)" name="add_blank_row_grade_is_last_row_then_table_identical">
      <error type="error" message="Error in `add_blank_row(tbl_roche_summary(trial, by = trt, statistic = age ~  ('test-add_blank_row.R:52:3')">Error in `add_blank_row(tbl_roche_summary(trial, by = trt, statistic = age ~ 
    "{mean}", include = c(age, grade), nonmissing = "no"), age, 
    row_numbers = c(1, 1))`: non-interactive browser() -- left over from debugging?
Backtrace:
    ▆
 1. └─crane::add_blank_row(...) at test-add_blank_row.R:52:3</error>
    </testcase>
  </testsuite>
  <testsuite name="add_blank_row" timestamp="2025-07-01T15:58:12Z" hostname="6b0014fc43d4" tests="2" skipped="0" failures="0" errors="0" time="0.016">
    <testcase time="0.0149999999999997" classname="character(0)" name="add_blank_row_row_numbers_error"/>
    <testcase time="0.00100000000000033" classname="character(0)" name="add_blank_row_row_numbers_error"/>
  </testsuite>
  <testsuite name="add_blank_row" timestamp="2025-07-01T15:58:12Z" hostname="6b0014fc43d4" tests="1" skipped="0" failures="0" errors="0" time="0.001">
    <testcase time="0.00100000000000033" classname="character(0)" name="add_blank_row_errors_when_no_variable"/>
  </testsuite>
  <testsuite name="roche_pvalue" timestamp="2025-07-01T15:58:12Z" hostname="6b0014fc43d4" tests="1" skipped="0" failures="0" errors="0" time="0.057">
    <testcase time="0.0569999999999995" classname="character(0)" name="roche_pvalue_works"/>
  </testsuite>
  <testsuite name="roche_pvalue" timestamp="2025-07-01T15:58:12Z" hostname="6b0014fc43d4" tests="3" skipped="0" failures="0" errors="0" time="0.003">
    <testcase time="0.00199999999999978" classname="character(0)" name="roche_percent_works"/>
    <testcase time="0" classname="character(0)" name="roche_percent_works"/>
    <testcase time="0.00100000000000033" classname="character(0)" name="roche_percent_works"/>
  </testsuite>
  <testsuite name="modify_header_rm_md" timestamp="2025-07-01T15:58:14Z" hostname="6b0014fc43d4" tests="2" skipped="0" failures="0" errors="0" time="2.042">
    <testcase time="2.041" classname="character(0)" name="strip_md_bold_works_with_gtsummary_table"/>
    <testcase time="0.00100000000000033" classname="character(0)" name="strip_md_bold_works_with_gtsummary_table"/>
  </testsuite>
  <testsuite name="tbl_roche_summary" timestamp="2025-07-01T15:58:20Z" hostname="6b0014fc43d4" tests="1" skipped="0" failures="0" errors="0" time="6.341">
    <testcase time="6.341" classname="character(0)" name="tbl_roche_summary_works"/>
  </testsuite>
  <testsuite name="tbl_roche_summary" timestamp="2025-07-01T15:58:20Z" hostname="6b0014fc43d4" tests="3" skipped="0" failures="0" errors="0" time="0.004">
    <testcase time="0.00200000000000067" classname="character(0)" name="tbl_roche_summary_add_overall_works"/>
    <testcase time="0.000999999999999446" classname="character(0)" name="tbl_roche_summary_add_overall_works"/>
    <testcase time="0.000999999999999446" classname="character(0)" name="tbl_roche_summary_add_overall_works"/>
  </testsuite>
  <testsuite name="tbl_roche_summary" timestamp="2025-07-01T15:58:20Z" hostname="6b0014fc43d4" tests="1" skipped="0" failures="0" errors="0" time="0.003">
    <testcase time="0.00300000000000011" classname="character(0)" name="tbl_roche_summary_recode_counts_for_all_NA_column"/>
  </testsuite>
  <testsuite name="tbl_hierarchical_rate_and_count" timestamp="2025-07-01T15:58:21Z" hostname="6b0014fc43d4" tests="5" skipped="0" failures="0" errors="0" time="0.893">
    <testcase time="0.888999999999999" classname="character(0)" name="tbl_hierarchical_rate_and_count_works"/>
    <testcase time="0.00100000000000122" classname="character(0)" name="tbl_hierarchical_rate_and_count_works"/>
    <testcase time="0.000999999999999446" classname="character(0)" name="tbl_hierarchical_rate_and_count_works"/>
    <testcase time="0.000999999999999446" classname="character(0)" name="tbl_hierarchical_rate_and_count_works"/>
    <testcase time="0.00100000000000122" classname="character(0)" name="tbl_hierarchical_rate_and_count_works"/>
  </testsuite>
  <testsuite name="tbl_hierarchical_rate_and_count" timestamp="2025-07-01T15:58:21Z" hostname="6b0014fc43d4" tests="2" skipped="0" failures="0" errors="0" time="0.003">
    <testcase time="0.00199999999999889" classname="character(0)" name="tbl_hierarchical_rate_and_count_sort_"/>
    <testcase time="0.00100000000000122" classname="character(0)" name="tbl_hierarchical_rate_and_count_sort_"/>
  </testsuite>
  <testsuite name="tbl_survfit_times" timestamp="2025-07-01T15:58:26Z" hostname="6b0014fc43d4" tests="7" skipped="0" failures="0" errors="0" time="4.22">
    <testcase time="4.214" classname="character(0)" name="tbl_survfit_times_works"/>
    <testcase time="0.000999999999997669" classname="character(0)" name="tbl_survfit_times_works"/>
    <testcase time="0.00100000000000122" classname="character(0)" name="tbl_survfit_times_works"/>
    <testcase time="0.00100000000000122" classname="character(0)" name="tbl_survfit_times_works"/>
    <testcase time="0.000999999999997669" classname="character(0)" name="tbl_survfit_times_works"/>
    <testcase time="0.00100000000000122" classname="character(0)" name="tbl_survfit_times_works"/>
    <testcase time="0.00100000000000122" classname="character(0)" name="tbl_survfit_times_works"/>
  </testsuite>
  <testsuite name="tbl_survfit_times" timestamp="2025-07-01T15:58:26Z" hostname="6b0014fc43d4" tests="2" skipped="0" failures="0" errors="0" time="0.004">
    <testcase time="0.00300000000000011" classname="character(0)" name="tbl_survfit_times_by_messaging"/>
    <testcase time="0.000999999999997669" classname="character(0)" name="tbl_survfit_times_by_messaging"/>
  </testsuite>
  <testsuite name="tbl_survfit_times" timestamp="2025-07-01T15:58:26Z" hostname="6b0014fc43d4" tests="1" skipped="0" failures="0" errors="0" time="0.002">
    <testcase time="0.00200000000000244" classname="character(0)" name="add_overall.tbl_survfit_times_works"/>
  </testsuite>
  <testsuite name="tbl_survfit_quantiles" timestamp="2025-07-01T15:58:27Z" hostname="6b0014fc43d4" tests="7" skipped="0" failures="0" errors="0" time="1.102">
    <testcase time="1.099" classname="character(0)" name="tbl_survfit_quantiles_works"/>
    <testcase time="0.000999999999997669" classname="character(0)" name="tbl_survfit_quantiles_works"/>
    <testcase time="0" classname="character(0)" name="tbl_survfit_quantiles_works"/>
    <testcase time="0.00100000000000122" classname="character(0)" name="tbl_survfit_quantiles_works"/>
    <testcase time="0" classname="character(0)" name="tbl_survfit_quantiles_works"/>
    <testcase time="0.00100000000000122" classname="character(0)" name="tbl_survfit_quantiles_works"/>
    <testcase time="0" classname="character(0)" name="tbl_survfit_quantiles_works"/>
  </testsuite>
  <testsuite name="tbl_survfit_quantiles" timestamp="2025-07-01T15:58:27Z" hostname="6b0014fc43d4" tests="2" skipped="0" failures="0" errors="0" time="0.002">
    <testcase time="0.00199999999999889" classname="character(0)" name="tbl_survfit_quantiles_by_messaging"/>
    <testcase time="0" classname="character(0)" name="tbl_survfit_quantiles_by_messaging"/>
  </testsuite>
  <testsuite name="tbl_survfit_quantiles" timestamp="2025-07-01T15:58:27Z" hostname="6b0014fc43d4" tests="1" skipped="0" failures="0" errors="0" time="0.002">
    <testcase time="0.00199999999999889" classname="character(0)" name="tbl_survfit_quantiles_estimate_fun_"/>
  </testsuite>
  <testsuite name="tbl_survfit_quantiles" timestamp="2025-07-01T15:58:27Z" hostname="6b0014fc43d4" tests="1" skipped="0" failures="0" errors="0" time="0.001">
    <testcase time="0.00100000000000122" classname="character(0)" name="tbl_survfit_quantiles_method.args_"/>
  </testsuite>
  <testsuite name="tbl_survfit_quantiles" timestamp="2025-07-01T15:58:27Z" hostname="6b0014fc43d4" tests="1" skipped="0" failures="0" errors="0" time="0.002">
    <testcase time="0.00199999999999889" classname="character(0)" name="add_overall.tbl_survfit_quantiles_works"/>
  </testsuite>
  <testsuite name="theme_gtsummary_roche" timestamp="2025-07-01T15:58:28Z" hostname="6b0014fc43d4" tests="1" skipped="0" failures="0" errors="0" time="1.823">
    <testcase time="1.823" classname="character(0)" name="theme_gtsummary_roche_works"/>
  </testsuite>
  <testsuite name="theme_gtsummary_roche" timestamp="2025-07-01T15:58:28Z" hostname="6b0014fc43d4" tests="1" skipped="0" failures="0" errors="0" time="0.002">
    <testcase time="0.00199999999999889" classname="character(0)" name="theme_gtsummary_roche_adds_relevant_flextable_directives"/>
  </testsuite>
  <testsuite name="theme_gtsummary_roche" timestamp="2025-07-01T15:58:28Z" hostname="6b0014fc43d4" tests="1" skipped="0" failures="0" errors="0" time="0.001">
    <testcase time="0.00100000000000122" classname="character(0)" name="theme_gtsummary_roche_no_errors_with_a_gt_print"/>
  </testsuite>
  <testsuite name="theme_gtsummary_roche" timestamp="2025-07-01T15:58:28Z" hostname="6b0014fc43d4" tests="7" skipped="0" failures="0" errors="0" time="0.007">
    <testcase time="0.00199999999999889" classname="character(0)" name="theme_gtsummary_roche_styles_tbl_hierarchical_results"/>
    <testcase time="0" classname="character(0)" name="theme_gtsummary_roche_styles_tbl_hierarchical_results"/>
    <testcase time="0.00300000000000011" classname="character(0)" name="theme_gtsummary_roche_styles_tbl_hierarchical_results"/>
    <testcase time="0.00100000000000122" classname="character(0)" name="theme_gtsummary_roche_styles_tbl_hierarchical_results"/>
    <testcase time="0" classname="character(0)" name="theme_gtsummary_roche_styles_tbl_hierarchical_results"/>
    <testcase time="0.00100000000000122" classname="character(0)" name="theme_gtsummary_roche_styles_tbl_hierarchical_results"/>
    <testcase time="0" classname="character(0)" name="theme_gtsummary_roche_styles_tbl_hierarchical_results"/>
  </testsuite>
</testsuites>
