<?xml version="1.0" encoding="UTF-8"?>
<testsuites>
  <testsuite name="add_hierarchical_count_row" timestamp="2025-06-27T11:22:04Z" hostname="70b298bd8c14" tests="4" skipped="0" failures="0" errors="0" time="3.668">
    <testcase time="3.643" classname="character(0)" name="add_hierarchical_count_row_works"/>
    <testcase time="0.0179999999999998" classname="character(0)" name="add_hierarchical_count_row_works"/>
    <testcase time="0.00600000000000023" classname="character(0)" name="add_hierarchical_count_row_works"/>
    <testcase time="0.000999999999999446" classname="character(0)" name="add_hierarchical_count_row_works"/>
  </testsuite>
  <testsuite name="add_blank_row" timestamp="2025-06-27T11:22:05Z" hostname="70b298bd8c14" tests="1" skipped="0" failures="0" errors="0" time="0.711">
    <testcase time="0.711" classname="character(0)" name="add_blank_row_works"/>
  </testsuite>
  <testsuite name="add_blank_row" timestamp="2025-06-27T11:22:05Z" hostname="70b298bd8c14" tests="2" skipped="0" failures="0" errors="0" time="0.009">
    <testcase time="0.00900000000000034" classname="character(0)" name="add_blank_row_age_works"/>
    <testcase time="0" classname="character(0)" name="add_blank_row_age_works"/>
  </testsuite>
  <testsuite name="add_blank_row" timestamp="2025-06-27T11:22:05Z" hostname="70b298bd8c14" tests="1" skipped="0" failures="0" errors="0" time="0.002">
    <testcase time="0.00199999999999978" classname="character(0)" name="add_blank_row_grade_is_last_row_then_table_identical"/>
  </testsuite>
  <testsuite name="add_blank_row" timestamp="2025-06-27T11:22:05Z" hostname="70b298bd8c14" tests="1" skipped="0" failures="0" errors="0" time="0.001">
    <testcase time="0.00100000000000033" classname="character(0)" name="add_blank_row_grade_is_last_row_then_table_identical"/>
  </testsuite>
  <testsuite name="add_blank_row" timestamp="2025-06-27T11:22:05Z" hostname="70b298bd8c14" tests="2" skipped="0" failures="0" errors="0" time="0.002">
    <testcase time="0.000999999999999446" classname="character(0)" name="add_blank_row_row_numbers_error"/>
    <testcase time="0.00100000000000033" classname="character(0)" name="add_blank_row_row_numbers_error"/>
  </testsuite>
  <testsuite name="add_blank_row" timestamp="2025-06-27T11:22:05Z" hostname="70b298bd8c14" tests="1" skipped="0" failures="0" errors="0" time="0.001">
    <testcase time="0.000999999999999446" classname="character(0)" name="add_blank_row_errors_when_no_variable"/>
  </testsuite>
  <testsuite name="roche_pvalue" timestamp="2025-06-27T11:22:05Z" hostname="70b298bd8c14" tests="1" skipped="0" failures="0" errors="0" time="0.058">
    <testcase time="0.0580000000000007" classname="character(0)" name="roche_pvalue_works"/>
  </testsuite>
  <testsuite name="roche_pvalue" timestamp="2025-06-27T11:22:05Z" hostname="70b298bd8c14" tests="3" skipped="0" failures="0" errors="0" time="0.003">
    <testcase time="0.000999999999999446" classname="character(0)" name="roche_percent_works"/>
    <testcase time="0.00100000000000033" classname="character(0)" name="roche_percent_works"/>
    <testcase time="0.000999999999999446" classname="character(0)" name="roche_percent_works"/>
  </testsuite>
  <testsuite name="modify_header_rm_md" timestamp="2025-06-27T11:22:06Z" hostname="70b298bd8c14" tests="2" skipped="0" failures="0" errors="0" time="1.541">
    <testcase time="1.54" classname="character(0)" name="strip_md_bold_works_with_gtsummary_table"/>
    <testcase time="0.00100000000000033" classname="character(0)" name="strip_md_bold_works_with_gtsummary_table"/>
  </testsuite>
  <testsuite name="tbl_roche_summary" timestamp="2025-06-27T11:22:13Z" hostname="70b298bd8c14" tests="1" skipped="0" failures="0" errors="0" time="6.258">
    <testcase time="6.258" classname="character(0)" name="tbl_roche_summary_works"/>
  </testsuite>
  <testsuite name="tbl_roche_summary" timestamp="2025-06-27T11:22:13Z" hostname="70b298bd8c14" tests="3" skipped="0" failures="0" errors="0" time="0.004">
    <testcase time="0.00200000000000067" classname="character(0)" name="tbl_roche_summary_add_overall_works"/>
    <testcase time="0.000999999999999446" classname="character(0)" name="tbl_roche_summary_add_overall_works"/>
    <testcase time="0.000999999999999446" classname="character(0)" name="tbl_roche_summary_add_overall_works"/>
  </testsuite>
  <testsuite name="tbl_roche_summary" timestamp="2025-06-27T11:22:13Z" hostname="70b298bd8c14" tests="1" skipped="0" failures="0" errors="0" time="0.003">
    <testcase time="0.00300000000000011" classname="character(0)" name="tbl_roche_summary_recode_counts_for_all_NA_column"/>
  </testsuite>
  <testsuite name="tbl_hierarchical_rate_and_count" timestamp="2025-06-27T11:22:14Z" hostname="70b298bd8c14" tests="5" skipped="0" failures="0" errors="0" time="1.344">
    <testcase time="1.341" classname="character(0)" name="tbl_hierarchical_rate_and_count_works"/>
    <testcase time="0.000999999999999446" classname="character(0)" name="tbl_hierarchical_rate_and_count_works"/>
    <testcase time="0.000999999999999446" classname="character(0)" name="tbl_hierarchical_rate_and_count_works"/>
    <testcase time="0" classname="character(0)" name="tbl_hierarchical_rate_and_count_works"/>
    <testcase time="0.00100000000000122" classname="character(0)" name="tbl_hierarchical_rate_and_count_works"/>
  </testsuite>
  <testsuite name="tbl_hierarchical_rate_and_count" timestamp="2025-06-27T11:22:14Z" hostname="70b298bd8c14" tests="2" skipped="0" failures="0" errors="0" time="0.002">
    <testcase time="0.00199999999999889" classname="character(0)" name="tbl_hierarchical_rate_and_count_sort_"/>
    <testcase time="0" classname="character(0)" name="tbl_hierarchical_rate_and_count_sort_"/>
  </testsuite>
  <testsuite name="tbl_survfit_times" timestamp="2025-06-27T11:22:18Z" hostname="70b298bd8c14" tests="7" skipped="0" failures="0" errors="0" time="4.204">
    <testcase time="4.201" classname="character(0)" name="tbl_survfit_times_works"/>
    <testcase time="0.00100000000000122" classname="character(0)" name="tbl_survfit_times_works"/>
    <testcase time="0" classname="character(0)" name="tbl_survfit_times_works"/>
    <testcase time="0.000999999999997669" classname="character(0)" name="tbl_survfit_times_works"/>
    <testcase time="0" classname="character(0)" name="tbl_survfit_times_works"/>
    <testcase time="0.00100000000000122" classname="character(0)" name="tbl_survfit_times_works"/>
    <testcase time="0" classname="character(0)" name="tbl_survfit_times_works"/>
  </testsuite>
  <testsuite name="tbl_survfit_times" timestamp="2025-06-27T11:22:18Z" hostname="70b298bd8c14" tests="2" skipped="0" failures="0" errors="0" time="0.002">
    <testcase time="0.00199999999999889" classname="character(0)" name="tbl_survfit_times_by_messaging"/>
    <testcase time="0" classname="character(0)" name="tbl_survfit_times_by_messaging"/>
  </testsuite>
  <testsuite name="tbl_survfit_times" timestamp="2025-06-27T11:22:18Z" hostname="70b298bd8c14" tests="1" skipped="0" failures="0" errors="0" time="0.002">
    <testcase time="0.00200000000000244" classname="character(0)" name="add_overall.tbl_survfit_times_works"/>
  </testsuite>
  <testsuite name="tbl_survfit_quantiles" timestamp="2025-06-27T11:22:19Z" hostname="70b298bd8c14" tests="7" skipped="0" failures="0" errors="0" time="0.575">
    <testcase time="0.568999999999999" classname="character(0)" name="tbl_survfit_quantiles_works"/>
    <testcase time="0.00100000000000122" classname="character(0)" name="tbl_survfit_quantiles_works"/>
    <testcase time="0.000999999999997669" classname="character(0)" name="tbl_survfit_quantiles_works"/>
    <testcase time="0.00100000000000122" classname="character(0)" name="tbl_survfit_quantiles_works"/>
    <testcase time="0.00100000000000122" classname="character(0)" name="tbl_survfit_quantiles_works"/>
    <testcase time="0.000999999999997669" classname="character(0)" name="tbl_survfit_quantiles_works"/>
    <testcase time="0.00100000000000122" classname="character(0)" name="tbl_survfit_quantiles_works"/>
  </testsuite>
  <testsuite name="tbl_survfit_quantiles" timestamp="2025-06-27T11:22:19Z" hostname="70b298bd8c14" tests="2" skipped="0" failures="0" errors="0" time="0.004">
    <testcase time="0.00300000000000011" classname="character(0)" name="tbl_survfit_quantiles_by_messaging"/>
    <testcase time="0.000999999999997669" classname="character(0)" name="tbl_survfit_quantiles_by_messaging"/>
  </testsuite>
  <testsuite name="tbl_survfit_quantiles" timestamp="2025-06-27T11:22:19Z" hostname="70b298bd8c14" tests="1" skipped="0" failures="0" errors="0" time="0.002">
    <testcase time="0.00200000000000244" classname="character(0)" name="tbl_survfit_quantiles_estimate_fun_"/>
  </testsuite>
  <testsuite name="tbl_survfit_quantiles" timestamp="2025-06-27T11:22:19Z" hostname="70b298bd8c14" tests="1" skipped="0" failures="0" errors="0" time="0.003">
    <testcase time="0.00300000000000011" classname="character(0)" name="tbl_survfit_quantiles_method.args_"/>
  </testsuite>
  <testsuite name="tbl_survfit_quantiles" timestamp="2025-06-27T11:22:19Z" hostname="70b298bd8c14" tests="1" skipped="0" failures="0" errors="0" time="0.002">
    <testcase time="0.00199999999999889" classname="character(0)" name="add_overall.tbl_survfit_quantiles_works"/>
  </testsuite>
  <testsuite name="theme_gtsummary_roche" timestamp="2025-06-27T11:22:19Z" hostname="70b298bd8c14" tests="1" skipped="0" failures="0" errors="0" time="0.555">
    <testcase time="0.555" classname="character(0)" name="theme_gtsummary_roche_works"/>
  </testsuite>
  <testsuite name="theme_gtsummary_roche" timestamp="2025-06-27T11:22:19Z" hostname="70b298bd8c14" tests="1" skipped="0" failures="0" errors="0" time="0.001">
    <testcase time="0.00100000000000122" classname="character(0)" name="theme_gtsummary_roche_adds_relevant_flextable_directives"/>
  </testsuite>
  <testsuite name="theme_gtsummary_roche" timestamp="2025-06-27T11:22:19Z" hostname="70b298bd8c14" tests="1" skipped="0" failures="0" errors="0" time="0.002">
    <testcase time="0.00199999999999889" classname="character(0)" name="theme_gtsummary_roche_no_errors_with_a_gt_print"/>
  </testsuite>
</testsuites>
