<?xml version="1.0" encoding="UTF-8"?>
<testsuites>
  <testsuite name="add_hierarchical_count_row" timestamp="2025-07-09T22:58:58Z" hostname="540efd1ed60e" tests="4" skipped="0" failures="0" errors="0" time="4.077">
    <testcase time="4.049" classname="character(0)" name="add_hierarchical_count_row_works"/>
    <testcase time="0.0209999999999999" classname="character(0)" name="add_hierarchical_count_row_works"/>
    <testcase time="0.00600000000000023" classname="character(0)" name="add_hierarchical_count_row_works"/>
    <testcase time="0.00100000000000033" classname="character(0)" name="add_hierarchical_count_row_works"/>
  </testsuite>
  <testsuite name="add_blank_row" timestamp="2025-07-09T22:58:59Z" hostname="540efd1ed60e" tests="1" skipped="0" failures="0" errors="0" time="0.605">
    <testcase time="0.605" classname="character(0)" name="add_blank_row_works"/>
  </testsuite>
  <testsuite name="add_blank_row" timestamp="2025-07-09T22:58:59Z" hostname="540efd1ed60e" tests="2" skipped="0" failures="0" errors="0" time="0.008">
    <testcase time="0.00800000000000001" classname="character(0)" name="add_blank_row_age_works"/>
    <testcase time="0" classname="character(0)" name="add_blank_row_age_works"/>
  </testsuite>
  <testsuite name="add_blank_row" timestamp="2025-07-09T22:58:59Z" hostname="540efd1ed60e" tests="1" skipped="0" failures="0" errors="0" time="0.002">
    <testcase time="0.00200000000000067" classname="character(0)" name="add_blank_row_grade_is_last_row_then_table_identical"/>
  </testsuite>
  <testsuite name="add_blank_row" timestamp="2025-07-09T22:58:59Z" hostname="540efd1ed60e" tests="1" skipped="0" failures="0" errors="0" time="0.001">
    <testcase time="0.000999999999999446" classname="character(0)" name="add_blank_row_grade_is_last_row_then_table_identical"/>
  </testsuite>
  <testsuite name="add_blank_row" timestamp="2025-07-09T22:58:59Z" hostname="540efd1ed60e" tests="2" skipped="0" failures="0" errors="0" time="0.002">
    <testcase time="0.00100000000000033" classname="character(0)" name="add_blank_row_row_numbers_error"/>
    <testcase time="0.000999999999999446" classname="character(0)" name="add_blank_row_row_numbers_error"/>
  </testsuite>
  <testsuite name="add_blank_row" timestamp="2025-07-09T22:58:59Z" hostname="540efd1ed60e" tests="1" skipped="0" failures="0" errors="0" time="0.001">
    <testcase time="0.00100000000000033" classname="character(0)" name="add_blank_row_errors_when_no_variable"/>
  </testsuite>
  <testsuite name="roche_pvalue" timestamp="2025-07-09T22:58:59Z" hostname="540efd1ed60e" tests="1" skipped="0" failures="0" errors="0" time="0.069">
    <testcase time="0.069" classname="character(0)" name="roche_pvalue_works"/>
  </testsuite>
  <testsuite name="roche_pvalue" timestamp="2025-07-09T22:58:59Z" hostname="540efd1ed60e" tests="3" skipped="0" failures="0" errors="0" time="0.003">
    <testcase time="0.00100000000000033" classname="character(0)" name="roche_percent_works"/>
    <testcase time="0.000999999999999446" classname="character(0)" name="roche_percent_works"/>
    <testcase time="0.00100000000000033" classname="character(0)" name="roche_percent_works"/>
  </testsuite>
  <testsuite name="modify_header_rm_md" timestamp="2025-07-09T22:59:01Z" hostname="540efd1ed60e" tests="2" skipped="0" failures="0" errors="0" time="1.896">
    <testcase time="1.895" classname="character(0)" name="strip_md_bold_works_with_gtsummary_table"/>
    <testcase time="0.000999999999999446" classname="character(0)" name="strip_md_bold_works_with_gtsummary_table"/>
  </testsuite>
  <testsuite name="tbl_roche_summary" timestamp="2025-07-09T22:59:08Z" hostname="540efd1ed60e" tests="1" skipped="0" failures="0" errors="0" time="7.045">
    <testcase time="7.045" classname="character(0)" name="tbl_roche_summary_works"/>
  </testsuite>
  <testsuite name="tbl_roche_summary" timestamp="2025-07-09T22:59:08Z" hostname="540efd1ed60e" tests="3" skipped="0" failures="0" errors="0" time="0.005">
    <testcase time="0.00300000000000011" classname="character(0)" name="tbl_roche_summary_add_overall_works"/>
    <testcase time="0.000999999999999446" classname="character(0)" name="tbl_roche_summary_add_overall_works"/>
    <testcase time="0.000999999999999446" classname="character(0)" name="tbl_roche_summary_add_overall_works"/>
  </testsuite>
  <testsuite name="tbl_roche_summary" timestamp="2025-07-09T22:59:08Z" hostname="540efd1ed60e" tests="1" skipped="0" failures="0" errors="0" time="0.002">
    <testcase time="0.00200000000000067" classname="character(0)" name="tbl_roche_summary_recode_counts_for_all_NA_column"/>
  </testsuite>
  <testsuite name="tbl_hierarchical_rate_and_count" timestamp="2025-07-09T22:59:09Z" hostname="540efd1ed60e" tests="5" skipped="0" failures="0" errors="0" time="0.976">
    <testcase time="0.972999999999999" classname="character(0)" name="tbl_hierarchical_rate_and_count_works"/>
    <testcase time="0.00100000000000122" classname="character(0)" name="tbl_hierarchical_rate_and_count_works"/>
    <testcase time="0.000999999999999446" classname="character(0)" name="tbl_hierarchical_rate_and_count_works"/>
    <testcase time="0" classname="character(0)" name="tbl_hierarchical_rate_and_count_works"/>
    <testcase time="0.000999999999999446" classname="character(0)" name="tbl_hierarchical_rate_and_count_works"/>
  </testsuite>
  <testsuite name="tbl_hierarchical_rate_and_count" timestamp="2025-07-09T22:59:09Z" hostname="540efd1ed60e" tests="2" skipped="0" failures="0" errors="0" time="0.002">
    <testcase time="0.00100000000000122" classname="character(0)" name="tbl_hierarchical_rate_and_count_sort_"/>
    <testcase time="0.000999999999999446" classname="character(0)" name="tbl_hierarchical_rate_and_count_sort_"/>
  </testsuite>
  <testsuite name="tbl_survfit_times" timestamp="2025-07-09T22:59:14Z" hostname="540efd1ed60e" tests="7" skipped="0" failures="0" errors="0" time="4.487">
    <testcase time="4.484" classname="character(0)" name="tbl_survfit_times_works"/>
    <testcase time="0" classname="character(0)" name="tbl_survfit_times_works"/>
    <testcase time="0.000999999999997669" classname="character(0)" name="tbl_survfit_times_works"/>
    <testcase time="0.00100000000000122" classname="character(0)" name="tbl_survfit_times_works"/>
    <testcase time="0" classname="character(0)" name="tbl_survfit_times_works"/>
    <testcase time="0.00100000000000122" classname="character(0)" name="tbl_survfit_times_works"/>
    <testcase time="0" classname="character(0)" name="tbl_survfit_times_works"/>
  </testsuite>
  <testsuite name="tbl_survfit_times" timestamp="2025-07-09T22:59:14Z" hostname="540efd1ed60e" tests="2" skipped="0" failures="0" errors="0" time="0.002">
    <testcase time="0.00199999999999889" classname="character(0)" name="tbl_survfit_times_by_messaging"/>
    <testcase time="0" classname="character(0)" name="tbl_survfit_times_by_messaging"/>
  </testsuite>
  <testsuite name="tbl_survfit_times" timestamp="2025-07-09T22:59:14Z" hostname="540efd1ed60e" tests="1" skipped="0" failures="0" errors="0" time="0.002">
    <testcase time="0.00199999999999889" classname="character(0)" name="add_overall.tbl_survfit_times_works"/>
  </testsuite>
  <testsuite name="tbl_survfit_quantiles" timestamp="2025-07-09T22:59:15Z" hostname="540efd1ed60e" tests="7" skipped="0" failures="0" errors="0" time="1.322">
    <testcase time="1.316" classname="character(0)" name="tbl_survfit_quantiles_works"/>
    <testcase time="0.00100000000000122" classname="character(0)" name="tbl_survfit_quantiles_works"/>
    <testcase time="0.00100000000000122" classname="character(0)" name="tbl_survfit_quantiles_works"/>
    <testcase time="0.000999999999997669" classname="character(0)" name="tbl_survfit_quantiles_works"/>
    <testcase time="0.00100000000000122" classname="character(0)" name="tbl_survfit_quantiles_works"/>
    <testcase time="0.00100000000000122" classname="character(0)" name="tbl_survfit_quantiles_works"/>
    <testcase time="0.000999999999997669" classname="character(0)" name="tbl_survfit_quantiles_works"/>
  </testsuite>
  <testsuite name="tbl_survfit_quantiles" timestamp="2025-07-09T22:59:15Z" hostname="540efd1ed60e" tests="2" skipped="0" failures="0" errors="0" time="0.003">
    <testcase time="0.00200000000000244" classname="character(0)" name="tbl_survfit_quantiles_by_messaging"/>
    <testcase time="0.000999999999997669" classname="character(0)" name="tbl_survfit_quantiles_by_messaging"/>
  </testsuite>
  <testsuite name="tbl_survfit_quantiles" timestamp="2025-07-09T22:59:15Z" hostname="540efd1ed60e" tests="1" skipped="0" failures="0" errors="0" time="0.003">
    <testcase time="0.00300000000000011" classname="character(0)" name="tbl_survfit_quantiles_estimate_fun_"/>
  </testsuite>
  <testsuite name="tbl_survfit_quantiles" timestamp="2025-07-09T22:59:15Z" hostname="540efd1ed60e" tests="1" skipped="0" failures="0" errors="0" time="0.003">
    <testcase time="0.00300000000000011" classname="character(0)" name="tbl_survfit_quantiles_method.args_"/>
  </testsuite>
  <testsuite name="tbl_survfit_quantiles" timestamp="2025-07-09T22:59:15Z" hostname="540efd1ed60e" tests="1" skipped="0" failures="0" errors="0" time="0.001">
    <testcase time="0.00100000000000122" classname="character(0)" name="add_overall.tbl_survfit_quantiles_works"/>
  </testsuite>
  <testsuite name="theme_gtsummary_roche" timestamp="2025-07-09T22:59:17Z" hostname="540efd1ed60e" tests="1" skipped="0" failures="0" errors="0" time="1.838">
    <testcase time="1.838" classname="character(0)" name="theme_gtsummary_roche_works"/>
  </testsuite>
  <testsuite name="theme_gtsummary_roche" timestamp="2025-07-09T22:59:17Z" hostname="540efd1ed60e" tests="1" skipped="0" failures="0" errors="0" time="0.001">
    <testcase time="0.000999999999997669" classname="character(0)" name="theme_gtsummary_roche_adds_relevant_flextable_directives"/>
  </testsuite>
  <testsuite name="theme_gtsummary_roche" timestamp="2025-07-09T22:59:17Z" hostname="540efd1ed60e" tests="1" skipped="0" failures="0" errors="0" time="0.002">
    <testcase time="0.00200000000000244" classname="character(0)" name="theme_gtsummary_roche_no_errors_with_a_gt_print"/>
  </testsuite>
  <testsuite name="theme_gtsummary_roche" timestamp="2025-07-09T22:59:17Z" hostname="540efd1ed60e" tests="7" skipped="0" failures="0" errors="0" time="0.007">
    <testcase time="0.000999999999997669" classname="character(0)" name="theme_gtsummary_roche_styles_tbl_hierarchical_results"/>
    <testcase time="0.00100000000000122" classname="character(0)" name="theme_gtsummary_roche_styles_tbl_hierarchical_results"/>
    <testcase time="0" classname="character(0)" name="theme_gtsummary_roche_styles_tbl_hierarchical_results"/>
    <testcase time="0.00100000000000122" classname="character(0)" name="theme_gtsummary_roche_styles_tbl_hierarchical_results"/>
    <testcase time="0" classname="character(0)" name="theme_gtsummary_roche_styles_tbl_hierarchical_results"/>
    <testcase time="0.000999999999997669" classname="character(0)" name="theme_gtsummary_roche_styles_tbl_hierarchical_results"/>
    <testcase time="0.00300000000000011" classname="character(0)" name="theme_gtsummary_roche_styles_tbl_hierarchical_results"/>
  </testsuite>
</testsuites>
