<?xml version="1.0" encoding="UTF-8"?>
<testsuites>
  <testsuite name="add_blank_row" timestamp="2025-04-04T22:28:47Z" hostname="0ad74f649dd0" tests="1" skipped="0" failures="0" errors="0" time="1.894">
    <testcase time="1.894" classname="character(0)" name="add_blank_row_works"/>
  </testsuite>
  <testsuite name="add_blank_row" timestamp="2025-04-04T22:28:47Z" hostname="0ad74f649dd0" tests="1" skipped="0" failures="0" errors="0" time="0.086">
    <testcase time="0.0859999999999999" classname="character(0)" name="add_blank_row_messaging"/>
  </testsuite>
  <testsuite name="tbl_demographics" timestamp="2025-04-04T22:28:51Z" hostname="0ad74f649dd0" tests="1" skipped="0" failures="0" errors="0" time="3.49">
    <testcase time="3.49" classname="character(0)" name="tbl_demographics_works"/>
  </testsuite>
  <testsuite name="tbl_demographics" timestamp="2025-04-04T22:28:51Z" hostname="0ad74f649dd0" tests="2" skipped="0" failures="0" errors="0" time="0.002">
    <testcase time="0.00200000000000067" classname="character(0)" name="tbl_demographics_add_overall_works"/>
    <testcase time="0" classname="character(0)" name="tbl_demographics_add_overall_works"/>
  </testsuite>
  <testsuite name="theme_gtsummary_roche" timestamp="2025-04-04T22:28:52Z" hostname="0ad74f649dd0" tests="1" skipped="0" failures="0" errors="0" time="1.165">
    <testcase time="1.165" classname="character(0)" name="theme_gtsummary_roche_works"/>
  </testsuite>
  <testsuite name="theme_gtsummary_roche" timestamp="2025-04-04T22:28:52Z" hostname="0ad74f649dd0" tests="1" skipped="0" failures="1" errors="0" time="0.002">
    <testcase time="0.00199999999999978" classname="character(0)" name="theme_gtsummary_roche_adds_relevant_flextable_directives">
      <failure type="failure" message="Snapshot of code has changed: ('test-theme_gtsummary_roche.R:12:3')">Snapshot of code has changed:
old[5:21] vs new[5:23]
    $user_added1[[1]]
    flextable::fontsize(size = 8, part = "all")
    
-   $user_added1[[1]]
+   $user_added1[[2]]
    flextable::fontsize(size = 7, part = "footer")
+   
    
    $user_added2
    $user_added2[[1]]
    flextable::border_outer(part = "body", border = list(width = 0.5, 
        color = "#666666", style = "solid"))
- 
+   
    $user_added2[[2]]
    flextable::border_outer(part = "header", border = list(width = 0.5, 
        color = "#666666", style = "solid"))
+   
    
    $user_added3
    $user_added3[[1]]

old[35:37] vs new[37:41]
    flextable::line_spacing(space = 1, part = "all")
    
    $user_added3[[6]]
    flextable::set_table_properties(layout = "autofit")
+   
+   

* Run `testthat::snapshot_accept('theme_gtsummary_roche')` to accept the change.
* Run `testthat::snapshot_review('theme_gtsummary_roche')` to interactively review the change.</failure>
    </testcase>
  </testsuite>
  <testsuite name="theme_gtsummary_roche" timestamp="2025-04-04T22:28:52Z" hostname="0ad74f649dd0" tests="1" skipped="0" failures="0" errors="0" time="0.014">
    <testcase time="0.0139999999999993" classname="character(0)" name="theme_gtsummary_roche_no_errors_with_a_gt_print"/>
  </testsuite>
  <testsuite name="tbl_survfit_quantiles" timestamp="2025-04-04T22:28:52Z" hostname="0ad74f649dd0" tests="7" skipped="0" failures="0" errors="0" time="0.045">
    <testcase time="0.0420000000000007" classname="character(0)" name="tbl_survfit_quantiles_works"/>
    <testcase time="0" classname="character(0)" name="tbl_survfit_quantiles_works"/>
    <testcase time="0.000999999999999446" classname="character(0)" name="tbl_survfit_quantiles_works"/>
    <testcase time="0" classname="character(0)" name="tbl_survfit_quantiles_works"/>
    <testcase time="0.00100000000000033" classname="character(0)" name="tbl_survfit_quantiles_works"/>
    <testcase time="0.00100000000000033" classname="character(0)" name="tbl_survfit_quantiles_works"/>
    <testcase time="0" classname="character(0)" name="tbl_survfit_quantiles_works"/>
  </testsuite>
  <testsuite name="tbl_survfit_quantiles" timestamp="2025-04-04T22:28:52Z" hostname="0ad74f649dd0" tests="2" skipped="0" failures="0" errors="0" time="0.003">
    <testcase time="0.00199999999999978" classname="character(0)" name="tbl_survfit_quantiles_by_messaging"/>
    <testcase time="0.000999999999999446" classname="character(0)" name="tbl_survfit_quantiles_by_messaging"/>
  </testsuite>
  <testsuite name="tbl_survfit_quantiles" timestamp="2025-04-04T22:28:52Z" hostname="0ad74f649dd0" tests="1" skipped="0" failures="0" errors="0" time="0.002">
    <testcase time="0.00200000000000067" classname="character(0)" name="tbl_survfit_quantiles_estimate_fun_"/>
  </testsuite>
  <testsuite name="tbl_survfit_quantiles" timestamp="2025-04-04T22:28:52Z" hostname="0ad74f649dd0" tests="1" skipped="0" failures="0" errors="0" time="0.002">
    <testcase time="0.00199999999999978" classname="character(0)" name="tbl_survfit_quantiles_method.args_"/>
  </testsuite>
</testsuites>
