<?xml version="1.0" encoding="UTF-8"?>
<testsuites>
  <testsuite name="add_blank_row" timestamp="2025-05-27T14:44:08Z" hostname="16aa533327c4" tests="1" skipped="0" failures="0" errors="0" time="1.944">
    <testcase time="1.944" classname="character(0)" name="add_blank_row_works"/>
  </testsuite>
  <testsuite name="add_blank_row" timestamp="2025-05-27T14:44:08Z" hostname="16aa533327c4" tests="1" skipped="0" failures="0" errors="0" time="0.052">
    <testcase time="0.052" classname="character(0)" name="add_blank_row_messaging"/>
  </testsuite>
  <testsuite name="tbl_demographics" timestamp="2025-05-27T14:44:13Z" hostname="16aa533327c4" tests="1" skipped="0" failures="0" errors="0" time="4.838">
    <testcase time="4.838" classname="character(0)" name="tbl_demographics_works"/>
  </testsuite>
  <testsuite name="tbl_demographics" timestamp="2025-05-27T14:44:13Z" hostname="16aa533327c4" tests="3" skipped="0" failures="0" errors="0" time="0.002">
    <testcase time="0.00100000000000033" classname="character(0)" name="tbl_demographics_add_overall_works"/>
    <testcase time="0.000999999999999446" classname="character(0)" name="tbl_demographics_add_overall_works"/>
    <testcase time="0" classname="character(0)" name="tbl_demographics_add_overall_works"/>
  </testsuite>
  <testsuite name="theme_gtsummary_roche" timestamp="2025-05-27T14:44:14Z" hostname="16aa533327c4" tests="1" skipped="0" failures="0" errors="0" time="1.175">
    <testcase time="1.175" classname="character(0)" name="theme_gtsummary_roche_works"/>
  </testsuite>
  <testsuite name="theme_gtsummary_roche" timestamp="2025-05-27T14:44:14Z" hostname="16aa533327c4" tests="1" skipped="0" failures="0" errors="0" time="0.001">
    <testcase time="0.000999999999999446" classname="character(0)" name="theme_gtsummary_roche_adds_relevant_flextable_directives"/>
  </testsuite>
  <testsuite name="theme_gtsummary_roche" timestamp="2025-05-27T14:44:14Z" hostname="16aa533327c4" tests="1" skipped="0" failures="0" errors="0" time="0.002">
    <testcase time="0.00200000000000067" classname="character(0)" name="theme_gtsummary_roche_no_errors_with_a_gt_print"/>
  </testsuite>
  <testsuite name="tbl_survfit_quantiles" timestamp="2025-05-27T14:44:14Z" hostname="16aa533327c4" tests="7" skipped="0" failures="0" errors="0" time="0.211">
    <testcase time="0.208" classname="character(0)" name="tbl_survfit_quantiles_works"/>
    <testcase time="0.000999999999999446" classname="character(0)" name="tbl_survfit_quantiles_works"/>
    <testcase time="0" classname="character(0)" name="tbl_survfit_quantiles_works"/>
    <testcase time="0" classname="character(0)" name="tbl_survfit_quantiles_works"/>
    <testcase time="0.000999999999999446" classname="character(0)" name="tbl_survfit_quantiles_works"/>
    <testcase time="0" classname="character(0)" name="tbl_survfit_quantiles_works"/>
    <testcase time="0.000999999999999446" classname="character(0)" name="tbl_survfit_quantiles_works"/>
  </testsuite>
  <testsuite name="tbl_survfit_quantiles" timestamp="2025-05-27T14:44:14Z" hostname="16aa533327c4" tests="2" skipped="0" failures="0" errors="0" time="0.002">
    <testcase time="0.00100000000000122" classname="character(0)" name="tbl_survfit_quantiles_by_messaging"/>
    <testcase time="0.000999999999999446" classname="character(0)" name="tbl_survfit_quantiles_by_messaging"/>
  </testsuite>
  <testsuite name="tbl_survfit_quantiles" timestamp="2025-05-27T14:44:14Z" hostname="16aa533327c4" tests="1" skipped="0" failures="0" errors="0" time="0.002">
    <testcase time="0.00200000000000067" classname="character(0)" name="tbl_survfit_quantiles_estimate_fun_"/>
  </testsuite>
  <testsuite name="tbl_survfit_quantiles" timestamp="2025-05-27T14:44:14Z" hostname="16aa533327c4" tests="1" skipped="0" failures="0" errors="0" time="0.001">
    <testcase time="0.000999999999999446" classname="character(0)" name="tbl_survfit_quantiles_method.args_"/>
  </testsuite>
  <testsuite name="tbl_survfit_quantiles" timestamp="2025-05-27T14:44:14Z" hostname="16aa533327c4" tests="1" skipped="0" failures="0" errors="0" time="0.002">
    <testcase time="0.00199999999999889" classname="character(0)" name="add_overall.tbl_survfit_quantiles_works"/>
  </testsuite>
</testsuites>
