<?xml version="1.0" encoding="UTF-8"?>
<testsuites>
  <testsuite name="add_hierarchical_count_row" timestamp="2025-07-11T13:59:11Z" hostname="2cb9c235122e" tests="4" skipped="0" failures="0" errors="0" time="3.825">
    <testcase time="3.799" classname="character(0)" name="add_hierarchical_count_row_works"/>
    <testcase time="0.0190000000000001" classname="character(0)" name="add_hierarchical_count_row_works"/>
    <testcase time="0.00699999999999967" classname="character(0)" name="add_hierarchical_count_row_works"/>
    <testcase time="0" classname="character(0)" name="add_hierarchical_count_row_works"/>
  </testsuite>
  <testsuite name="add_blank_row" timestamp="2025-07-11T13:59:12Z" hostname="2cb9c235122e" tests="1" skipped="0" failures="0" errors="0" time="0.79">
    <testcase time="0.79" classname="character(0)" name="add_blank_row_works"/>
  </testsuite>
  <testsuite name="add_blank_row" timestamp="2025-07-11T13:59:12Z" hostname="2cb9c235122e" tests="2" skipped="0" failures="0" errors="0" time="0.008">
    <testcase time="0.00699999999999967" classname="character(0)" name="add_blank_row_age_works"/>
    <testcase time="0.00100000000000033" classname="character(0)" name="add_blank_row_age_works"/>
  </testsuite>
  <testsuite name="add_blank_row" timestamp="2025-07-11T13:59:12Z" hostname="2cb9c235122e" tests="1" skipped="0" failures="0" errors="0" time="0.001">
    <testcase time="0.00100000000000033" classname="character(0)" name="add_blank_row_grade_is_last_row_then_table_identical"/>
  </testsuite>
  <testsuite name="add_blank_row" timestamp="2025-07-11T13:59:12Z" hostname="2cb9c235122e" tests="1" skipped="0" failures="0" errors="0" time="0.002">
    <testcase time="0.00199999999999978" classname="character(0)" name="add_blank_row_grade_is_last_row_then_table_identical"/>
  </testsuite>
  <testsuite name="add_blank_row" timestamp="2025-07-11T13:59:12Z" hostname="2cb9c235122e" tests="2" skipped="0" failures="0" errors="0" time="0.002">
    <testcase time="0.000999999999999446" classname="character(0)" name="add_blank_row_row_numbers_error"/>
    <testcase time="0.00100000000000033" classname="character(0)" name="add_blank_row_row_numbers_error"/>
  </testsuite>
  <testsuite name="add_blank_row" timestamp="2025-07-11T13:59:12Z" hostname="2cb9c235122e" tests="1" skipped="0" failures="0" errors="0" time="0.001">
    <testcase time="0.00100000000000033" classname="character(0)" name="add_blank_row_errors_when_no_variable"/>
  </testsuite>
  <testsuite name="roche_pvalue" timestamp="2025-07-11T13:59:12Z" hostname="2cb9c235122e" tests="1" skipped="0" failures="0" errors="0" time="0.066">
    <testcase time="0.0659999999999998" classname="character(0)" name="roche_pvalue_works"/>
  </testsuite>
  <testsuite name="roche_pvalue" timestamp="2025-07-11T13:59:12Z" hostname="2cb9c235122e" tests="3" skipped="0" failures="0" errors="0" time="0.004">
    <testcase time="0.00199999999999978" classname="character(0)" name="roche_percent_works"/>
    <testcase time="0.00100000000000033" classname="character(0)" name="roche_percent_works"/>
    <testcase time="0.000999999999999446" classname="character(0)" name="roche_percent_works"/>
  </testsuite>
  <testsuite name="modify_header_rm_md" timestamp="2025-07-11T13:59:14Z" hostname="2cb9c235122e" tests="2" skipped="0" failures="0" errors="0" time="1.539">
    <testcase time="1.538" classname="character(0)" name="strip_md_bold_works_with_gtsummary_table"/>
    <testcase time="0.00100000000000033" classname="character(0)" name="strip_md_bold_works_with_gtsummary_table"/>
  </testsuite>
  <testsuite name="tbl_roche_summary" timestamp="2025-07-11T13:59:20Z" hostname="2cb9c235122e" tests="1" skipped="0" failures="0" errors="0" time="6.363">
    <testcase time="6.363" classname="character(0)" name="tbl_roche_summary_works"/>
  </testsuite>
  <testsuite name="tbl_roche_summary" timestamp="2025-07-11T13:59:20Z" hostname="2cb9c235122e" tests="3" skipped="0" failures="0" errors="0" time="0.003">
    <testcase time="0.00200000000000067" classname="character(0)" name="tbl_roche_summary_add_overall_works"/>
    <testcase time="0" classname="character(0)" name="tbl_roche_summary_add_overall_works"/>
    <testcase time="0.000999999999999446" classname="character(0)" name="tbl_roche_summary_add_overall_works"/>
  </testsuite>
  <testsuite name="tbl_roche_summary" timestamp="2025-07-11T13:59:20Z" hostname="2cb9c235122e" tests="1" skipped="0" failures="0" errors="0" time="0.002">
    <testcase time="0.00200000000000067" classname="character(0)" name="tbl_roche_summary_recode_counts_for_all_NA_column"/>
  </testsuite>
  <testsuite name="tbl_survfit_quantiles" timestamp="2025-07-11T13:59:26Z" hostname="2cb9c235122e" tests="7" skipped="0" failures="0" errors="0" time="6.302">
    <testcase time="6.296" classname="character(0)" name="tbl_survfit_quantiles_works"/>
    <testcase time="0" classname="character(0)" name="tbl_survfit_quantiles_works"/>
    <testcase time="0.00100000000000122" classname="character(0)" name="tbl_survfit_quantiles_works"/>
    <testcase time="0" classname="character(0)" name="tbl_survfit_quantiles_works"/>
    <testcase time="0.000999999999997669" classname="character(0)" name="tbl_survfit_quantiles_works"/>
    <testcase time="0.00100000000000122" classname="character(0)" name="tbl_survfit_quantiles_works"/>
    <testcase time="0.00300000000000011" classname="character(0)" name="tbl_survfit_quantiles_works"/>
  </testsuite>
  <testsuite name="tbl_survfit_quantiles" timestamp="2025-07-11T13:59:26Z" hostname="2cb9c235122e" tests="2" skipped="0" failures="0" errors="0" time="0.002">
    <testcase time="0.00100000000000122" classname="character(0)" name="tbl_survfit_quantiles_by_messaging"/>
    <testcase time="0.000999999999997669" classname="character(0)" name="tbl_survfit_quantiles_by_messaging"/>
  </testsuite>
  <testsuite name="tbl_survfit_quantiles" timestamp="2025-07-11T13:59:26Z" hostname="2cb9c235122e" tests="1" skipped="0" failures="0" errors="0" time="0.001">
    <testcase time="0.00100000000000122" classname="character(0)" name="tbl_survfit_quantiles_estimate_fun_"/>
  </testsuite>
  <testsuite name="tbl_survfit_quantiles" timestamp="2025-07-11T13:59:26Z" hostname="2cb9c235122e" tests="1" skipped="0" failures="0" errors="0" time="0.002">
    <testcase time="0.00199999999999889" classname="character(0)" name="tbl_survfit_quantiles_method.args_"/>
  </testsuite>
  <testsuite name="tbl_survfit_quantiles" timestamp="2025-07-11T13:59:26Z" hostname="2cb9c235122e" tests="1" skipped="0" failures="0" errors="0" time="0.001">
    <testcase time="0.00100000000000122" classname="character(0)" name="add_overall.tbl_survfit_quantiles_works"/>
  </testsuite>
  <testsuite name="tbl_survfit_times" timestamp="2025-07-11T13:59:30Z" hostname="2cb9c235122e" tests="7" skipped="0" failures="0" errors="0" time="3.552">
    <testcase time="3.549" classname="character(0)" name="tbl_survfit_times_works"/>
    <testcase time="0" classname="character(0)" name="tbl_survfit_times_works"/>
    <testcase time="0.00100000000000122" classname="character(0)" name="tbl_survfit_times_works"/>
    <testcase time="0" classname="character(0)" name="tbl_survfit_times_works"/>
    <testcase time="0.000999999999997669" classname="character(0)" name="tbl_survfit_times_works"/>
    <testcase time="0.00100000000000122" classname="character(0)" name="tbl_survfit_times_works"/>
    <testcase time="0" classname="character(0)" name="tbl_survfit_times_works"/>
  </testsuite>
  <testsuite name="tbl_survfit_times" timestamp="2025-07-11T13:59:30Z" hostname="2cb9c235122e" tests="2" skipped="0" failures="0" errors="0" time="0.002">
    <testcase time="0.00199999999999889" classname="character(0)" name="tbl_survfit_times_by_messaging"/>
    <testcase time="0" classname="character(0)" name="tbl_survfit_times_by_messaging"/>
  </testsuite>
  <testsuite name="tbl_survfit_times" timestamp="2025-07-11T13:59:30Z" hostname="2cb9c235122e" tests="1" skipped="0" failures="0" errors="0" time="0.002">
    <testcase time="0.00200000000000244" classname="character(0)" name="add_overall.tbl_survfit_times_works"/>
  </testsuite>
  <testsuite name="tbl_hierarchical_rate_and_count" timestamp="2025-07-11T13:59:31Z" hostname="2cb9c235122e" tests="5" skipped="0" failures="0" errors="0" time="1.068">
    <testcase time="1.064" classname="character(0)" name="tbl_hierarchical_rate_and_count_works"/>
    <testcase time="0.000999999999997669" classname="character(0)" name="tbl_hierarchical_rate_and_count_works"/>
    <testcase time="0.00100000000000122" classname="character(0)" name="tbl_hierarchical_rate_and_count_works"/>
    <testcase time="0.00100000000000122" classname="character(0)" name="tbl_hierarchical_rate_and_count_works"/>
    <testcase time="0.000999999999997669" classname="character(0)" name="tbl_hierarchical_rate_and_count_works"/>
  </testsuite>
  <testsuite name="tbl_hierarchical_rate_and_count" timestamp="2025-07-11T13:59:31Z" hostname="2cb9c235122e" tests="2" skipped="0" failures="0" errors="0" time="0.004">
    <testcase time="0.00300000000000011" classname="character(0)" name="tbl_hierarchical_rate_and_count_sort_"/>
    <testcase time="0.00100000000000122" classname="character(0)" name="tbl_hierarchical_rate_and_count_sort_"/>
  </testsuite>
  <testsuite name="tbl_hierarchical_rate_and_count" timestamp="2025-07-11T13:59:31Z" hostname="2cb9c235122e" tests="1" skipped="0" failures="0" errors="0" time="0.002">
    <testcase time="0.00199999999999889" classname="character(0)" name="tbl_hierarchical_rate_and_count_digits_styling_defaults_to_gtsummary"/>
  </testsuite>
  <testsuite name="theme_gtsummary_roche" timestamp="2025-07-11T13:59:33Z" hostname="2cb9c235122e" tests="1" skipped="0" failures="0" errors="0" time="1.948">
    <testcase time="1.948" classname="character(0)" name="theme_gtsummary_roche_works"/>
  </testsuite>
  <testsuite name="theme_gtsummary_roche" timestamp="2025-07-11T13:59:33Z" hostname="2cb9c235122e" tests="1" skipped="0" failures="0" errors="0" time="0.002">
    <testcase time="0.00199999999999889" classname="character(0)" name="theme_gtsummary_roche_adds_relevant_flextable_directives"/>
  </testsuite>
  <testsuite name="theme_gtsummary_roche" timestamp="2025-07-11T13:59:33Z" hostname="2cb9c235122e" tests="1" skipped="0" failures="0" errors="0" time="0.001">
    <testcase time="0.00100000000000122" classname="character(0)" name="theme_gtsummary_roche_no_errors_with_a_gt_print"/>
  </testsuite>
  <testsuite name="theme_gtsummary_roche" timestamp="2025-07-11T13:59:33Z" hostname="2cb9c235122e" tests="7" skipped="0" failures="0" errors="0" time="0.007">
    <testcase time="0.00400000000000134" classname="character(0)" name="theme_gtsummary_roche_styles_tbl_hierarchical_results"/>
    <testcase time="0" classname="character(0)" name="theme_gtsummary_roche_styles_tbl_hierarchical_results"/>
    <testcase time="0.000999999999997669" classname="character(0)" name="theme_gtsummary_roche_styles_tbl_hierarchical_results"/>
    <testcase time="0.00100000000000122" classname="character(0)" name="theme_gtsummary_roche_styles_tbl_hierarchical_results"/>
    <testcase time="0" classname="character(0)" name="theme_gtsummary_roche_styles_tbl_hierarchical_results"/>
    <testcase time="0.00100000000000122" classname="character(0)" name="theme_gtsummary_roche_styles_tbl_hierarchical_results"/>
    <testcase time="0" classname="character(0)" name="theme_gtsummary_roche_styles_tbl_hierarchical_results"/>
  </testsuite>
</testsuites>
