<?xml version="1.0" encoding="UTF-8"?>
<testsuites>
  <testsuite name="add_blank_row" timestamp="2025-07-03T14:27:40Z" hostname="6e24d848b755" tests="1" skipped="0" failures="0" errors="0" time="1.886">
    <testcase time="1.886" classname="character(0)" name="add_blank_row_works"/>
  </testsuite>
  <testsuite name="add_blank_row" timestamp="2025-07-03T14:27:40Z" hostname="6e24d848b755" tests="1" skipped="0" failures="0" errors="0" time="0.028">
    <testcase time="0.028" classname="character(0)" name="add_blank_row_messaging"/>
  </testsuite>
  <testsuite name="add_hierarchical_count_row" timestamp="2025-07-03T14:27:42Z" hostname="6e24d848b755" tests="4" skipped="0" failures="0" errors="0" time="1.892">
    <testcase time="1.891" classname="character(0)" name="add_hierarchical_count_row_works"/>
    <testcase time="0" classname="character(0)" name="add_hierarchical_count_row_works"/>
    <testcase time="0.00100000000000033" classname="character(0)" name="add_hierarchical_count_row_works"/>
    <testcase time="0" classname="character(0)" name="add_hierarchical_count_row_works"/>
  </testsuite>
  <testsuite name="roche_pvalue" timestamp="2025-07-03T14:27:42Z" hostname="6e24d848b755" tests="1" skipped="0" failures="0" errors="0" time="0.056">
    <testcase time="0.056" classname="character(0)" name="roche_pvalue_works"/>
  </testsuite>
  <testsuite name="roche_pvalue" timestamp="2025-07-03T14:27:42Z" hostname="6e24d848b755" tests="3" skipped="0" failures="0" errors="0" time="0.003">
    <testcase time="0.00199999999999978" classname="character(0)" name="roche_percent_works"/>
    <testcase time="0" classname="character(0)" name="roche_percent_works"/>
    <testcase time="0.000999999999999446" classname="character(0)" name="roche_percent_works"/>
  </testsuite>
  <testsuite name="modify_header_rm_md" timestamp="2025-07-03T14:27:42Z" hostname="6e24d848b755" tests="2" skipped="0" failures="0" errors="0" time="0.414">
    <testcase time="0.413" classname="character(0)" name="strip_md_bold_works_with_gtsummary_table"/>
    <testcase time="0.00100000000000033" classname="character(0)" name="strip_md_bold_works_with_gtsummary_table"/>
  </testsuite>
  <testsuite name="tbl_roche_summary" timestamp="2025-07-03T14:27:49Z" hostname="6e24d848b755" tests="1" skipped="0" failures="0" errors="0" time="6.429">
    <testcase time="6.429" classname="character(0)" name="tbl_roche_summary_works"/>
  </testsuite>
  <testsuite name="tbl_roche_summary" timestamp="2025-07-03T14:27:49Z" hostname="6e24d848b755" tests="3" skipped="0" failures="0" errors="0" time="0.004">
    <testcase time="0.00199999999999889" classname="character(0)" name="tbl_roche_summary_add_overall_works"/>
    <testcase time="0.00100000000000122" classname="character(0)" name="tbl_roche_summary_add_overall_works"/>
    <testcase time="0.000999999999999446" classname="character(0)" name="tbl_roche_summary_add_overall_works"/>
  </testsuite>
  <testsuite name="tbl_roche_summary" timestamp="2025-07-03T14:27:49Z" hostname="6e24d848b755" tests="1" skipped="0" failures="0" errors="0" time="0.003">
    <testcase time="0.00300000000000011" classname="character(0)" name="tbl_roche_summary_recode_counts_for_all_NA_column"/>
  </testsuite>
  <testsuite name="tbl_survfit_quantiles" timestamp="2025-07-03T14:27:55Z" hostname="6e24d848b755" tests="7" skipped="0" failures="0" errors="0" time="6.246">
    <testcase time="6.24" classname="character(0)" name="tbl_survfit_quantiles_works"/>
    <testcase time="0.00100000000000122" classname="character(0)" name="tbl_survfit_quantiles_works"/>
    <testcase time="0.000999999999997669" classname="character(0)" name="tbl_survfit_quantiles_works"/>
    <testcase time="0.00100000000000122" classname="character(0)" name="tbl_survfit_quantiles_works"/>
    <testcase time="0.00100000000000122" classname="character(0)" name="tbl_survfit_quantiles_works"/>
    <testcase time="0.000999999999997669" classname="character(0)" name="tbl_survfit_quantiles_works"/>
    <testcase time="0.00100000000000122" classname="character(0)" name="tbl_survfit_quantiles_works"/>
  </testsuite>
  <testsuite name="tbl_survfit_quantiles" timestamp="2025-07-03T14:27:55Z" hostname="6e24d848b755" tests="2" skipped="0" failures="0" errors="0" time="0.004">
    <testcase time="0.00300000000000011" classname="character(0)" name="tbl_survfit_quantiles_by_messaging"/>
    <testcase time="0.00100000000000122" classname="character(0)" name="tbl_survfit_quantiles_by_messaging"/>
  </testsuite>
  <testsuite name="tbl_survfit_quantiles" timestamp="2025-07-03T14:27:55Z" hostname="6e24d848b755" tests="1" skipped="0" failures="0" errors="0" time="0.001">
    <testcase time="0.000999999999997669" classname="character(0)" name="tbl_survfit_quantiles_estimate_fun_"/>
  </testsuite>
  <testsuite name="tbl_survfit_quantiles" timestamp="2025-07-03T14:27:55Z" hostname="6e24d848b755" tests="1" skipped="0" failures="0" errors="0" time="0.002">
    <testcase time="0.00200000000000244" classname="character(0)" name="tbl_survfit_quantiles_method.args_"/>
  </testsuite>
  <testsuite name="tbl_survfit_quantiles" timestamp="2025-07-03T14:27:55Z" hostname="6e24d848b755" tests="1" skipped="0" failures="0" errors="0" time="0.001">
    <testcase time="0.000999999999997669" classname="character(0)" name="add_overall.tbl_survfit_quantiles_works"/>
  </testsuite>
  <testsuite name="tbl_survfit_times" timestamp="2025-07-03T14:27:59Z" hostname="6e24d848b755" tests="7" skipped="0" failures="0" errors="0" time="3.552">
    <testcase time="3.548" classname="character(0)" name="tbl_survfit_times_works"/>
    <testcase time="0.000999999999997669" classname="character(0)" name="tbl_survfit_times_works"/>
    <testcase time="0.00100000000000122" classname="character(0)" name="tbl_survfit_times_works"/>
    <testcase time="0" classname="character(0)" name="tbl_survfit_times_works"/>
    <testcase time="0.00100000000000122" classname="character(0)" name="tbl_survfit_times_works"/>
    <testcase time="0" classname="character(0)" name="tbl_survfit_times_works"/>
    <testcase time="0.000999999999997669" classname="character(0)" name="tbl_survfit_times_works"/>
  </testsuite>
  <testsuite name="tbl_survfit_times" timestamp="2025-07-03T14:27:59Z" hostname="6e24d848b755" tests="2" skipped="0" failures="0" errors="0" time="0.002">
    <testcase time="0.00100000000000122" classname="character(0)" name="tbl_survfit_times_by_messaging"/>
    <testcase time="0.00100000000000122" classname="character(0)" name="tbl_survfit_times_by_messaging"/>
  </testsuite>
  <testsuite name="tbl_survfit_times" timestamp="2025-07-03T14:27:59Z" hostname="6e24d848b755" tests="1" skipped="0" failures="0" errors="0" time="0.001">
    <testcase time="0.000999999999997669" classname="character(0)" name="add_overall.tbl_survfit_times_works"/>
  </testsuite>
  <testsuite name="tbl_hierarchical_rate_and_count" timestamp="2025-07-03T14:28:01Z" hostname="6e24d848b755" tests="5" skipped="0" failures="0" errors="0" time="1.943">
    <testcase time="1.939" classname="character(0)" name="tbl_hierarchical_rate_and_count_works"/>
    <testcase time="0.00100000000000122" classname="character(0)" name="tbl_hierarchical_rate_and_count_works"/>
    <testcase time="0.00100000000000122" classname="character(0)" name="tbl_hierarchical_rate_and_count_works"/>
    <testcase time="0.000999999999997669" classname="character(0)" name="tbl_hierarchical_rate_and_count_works"/>
    <testcase time="0.00100000000000122" classname="character(0)" name="tbl_hierarchical_rate_and_count_works"/>
  </testsuite>
  <testsuite name="tbl_hierarchical_rate_and_count" timestamp="2025-07-03T14:28:01Z" hostname="6e24d848b755" tests="2" skipped="0" failures="0" errors="0" time="0.004">
    <testcase time="0.00300000000000011" classname="character(0)" name="tbl_hierarchical_rate_and_count_sort_"/>
    <testcase time="0.00100000000000122" classname="character(0)" name="tbl_hierarchical_rate_and_count_sort_"/>
  </testsuite>
  <testsuite name="tbl_hierarchical_rate_and_count" timestamp="2025-07-03T14:28:01Z" hostname="6e24d848b755" tests="1" skipped="0" failures="0" errors="0" time="0.002">
    <testcase time="0.00199999999999889" classname="character(0)" name="tbl_hierarchical_rate_and_count_digits_styling_defaults_to_gtsummary"/>
  </testsuite>
  <testsuite name="theme_gtsummary_roche" timestamp="2025-07-03T14:28:02Z" hostname="6e24d848b755" tests="1" skipped="0" failures="0" errors="0" time="1.079">
    <testcase time="1.079" classname="character(0)" name="theme_gtsummary_roche_works"/>
  </testsuite>
  <testsuite name="theme_gtsummary_roche" timestamp="2025-07-03T14:28:02Z" hostname="6e24d848b755" tests="1" skipped="0" failures="0" errors="0" time="0.001">
    <testcase time="0.000999999999997669" classname="character(0)" name="theme_gtsummary_roche_adds_relevant_flextable_directives"/>
  </testsuite>
  <testsuite name="theme_gtsummary_roche" timestamp="2025-07-03T14:28:02Z" hostname="6e24d848b755" tests="1" skipped="0" failures="0" errors="0" time="0.002">
    <testcase time="0.00200000000000244" classname="character(0)" name="theme_gtsummary_roche_no_errors_with_a_gt_print"/>
  </testsuite>
  <testsuite name="theme_gtsummary_roche" timestamp="2025-07-03T14:28:02Z" hostname="6e24d848b755" tests="7" skipped="0" failures="0" errors="0" time="0.004">
    <testcase time="0.000999999999997669" classname="character(0)" name="theme_gtsummary_roche_styles_tbl_hierarchical_results"/>
    <testcase time="0.00100000000000122" classname="character(0)" name="theme_gtsummary_roche_styles_tbl_hierarchical_results"/>
    <testcase time="0" classname="character(0)" name="theme_gtsummary_roche_styles_tbl_hierarchical_results"/>
    <testcase time="0.00100000000000122" classname="character(0)" name="theme_gtsummary_roche_styles_tbl_hierarchical_results"/>
    <testcase time="0" classname="character(0)" name="theme_gtsummary_roche_styles_tbl_hierarchical_results"/>
    <testcase time="0.000999999999997669" classname="character(0)" name="theme_gtsummary_roche_styles_tbl_hierarchical_results"/>
    <testcase time="0" classname="character(0)" name="theme_gtsummary_roche_styles_tbl_hierarchical_results"/>
  </testsuite>
</testsuites>
