<?xml version="1.0" encoding="UTF-8"?>
<testsuites>
  <testsuite name="add_blank_row" timestamp="2025-07-03T14:27:37Z" hostname="efcd601283b5" tests="1" skipped="0" failures="0" errors="0" time="1.866">
    <testcase time="1.866" classname="character(0)" name="add_blank_row_works"/>
  </testsuite>
  <testsuite name="add_blank_row" timestamp="2025-07-03T14:27:37Z" hostname="efcd601283b5" tests="1" skipped="1" failures="0" errors="0" time="0.025">
    <testcase time="0.0249999999999999" classname="character(0)" name="add_blank_row_messaging">
      <skipped message="Reason: On CRAN ('test-add_blank_row.R:15:3')"/>
    </testcase>
  </testsuite>
  <testsuite name="add_hierarchical_count_row" timestamp="2025-07-03T14:27:37Z" hostname="efcd601283b5" tests="3" skipped="1" failures="0" errors="0" time="0.515">
    <testcase time="0.514" classname="character(0)" name="add_hierarchical_count_row_works"/>
    <testcase time="0.00099999999999989" classname="character(0)" name="add_hierarchical_count_row_works"/>
    <testcase time="0" classname="character(0)" name="add_hierarchical_count_row_works">
      <skipped message="Reason: On CRAN ('test-add_hierarchical_count_row.R:21:3')"/>
    </testcase>
  </testsuite>
  <testsuite name="roche_pvalue" timestamp="2025-07-03T14:27:37Z" hostname="efcd601283b5" tests="1" skipped="0" failures="0" errors="0" time="0.074">
    <testcase time="0.0740000000000003" classname="character(0)" name="roche_pvalue_works"/>
  </testsuite>
  <testsuite name="roche_pvalue" timestamp="2025-07-03T14:27:37Z" hostname="efcd601283b5" tests="3" skipped="0" failures="0" errors="0" time="0.003">
    <testcase time="0.00199999999999978" classname="character(0)" name="roche_percent_works"/>
    <testcase time="0" classname="character(0)" name="roche_percent_works"/>
    <testcase time="0.00100000000000033" classname="character(0)" name="roche_percent_works"/>
    <testcase time="0.0349999999999997" classname="character(0)" name="_unnamed_">
      <skipped message="Reason: On CRAN ('test-tbl_hierarchical_rate_and_count.R:1:1')"/>
    </testcase>
  </testsuite>
  <testsuite name="modify_header_rm_md" timestamp="2025-07-03T14:27:39Z" hostname="efcd601283b5" tests="3" skipped="1" failures="0" errors="0" time="1.812">
    <testcase time="1.776" classname="character(0)" name="strip_md_bold_works_with_gtsummary_table"/>
    <testcase time="0.00100000000000033" classname="character(0)" name="strip_md_bold_works_with_gtsummary_table"/>
  </testsuite>
  <testsuite name="tbl_roche_summary" timestamp="2025-07-03T14:27:43Z" hostname="efcd601283b5" tests="1" skipped="0" failures="0" errors="0" time="3.669">
    <testcase time="3.669" classname="character(0)" name="tbl_roche_summary_works"/>
  </testsuite>
  <testsuite name="tbl_roche_summary" timestamp="2025-07-03T14:27:43Z" hostname="efcd601283b5" tests="2" skipped="1" failures="0" errors="0" time="0.002">
    <testcase time="0.00200000000000067" classname="character(0)" name="tbl_roche_summary_add_overall_works"/>
    <testcase time="0" classname="character(0)" name="tbl_roche_summary_add_overall_works">
      <skipped message="Reason: On CRAN ('test-tbl_roche_summary.R:41:3')"/>
    </testcase>
  </testsuite>
  <testsuite name="tbl_roche_summary" timestamp="2025-07-03T14:27:43Z" hostname="efcd601283b5" tests="1" skipped="0" failures="0" errors="0" time="0.012">
    <testcase time="0.0120000000000005" classname="character(0)" name="tbl_roche_summary_recode_counts_for_all_NA_column"/>
  </testsuite>
  <testsuite name="tbl_survfit_quantiles" timestamp="2025-07-03T14:27:43Z" hostname="efcd601283b5" tests="2" skipped="1" failures="0" errors="0" time="0.621">
    <testcase time="0.619999999999999" classname="character(0)" name="tbl_survfit_quantiles_works"/>
    <testcase time="0.000999999999999446" classname="character(0)" name="tbl_survfit_quantiles_works">
      <skipped message="Reason: On CRAN ('test-tbl_survfit_quantiles.R:13:3')"/>
    </testcase>
  </testsuite>
  <testsuite name="tbl_survfit_quantiles" timestamp="2025-07-03T14:27:43Z" hostname="efcd601283b5" tests="1" skipped="1" failures="0" errors="0" time="0.02">
    <testcase time="0.0200000000000014" classname="character(0)" name="tbl_survfit_quantiles_by_messaging">
      <skipped message="Reason: On CRAN ('test-tbl_survfit_quantiles.R:55:3')"/>
    </testcase>
  </testsuite>
  <testsuite name="tbl_survfit_quantiles" timestamp="2025-07-03T14:27:43Z" hostname="efcd601283b5" tests="1" skipped="1" failures="0" errors="0" time="0.018">
    <testcase time="0.0179999999999989" classname="character(0)" name="tbl_survfit_quantiles_estimate_fun_">
      <skipped message="Reason: On CRAN ('test-tbl_survfit_quantiles.R:75:3')"/>
    </testcase>
  </testsuite>
  <testsuite name="tbl_survfit_quantiles" timestamp="2025-07-03T14:27:43Z" hostname="efcd601283b5" tests="1" skipped="0" failures="0" errors="0" time="0.011">
    <testcase time="0.011000000000001" classname="character(0)" name="tbl_survfit_quantiles_method.args_"/>
  </testsuite>
  <testsuite name="tbl_survfit_quantiles" timestamp="2025-07-03T14:27:43Z" hostname="efcd601283b5" tests="1" skipped="1" failures="0" errors="0" time="0.002">
    <testcase time="0.00199999999999889" classname="character(0)" name="add_overall.tbl_survfit_quantiles_works">
      <skipped message="Reason: On CRAN ('test-tbl_survfit_quantiles.R:111:3')"/>
    </testcase>
  </testsuite>
  <testsuite name="tbl_survfit_times" timestamp="2025-07-03T14:27:45Z" hostname="efcd601283b5" tests="2" skipped="1" failures="0" errors="0" time="1.945">
    <testcase time="1.944" classname="character(0)" name="tbl_survfit_times_works"/>
    <testcase time="0.000999999999999446" classname="character(0)" name="tbl_survfit_times_works">
      <skipped message="Reason: On CRAN ('test-tbl_survfit_times.R:14:3')"/>
    </testcase>
  </testsuite>
  <testsuite name="tbl_survfit_times" timestamp="2025-07-03T14:27:45Z" hostname="efcd601283b5" tests="1" skipped="1" failures="0" errors="0" time="0.011">
    <testcase time="0.011000000000001" classname="character(0)" name="tbl_survfit_times_by_messaging">
      <skipped message="Reason: On CRAN ('test-tbl_survfit_times.R:59:3')"/>
    </testcase>
  </testsuite>
  <testsuite name="tbl_survfit_times" timestamp="2025-07-03T14:27:45Z" hostname="efcd601283b5" tests="1" skipped="1" failures="0" errors="0" time="0.011">
    <testcase time="0.0109999999999992" classname="character(0)" name="add_overall.tbl_survfit_times_works">
      <skipped message="Reason: On CRAN ('test-tbl_survfit_times.R:81:3')"/>
    </testcase>
  </testsuite>
  <testsuite name="theme_gtsummary_roche" timestamp="2025-07-03T14:27:47Z" hostname="efcd601283b5" tests="1" skipped="1" failures="0" errors="0" time="1.168">
    <testcase time="1.168" classname="character(0)" name="theme_gtsummary_roche_works">
      <skipped message="Reason: On CRAN ('test-theme_gtsummary_roche.R:3:3')"/>
    </testcase>
  </testsuite>
  <testsuite name="theme_gtsummary_roche" timestamp="2025-07-03T14:27:47Z" hostname="efcd601283b5" tests="1" skipped="1" failures="0" errors="0" time="0.01">
    <testcase time="0.0100000000000016" classname="character(0)" name="theme_gtsummary_roche_adds_relevant_flextable_directives">
      <skipped message="Reason: On CRAN ('test-theme_gtsummary_roche.R:17:3')"/>
    </testcase>
  </testsuite>
  <testsuite name="theme_gtsummary_roche" timestamp="2025-07-03T14:27:47Z" hostname="efcd601283b5" tests="1" skipped="0" failures="0" errors="0" time="0.011">
    <testcase time="0.0109999999999992" classname="character(0)" name="theme_gtsummary_roche_no_errors_with_a_gt_print"/>
  </testsuite>
  <testsuite name="theme_gtsummary_roche" timestamp="2025-07-03T14:27:47Z" hostname="efcd601283b5" tests="7" skipped="0" failures="0" errors="0" time="0.005">
    <testcase time="0.000999999999999446" classname="character(0)" name="theme_gtsummary_roche_styles_tbl_hierarchical_results"/>
    <testcase time="0.00100000000000122" classname="character(0)" name="theme_gtsummary_roche_styles_tbl_hierarchical_results"/>
    <testcase time="0" classname="character(0)" name="theme_gtsummary_roche_styles_tbl_hierarchical_results"/>
    <testcase time="0.000999999999999446" classname="character(0)" name="theme_gtsummary_roche_styles_tbl_hierarchical_results"/>
    <testcase time="0.000999999999999446" classname="character(0)" name="theme_gtsummary_roche_styles_tbl_hierarchical_results"/>
    <testcase time="0" classname="character(0)" name="theme_gtsummary_roche_styles_tbl_hierarchical_results"/>
    <testcase time="0.00100000000000122" classname="character(0)" name="theme_gtsummary_roche_styles_tbl_hierarchical_results"/>
  </testsuite>
</testsuites>
