<?xml version="1.0" encoding="UTF-8"?>
<testsuites>
  <testsuite name="add_blank_row" timestamp="2025-03-06T23:19:47Z" hostname="eca53147e11e" tests="1" skipped="0" failures="0" errors="0" time="1.512">
    <testcase time="1.512" classname="character(0)" name="add_blank_row_works"/>
  </testsuite>
  <testsuite name="add_blank_row" timestamp="2025-03-06T23:19:47Z" hostname="eca53147e11e" tests="1" skipped="0" failures="0" errors="0" time="0.018">
    <testcase time="0.0179999999999998" classname="character(0)" name="add_blank_row_messaging"/>
  </testsuite>
  <testsuite name="theme_gtsummary_roche" timestamp="2025-03-06T23:19:47Z" hostname="eca53147e11e" tests="1" skipped="0" failures="0" errors="0" time="0.098">
    <testcase time="0.0980000000000003" classname="character(0)" name="theme_gtsummary_roche_works"/>
  </testsuite>
  <testsuite name="tbl_demographics" timestamp="2025-03-06T23:19:50Z" hostname="eca53147e11e" tests="1" skipped="0" failures="0" errors="0" time="3.291">
    <testcase time="3.291" classname="character(0)" name="tbl_demographics_works"/>
  </testsuite>
  <testsuite name="tbl_demographics" timestamp="2025-03-06T23:19:50Z" hostname="eca53147e11e" tests="2" skipped="0" failures="0" errors="0" time="0.002">
    <testcase time="0.000999999999999446" classname="character(0)" name="tbl_demographics_add_overall_works"/>
    <testcase time="0.00100000000000033" classname="character(0)" name="tbl_demographics_add_overall_works"/>
  </testsuite>
</testsuites>
