<?xml version="1.0" encoding="UTF-8"?>
<testsuites>
  <testsuite name="add_blank_row" timestamp="2025-03-06T23:35:08Z" hostname="4675844a5d80" tests="1" skipped="0" failures="0" errors="0" time="1.664">
    <testcase time="1.664" classname="character(0)" name="add_blank_row_works"/>
  </testsuite>
  <testsuite name="add_blank_row" timestamp="2025-03-06T23:35:08Z" hostname="4675844a5d80" tests="1" skipped="1" failures="0" errors="0" time="0.015">
    <testcase time="0.0150000000000001" classname="character(0)" name="add_blank_row_messaging">
      <skipped message="Reason: On CRAN ('test-add_blank_row.R:15:3')"/>
    </testcase>
  </testsuite>
  <testsuite name="theme_gtsummary_roche" timestamp="2025-03-06T23:35:08Z" hostname="4675844a5d80" tests="1" skipped="1" failures="0" errors="0" time="0.081">
    <testcase time="0.081" classname="character(0)" name="theme_gtsummary_roche_works">
      <skipped message="Reason: On CRAN ('test-theme_gtsummary_roche.R:3:3')"/>
    </testcase>
  </testsuite>
  <testsuite name="tbl_demographics" timestamp="2025-03-06T23:35:12Z" hostname="4675844a5d80" tests="1" skipped="0" failures="0" errors="0" time="3.925">
    <testcase time="3.925" classname="character(0)" name="tbl_demographics_works"/>
  </testsuite>
  <testsuite name="tbl_demographics" timestamp="2025-03-06T23:35:12Z" hostname="4675844a5d80" tests="2" skipped="1" failures="0" errors="0" time="0.005">
    <testcase time="0.00399999999999956" classname="character(0)" name="tbl_demographics_add_overall_works"/>
    <testcase time="0.00100000000000033" classname="character(0)" name="tbl_demographics_add_overall_works">
      <skipped message="Reason: On CRAN ('test-tbl_demographics.R:39:3')"/>
    </testcase>
  </testsuite>
</testsuites>
