<?xml version="1.0" encoding="UTF-8"?>
<testsuites>
  <testsuite name="add_hierarchical_count_row" timestamp="2025-08-28T21:01:52Z" hostname="4b00470a37a1" tests="3" skipped="1" failures="0" errors="0" time="3.55">
    <testcase time="3.527" classname="character(0)" name="add_hierarchical_count_row_works"/>
    <testcase time="0.0170000000000003" classname="character(0)" name="add_hierarchical_count_row_works"/>
    <testcase time="0.00599999999999934" classname="character(0)" name="add_hierarchical_count_row_works">
      <skipped message="Reason: On CRAN ('test-add_hierarchical_count_row.R:21:3')"/>
    </testcase>
  </testsuite>
  <testsuite name="add_hierarchical_count_row" timestamp="2025-08-28T21:01:52Z" hostname="4b00470a37a1" tests="2" skipped="1" failures="0" errors="0" time="0.024">
    <testcase time="0.0230000000000006" classname="character(0)" name="add_hierarchical_count_row_data_preprocess_works"/>
    <testcase time="0.000999999999999446" classname="character(0)" name="add_hierarchical_count_row_data_preprocess_works">
      <skipped message="Reason: On CRAN ('test-add_hierarchical_count_row.R:55:3')"/>
    </testcase>
  </testsuite>
  <testsuite name="modify_header_rm_md" timestamp="2025-08-28T21:01:55Z" hostname="4b00470a37a1" tests="2" skipped="0" failures="0" errors="0" time="2.413">
    <testcase time="2.413" classname="character(0)" name="strip_md_bold_works_with_gtsummary_table"/>
    <testcase time="0" classname="character(0)" name="strip_md_bold_works_with_gtsummary_table"/>
  </testsuite>
  <testsuite name="add_blank_row" timestamp="2025-08-28T21:01:55Z" hostname="4b00470a37a1" tests="1" skipped="0" failures="0" errors="0" time="0.317">
    <testcase time="0.317" classname="character(0)" name="add_blank_row_works"/>
  </testsuite>
  <testsuite name="add_blank_row" timestamp="2025-08-28T21:01:55Z" hostname="4b00470a37a1" tests="2" skipped="0" failures="0" errors="0" time="0.002">
    <testcase time="0.00100000000000033" classname="character(0)" name="add_blank_row_variables_works"/>
    <testcase time="0.000999999999999446" classname="character(0)" name="add_blank_row_variables_works"/>
  </testsuite>
  <testsuite name="add_blank_row" timestamp="2025-08-28T21:01:55Z" hostname="4b00470a37a1" tests="1" skipped="0" failures="0" errors="0" time="0.001">
    <testcase time="0.00100000000000033" classname="character(0)" name="add_blank_row_variables_grade_is_last_row_then_table_identical"/>
  </testsuite>
  <testsuite name="add_blank_row" timestamp="2025-08-28T21:01:55Z" hostname="4b00470a37a1" tests="1" skipped="0" failures="0" errors="0" time="0.002">
    <testcase time="0.00199999999999978" classname="character(0)" name="add_blank_row_variable_level_works"/>
  </testsuite>
  <testsuite name="add_blank_row" timestamp="2025-08-28T21:01:55Z" hostname="4b00470a37a1" tests="1" skipped="1" failures="0" errors="0" time="0.001">
    <testcase time="0.00100000000000033" classname="character(0)" name="add_blank_row_error_message">
      <skipped message="Reason: On CRAN ('test-add_blank_row.R:75:3')"/>
    </testcase>
  </testsuite>
  <testsuite name="add_blank_row" timestamp="2025-08-28T21:01:55Z" hostname="4b00470a37a1" tests="2" skipped="0" failures="0" errors="0" time="0.012">
    <testcase time="0.0110000000000001" classname="character(0)" name="add_blank_row_row_numbers_error"/>
    <testcase time="0.000999999999999446" classname="character(0)" name="add_blank_row_row_numbers_error"/>
  </testsuite>
  <testsuite name="add_blank_row" timestamp="2025-08-28T21:01:55Z" hostname="4b00470a37a1" tests="1" skipped="1" failures="0" errors="0" time="0.001">
    <testcase time="0.00100000000000033" classname="character(0)" name="add_blank_row_errors_when_no_variable">
      <skipped message="Reason: On CRAN ('test-add_blank_row.R:100:3')"/>
    </testcase>
  </testsuite>
  <testsuite name="roche_pvalue" timestamp="2025-08-28T21:01:55Z" hostname="4b00470a37a1" tests="1" skipped="0" failures="0" errors="0" time="0.066">
    <testcase time="0.0659999999999998" classname="character(0)" name="roche_pvalue_works"/>
  </testsuite>
  <testsuite name="roche_pvalue" timestamp="2025-08-28T21:01:55Z" hostname="4b00470a37a1" tests="3" skipped="0" failures="0" errors="0" time="0.003">
    <testcase time="0.00100000000000033" classname="character(0)" name="roche_percent_works"/>
    <testcase time="0.000999999999999446" classname="character(0)" name="roche_percent_works"/>
    <testcase time="0.00100000000000033" classname="character(0)" name="roche_percent_works"/>
  </testsuite>
  <testsuite name="modify_zero_recode" timestamp="2025-08-28T21:01:56Z" hostname="4b00470a37a1" tests="1" skipped="1" failures="0" errors="0" time="0.449">
    <testcase time="0.449" classname="character(0)" name="modify_zero_recode_works">
      <skipped message="Reason: On CRAN ('test-modify_zero_recode.R:3:3')"/>
    </testcase>
    <testcase time="0.0519999999999996" classname="character(0)" name="_unnamed_">
      <skipped message="Reason: On CRAN ('test-tbl_hierarchical_rate_and_count.R:1:1')"/>
    </testcase>
    <testcase time="0.0540000000000003" classname="character(0)" name="_unnamed_">
      <skipped message="Reason: On CRAN ('test-tbl_hierarchical_rate_by_grade.R:1:1')"/>
    </testcase>
  </testsuite>
  <testsuite name="tbl_listing" timestamp="2025-08-28T21:01:56Z" hostname="4b00470a37a1" tests="3" skipped="3" failures="0" errors="0" time="0.726">
    <testcase time="0.62" classname="character(0)" name="tbl_listing_works_with_default_values">
      <skipped message="Reason: On CRAN ('test-tbl_listing.R:7:3')"/>
    </testcase>
  </testsuite>
  <testsuite name="tbl_listing" timestamp="2025-08-28T21:01:56Z" hostname="4b00470a37a1" tests="1" skipped="1" failures="0" errors="0" time="0.012">
    <testcase time="0.0120000000000005" classname="character(0)" name="tbl_listing_hide_duplicate_keys_FALSE_works_with_standard_values">
      <skipped message="Reason: On CRAN ('test-tbl_listing.R:17:3')"/>
    </testcase>
  </testsuite>
  <testsuite name="tbl_listing" timestamp="2025-08-28T21:01:56Z" hostname="4b00470a37a1" tests="3" skipped="1" failures="0" errors="0" time="0.012">
    <testcase time="0.0109999999999992" classname="character(0)" name="tbl_listing_blank_rows_by_works_with_standard_values"/>
    <testcase time="0" classname="character(0)" name="tbl_listing_blank_rows_by_works_with_standard_values"/>
    <testcase time="0.00100000000000122" classname="character(0)" name="tbl_listing_blank_rows_by_works_with_standard_values">
      <skipped message="Reason: On CRAN ('test-tbl_listing.R:35:3')"/>
    </testcase>
  </testsuite>
  <testsuite name="tbl_listing" timestamp="2025-08-28T21:01:56Z" hostname="4b00470a37a1" tests="3" skipped="1" failures="0" errors="0" time="0.011">
    <testcase time="0.00999999999999979" classname="character(0)" name="tbl_listing_row_split_works_with_standard_values"/>
    <testcase time="0.000999999999999446" classname="character(0)" name="tbl_listing_row_split_works_with_standard_values"/>
    <testcase time="0" classname="character(0)" name="tbl_listing_row_split_works_with_standard_values">
      <skipped message="Reason: On CRAN ('test-tbl_listing.R:46:3')"/>
    </testcase>
  </testsuite>
  <testsuite name="tbl_listing" timestamp="2025-08-28T21:01:56Z" hostname="4b00470a37a1" tests="3" skipped="1" failures="0" errors="0" time="0.015">
    <testcase time="0.0139999999999993" classname="character(0)" name="tbl_listing_row_split_blank_rows_by_works_with_standard_values"/>
    <testcase time="0.00100000000000122" classname="character(0)" name="tbl_listing_row_split_blank_rows_by_works_with_standard_values"/>
    <testcase time="0" classname="character(0)" name="tbl_listing_row_split_blank_rows_by_works_with_standard_values">
      <skipped message="Reason: On CRAN ('test-tbl_listing.R:57:3')"/>
    </testcase>
  </testsuite>
  <testsuite name="tbl_listing" timestamp="2025-08-28T21:01:57Z" hostname="4b00470a37a1" tests="3" skipped="1" failures="0" errors="0" time="0.012">
    <testcase time="0.0109999999999992" classname="character(0)" name="tbl_listing_col_split_works_with_standard_values"/>
    <testcase time="0" classname="character(0)" name="tbl_listing_col_split_works_with_standard_values"/>
    <testcase time="0.000999999999999446" classname="character(0)" name="tbl_listing_col_split_works_with_standard_values">
      <skipped message="Reason: On CRAN ('test-tbl_listing.R:70:3')"/>
    </testcase>
  </testsuite>
  <testsuite name="tbl_listing" timestamp="2025-08-28T21:01:57Z" hostname="4b00470a37a1" tests="5" skipped="1" failures="0" errors="0" time="0.013">
    <testcase time="0.00999999999999979" classname="character(0)" name="tbl_listing_row_split_col_split_works_with_standard_values"/>
    <testcase time="0.00100000000000122" classname="character(0)" name="tbl_listing_row_split_col_split_works_with_standard_values"/>
    <testcase time="0" classname="character(0)" name="tbl_listing_row_split_col_split_works_with_standard_values"/>
    <testcase time="0.000999999999999446" classname="character(0)" name="tbl_listing_row_split_col_split_works_with_standard_values"/>
    <testcase time="0.000999999999999446" classname="character(0)" name="tbl_listing_row_split_col_split_works_with_standard_values">
      <skipped message="Reason: On CRAN ('test-tbl_listing.R:89:3')"/>
    </testcase>
  </testsuite>
  <testsuite name="tbl_roche_summary" timestamp="2025-08-28T21:02:02Z" hostname="4b00470a37a1" tests="1" skipped="0" failures="0" errors="0" time="5.595">
    <testcase time="5.595" classname="character(0)" name="tbl_roche_summary_works"/>
  </testsuite>
  <testsuite name="tbl_roche_summary" timestamp="2025-08-28T21:02:02Z" hostname="4b00470a37a1" tests="2" skipped="1" failures="0" errors="0" time="0.004">
    <testcase time="0.00300000000000011" classname="character(0)" name="tbl_roche_summary_add_overall_works"/>
    <testcase time="0.000999999999999446" classname="character(0)" name="tbl_roche_summary_add_overall_works">
      <skipped message="Reason: On CRAN ('test-tbl_roche_summary.R:41:3')"/>
    </testcase>
  </testsuite>
  <testsuite name="tbl_roche_summary" timestamp="2025-08-28T21:02:02Z" hostname="4b00470a37a1" tests="1" skipped="0" failures="0" errors="0" time="0.014">
    <testcase time="0.0140000000000011" classname="character(0)" name="tbl_roche_summary_recode_counts_for_all_NA_column"/>
  </testsuite>
  <testsuite name="tbl_shift" timestamp="2025-08-28T21:02:17Z" hostname="4b00470a37a1" tests="2" skipped="1" failures="0" errors="0" time="15.273">
    <testcase time="15.273" classname="character(0)" name="tbl_shift_strata_location_"/>
    <testcase time="0" classname="character(0)" name="tbl_shift_strata_location_">
      <skipped message="Reason: On CRAN ('test-tbl_shift.R:28:3')"/>
    </testcase>
  </testsuite>
  <testsuite name="tbl_shift" timestamp="2025-08-28T21:02:17Z" hostname="4b00470a37a1" tests="1" skipped="1" failures="0" errors="0" time="0.014">
    <testcase time="0.0139999999999993" classname="character(0)" name="tbl_shift_by_messaging">
      <skipped message="Reason: On CRAN ('test-tbl_shift.R:48:3')"/>
    </testcase>
  </testsuite>
  <testsuite name="tbl_shift" timestamp="2025-08-28T21:02:17Z" hostname="4b00470a37a1" tests="1" skipped="1" failures="0" errors="0" time="0.01">
    <testcase time="0.00999999999999801" classname="character(0)" name="tbl_shift_data_header_messaging">
      <skipped message="Reason: On CRAN ('test-tbl_shift.R:67:3')"/>
    </testcase>
  </testsuite>
  <testsuite name="tbl_shift" timestamp="2025-08-28T21:02:17Z" hostname="4b00470a37a1" tests="2" skipped="1" failures="0" errors="0" time="0.011">
    <testcase time="0.0100000000000016" classname="character(0)" name="add_overall.tbl_shift_"/>
    <testcase time="0.00100000000000122" classname="character(0)" name="add_overall.tbl_shift_">
      <skipped message="Reason: On CRAN ('test-tbl_shift.R:96:3')"/>
    </testcase>
  </testsuite>
  <testsuite name="tbl_shift" timestamp="2025-08-28T21:02:17Z" hostname="4b00470a37a1" tests="1" skipped="1" failures="0" errors="0" time="0.01">
    <testcase time="0.00999999999999801" classname="character(0)" name="add_overall.tbl_shift_messaging">
      <skipped message="Reason: On CRAN ('test-tbl_shift.R:119:3')"/>
    </testcase>
  </testsuite>
  <testsuite name="tbl_shift" timestamp="2025-08-28T21:02:17Z" hostname="4b00470a37a1" tests="2" skipped="1" failures="0" errors="0" time="0.014">
    <testcase time="0.0130000000000017" classname="character(0)" name="add_overall.tbl_shift_strata_NULL_messaging"/>
    <testcase time="0.000999999999997669" classname="character(0)" name="add_overall.tbl_shift_strata_NULL_messaging">
      <skipped message="Reason: On CRAN ('test-tbl_shift.R:168:3')"/>
    </testcase>
  </testsuite>
  <testsuite name="tbl_baseline_chg" timestamp="2025-08-28T21:02:20Z" hostname="4b00470a37a1" tests="2" skipped="1" failures="0" errors="0" time="2.853">
    <testcase time="2.852" classname="character(0)" name="tbl_baseline_chg_works"/>
    <testcase time="0.000999999999997669" classname="character(0)" name="tbl_baseline_chg_works">
      <skipped message="Reason: On CRAN ('test-tbl_baseline_chg.R:23:3')"/>
    </testcase>
  </testsuite>
  <testsuite name="tbl_baseline_chg" timestamp="2025-08-28T21:02:20Z" hostname="4b00470a37a1" tests="2" skipped="1" failures="0" errors="0" time="0.012">
    <testcase time="0.0110000000000028" classname="character(0)" name="tbl_baseline_chg_works_with_no_by_variable"/>
    <testcase time="0.000999999999997669" classname="character(0)" name="tbl_baseline_chg_works_with_no_by_variable">
      <skipped message="Reason: On CRAN ('test-tbl_baseline_chg.R:37:3')"/>
    </testcase>
  </testsuite>
  <testsuite name="tbl_baseline_chg" timestamp="2025-08-28T21:02:20Z" hostname="4b00470a37a1" tests="2" skipped="1" failures="0" errors="0" time="0.013">
    <testcase time="0.0130000000000052" classname="character(0)" name="add_overall.tbl_baseline_chg_works"/>
    <testcase time="0" classname="character(0)" name="add_overall.tbl_baseline_chg_works">
      <skipped message="Reason: On CRAN ('test-tbl_baseline_chg.R:54:3')"/>
    </testcase>
  </testsuite>
  <testsuite name="tbl_baseline_chg" timestamp="2025-08-28T21:02:20Z" hostname="4b00470a37a1" tests="1" skipped="1" failures="0" errors="0" time="0.011">
    <testcase time="0.0109999999999957" classname="character(0)" name="add_overall.tbl_baseline_chg_messaging">
      <skipped message="Reason: On CRAN ('test-tbl_baseline_chg.R:61:3')"/>
    </testcase>
  </testsuite>
  <testsuite name="tbl_baseline_chg" timestamp="2025-08-28T21:02:20Z" hostname="4b00470a37a1" tests="4" skipped="1" failures="0" errors="0" time="0.012">
    <testcase time="0.0100000000000051" classname="character(0)" name="tbl_baseline_chg_throws_error_when_required_arguments_are_missing"/>
    <testcase time="0.000999999999997669" classname="character(0)" name="tbl_baseline_chg_throws_error_when_required_arguments_are_missing"/>
    <testcase time="0" classname="character(0)" name="tbl_baseline_chg_throws_error_when_required_arguments_are_missing"/>
    <testcase time="0.000999999999997669" classname="character(0)" name="tbl_baseline_chg_throws_error_when_required_arguments_are_missing">
      <skipped message="Reason: On CRAN ('test-tbl_baseline_chg.R:128:3')"/>
    </testcase>
  </testsuite>
  <testsuite name="tbl_baseline_chg" timestamp="2025-08-28T21:02:20Z" hostname="4b00470a37a1" tests="1" skipped="1" failures="0" errors="0" time="0.01">
    <testcase time="0.00999999999999801" classname="character(0)" name="tbl_baseline_chg_messaging">
      <skipped message="Reason: On CRAN ('test-tbl_baseline_chg.R:143:3')"/>
    </testcase>
  </testsuite>
  <testsuite name="tbl_baseline_chg" timestamp="2025-08-28T21:02:20Z" hostname="4b00470a37a1" tests="1" skipped="1" failures="0" errors="0" time="0.028">
    <testcase time="0.0280000000000058" classname="character(0)" name="gather_ard_works_on_output_table">
      <skipped message="Reason: On CRAN ('test-tbl_baseline_chg.R:165:3')"/>
    </testcase>
  </testsuite>
  <testsuite name="tbl_survfit_quantiles" timestamp="2025-08-28T21:02:22Z" hostname="4b00470a37a1" tests="2" skipped="1" failures="0" errors="0" time="1.414">
    <testcase time="1.41399999999999" classname="character(0)" name="tbl_survfit_quantiles_works"/>
    <testcase time="0" classname="character(0)" name="tbl_survfit_quantiles_works">
      <skipped message="Reason: On CRAN ('test-tbl_survfit_quantiles.R:13:3')"/>
    </testcase>
  </testsuite>
  <testsuite name="tbl_survfit_quantiles" timestamp="2025-08-28T21:02:22Z" hostname="4b00470a37a1" tests="1" skipped="1" failures="0" errors="0" time="0.012">
    <testcase time="0.0120000000000005" classname="character(0)" name="tbl_survfit_quantiles_by_messaging">
      <skipped message="Reason: On CRAN ('test-tbl_survfit_quantiles.R:55:3')"/>
    </testcase>
  </testsuite>
  <testsuite name="tbl_survfit_quantiles" timestamp="2025-08-28T21:02:22Z" hostname="4b00470a37a1" tests="1" skipped="1" failures="0" errors="0" time="0.011">
    <testcase time="0.0110000000000028" classname="character(0)" name="tbl_survfit_quantiles_estimate_fun_">
      <skipped message="Reason: On CRAN ('test-tbl_survfit_quantiles.R:75:3')"/>
    </testcase>
  </testsuite>
  <testsuite name="tbl_survfit_quantiles" timestamp="2025-08-28T21:02:22Z" hostname="4b00470a37a1" tests="1" skipped="0" failures="0" errors="0" time="0.014">
    <testcase time="0.0140000000000029" classname="character(0)" name="tbl_survfit_quantiles_method.args_"/>
  </testsuite>
  <testsuite name="tbl_survfit_quantiles" timestamp="2025-08-28T21:02:22Z" hostname="4b00470a37a1" tests="1" skipped="1" failures="0" errors="0" time="0.002">
    <testcase time="0.00199999999999534" classname="character(0)" name="add_overall.tbl_survfit_quantiles_works">
      <skipped message="Reason: On CRAN ('test-tbl_survfit_quantiles.R:111:3')"/>
    </testcase>
  </testsuite>
  <testsuite name="tbl_survfit_times" timestamp="2025-08-28T21:02:23Z" hostname="4b00470a37a1" tests="2" skipped="1" failures="0" errors="0" time="1.133">
    <testcase time="1.13200000000001" classname="character(0)" name="tbl_survfit_times_works"/>
    <testcase time="0.000999999999997669" classname="character(0)" name="tbl_survfit_times_works">
      <skipped message="Reason: On CRAN ('test-tbl_survfit_times.R:14:3')"/>
    </testcase>
  </testsuite>
  <testsuite name="tbl_survfit_times" timestamp="2025-08-28T21:02:23Z" hostname="4b00470a37a1" tests="1" skipped="1" failures="0" errors="0" time="0.016">
    <testcase time="0.0159999999999982" classname="character(0)" name="tbl_survfit_times_by_messaging">
      <skipped message="Reason: On CRAN ('test-tbl_survfit_times.R:59:3')"/>
    </testcase>
  </testsuite>
  <testsuite name="tbl_survfit_times" timestamp="2025-08-28T21:02:23Z" hostname="4b00470a37a1" tests="1" skipped="1" failures="0" errors="0" time="0.014">
    <testcase time="0.0140000000000029" classname="character(0)" name="add_overall.tbl_survfit_times_works">
      <skipped message="Reason: On CRAN ('test-tbl_survfit_times.R:81:3')"/>
    </testcase>
  </testsuite>
  <testsuite name="theme_gtsummary_roche" timestamp="2025-08-28T21:02:25Z" hostname="4b00470a37a1" tests="1" skipped="1" failures="0" errors="0" time="1.972">
    <testcase time="1.972" classname="character(0)" name="theme_gtsummary_roche_works">
      <skipped message="Reason: On CRAN ('test-theme_gtsummary_roche.R:3:3')"/>
    </testcase>
  </testsuite>
  <testsuite name="theme_gtsummary_roche" timestamp="2025-08-28T21:02:25Z" hostname="4b00470a37a1" tests="1" skipped="1" failures="0" errors="0" time="0.012">
    <testcase time="0.0119999999999933" classname="character(0)" name="theme_gtsummary_roche_adds_relevant_flextable_directives">
      <skipped message="Reason: On CRAN ('test-theme_gtsummary_roche.R:17:3')"/>
    </testcase>
  </testsuite>
  <testsuite name="theme_gtsummary_roche" timestamp="2025-08-28T21:02:25Z" hostname="4b00470a37a1" tests="1" skipped="0" failures="0" errors="0" time="0.016">
    <testcase time="0.0160000000000053" classname="character(0)" name="theme_gtsummary_roche_no_errors_with_a_gt_print"/>
  </testsuite>
  <testsuite name="theme_gtsummary_roche" timestamp="2025-08-28T21:02:25Z" hostname="4b00470a37a1" tests="7" skipped="0" failures="0" errors="0" time="0.005">
    <testcase time="0.00199999999999534" classname="character(0)" name="theme_gtsummary_roche_styles_tbl_hierarchical_results"/>
    <testcase time="0" classname="character(0)" name="theme_gtsummary_roche_styles_tbl_hierarchical_results"/>
    <testcase time="0.00100000000000477" classname="character(0)" name="theme_gtsummary_roche_styles_tbl_hierarchical_results"/>
    <testcase time="0" classname="character(0)" name="theme_gtsummary_roche_styles_tbl_hierarchical_results"/>
    <testcase time="0.000999999999997669" classname="character(0)" name="theme_gtsummary_roche_styles_tbl_hierarchical_results"/>
    <testcase time="0" classname="character(0)" name="theme_gtsummary_roche_styles_tbl_hierarchical_results"/>
    <testcase time="0.000999999999997669" classname="character(0)" name="theme_gtsummary_roche_styles_tbl_hierarchical_results"/>
  </testsuite>
</testsuites>
