<?xml version="1.0" encoding="UTF-8"?>
<testsuites>
  <testsuite name="add_hierarchical_count_row" timestamp="2025-07-24T15:43:00Z" hostname="e57ea893b14d" tests="3" skipped="1" failures="0" errors="0" time="2.592">
    <testcase time="2.561" classname="character(0)" name="add_hierarchical_count_row_works"/>
    <testcase time="0.0249999999999999" classname="character(0)" name="add_hierarchical_count_row_works"/>
    <testcase time="0.00600000000000023" classname="character(0)" name="add_hierarchical_count_row_works">
      <skipped message="Reason: On CRAN ('test-add_hierarchical_count_row.R:21:3')"/>
    </testcase>
  </testsuite>
  <testsuite name="add_blank_row" timestamp="2025-07-24T15:43:02Z" hostname="e57ea893b14d" tests="1" skipped="0" failures="0" errors="0" time="2.286">
    <testcase time="2.286" classname="character(0)" name="add_blank_row_works"/>
  </testsuite>
  <testsuite name="add_blank_row" timestamp="2025-07-24T15:43:02Z" hostname="e57ea893b14d" tests="2" skipped="0" failures="0" errors="0" time="0.008">
    <testcase time="0.00700000000000056" classname="character(0)" name="add_blank_row_age_works"/>
    <testcase time="0.000999999999999446" classname="character(0)" name="add_blank_row_age_works"/>
  </testsuite>
  <testsuite name="add_blank_row" timestamp="2025-07-24T15:43:02Z" hostname="e57ea893b14d" tests="1" skipped="0" failures="0" errors="0" time="0.001">
    <testcase time="0.00100000000000033" classname="character(0)" name="add_blank_row_grade_is_last_row_then_table_identical"/>
  </testsuite>
  <testsuite name="add_blank_row" timestamp="2025-07-24T15:43:02Z" hostname="e57ea893b14d" tests="1" skipped="0" failures="0" errors="0" time="0.002">
    <testcase time="0.00199999999999978" classname="character(0)" name="add_blank_row_grade_is_last_row_then_table_identical"/>
  </testsuite>
  <testsuite name="add_blank_row" timestamp="2025-07-24T15:43:02Z" hostname="e57ea893b14d" tests="2" skipped="0" failures="0" errors="0" time="0.002">
    <testcase time="0.00100000000000033" classname="character(0)" name="add_blank_row_row_numbers_error"/>
    <testcase time="0.00100000000000033" classname="character(0)" name="add_blank_row_row_numbers_error"/>
  </testsuite>
  <testsuite name="add_blank_row" timestamp="2025-07-24T15:43:02Z" hostname="e57ea893b14d" tests="1" skipped="1" failures="0" errors="0" time="0.001">
    <testcase time="0.000999999999999446" classname="character(0)" name="add_blank_row_errors_when_no_variable">
      <skipped message="Reason: On CRAN ('test-add_blank_row.R:81:3')"/>
    </testcase>
  </testsuite>
  <testsuite name="modify_header_rm_md" timestamp="2025-07-24T15:43:02Z" hostname="e57ea893b14d" tests="2" skipped="0" failures="0" errors="0" time="0.213">
    <testcase time="0.212" classname="character(0)" name="strip_md_bold_works_with_gtsummary_table"/>
    <testcase time="0.00100000000000033" classname="character(0)" name="strip_md_bold_works_with_gtsummary_table"/>
  </testsuite>
  <testsuite name="roche_pvalue" timestamp="2025-07-24T15:43:03Z" hostname="e57ea893b14d" tests="1" skipped="0" failures="0" errors="0" time="0.062">
    <testcase time="0.0620000000000003" classname="character(0)" name="roche_pvalue_works"/>
  </testsuite>
  <testsuite name="roche_pvalue" timestamp="2025-07-24T15:43:03Z" hostname="e57ea893b14d" tests="3" skipped="0" failures="0" errors="0" time="0.002">
    <testcase time="0.000999999999999446" classname="character(0)" name="roche_percent_works"/>
    <testcase time="0.00100000000000033" classname="character(0)" name="roche_percent_works"/>
    <testcase time="0" classname="character(0)" name="roche_percent_works"/>
    <testcase time="0.0369999999999999" classname="character(0)" name="_unnamed_">
      <skipped message="Reason: On CRAN ('test-tbl_hierarchical_rate_and_count.R:1:1')"/>
    </testcase>
    <testcase time="0.0540000000000003" classname="character(0)" name="_unnamed_">
      <skipped message="Reason: On CRAN ('test-tbl_hierarchical_rate_by_grade.R:1:1')"/>
    </testcase>
  </testsuite>
  <testsuite name="modify_zero_recode" timestamp="2025-07-24T15:43:03Z" hostname="e57ea893b14d" tests="3" skipped="3" failures="0" errors="0" time="0.598">
    <testcase time="0.507" classname="character(0)" name="modify_zero_recode_works">
      <skipped message="Reason: On CRAN ('test-modify_zero_recode.R:3:3')"/>
    </testcase>
  </testsuite>
  <testsuite name="tbl_listing" timestamp="2025-07-24T15:43:03Z" hostname="e57ea893b14d" tests="1" skipped="1" failures="0" errors="0" time="0.026">
    <testcase time="0.0259999999999998" classname="character(0)" name="tbl_listing_works_with_default_values">
      <skipped message="Reason: On CRAN ('test-tbl_listing.R:7:3')"/>
    </testcase>
  </testsuite>
  <testsuite name="tbl_listing" timestamp="2025-07-24T15:43:03Z" hostname="e57ea893b14d" tests="3" skipped="1" failures="0" errors="0" time="0.016">
    <testcase time="0.0150000000000006" classname="character(0)" name="tbl_listing_keys_order_by_works_with_standard_values"/>
    <testcase time="0" classname="character(0)" name="tbl_listing_keys_order_by_works_with_standard_values"/>
    <testcase time="0.000999999999999446" classname="character(0)" name="tbl_listing_keys_order_by_works_with_standard_values">
      <skipped message="Reason: On CRAN ('test-tbl_listing.R:19:3')"/>
    </testcase>
  </testsuite>
  <testsuite name="tbl_listing" timestamp="2025-07-24T15:43:03Z" hostname="e57ea893b14d" tests="3" skipped="1" failures="0" errors="0" time="0.019">
    <testcase time="0.0180000000000007" classname="character(0)" name="tbl_listing_hide_duplicate_keys_FALSE_works_with_standard_values"/>
    <testcase time="0" classname="character(0)" name="tbl_listing_hide_duplicate_keys_FALSE_works_with_standard_values"/>
    <testcase time="0.000999999999999446" classname="character(0)" name="tbl_listing_hide_duplicate_keys_FALSE_works_with_standard_values">
      <skipped message="Reason: On CRAN ('test-tbl_listing.R:42:3')"/>
    </testcase>
  </testsuite>
  <testsuite name="tbl_listing" timestamp="2025-07-24T15:43:03Z" hostname="e57ea893b14d" tests="4" skipped="1" failures="0" errors="0" time="0.015">
    <testcase time="0.0129999999999999" classname="character(0)" name="tbl_listing_blank_rows_by_works_with_standard_values"/>
    <testcase time="0.00100000000000033" classname="character(0)" name="tbl_listing_blank_rows_by_works_with_standard_values"/>
    <testcase time="0" classname="character(0)" name="tbl_listing_blank_rows_by_works_with_standard_values"/>
    <testcase time="0.00100000000000033" classname="character(0)" name="tbl_listing_blank_rows_by_works_with_standard_values">
      <skipped message="Reason: On CRAN ('test-tbl_listing.R:60:3')"/>
    </testcase>
  </testsuite>
  <testsuite name="tbl_roche_summary" timestamp="2025-07-24T15:43:09Z" hostname="e57ea893b14d" tests="1" skipped="0" failures="0" errors="0" time="5.454">
    <testcase time="5.454" classname="character(0)" name="tbl_roche_summary_works"/>
  </testsuite>
  <testsuite name="tbl_roche_summary" timestamp="2025-07-24T15:43:09Z" hostname="e57ea893b14d" tests="2" skipped="1" failures="0" errors="0" time="0.003">
    <testcase time="0.00199999999999889" classname="character(0)" name="tbl_roche_summary_add_overall_works"/>
    <testcase time="0.00100000000000122" classname="character(0)" name="tbl_roche_summary_add_overall_works">
      <skipped message="Reason: On CRAN ('test-tbl_roche_summary.R:41:3')"/>
    </testcase>
  </testsuite>
  <testsuite name="tbl_roche_summary" timestamp="2025-07-24T15:43:09Z" hostname="e57ea893b14d" tests="1" skipped="0" failures="0" errors="0" time="0.014">
    <testcase time="0.0139999999999993" classname="character(0)" name="tbl_roche_summary_recode_counts_for_all_NA_column"/>
  </testsuite>
  <testsuite name="tbl_survfit_quantiles" timestamp="2025-07-24T15:43:13Z" hostname="e57ea893b14d" tests="2" skipped="1" failures="0" errors="0" time="4.425">
    <testcase time="4.424" classname="character(0)" name="tbl_survfit_quantiles_works"/>
    <testcase time="0.00100000000000122" classname="character(0)" name="tbl_survfit_quantiles_works">
      <skipped message="Reason: On CRAN ('test-tbl_survfit_quantiles.R:13:3')"/>
    </testcase>
  </testsuite>
  <testsuite name="tbl_survfit_quantiles" timestamp="2025-07-24T15:43:13Z" hostname="e57ea893b14d" tests="1" skipped="1" failures="0" errors="0" time="0.013">
    <testcase time="0.0129999999999981" classname="character(0)" name="tbl_survfit_quantiles_by_messaging">
      <skipped message="Reason: On CRAN ('test-tbl_survfit_quantiles.R:55:3')"/>
    </testcase>
  </testsuite>
  <testsuite name="tbl_survfit_quantiles" timestamp="2025-07-24T15:43:13Z" hostname="e57ea893b14d" tests="1" skipped="1" failures="0" errors="0" time="0.011">
    <testcase time="0.0110000000000028" classname="character(0)" name="tbl_survfit_quantiles_estimate_fun_">
      <skipped message="Reason: On CRAN ('test-tbl_survfit_quantiles.R:75:3')"/>
    </testcase>
  </testsuite>
  <testsuite name="tbl_survfit_quantiles" timestamp="2025-07-24T15:43:13Z" hostname="e57ea893b14d" tests="1" skipped="0" failures="0" errors="0" time="0.013">
    <testcase time="0.0129999999999981" classname="character(0)" name="tbl_survfit_quantiles_method.args_"/>
  </testsuite>
  <testsuite name="tbl_survfit_quantiles" timestamp="2025-07-24T15:43:13Z" hostname="e57ea893b14d" tests="1" skipped="1" failures="0" errors="0" time="0.001">
    <testcase time="0.00100000000000122" classname="character(0)" name="add_overall.tbl_survfit_quantiles_works">
      <skipped message="Reason: On CRAN ('test-tbl_survfit_quantiles.R:111:3')"/>
    </testcase>
  </testsuite>
  <testsuite name="tbl_survfit_times" timestamp="2025-07-24T15:43:15Z" hostname="e57ea893b14d" tests="2" skipped="1" failures="0" errors="0" time="1.845">
    <testcase time="1.844" classname="character(0)" name="tbl_survfit_times_works"/>
    <testcase time="0.00100000000000122" classname="character(0)" name="tbl_survfit_times_works">
      <skipped message="Reason: On CRAN ('test-tbl_survfit_times.R:14:3')"/>
    </testcase>
  </testsuite>
  <testsuite name="tbl_survfit_times" timestamp="2025-07-24T15:43:15Z" hostname="e57ea893b14d" tests="1" skipped="1" failures="0" errors="0" time="0.016">
    <testcase time="0.0160000000000018" classname="character(0)" name="tbl_survfit_times_by_messaging">
      <skipped message="Reason: On CRAN ('test-tbl_survfit_times.R:59:3')"/>
    </testcase>
  </testsuite>
  <testsuite name="tbl_survfit_times" timestamp="2025-07-24T15:43:15Z" hostname="e57ea893b14d" tests="1" skipped="1" failures="0" errors="0" time="0.011">
    <testcase time="0.0109999999999992" classname="character(0)" name="add_overall.tbl_survfit_times_works">
      <skipped message="Reason: On CRAN ('test-tbl_survfit_times.R:81:3')"/>
    </testcase>
  </testsuite>
  <testsuite name="tbl_shift" timestamp="2025-07-24T15:43:18Z" hostname="e57ea893b14d" tests="2" skipped="1" failures="0" errors="0" time="2.595">
    <testcase time="2.594" classname="character(0)" name="tbl_shift_strata_location_"/>
    <testcase time="0.000999999999997669" classname="character(0)" name="tbl_shift_strata_location_">
      <skipped message="Reason: On CRAN ('test-tbl_shift.R:28:3')"/>
    </testcase>
  </testsuite>
  <testsuite name="tbl_shift" timestamp="2025-07-24T15:43:18Z" hostname="e57ea893b14d" tests="1" skipped="1" failures="0" errors="0" time="0.012">
    <testcase time="0.0120000000000005" classname="character(0)" name="tbl_shift_by_messaging">
      <skipped message="Reason: On CRAN ('test-tbl_shift.R:48:3')"/>
    </testcase>
  </testsuite>
  <testsuite name="tbl_shift" timestamp="2025-07-24T15:43:18Z" hostname="e57ea893b14d" tests="1" skipped="1" failures="0" errors="0" time="0.01">
    <testcase time="0.0100000000000016" classname="character(0)" name="tbl_shift_data_header_messaging">
      <skipped message="Reason: On CRAN ('test-tbl_shift.R:67:3')"/>
    </testcase>
  </testsuite>
  <testsuite name="tbl_shift" timestamp="2025-07-24T15:43:18Z" hostname="e57ea893b14d" tests="2" skipped="1" failures="0" errors="0" time="0.014">
    <testcase time="0.0129999999999981" classname="character(0)" name="add_overall.tbl_shift_"/>
    <testcase time="0.00100000000000122" classname="character(0)" name="add_overall.tbl_shift_">
      <skipped message="Reason: On CRAN ('test-tbl_shift.R:96:3')"/>
    </testcase>
  </testsuite>
  <testsuite name="tbl_shift" timestamp="2025-07-24T15:43:18Z" hostname="e57ea893b14d" tests="1" skipped="1" failures="0" errors="0" time="0.01">
    <testcase time="0.00999999999999801" classname="character(0)" name="add_overall.tbl_shift_messaging">
      <skipped message="Reason: On CRAN ('test-tbl_shift.R:119:3')"/>
    </testcase>
  </testsuite>
  <testsuite name="theme_gtsummary_roche" timestamp="2025-07-24T15:43:18Z" hostname="e57ea893b14d" tests="1" skipped="1" failures="0" errors="0" time="0.455">
    <testcase time="0.455000000000002" classname="character(0)" name="theme_gtsummary_roche_works">
      <skipped message="Reason: On CRAN ('test-theme_gtsummary_roche.R:3:3')"/>
    </testcase>
  </testsuite>
  <testsuite name="theme_gtsummary_roche" timestamp="2025-07-24T15:43:18Z" hostname="e57ea893b14d" tests="1" skipped="1" failures="0" errors="0" time="0.011">
    <testcase time="0.0109999999999992" classname="character(0)" name="theme_gtsummary_roche_adds_relevant_flextable_directives">
      <skipped message="Reason: On CRAN ('test-theme_gtsummary_roche.R:17:3')"/>
    </testcase>
  </testsuite>
  <testsuite name="theme_gtsummary_roche" timestamp="2025-07-24T15:43:18Z" hostname="e57ea893b14d" tests="1" skipped="0" failures="0" errors="0" time="0.013">
    <testcase time="0.0130000000000017" classname="character(0)" name="theme_gtsummary_roche_no_errors_with_a_gt_print"/>
  </testsuite>
  <testsuite name="theme_gtsummary_roche" timestamp="2025-07-24T15:43:18Z" hostname="e57ea893b14d" tests="7" skipped="0" failures="0" errors="0" time="0.005">
    <testcase time="0.00199999999999889" classname="character(0)" name="theme_gtsummary_roche_styles_tbl_hierarchical_results"/>
    <testcase time="0" classname="character(0)" name="theme_gtsummary_roche_styles_tbl_hierarchical_results"/>
    <testcase time="0.00100000000000122" classname="character(0)" name="theme_gtsummary_roche_styles_tbl_hierarchical_results"/>
    <testcase time="0" classname="character(0)" name="theme_gtsummary_roche_styles_tbl_hierarchical_results"/>
    <testcase time="0.000999999999997669" classname="character(0)" name="theme_gtsummary_roche_styles_tbl_hierarchical_results"/>
    <testcase time="0.00100000000000122" classname="character(0)" name="theme_gtsummary_roche_styles_tbl_hierarchical_results"/>
    <testcase time="0" classname="character(0)" name="theme_gtsummary_roche_styles_tbl_hierarchical_results"/>
  </testsuite>
</testsuites>
