<?xml version="1.0" encoding="UTF-8"?>
<testsuites>
  <testsuite name="add_hierarchical_count_row" timestamp="2025-08-27T16:14:03Z" hostname="1f642d0f5e68" tests="3" skipped="1" failures="0" errors="0" time="3.476">
    <testcase time="3.453" classname="character(0)" name="add_hierarchical_count_row_works"/>
    <testcase time="0.0169999999999995" classname="character(0)" name="add_hierarchical_count_row_works"/>
    <testcase time="0.00600000000000023" classname="character(0)" name="add_hierarchical_count_row_works">
      <skipped message="Reason: On CRAN ('test-add_hierarchical_count_row.R:21:3')"/>
    </testcase>
  </testsuite>
  <testsuite name="add_hierarchical_count_row" timestamp="2025-08-27T16:14:03Z" hostname="1f642d0f5e68" tests="2" skipped="1" failures="0" errors="0" time="0.023">
    <testcase time="0.0220000000000002" classname="character(0)" name="add_hierarchical_count_row_data_preprocess_works"/>
    <testcase time="0.00100000000000033" classname="character(0)" name="add_hierarchical_count_row_data_preprocess_works">
      <skipped message="Reason: On CRAN ('test-add_hierarchical_count_row.R:55:3')"/>
    </testcase>
  </testsuite>
  <testsuite name="add_blank_row" timestamp="2025-08-27T16:14:04Z" hostname="1f642d0f5e68" tests="1" skipped="0" failures="0" errors="0" time="1.071">
    <testcase time="1.071" classname="character(0)" name="add_blank_row_works"/>
  </testsuite>
  <testsuite name="add_blank_row" timestamp="2025-08-27T16:14:04Z" hostname="1f642d0f5e68" tests="2" skipped="0" failures="0" errors="0" time="0.002">
    <testcase time="0.00199999999999978" classname="character(0)" name="add_blank_row_age_works"/>
    <testcase time="0" classname="character(0)" name="add_blank_row_age_works"/>
  </testsuite>
  <testsuite name="add_blank_row" timestamp="2025-08-27T16:14:04Z" hostname="1f642d0f5e68" tests="1" skipped="0" failures="0" errors="0" time="0.002">
    <testcase time="0.00199999999999978" classname="character(0)" name="add_blank_row_grade_is_last_row_then_table_identical"/>
  </testsuite>
  <testsuite name="add_blank_row" timestamp="2025-08-27T16:14:04Z" hostname="1f642d0f5e68" tests="1" skipped="0" failures="0" errors="0" time="0.001">
    <testcase time="0.00100000000000033" classname="character(0)" name="add_blank_row_grade_is_last_row_then_table_identical"/>
  </testsuite>
  <testsuite name="add_blank_row" timestamp="2025-08-27T16:14:04Z" hostname="1f642d0f5e68" tests="2" skipped="0" failures="0" errors="0" time="0.004">
    <testcase time="0.00399999999999956" classname="character(0)" name="add_blank_row_row_numbers_error"/>
    <testcase time="0" classname="character(0)" name="add_blank_row_row_numbers_error"/>
  </testsuite>
  <testsuite name="add_blank_row" timestamp="2025-08-27T16:14:04Z" hostname="1f642d0f5e68" tests="1" skipped="1" failures="0" errors="0" time="0.002">
    <testcase time="0.00200000000000067" classname="character(0)" name="add_blank_row_errors_when_no_variable">
      <skipped message="Reason: On CRAN ('test-add_blank_row.R:81:3')"/>
    </testcase>
  </testsuite>
  <testsuite name="modify_zero_recode" timestamp="2025-08-27T16:14:05Z" hostname="1f642d0f5e68" tests="1" skipped="1" failures="0" errors="0" time="0.837">
    <testcase time="0.837" classname="character(0)" name="modify_zero_recode_works">
      <skipped message="Reason: On CRAN ('test-modify_zero_recode.R:3:3')"/>
    </testcase>
  </testsuite>
  <testsuite name="roche_pvalue" timestamp="2025-08-27T16:14:05Z" hostname="1f642d0f5e68" tests="1" skipped="0" failures="0" errors="0" time="0.066">
    <testcase time="0.0659999999999998" classname="character(0)" name="roche_pvalue_works"/>
  </testsuite>
  <testsuite name="roche_pvalue" timestamp="2025-08-27T16:14:05Z" hostname="1f642d0f5e68" tests="3" skipped="0" failures="0" errors="0" time="0.003">
    <testcase time="0.00100000000000033" classname="character(0)" name="roche_percent_works"/>
    <testcase time="0.000999999999999446" classname="character(0)" name="roche_percent_works"/>
    <testcase time="0.00100000000000033" classname="character(0)" name="roche_percent_works"/>
  </testsuite>
  <testsuite name="modify_header_rm_md" timestamp="2025-08-27T16:14:05Z" hostname="1f642d0f5e68" tests="2" skipped="0" failures="0" errors="0" time="0.426">
    <testcase time="0.425" classname="character(0)" name="strip_md_bold_works_with_gtsummary_table"/>
    <testcase time="0.00100000000000033" classname="character(0)" name="strip_md_bold_works_with_gtsummary_table"/>
    <testcase time="0.0430000000000001" classname="character(0)" name="_unnamed_">
      <skipped message="Reason: On CRAN ('test-tbl_hierarchical_rate_and_count.R:1:1')"/>
    </testcase>
    <testcase time="0.0529999999999999" classname="character(0)" name="_unnamed_">
      <skipped message="Reason: On CRAN ('test-tbl_hierarchical_rate_by_grade.R:1:1')"/>
    </testcase>
  </testsuite>
  <testsuite name="tbl_listing" timestamp="2025-08-27T16:14:06Z" hostname="1f642d0f5e68" tests="3" skipped="3" failures="0" errors="0" time="0.68">
    <testcase time="0.584" classname="character(0)" name="tbl_listing_works_with_default_values">
      <skipped message="Reason: On CRAN ('test-tbl_listing.R:7:3')"/>
    </testcase>
  </testsuite>
  <testsuite name="tbl_listing" timestamp="2025-08-27T16:14:06Z" hostname="1f642d0f5e68" tests="1" skipped="1" failures="0" errors="0" time="0.013">
    <testcase time="0.0129999999999999" classname="character(0)" name="tbl_listing_hide_duplicate_keys_FALSE_works_with_standard_values">
      <skipped message="Reason: On CRAN ('test-tbl_listing.R:17:3')"/>
    </testcase>
  </testsuite>
  <testsuite name="tbl_listing" timestamp="2025-08-27T16:14:06Z" hostname="1f642d0f5e68" tests="3" skipped="1" failures="0" errors="0" time="0.011">
    <testcase time="0.0100000000000007" classname="character(0)" name="tbl_listing_blank_rows_by_works_with_standard_values"/>
    <testcase time="0" classname="character(0)" name="tbl_listing_blank_rows_by_works_with_standard_values"/>
    <testcase time="0.000999999999999446" classname="character(0)" name="tbl_listing_blank_rows_by_works_with_standard_values">
      <skipped message="Reason: On CRAN ('test-tbl_listing.R:35:3')"/>
    </testcase>
  </testsuite>
  <testsuite name="tbl_listing" timestamp="2025-08-27T16:14:06Z" hostname="1f642d0f5e68" tests="3" skipped="1" failures="0" errors="0" time="0.011">
    <testcase time="0.00999999999999979" classname="character(0)" name="tbl_listing_row_split_works_with_standard_values"/>
    <testcase time="0.00100000000000033" classname="character(0)" name="tbl_listing_row_split_works_with_standard_values"/>
    <testcase time="0" classname="character(0)" name="tbl_listing_row_split_works_with_standard_values">
      <skipped message="Reason: On CRAN ('test-tbl_listing.R:46:3')"/>
    </testcase>
  </testsuite>
  <testsuite name="tbl_listing" timestamp="2025-08-27T16:14:06Z" hostname="1f642d0f5e68" tests="3" skipped="1" failures="0" errors="0" time="0.011">
    <testcase time="0.00999999999999979" classname="character(0)" name="tbl_listing_row_split_blank_rows_by_works_with_standard_values"/>
    <testcase time="0.00100000000000033" classname="character(0)" name="tbl_listing_row_split_blank_rows_by_works_with_standard_values"/>
    <testcase time="0" classname="character(0)" name="tbl_listing_row_split_blank_rows_by_works_with_standard_values">
      <skipped message="Reason: On CRAN ('test-tbl_listing.R:57:3')"/>
    </testcase>
  </testsuite>
  <testsuite name="tbl_listing" timestamp="2025-08-27T16:14:06Z" hostname="1f642d0f5e68" tests="3" skipped="1" failures="0" errors="0" time="0.013">
    <testcase time="0.0119999999999996" classname="character(0)" name="tbl_listing_col_split_works_with_standard_values"/>
    <testcase time="0" classname="character(0)" name="tbl_listing_col_split_works_with_standard_values"/>
    <testcase time="0.00100000000000033" classname="character(0)" name="tbl_listing_col_split_works_with_standard_values">
      <skipped message="Reason: On CRAN ('test-tbl_listing.R:70:3')"/>
    </testcase>
  </testsuite>
  <testsuite name="tbl_listing" timestamp="2025-08-27T16:14:06Z" hostname="1f642d0f5e68" tests="3" skipped="1" failures="0" errors="0" time="0.012">
    <testcase time="0.00999999999999979" classname="character(0)" name="tbl_listing_row_split_col_split_works_with_standard_values"/>
    <testcase time="0.00100000000000033" classname="character(0)" name="tbl_listing_row_split_col_split_works_with_standard_values"/>
    <testcase time="0.000999999999999446" classname="character(0)" name="tbl_listing_row_split_col_split_works_with_standard_values">
      <skipped message="Reason: On CRAN ('test-tbl_listing.R:86:3')"/>
    </testcase>
  </testsuite>
  <testsuite name="tbl_roche_summary" timestamp="2025-08-27T16:14:12Z" hostname="1f642d0f5e68" tests="1" skipped="0" failures="0" errors="0" time="5.32">
    <testcase time="5.32" classname="character(0)" name="tbl_roche_summary_works"/>
  </testsuite>
  <testsuite name="tbl_roche_summary" timestamp="2025-08-27T16:14:12Z" hostname="1f642d0f5e68" tests="2" skipped="1" failures="0" errors="0" time="0.004">
    <testcase time="0.00299999999999834" classname="character(0)" name="tbl_roche_summary_add_overall_works"/>
    <testcase time="0.00100000000000122" classname="character(0)" name="tbl_roche_summary_add_overall_works">
      <skipped message="Reason: On CRAN ('test-tbl_roche_summary.R:41:3')"/>
    </testcase>
  </testsuite>
  <testsuite name="tbl_roche_summary" timestamp="2025-08-27T16:14:12Z" hostname="1f642d0f5e68" tests="1" skipped="0" failures="0" errors="0" time="0.021">
    <testcase time="0.020999999999999" classname="character(0)" name="tbl_roche_summary_recode_counts_for_all_NA_column"/>
  </testsuite>
  <testsuite name="tbl_shift" timestamp="2025-08-27T16:14:26Z" hostname="1f642d0f5e68" tests="2" skipped="1" failures="0" errors="0" time="14.568">
    <testcase time="14.567" classname="character(0)" name="tbl_shift_strata_location_"/>
    <testcase time="0.00100000000000122" classname="character(0)" name="tbl_shift_strata_location_">
      <skipped message="Reason: On CRAN ('test-tbl_shift.R:28:3')"/>
    </testcase>
  </testsuite>
  <testsuite name="tbl_shift" timestamp="2025-08-27T16:14:26Z" hostname="1f642d0f5e68" tests="1" skipped="1" failures="0" errors="0" time="0.013">
    <testcase time="0.0129999999999981" classname="character(0)" name="tbl_shift_by_messaging">
      <skipped message="Reason: On CRAN ('test-tbl_shift.R:48:3')"/>
    </testcase>
  </testsuite>
  <testsuite name="tbl_shift" timestamp="2025-08-27T16:14:26Z" hostname="1f642d0f5e68" tests="1" skipped="1" failures="0" errors="0" time="0.013">
    <testcase time="0.0130000000000017" classname="character(0)" name="tbl_shift_data_header_messaging">
      <skipped message="Reason: On CRAN ('test-tbl_shift.R:67:3')"/>
    </testcase>
  </testsuite>
  <testsuite name="tbl_shift" timestamp="2025-08-27T16:14:26Z" hostname="1f642d0f5e68" tests="2" skipped="1" failures="0" errors="0" time="0.011">
    <testcase time="0.00999999999999801" classname="character(0)" name="add_overall.tbl_shift_"/>
    <testcase time="0.00100000000000122" classname="character(0)" name="add_overall.tbl_shift_">
      <skipped message="Reason: On CRAN ('test-tbl_shift.R:96:3')"/>
    </testcase>
  </testsuite>
  <testsuite name="tbl_shift" timestamp="2025-08-27T16:14:26Z" hostname="1f642d0f5e68" tests="1" skipped="1" failures="0" errors="0" time="0.01">
    <testcase time="0.0100000000000016" classname="character(0)" name="add_overall.tbl_shift_messaging">
      <skipped message="Reason: On CRAN ('test-tbl_shift.R:119:3')"/>
    </testcase>
  </testsuite>
  <testsuite name="tbl_shift" timestamp="2025-08-27T16:14:26Z" hostname="1f642d0f5e68" tests="2" skipped="1" failures="0" errors="0" time="0.011">
    <testcase time="0.00999999999999801" classname="character(0)" name="add_overall.tbl_shift_strata_NULL_messaging"/>
    <testcase time="0.00100000000000122" classname="character(0)" name="add_overall.tbl_shift_strata_NULL_messaging">
      <skipped message="Reason: On CRAN ('test-tbl_shift.R:168:3')"/>
    </testcase>
  </testsuite>
  <testsuite name="tbl_baseline_chg" timestamp="2025-08-27T16:14:29Z" hostname="1f642d0f5e68" tests="2" skipped="1" failures="0" errors="0" time="3.218">
    <testcase time="3.217" classname="character(0)" name="tbl_baseline_chg_works"/>
    <testcase time="0.00100000000000122" classname="character(0)" name="tbl_baseline_chg_works">
      <skipped message="Reason: On CRAN ('test-tbl_baseline_chg.R:23:3')"/>
    </testcase>
  </testsuite>
  <testsuite name="tbl_baseline_chg" timestamp="2025-08-27T16:14:29Z" hostname="1f642d0f5e68" tests="2" skipped="1" failures="0" errors="0" time="0.011">
    <testcase time="0.00999999999999801" classname="character(0)" name="tbl_baseline_chg_works_with_no_by_variable"/>
    <testcase time="0.00100000000000122" classname="character(0)" name="tbl_baseline_chg_works_with_no_by_variable">
      <skipped message="Reason: On CRAN ('test-tbl_baseline_chg.R:37:3')"/>
    </testcase>
  </testsuite>
  <testsuite name="tbl_baseline_chg" timestamp="2025-08-27T16:14:29Z" hostname="1f642d0f5e68" tests="2" skipped="1" failures="0" errors="0" time="0.011">
    <testcase time="0.0100000000000016" classname="character(0)" name="add_overall.tbl_baseline_chg_works"/>
    <testcase time="0.000999999999997669" classname="character(0)" name="add_overall.tbl_baseline_chg_works">
      <skipped message="Reason: On CRAN ('test-tbl_baseline_chg.R:54:3')"/>
    </testcase>
  </testsuite>
  <testsuite name="tbl_baseline_chg" timestamp="2025-08-27T16:14:29Z" hostname="1f642d0f5e68" tests="1" skipped="1" failures="0" errors="0" time="0.012">
    <testcase time="0.0120000000000005" classname="character(0)" name="add_overall.tbl_baseline_chg_messaging">
      <skipped message="Reason: On CRAN ('test-tbl_baseline_chg.R:61:3')"/>
    </testcase>
  </testsuite>
  <testsuite name="tbl_baseline_chg" timestamp="2025-08-27T16:14:29Z" hostname="1f642d0f5e68" tests="4" skipped="1" failures="0" errors="0" time="0.012">
    <testcase time="0.0109999999999992" classname="character(0)" name="tbl_baseline_chg_throws_error_when_required_arguments_are_missing"/>
    <testcase time="0" classname="character(0)" name="tbl_baseline_chg_throws_error_when_required_arguments_are_missing"/>
    <testcase time="0.00100000000000122" classname="character(0)" name="tbl_baseline_chg_throws_error_when_required_arguments_are_missing"/>
    <testcase time="0" classname="character(0)" name="tbl_baseline_chg_throws_error_when_required_arguments_are_missing">
      <skipped message="Reason: On CRAN ('test-tbl_baseline_chg.R:128:3')"/>
    </testcase>
  </testsuite>
  <testsuite name="tbl_baseline_chg" timestamp="2025-08-27T16:14:29Z" hostname="1f642d0f5e68" tests="1" skipped="1" failures="0" errors="0" time="0.011">
    <testcase time="0.0109999999999992" classname="character(0)" name="tbl_baseline_chg_messaging">
      <skipped message="Reason: On CRAN ('test-tbl_baseline_chg.R:143:3')"/>
    </testcase>
  </testsuite>
  <testsuite name="tbl_baseline_chg" timestamp="2025-08-27T16:14:29Z" hostname="1f642d0f5e68" tests="1" skipped="1" failures="0" errors="0" time="0.01">
    <testcase time="0.0100000000000016" classname="character(0)" name="gather_ard_works_on_output_table">
      <skipped message="Reason: On CRAN ('test-tbl_baseline_chg.R:165:3')"/>
    </testcase>
  </testsuite>
  <testsuite name="tbl_survfit_quantiles" timestamp="2025-08-27T16:14:30Z" hostname="1f642d0f5e68" tests="2" skipped="1" failures="0" errors="0" time="1.013">
    <testcase time="1.012" classname="character(0)" name="tbl_survfit_quantiles_works"/>
    <testcase time="0.000999999999997669" classname="character(0)" name="tbl_survfit_quantiles_works">
      <skipped message="Reason: On CRAN ('test-tbl_survfit_quantiles.R:13:3')"/>
    </testcase>
  </testsuite>
  <testsuite name="tbl_survfit_quantiles" timestamp="2025-08-27T16:14:30Z" hostname="1f642d0f5e68" tests="1" skipped="1" failures="0" errors="0" time="0.012">
    <testcase time="0.0120000000000005" classname="character(0)" name="tbl_survfit_quantiles_by_messaging">
      <skipped message="Reason: On CRAN ('test-tbl_survfit_quantiles.R:55:3')"/>
    </testcase>
  </testsuite>
  <testsuite name="tbl_survfit_quantiles" timestamp="2025-08-27T16:14:30Z" hostname="1f642d0f5e68" tests="1" skipped="1" failures="0" errors="0" time="0.011">
    <testcase time="0.0109999999999992" classname="character(0)" name="tbl_survfit_quantiles_estimate_fun_">
      <skipped message="Reason: On CRAN ('test-tbl_survfit_quantiles.R:75:3')"/>
    </testcase>
  </testsuite>
  <testsuite name="tbl_survfit_quantiles" timestamp="2025-08-27T16:14:31Z" hostname="1f642d0f5e68" tests="1" skipped="0" failures="0" errors="0" time="0.01">
    <testcase time="0.0100000000000016" classname="character(0)" name="tbl_survfit_quantiles_method.args_"/>
  </testsuite>
  <testsuite name="tbl_survfit_quantiles" timestamp="2025-08-27T16:14:31Z" hostname="1f642d0f5e68" tests="1" skipped="1" failures="0" errors="0" time="0.002">
    <testcase time="0.00199999999999889" classname="character(0)" name="add_overall.tbl_survfit_quantiles_works">
      <skipped message="Reason: On CRAN ('test-tbl_survfit_quantiles.R:111:3')"/>
    </testcase>
  </testsuite>
  <testsuite name="tbl_survfit_times" timestamp="2025-08-27T16:14:32Z" hostname="1f642d0f5e68" tests="2" skipped="1" failures="0" errors="0" time="1.516">
    <testcase time="1.515" classname="character(0)" name="tbl_survfit_times_works"/>
    <testcase time="0.000999999999997669" classname="character(0)" name="tbl_survfit_times_works">
      <skipped message="Reason: On CRAN ('test-tbl_survfit_times.R:14:3')"/>
    </testcase>
  </testsuite>
  <testsuite name="tbl_survfit_times" timestamp="2025-08-27T16:14:32Z" hostname="1f642d0f5e68" tests="1" skipped="1" failures="0" errors="0" time="0.013">
    <testcase time="0.0129999999999981" classname="character(0)" name="tbl_survfit_times_by_messaging">
      <skipped message="Reason: On CRAN ('test-tbl_survfit_times.R:59:3')"/>
    </testcase>
  </testsuite>
  <testsuite name="tbl_survfit_times" timestamp="2025-08-27T16:14:32Z" hostname="1f642d0f5e68" tests="1" skipped="1" failures="0" errors="0" time="0.011">
    <testcase time="0.0110000000000028" classname="character(0)" name="add_overall.tbl_survfit_times_works">
      <skipped message="Reason: On CRAN ('test-tbl_survfit_times.R:81:3')"/>
    </testcase>
  </testsuite>
  <testsuite name="theme_gtsummary_roche" timestamp="2025-08-27T16:14:34Z" hostname="1f642d0f5e68" tests="1" skipped="1" failures="0" errors="0" time="1.513">
    <testcase time="1.513" classname="character(0)" name="theme_gtsummary_roche_works">
      <skipped message="Reason: On CRAN ('test-theme_gtsummary_roche.R:3:3')"/>
    </testcase>
  </testsuite>
  <testsuite name="theme_gtsummary_roche" timestamp="2025-08-27T16:14:34Z" hostname="1f642d0f5e68" tests="1" skipped="1" failures="0" errors="0" time="0.01">
    <testcase time="0.00999999999999801" classname="character(0)" name="theme_gtsummary_roche_adds_relevant_flextable_directives">
      <skipped message="Reason: On CRAN ('test-theme_gtsummary_roche.R:17:3')"/>
    </testcase>
  </testsuite>
  <testsuite name="theme_gtsummary_roche" timestamp="2025-08-27T16:14:34Z" hostname="1f642d0f5e68" tests="1" skipped="0" failures="0" errors="0" time="0.011">
    <testcase time="0.0110000000000028" classname="character(0)" name="theme_gtsummary_roche_no_errors_with_a_gt_print"/>
  </testsuite>
  <testsuite name="theme_gtsummary_roche" timestamp="2025-08-27T16:14:34Z" hostname="1f642d0f5e68" tests="7" skipped="0" failures="0" errors="0" time="0.005">
    <testcase time="0.000999999999997669" classname="character(0)" name="theme_gtsummary_roche_styles_tbl_hierarchical_results"/>
    <testcase time="0.00100000000000477" classname="character(0)" name="theme_gtsummary_roche_styles_tbl_hierarchical_results"/>
    <testcase time="0" classname="character(0)" name="theme_gtsummary_roche_styles_tbl_hierarchical_results"/>
    <testcase time="0.000999999999997669" classname="character(0)" name="theme_gtsummary_roche_styles_tbl_hierarchical_results"/>
    <testcase time="0" classname="character(0)" name="theme_gtsummary_roche_styles_tbl_hierarchical_results"/>
    <testcase time="0.000999999999997669" classname="character(0)" name="theme_gtsummary_roche_styles_tbl_hierarchical_results"/>
    <testcase time="0.00100000000000477" classname="character(0)" name="theme_gtsummary_roche_styles_tbl_hierarchical_results"/>
  </testsuite>
</testsuites>
