<?xml version="1.0" encoding="UTF-8"?>
<testsuites>
  <testsuite name="attach_messaging" timestamp="2025-02-18T17:13:25Z" hostname="efa6b36cb2c5" tests="1" skipped="1" failures="0" errors="0" time="0.762">
    <testcase time="0.762" classname="character(0)" name="if_no_packages_shows_nothing">
      <skipped message="Reason: On CRAN ('test-attach_messaging.R:2:3')"/>
    </testcase>
  </testsuite>
  <testsuite name="attach_messaging" timestamp="2025-02-18T17:13:25Z" hostname="efa6b36cb2c5" tests="1" skipped="1" failures="0" errors="0" time="0.042">
    <testcase time="0.042" classname="character(0)" name="message_lists_all_attached_packages">
      <skipped message="Reason: On CRAN ('test-attach_messaging.R:7:3')"/>
    </testcase>
  </testsuite>
  <testsuite name="attach_messaging" timestamp="2025-02-18T17:13:25Z" hostname="efa6b36cb2c5" tests="1" skipped="1" failures="0" errors="0" time="0.03">
    <testcase time="0.0299999999999998" classname="character(0)" name="highlights_dev_versions_in_red">
      <skipped message="Reason: On CRAN ('test-attach_messaging.R:13:3')"/>
    </testcase>
  </testsuite>
  <testsuite name="attach_messaging" timestamp="2025-02-18T17:13:25Z" hostname="efa6b36cb2c5" tests="1" skipped="1" failures="0" errors="0" time="0.01">
    <testcase time="0.01" classname="character(0)" name="useful_conflicts_message">
      <skipped message="Reason: On CRAN ('test-attach_messaging.R:19:3')"/>
    </testcase>
  </testsuite>
  <testsuite name="add_blank_row" timestamp="2025-02-18T17:13:26Z" hostname="efa6b36cb2c5" tests="1" skipped="0" failures="0" errors="0" time="0.767">
    <testcase time="0.767" classname="character(0)" name="add_blank_row_works"/>
  </testsuite>
  <testsuite name="add_blank_row" timestamp="2025-02-18T17:13:26Z" hostname="efa6b36cb2c5" tests="1" skipped="1" failures="0" errors="0" time="0.002">
    <testcase time="0.00200000000000022" classname="character(0)" name="add_blank_row_messaging">
      <skipped message="Reason: On CRAN ('test-add_blank_row.R:15:3')"/>
    </testcase>
  </testsuite>
  <testsuite name="theme_gtsummary_roche" timestamp="2025-02-18T17:13:26Z" hostname="efa6b36cb2c5" tests="1" skipped="1" failures="0" errors="0" time="0.057">
    <testcase time="0.0569999999999999" classname="character(0)" name="theme_gtsummary_roche_works">
      <skipped message="Reason: On CRAN ('test-theme_gtsummary_roche.R:3:3')"/>
    </testcase>
  </testsuite>
  <testsuite name="tbl_demographics" timestamp="2025-02-18T17:13:26Z" hostname="efa6b36cb2c5" tests="1" skipped="0" failures="0" errors="0" time="0.031">
    <testcase time="0.0310000000000001" classname="character(0)" name="tbl_demographics_works"/>
  </testsuite>
</testsuites>
