<?xml version="1.0" encoding="UTF-8"?>
<testsuites>
  <testsuite name="attach_messaging" timestamp="2025-02-18T17:17:10Z" hostname="84384f79593b" tests="1" skipped="0" failures="0" errors="0" time="0.91">
    <testcase time="0.91" classname="character(0)" name="if_no_packages_shows_nothing"/>
  </testsuite>
  <testsuite name="attach_messaging" timestamp="2025-02-18T17:17:10Z" hostname="84384f79593b" tests="1" skipped="0" failures="0" errors="0" time="0.019">
    <testcase time="0.0189999999999999" classname="character(0)" name="message_lists_all_attached_packages"/>
  </testsuite>
  <testsuite name="attach_messaging" timestamp="2025-02-18T17:17:10Z" hostname="84384f79593b" tests="1" skipped="0" failures="0" errors="0" time="0.013">
    <testcase time="0.0130000000000001" classname="character(0)" name="highlights_dev_versions_in_red"/>
  </testsuite>
  <testsuite name="attach_messaging" timestamp="2025-02-18T17:17:10Z" hostname="84384f79593b" tests="1" skipped="0" failures="1" errors="0" time="0.001">
    <testcase time="0.00099999999999989" classname="character(0)" name="useful_conflicts_message">
      <failure type="failure" message="Snapshot of code has changed: ('test-attach_messaging.R:19:3')">Snapshot of code has changed:
old[2:9] vs new[2:6]
    crane_conflicts(c("testthat", "gtsummary"))
  Output
    -- Conflicts -------------------------------------------------------------------
-   x crane::is_false()    masks testthat::is_false()
-   x crane::is_null()     masks testthat::is_null()
-   x crane::is_true()     masks testthat::is_true()
-   x gtsummary::matches() masks crane::matches(), testthat::matches()
+   x testthat::matches() masks gtsummary::matches(), crane::matches()
    i Use the conflicted package (&lt;http://conflicted.r-lib.org/&gt;) to force all conflicts to become errors

* Run `testthat::snapshot_accept('attach_messaging')` to accept the change.
* Run `testthat::snapshot_review('attach_messaging')` to interactively review the change.</failure>
    </testcase>
  </testsuite>
  <testsuite name="add_blank_row" timestamp="2025-02-18T17:17:11Z" hostname="84384f79593b" tests="1" skipped="0" failures="0" errors="0" time="0.645">
    <testcase time="0.645" classname="character(0)" name="add_blank_row_works"/>
  </testsuite>
  <testsuite name="add_blank_row" timestamp="2025-02-18T17:17:11Z" hostname="84384f79593b" tests="1" skipped="0" failures="0" errors="0" time="0.001">
    <testcase time="0.00099999999999989" classname="character(0)" name="add_blank_row_messaging"/>
  </testsuite>
  <testsuite name="theme_gtsummary_roche" timestamp="2025-02-18T17:17:11Z" hostname="84384f79593b" tests="1" skipped="0" failures="0" errors="0" time="0.068">
    <testcase time="0.0680000000000001" classname="character(0)" name="theme_gtsummary_roche_works"/>
  </testsuite>
  <testsuite name="tbl_demographics" timestamp="2025-02-18T17:17:11Z" hostname="84384f79593b" tests="1" skipped="0" failures="0" errors="0" time="0.183">
    <testcase time="0.183" classname="character(0)" name="tbl_demographics_works"/>
  </testsuite>
</testsuites>
