<?xml version="1.0" encoding="UTF-8"?>
<testsuites>
  <testsuite name="attach_messaging" timestamp="2025-02-18T18:07:48Z" hostname="f5473673a99c" tests="1" skipped="0" failures="0" errors="0" time="0.817">
    <testcase time="0.817" classname="character(0)" name="if_no_packages_shows_nothing"/>
  </testsuite>
  <testsuite name="attach_messaging" timestamp="2025-02-18T18:07:48Z" hostname="f5473673a99c" tests="1" skipped="0" failures="0" errors="0" time="0.019">
    <testcase time="0.0189999999999999" classname="character(0)" name="message_lists_all_attached_packages"/>
  </testsuite>
  <testsuite name="attach_messaging" timestamp="2025-02-18T18:07:48Z" hostname="f5473673a99c" tests="1" skipped="0" failures="0" errors="0" time="0.012">
    <testcase time="0.012" classname="character(0)" name="highlights_dev_versions_in_red"/>
  </testsuite>
  <testsuite name="add_blank_row" timestamp="2025-02-18T18:07:49Z" hostname="f5473673a99c" tests="1" skipped="0" failures="0" errors="0" time="0.832">
    <testcase time="0.832" classname="character(0)" name="add_blank_row_works"/>
  </testsuite>
  <testsuite name="add_blank_row" timestamp="2025-02-18T18:07:49Z" hostname="f5473673a99c" tests="1" skipped="0" failures="0" errors="0" time="0.003">
    <testcase time="0.00299999999999967" classname="character(0)" name="add_blank_row_messaging"/>
  </testsuite>
  <testsuite name="tbl_demographics" timestamp="2025-02-18T18:07:49Z" hostname="f5473673a99c" tests="1" skipped="0" failures="0" errors="0" time="0.048">
    <testcase time="0.048" classname="character(0)" name="tbl_demographics_works"/>
  </testsuite>
  <testsuite name="theme_gtsummary_roche" timestamp="2025-02-18T18:07:49Z" hostname="f5473673a99c" tests="1" skipped="0" failures="0" errors="0" time="0.026">
    <testcase time="0.0260000000000002" classname="character(0)" name="theme_gtsummary_roche_works"/>
  </testsuite>
</testsuites>
