<?xml version="1.0" encoding="UTF-8"?>
<testsuites>
  <testsuite name="add_blank_row" timestamp="2025-03-08T00:25:20Z" hostname="366b5e83954b" tests="1" skipped="0" failures="0" errors="0" time="1.602">
    <testcase time="1.602" classname="character(0)" name="add_blank_row_works"/>
  </testsuite>
  <testsuite name="add_blank_row" timestamp="2025-03-08T00:25:20Z" hostname="366b5e83954b" tests="1" skipped="1" failures="0" errors="0" time="0.021">
    <testcase time="0.0210000000000004" classname="character(0)" name="add_blank_row_messaging">
      <skipped message="Reason: On CRAN ('test-add_blank_row.R:15:3')"/>
    </testcase>
  </testsuite>
  <testsuite name="theme_gtsummary_roche" timestamp="2025-03-08T00:25:20Z" hostname="366b5e83954b" tests="1" skipped="1" failures="0" errors="0" time="0.085">
    <testcase time="0.085" classname="character(0)" name="theme_gtsummary_roche_works">
      <skipped message="Reason: On CRAN ('test-theme_gtsummary_roche.R:3:3')"/>
    </testcase>
  </testsuite>
  <testsuite name="tbl_demographics" timestamp="2025-03-08T00:25:24Z" hostname="366b5e83954b" tests="1" skipped="0" failures="0" errors="0" time="3.543">
    <testcase time="3.543" classname="character(0)" name="tbl_demographics_works"/>
  </testsuite>
  <testsuite name="tbl_demographics" timestamp="2025-03-08T00:25:24Z" hostname="366b5e83954b" tests="2" skipped="1" failures="0" errors="0" time="0.001">
    <testcase time="0.00100000000000033" classname="character(0)" name="tbl_demographics_add_overall_works"/>
    <testcase time="0" classname="character(0)" name="tbl_demographics_add_overall_works">
      <skipped message="Reason: On CRAN ('test-tbl_demographics.R:39:3')"/>
    </testcase>
  </testsuite>
</testsuites>
