<?xml version="1.0" encoding="UTF-8"?>
<testsuites>
  <testsuite name="add_blank_row" timestamp="2025-03-08T00:12:13Z" hostname="85733ef17e13" tests="1" skipped="0" failures="0" errors="0" time="1.552">
    <testcase time="1.552" classname="character(0)" name="add_blank_row_works"/>
  </testsuite>
  <testsuite name="add_blank_row" timestamp="2025-03-08T00:12:13Z" hostname="85733ef17e13" tests="1" skipped="0" failures="0" errors="0" time="0.021">
    <testcase time="0.0210000000000004" classname="character(0)" name="add_blank_row_messaging"/>
  </testsuite>
  <testsuite name="theme_gtsummary_roche" timestamp="2025-03-08T00:12:13Z" hostname="85733ef17e13" tests="1" skipped="0" failures="0" errors="0" time="0.087">
    <testcase time="0.0869999999999997" classname="character(0)" name="theme_gtsummary_roche_works"/>
  </testsuite>
  <testsuite name="tbl_demographics" timestamp="2025-03-08T00:12:16Z" hostname="85733ef17e13" tests="1" skipped="0" failures="0" errors="0" time="3.504">
    <testcase time="3.504" classname="character(0)" name="tbl_demographics_works"/>
  </testsuite>
  <testsuite name="tbl_demographics" timestamp="2025-03-08T00:12:16Z" hostname="85733ef17e13" tests="2" skipped="0" failures="0" errors="0" time="0.002">
    <testcase time="0.000999999999999446" classname="character(0)" name="tbl_demographics_add_overall_works"/>
    <testcase time="0.00100000000000033" classname="character(0)" name="tbl_demographics_add_overall_works"/>
  </testsuite>
</testsuites>
