<?xml version="1.0" encoding="UTF-8"?>
<testsuites>
  <testsuite name="add_blank_row" timestamp="2025-03-08T00:35:34Z" hostname="dd30a5bea6dd" tests="1" skipped="0" failures="0" errors="0" time="2.171">
    <testcase time="2.171" classname="character(0)" name="add_blank_row_works"/>
  </testsuite>
  <testsuite name="add_blank_row" timestamp="2025-03-08T00:35:34Z" hostname="dd30a5bea6dd" tests="1" skipped="0" failures="0" errors="0" time="0.015">
    <testcase time="0.0149999999999997" classname="character(0)" name="add_blank_row_messaging"/>
  </testsuite>
  <testsuite name="tbl_demographics" timestamp="2025-03-08T00:35:38Z" hostname="dd30a5bea6dd" tests="1" skipped="0" failures="0" errors="0" time="3.553">
    <testcase time="3.553" classname="character(0)" name="tbl_demographics_works"/>
  </testsuite>
  <testsuite name="tbl_demographics" timestamp="2025-03-08T00:35:38Z" hostname="dd30a5bea6dd" tests="2" skipped="0" failures="0" errors="0" time="0.003">
    <testcase time="0.00300000000000011" classname="character(0)" name="tbl_demographics_add_overall_works"/>
    <testcase time="0" classname="character(0)" name="tbl_demographics_add_overall_works"/>
  </testsuite>
  <testsuite name="theme_gtsummary_roche" timestamp="2025-03-08T00:35:38Z" hostname="dd30a5bea6dd" tests="1" skipped="0" failures="0" errors="0" time="0.065">
    <testcase time="0.0650000000000004" classname="character(0)" name="theme_gtsummary_roche_works"/>
  </testsuite>
  <testsuite name="tbl_survfit_quantiles" timestamp="2025-03-08T00:35:39Z" hostname="dd30a5bea6dd" tests="7" skipped="0" failures="0" errors="0" time="0.532">
    <testcase time="0.529" classname="character(0)" name="tbl_survfit_quantiles_works"/>
    <testcase time="0" classname="character(0)" name="tbl_survfit_quantiles_works"/>
    <testcase time="0.00100000000000033" classname="character(0)" name="tbl_survfit_quantiles_works"/>
    <testcase time="0" classname="character(0)" name="tbl_survfit_quantiles_works"/>
    <testcase time="0.000999999999999446" classname="character(0)" name="tbl_survfit_quantiles_works"/>
    <testcase time="0.00100000000000033" classname="character(0)" name="tbl_survfit_quantiles_works"/>
    <testcase time="0" classname="character(0)" name="tbl_survfit_quantiles_works"/>
  </testsuite>
  <testsuite name="tbl_survfit_quantiles" timestamp="2025-03-08T00:35:39Z" hostname="dd30a5bea6dd" tests="2" skipped="0" failures="0" errors="0" time="0.002">
    <testcase time="0.00199999999999978" classname="character(0)" name="tbl_survfit_quantiles_by_messaging"/>
    <testcase time="0" classname="character(0)" name="tbl_survfit_quantiles_by_messaging"/>
  </testsuite>
  <testsuite name="tbl_survfit_quantiles" timestamp="2025-03-08T00:35:39Z" hostname="dd30a5bea6dd" tests="1" skipped="0" failures="0" errors="0" time="0.002">
    <testcase time="0.00199999999999978" classname="character(0)" name="tbl_survfit_quantiles_estimate_fun_"/>
  </testsuite>
  <testsuite name="tbl_survfit_quantiles" timestamp="2025-03-08T00:35:39Z" hostname="dd30a5bea6dd" tests="1" skipped="0" failures="0" errors="0" time="0.001">
    <testcase time="0.00100000000000033" classname="character(0)" name="tbl_survfit_quantiles_method.args_"/>
  </testsuite>
</testsuites>
