<?xml version="1.0" encoding="UTF-8"?>
<testsuites>
  <testsuite name="add_blank_row" timestamp="2025-03-08T00:07:57Z" hostname="5fc226c452c8" tests="1" skipped="0" failures="0" errors="0" time="2.177">
    <testcase time="2.177" classname="character(0)" name="add_blank_row_works"/>
  </testsuite>
  <testsuite name="add_blank_row" timestamp="2025-03-08T00:07:57Z" hostname="5fc226c452c8" tests="1" skipped="0" failures="0" errors="0" time="0.15">
    <testcase time="0.15" classname="character(0)" name="add_blank_row_messaging"/>
  </testsuite>
  <testsuite name="tbl_demographics" timestamp="2025-03-08T00:08:00Z" hostname="5fc226c452c8" tests="1" skipped="0" failures="0" errors="0" time="3.564">
    <testcase time="3.564" classname="character(0)" name="tbl_demographics_works"/>
  </testsuite>
  <testsuite name="tbl_demographics" timestamp="2025-03-08T00:08:00Z" hostname="5fc226c452c8" tests="2" skipped="0" failures="0" errors="0" time="0.002">
    <testcase time="0.000999999999999446" classname="character(0)" name="tbl_demographics_add_overall_works"/>
    <testcase time="0.00100000000000033" classname="character(0)" name="tbl_demographics_add_overall_works"/>
  </testsuite>
  <testsuite name="theme_gtsummary_roche" timestamp="2025-03-08T00:08:00Z" hostname="5fc226c452c8" tests="1" skipped="0" failures="0" errors="0" time="0.068">
    <testcase time="0.0679999999999996" classname="character(0)" name="theme_gtsummary_roche_works"/>
  </testsuite>
  <testsuite name="tbl_survfit_quantiles" timestamp="2025-03-08T00:08:01Z" hostname="5fc226c452c8" tests="7" skipped="0" failures="0" errors="0" time="0.525">
    <testcase time="0.522" classname="character(0)" name="tbl_survfit_quantiles_works"/>
    <testcase time="0.00100000000000033" classname="character(0)" name="tbl_survfit_quantiles_works"/>
    <testcase time="0" classname="character(0)" name="tbl_survfit_quantiles_works"/>
    <testcase time="0.000999999999999446" classname="character(0)" name="tbl_survfit_quantiles_works"/>
    <testcase time="0" classname="character(0)" name="tbl_survfit_quantiles_works"/>
    <testcase time="0.00100000000000033" classname="character(0)" name="tbl_survfit_quantiles_works"/>
    <testcase time="0" classname="character(0)" name="tbl_survfit_quantiles_works"/>
  </testsuite>
  <testsuite name="tbl_survfit_quantiles" timestamp="2025-03-08T00:08:01Z" hostname="5fc226c452c8" tests="2" skipped="0" failures="0" errors="0" time="0.002">
    <testcase time="0.00199999999999978" classname="character(0)" name="tbl_survfit_quantiles_by_messaging"/>
    <testcase time="0" classname="character(0)" name="tbl_survfit_quantiles_by_messaging"/>
  </testsuite>
  <testsuite name="tbl_survfit_quantiles" timestamp="2025-03-08T00:08:01Z" hostname="5fc226c452c8" tests="1" skipped="0" failures="0" errors="0" time="0.001">
    <testcase time="0.00100000000000033" classname="character(0)" name="tbl_survfit_quantiles_estimate_fun_"/>
  </testsuite>
  <testsuite name="tbl_survfit_quantiles" timestamp="2025-03-08T00:08:01Z" hostname="5fc226c452c8" tests="1" skipped="0" failures="0" errors="0" time="0.002">
    <testcase time="0.00199999999999978" classname="character(0)" name="tbl_survfit_quantiles_method.args_"/>
  </testsuite>
</testsuites>
