<?xml version="1.0" encoding="UTF-8"?>
<testsuites>
  <testsuite name="tbl_demographics" timestamp="2025-02-26T05:00:36Z" hostname="1fbc34a1d8cd" tests="1" skipped="0" failures="0" errors="0" time="2.091">
    <testcase time="2.091" classname="character(0)" name="tbl_demographics_works"/>
  </testsuite>
  <testsuite name="add_blank_row" timestamp="2025-02-26T05:00:36Z" hostname="1fbc34a1d8cd" tests="1" skipped="0" failures="0" errors="0" time="0.338">
    <testcase time="0.338" classname="character(0)" name="add_blank_row_works"/>
  </testsuite>
  <testsuite name="add_blank_row" timestamp="2025-02-26T05:00:36Z" hostname="1fbc34a1d8cd" tests="1" skipped="0" failures="0" errors="0" time="0.012">
    <testcase time="0.012" classname="character(0)" name="add_blank_row_messaging"/>
  </testsuite>
  <testsuite name="theme_gtsummary_roche" timestamp="2025-02-26T05:00:36Z" hostname="1fbc34a1d8cd" tests="1" skipped="0" failures="0" errors="0" time="0.067">
    <testcase time="0.0670000000000002" classname="character(0)" name="theme_gtsummary_roche_works"/>
  </testsuite>
  <testsuite name="tbl_survfit_quantiles" timestamp="2025-02-26T05:00:39Z" hostname="1fbc34a1d8cd" tests="4" skipped="0" failures="0" errors="0" time="2.706">
    <testcase time="2.704" classname="character(0)" name="tbl_survfit_quantiles_works"/>
    <testcase time="0.00100000000000033" classname="character(0)" name="tbl_survfit_quantiles_works"/>
    <testcase time="0" classname="character(0)" name="tbl_survfit_quantiles_works"/>
    <testcase time="0.000999999999999446" classname="character(0)" name="tbl_survfit_quantiles_works"/>
  </testsuite>
  <testsuite name="tbl_survfit_quantiles" timestamp="2025-02-26T05:00:39Z" hostname="1fbc34a1d8cd" tests="2" skipped="0" failures="0" errors="0" time="0.002">
    <testcase time="0.00100000000000033" classname="character(0)" name="tbl_survfit_quantiles_by_messaging"/>
    <testcase time="0.00100000000000033" classname="character(0)" name="tbl_survfit_quantiles_by_messaging"/>
  </testsuite>
  <testsuite name="tbl_survfit_quantiles" timestamp="2025-02-26T05:00:39Z" hostname="1fbc34a1d8cd" tests="1" skipped="0" failures="0" errors="0" time="0.001">
    <testcase time="0.000999999999999446" classname="character(0)" name="tbl_survfit_quantiles_estimate_fun_"/>
  </testsuite>
  <testsuite name="tbl_survfit_quantiles" timestamp="2025-02-26T05:00:39Z" hostname="1fbc34a1d8cd" tests="1" skipped="0" failures="0" errors="0" time="0.002">
    <testcase time="0.00200000000000067" classname="character(0)" name="tbl_survfit_quantiles_method.args_"/>
  </testsuite>
</testsuites>
