<?xml version="1.0" encoding="UTF-8"?>
<testsuites>
  <testsuite name="add_blank_row" timestamp="2025-03-12T19:15:48Z" hostname="dfd4988ef83f" tests="1" skipped="0" failures="0" errors="0" time="1.616">
    <testcase time="1.616" classname="character(0)" name="add_blank_row_works"/>
  </testsuite>
  <testsuite name="add_blank_row" timestamp="2025-03-12T19:15:48Z" hostname="dfd4988ef83f" tests="1" skipped="1" failures="0" errors="0" time="0.023">
    <testcase time="0.0229999999999997" classname="character(0)" name="add_blank_row_messaging">
      <skipped message="Reason: On CRAN ('test-add_blank_row.R:15:3')"/>
    </testcase>
  </testsuite>
  <testsuite name="tbl_survfit_quantiles" timestamp="2025-03-12T19:15:51Z" hostname="dfd4988ef83f" tests="2" skipped="1" failures="0" errors="0" time="3.199">
    <testcase time="3.199" classname="character(0)" name="tbl_survfit_quantiles_works"/>
    <testcase time="0" classname="character(0)" name="tbl_survfit_quantiles_works">
      <skipped message="Reason: On CRAN ('test-tbl_survfit_quantiles.R:13:3')"/>
    </testcase>
  </testsuite>
  <testsuite name="tbl_survfit_quantiles" timestamp="2025-03-12T19:15:51Z" hostname="dfd4988ef83f" tests="1" skipped="1" failures="0" errors="0" time="0.017">
    <testcase time="0.0170000000000003" classname="character(0)" name="tbl_survfit_quantiles_by_messaging">
      <skipped message="Reason: On CRAN ('test-tbl_survfit_quantiles.R:53:3')"/>
    </testcase>
  </testsuite>
  <testsuite name="tbl_survfit_quantiles" timestamp="2025-03-12T19:15:51Z" hostname="dfd4988ef83f" tests="1" skipped="1" failures="0" errors="0" time="0.019">
    <testcase time="0.0190000000000001" classname="character(0)" name="tbl_survfit_quantiles_estimate_fun_">
      <skipped message="Reason: On CRAN ('test-tbl_survfit_quantiles.R:73:3')"/>
    </testcase>
  </testsuite>
  <testsuite name="tbl_survfit_quantiles" timestamp="2025-03-12T19:15:51Z" hostname="dfd4988ef83f" tests="1" skipped="0" failures="0" errors="0" time="0.013">
    <testcase time="0.0129999999999999" classname="character(0)" name="tbl_survfit_quantiles_method.args_"/>
  </testsuite>
  <testsuite name="theme_gtsummary_roche" timestamp="2025-03-12T19:15:51Z" hostname="dfd4988ef83f" tests="1" skipped="1" failures="0" errors="0" time="0.06">
    <testcase time="0.0599999999999996" classname="character(0)" name="theme_gtsummary_roche_works">
      <skipped message="Reason: On CRAN ('test-theme_gtsummary_roche.R:3:3')"/>
    </testcase>
  </testsuite>
  <testsuite name="tbl_demographics" timestamp="2025-03-12T19:15:52Z" hostname="dfd4988ef83f" tests="1" skipped="0" failures="0" errors="0" time="0.963">
    <testcase time="0.963" classname="character(0)" name="tbl_demographics_works"/>
  </testsuite>
  <testsuite name="tbl_demographics" timestamp="2025-03-12T19:15:52Z" hostname="dfd4988ef83f" tests="2" skipped="1" failures="0" errors="0" time="0.002">
    <testcase time="0.00199999999999978" classname="character(0)" name="tbl_demographics_add_overall_works"/>
    <testcase time="0" classname="character(0)" name="tbl_demographics_add_overall_works">
      <skipped message="Reason: On CRAN ('test-tbl_demographics.R:40:3')"/>
    </testcase>
  </testsuite>
</testsuites>
