<?xml version="1.0" encoding="UTF-8"?>
<testsuites>
  <testsuite name="add_blank_row" timestamp="2025-03-07T00:24:07Z" hostname="a211593d09d7" tests="1" skipped="0" failures="0" errors="0" time="2.081">
    <testcase time="2.081" classname="character(0)" name="add_blank_row_works"/>
  </testsuite>
  <testsuite name="add_blank_row" timestamp="2025-03-07T00:24:07Z" hostname="a211593d09d7" tests="1" skipped="0" failures="0" errors="0" time="0.14">
    <testcase time="0.14" classname="character(0)" name="add_blank_row_messaging"/>
  </testsuite>
  <testsuite name="tbl_demographics" timestamp="2025-03-07T00:24:10Z" hostname="a211593d09d7" tests="1" skipped="0" failures="0" errors="0" time="3.466">
    <testcase time="3.466" classname="character(0)" name="tbl_demographics_works"/>
  </testsuite>
  <testsuite name="tbl_demographics" timestamp="2025-03-07T00:24:10Z" hostname="a211593d09d7" tests="2" skipped="0" failures="0" errors="0" time="0.002">
    <testcase time="0.00100000000000033" classname="character(0)" name="tbl_demographics_add_overall_works"/>
    <testcase time="0.00100000000000033" classname="character(0)" name="tbl_demographics_add_overall_works"/>
  </testsuite>
  <testsuite name="theme_gtsummary_roche" timestamp="2025-03-07T00:24:10Z" hostname="a211593d09d7" tests="1" skipped="0" failures="0" errors="0" time="0.066">
    <testcase time="0.0659999999999998" classname="character(0)" name="theme_gtsummary_roche_works"/>
  </testsuite>
  <testsuite name="tbl_survfit_quantiles" timestamp="2025-03-07T00:24:11Z" hostname="a211593d09d7" tests="7" skipped="0" failures="0" errors="0" time="0.419">
    <testcase time="0.415999999999999" classname="character(0)" name="tbl_survfit_quantiles_works"/>
    <testcase time="0.00100000000000033" classname="character(0)" name="tbl_survfit_quantiles_works"/>
    <testcase time="0" classname="character(0)" name="tbl_survfit_quantiles_works"/>
    <testcase time="0.00100000000000033" classname="character(0)" name="tbl_survfit_quantiles_works"/>
    <testcase time="0" classname="character(0)" name="tbl_survfit_quantiles_works"/>
    <testcase time="0.000999999999999446" classname="character(0)" name="tbl_survfit_quantiles_works"/>
    <testcase time="0" classname="character(0)" name="tbl_survfit_quantiles_works"/>
  </testsuite>
  <testsuite name="tbl_survfit_quantiles" timestamp="2025-03-07T00:24:11Z" hostname="a211593d09d7" tests="2" skipped="0" failures="0" errors="0" time="0.002">
    <testcase time="0.00199999999999978" classname="character(0)" name="tbl_survfit_quantiles_by_messaging"/>
    <testcase time="0" classname="character(0)" name="tbl_survfit_quantiles_by_messaging"/>
  </testsuite>
  <testsuite name="tbl_survfit_quantiles" timestamp="2025-03-07T00:24:11Z" hostname="a211593d09d7" tests="1" skipped="0" failures="0" errors="0" time="0.002">
    <testcase time="0.00200000000000067" classname="character(0)" name="tbl_survfit_quantiles_estimate_fun_"/>
  </testsuite>
  <testsuite name="tbl_survfit_quantiles" timestamp="2025-03-07T00:24:11Z" hostname="a211593d09d7" tests="1" skipped="0" failures="0" errors="0" time="0.001">
    <testcase time="0.000999999999999446" classname="character(0)" name="tbl_survfit_quantiles_method.args_"/>
  </testsuite>
</testsuites>
