<?xml version="1.0" encoding="UTF-8"?>
<testsuites>
  <testsuite name="add_blank_row" timestamp="2025-03-11T03:58:02Z" hostname="8e227ffd1226" tests="1" skipped="0" failures="0" errors="0" time="2.244">
    <testcase time="2.244" classname="character(0)" name="add_blank_row_works"/>
  </testsuite>
  <testsuite name="add_blank_row" timestamp="2025-03-11T03:58:02Z" hostname="8e227ffd1226" tests="1" skipped="1" failures="0" errors="0" time="0.015">
    <testcase time="0.0150000000000001" classname="character(0)" name="add_blank_row_messaging">
      <skipped message="Reason: On CRAN ('test-add_blank_row.R:15:3')"/>
    </testcase>
  </testsuite>
  <testsuite name="tbl_survfit_quantiles" timestamp="2025-03-11T03:58:04Z" hostname="8e227ffd1226" tests="2" skipped="1" failures="0" errors="0" time="2.325">
    <testcase time="2.324" classname="character(0)" name="tbl_survfit_quantiles_works"/>
    <testcase time="0.00100000000000033" classname="character(0)" name="tbl_survfit_quantiles_works">
      <skipped message="Reason: On CRAN ('test-tbl_survfit_quantiles.R:13:3')"/>
    </testcase>
  </testsuite>
  <testsuite name="tbl_survfit_quantiles" timestamp="2025-03-11T03:58:04Z" hostname="8e227ffd1226" tests="1" skipped="1" failures="0" errors="0" time="0.019">
    <testcase time="0.0190000000000001" classname="character(0)" name="tbl_survfit_quantiles_by_messaging">
      <skipped message="Reason: On CRAN ('test-tbl_survfit_quantiles.R:53:3')"/>
    </testcase>
  </testsuite>
  <testsuite name="tbl_survfit_quantiles" timestamp="2025-03-11T03:58:04Z" hostname="8e227ffd1226" tests="1" skipped="1" failures="0" errors="0" time="0.022">
    <testcase time="0.0219999999999994" classname="character(0)" name="tbl_survfit_quantiles_estimate_fun_">
      <skipped message="Reason: On CRAN ('test-tbl_survfit_quantiles.R:73:3')"/>
    </testcase>
  </testsuite>
  <testsuite name="tbl_survfit_quantiles" timestamp="2025-03-11T03:58:05Z" hostname="8e227ffd1226" tests="1" skipped="0" failures="0" errors="0" time="0.013">
    <testcase time="0.0130000000000008" classname="character(0)" name="tbl_survfit_quantiles_method.args_"/>
  </testsuite>
  <testsuite name="theme_gtsummary_roche" timestamp="2025-03-11T03:58:05Z" hostname="8e227ffd1226" tests="1" skipped="1" failures="0" errors="0" time="0.054">
    <testcase time="0.0539999999999994" classname="character(0)" name="theme_gtsummary_roche_works">
      <skipped message="Reason: On CRAN ('test-theme_gtsummary_roche.R:3:3')"/>
    </testcase>
  </testsuite>
  <testsuite name="tbl_demographics" timestamp="2025-03-11T03:58:06Z" hostname="8e227ffd1226" tests="1" skipped="0" failures="0" errors="0" time="1.19">
    <testcase time="1.19" classname="character(0)" name="tbl_demographics_works"/>
  </testsuite>
  <testsuite name="tbl_demographics" timestamp="2025-03-11T03:58:06Z" hostname="8e227ffd1226" tests="2" skipped="1" failures="0" errors="0" time="0.002">
    <testcase time="0.00199999999999978" classname="character(0)" name="tbl_demographics_add_overall_works"/>
    <testcase time="0" classname="character(0)" name="tbl_demographics_add_overall_works">
      <skipped message="Reason: On CRAN ('test-tbl_demographics.R:40:3')"/>
    </testcase>
  </testsuite>
</testsuites>
