<?xml version="1.0" encoding="UTF-8"?>
<testsuites>
  <testsuite name="add_difference_row" timestamp="2025-10-17T21:00:04Z" hostname="4cfcdd42b546" tests="2" skipped="1" failures="0" errors="0" time="3.573">
    <testcase time="3.553" classname="character(0)" name="add_difference_row.tbl_survfit_times_works"/>
    <testcase time="0.0200000000000005" classname="character(0)" name="add_difference_row.tbl_survfit_times_works">
      <skipped message="Reason: On CRAN ('test-add_difference_row.R:16:3')"/>
    </testcase>
  </testsuite>
  <testsuite name="add_difference_row" timestamp="2025-10-17T21:00:04Z" hostname="4cfcdd42b546" tests="1" skipped="1" failures="0" errors="0" time="0.028">
    <testcase time="0.0279999999999996" classname="character(0)" name="add_difference_row.tbl_survfit_times_error_messaging_works">
      <skipped message="Reason: On CRAN ('test-add_difference_row.R:55:3')"/>
    </testcase>
  </testsuite>
  <testsuite name="add_hierarchical_count_row" timestamp="2025-10-17T21:00:06Z" hostname="4cfcdd42b546" tests="3" skipped="1" failures="0" errors="0" time="2.391">
    <testcase time="2.39" classname="character(0)" name="add_hierarchical_count_row_works"/>
    <testcase time="0" classname="character(0)" name="add_hierarchical_count_row_works"/>
    <testcase time="0.00100000000000033" classname="character(0)" name="add_hierarchical_count_row_works">
      <skipped message="Reason: On CRAN ('test-add_hierarchical_count_row.R:21:3')"/>
    </testcase>
  </testsuite>
  <testsuite name="add_hierarchical_count_row" timestamp="2025-10-17T21:00:06Z" hostname="4cfcdd42b546" tests="2" skipped="1" failures="0" errors="0" time="0.013">
    <testcase time="0.0129999999999999" classname="character(0)" name="add_hierarchical_count_row_data_preprocess_works"/>
    <testcase time="0" classname="character(0)" name="add_hierarchical_count_row_data_preprocess_works">
      <skipped message="Reason: On CRAN ('test-add_hierarchical_count_row.R:55:3')"/>
    </testcase>
  </testsuite>
  <testsuite name="label_roche" timestamp="2025-10-17T21:00:06Z" hostname="4cfcdd42b546" tests="1" skipped="0" failures="0" errors="0" time="0.091">
    <testcase time="0.0910000000000002" classname="character(0)" name="style_roche_pvalue_works"/>
  </testsuite>
  <testsuite name="label_roche" timestamp="2025-10-17T21:00:06Z" hostname="4cfcdd42b546" tests="3" skipped="0" failures="0" errors="0" time="0.005">
    <testcase time="0.00300000000000011" classname="character(0)" name="style_roche_percent_works"/>
    <testcase time="0.00100000000000033" classname="character(0)" name="style_roche_percent_works"/>
    <testcase time="0.000999999999999446" classname="character(0)" name="style_roche_percent_works"/>
  </testsuite>
  <testsuite name="label_roche" timestamp="2025-10-17T21:00:06Z" hostname="4cfcdd42b546" tests="2" skipped="0" failures="0" errors="0" time="0.003">
    <testcase time="0.00199999999999978" classname="character(0)" name="style_roche_ratio_works"/>
    <testcase time="0.00100000000000033" classname="character(0)" name="style_roche_ratio_works"/>
  </testsuite>
  <testsuite name="label_roche" timestamp="2025-10-17T21:00:06Z" hostname="4cfcdd42b546" tests="2" skipped="0" failures="0" errors="0" time="0.003">
    <testcase time="0.00199999999999978" classname="character(0)" name="style_roche_number_works"/>
    <testcase time="0.00100000000000033" classname="character(0)" name="style_roche_number_works"/>
  </testsuite>
  <testsuite name="add_blank_rows" timestamp="2025-10-17T21:00:07Z" hostname="4cfcdd42b546" tests="1" skipped="0" failures="0" errors="0" time="0.118">
    <testcase time="0.118" classname="character(0)" name="add_blank_rows_works"/>
  </testsuite>
  <testsuite name="add_blank_rows" timestamp="2025-10-17T21:00:07Z" hostname="4cfcdd42b546" tests="2" skipped="0" failures="0" errors="0" time="0.002">
    <testcase time="0.000999999999999446" classname="character(0)" name="add_blank_rows_variables_works"/>
    <testcase time="0.00100000000000033" classname="character(0)" name="add_blank_rows_variables_works"/>
  </testsuite>
  <testsuite name="add_blank_rows" timestamp="2025-10-17T21:00:07Z" hostname="4cfcdd42b546" tests="1" skipped="0" failures="0" errors="0" time="0.001">
    <testcase time="0.000999999999999446" classname="character(0)" name="add_blank_rows_variables_grade_is_last_row_then_table_identical"/>
  </testsuite>
  <testsuite name="add_blank_rows" timestamp="2025-10-17T21:00:07Z" hostname="4cfcdd42b546" tests="1" skipped="0" failures="0" errors="0" time="0.002">
    <testcase time="0.00200000000000067" classname="character(0)" name="add_blank_rows_variable_level_works"/>
  </testsuite>
  <testsuite name="add_blank_rows" timestamp="2025-10-17T21:00:07Z" hostname="4cfcdd42b546" tests="1" skipped="1" failures="0" errors="0" time="0.003">
    <testcase time="0.00300000000000011" classname="character(0)" name="add_blank_rows_error_message">
      <skipped message="Reason: On CRAN ('test-add_blank_rows.R:75:3')"/>
    </testcase>
  </testsuite>
  <testsuite name="add_blank_rows" timestamp="2025-10-17T21:00:07Z" hostname="4cfcdd42b546" tests="2" skipped="0" failures="0" errors="0" time="0.012">
    <testcase time="0.0109999999999992" classname="character(0)" name="add_blank_rows_row_numbers_error"/>
    <testcase time="0.00100000000000033" classname="character(0)" name="add_blank_rows_row_numbers_error"/>
  </testsuite>
  <testsuite name="add_blank_rows" timestamp="2025-10-17T21:00:07Z" hostname="4cfcdd42b546" tests="1" skipped="1" failures="0" errors="0" time="0.001">
    <testcase time="0.00100000000000033" classname="character(0)" name="add_blank_rows_errors_when_no_variable">
      <skipped message="Reason: On CRAN ('test-add_blank_rows.R:100:3')"/>
    </testcase>
  </testsuite>
  <testsuite name="modify_zero_recode" timestamp="2025-10-17T21:00:07Z" hostname="4cfcdd42b546" tests="1" skipped="1" failures="0" errors="0" time="0.828">
    <testcase time="0.827999999999999" classname="character(0)" name="modify_zero_recode_works">
      <skipped message="Reason: On CRAN ('test-modify_zero_recode.R:3:3')"/>
    </testcase>
  </testsuite>
  <testsuite name="modify_header_rm_md" timestamp="2025-10-17T21:00:09Z" hostname="4cfcdd42b546" tests="2" skipped="0" failures="0" errors="0" time="1.454">
    <testcase time="1.453" classname="character(0)" name="strip_md_bold_works_with_gtsummary_table"/>
    <testcase time="0.000999999999999446" classname="character(0)" name="strip_md_bold_works_with_gtsummary_table"/>
    <testcase time="0.0419999999999998" classname="character(0)" name="_unnamed_">
      <skipped message="Reason: On CRAN ('test-tbl_hierarchical_rate_and_count.R:1:1')"/>
    </testcase>
    <testcase time="0.0570000000000004" classname="character(0)" name="_unnamed_">
      <skipped message="Reason: On CRAN ('test-tbl_hierarchical_rate_by_grade.R:1:1')"/>
    </testcase>
  </testsuite>
  <testsuite name="tbl_listing" timestamp="2025-10-17T21:00:10Z" hostname="4cfcdd42b546" tests="3" skipped="3" failures="0" errors="0" time="0.728">
    <testcase time="0.629" classname="character(0)" name="tbl_listing_works_with_default_values">
      <skipped message="Reason: On CRAN ('test-tbl_listing.R:7:3')"/>
    </testcase>
  </testsuite>
  <testsuite name="tbl_listing" timestamp="2025-10-17T21:00:10Z" hostname="4cfcdd42b546" tests="3" skipped="1" failures="0" errors="0" time="0.012">
    <testcase time="0.00999999999999979" classname="character(0)" name="tbl_listing_add_blanks_rows_works_with_standard_values"/>
    <testcase time="0.000999999999999446" classname="character(0)" name="tbl_listing_add_blanks_rows_works_with_standard_values"/>
    <testcase time="0.00100000000000122" classname="character(0)" name="tbl_listing_add_blanks_rows_works_with_standard_values">
      <skipped message="Reason: On CRAN ('test-tbl_listing.R:26:3')"/>
    </testcase>
  </testsuite>
  <testsuite name="tbl_listing" timestamp="2025-10-17T21:00:10Z" hostname="4cfcdd42b546" tests="3" skipped="1" failures="0" errors="0" time="0.011">
    <testcase time="0.00999999999999979" classname="character(0)" name="tbl_listing_split_by_rows_works_with_standard_values"/>
    <testcase time="0.000999999999999446" classname="character(0)" name="tbl_listing_split_by_rows_works_with_standard_values"/>
    <testcase time="0" classname="character(0)" name="tbl_listing_split_by_rows_works_with_standard_values">
      <skipped message="Reason: On CRAN ('test-tbl_listing.R:37:3')"/>
    </testcase>
  </testsuite>
  <testsuite name="tbl_listing" timestamp="2025-10-17T21:00:10Z" hostname="4cfcdd42b546" tests="3" skipped="1" failures="0" errors="0" time="0.012">
    <testcase time="0.011000000000001" classname="character(0)" name="tbl_listing_split_by_rows_add_blank_rows_works_with_standard_values"/>
    <testcase time="0" classname="character(0)" name="tbl_listing_split_by_rows_add_blank_rows_works_with_standard_values"/>
    <testcase time="0.000999999999999446" classname="character(0)" name="tbl_listing_split_by_rows_add_blank_rows_works_with_standard_values">
      <skipped message="Reason: On CRAN ('test-tbl_listing.R:52:3')"/>
    </testcase>
  </testsuite>
  <testsuite name="tbl_listing" timestamp="2025-10-17T21:00:10Z" hostname="4cfcdd42b546" tests="3" skipped="1" failures="0" errors="0" time="0.014">
    <testcase time="0.0129999999999999" classname="character(0)" name="tbl_listing_split_by_columns_works_with_standard_values"/>
    <testcase time="0" classname="character(0)" name="tbl_listing_split_by_columns_works_with_standard_values"/>
    <testcase time="0.000999999999999446" classname="character(0)" name="tbl_listing_split_by_columns_works_with_standard_values">
      <skipped message="Reason: On CRAN ('test-tbl_listing.R:65:3')"/>
    </testcase>
  </testsuite>
  <testsuite name="tbl_listing" timestamp="2025-10-17T21:00:10Z" hostname="4cfcdd42b546" tests="5" skipped="1" failures="0" errors="0" time="0.012">
    <testcase time="0.00999999999999979" classname="character(0)" name="tbl_listing_split_by_rows_split_by_columns_works_with_standard_values"/>
    <testcase time="0.00100000000000122" classname="character(0)" name="tbl_listing_split_by_rows_split_by_columns_works_with_standard_values"/>
    <testcase time="0" classname="character(0)" name="tbl_listing_split_by_rows_split_by_columns_works_with_standard_values"/>
    <testcase time="0.000999999999999446" classname="character(0)" name="tbl_listing_split_by_rows_split_by_columns_works_with_standard_values"/>
    <testcase time="0" classname="character(0)" name="tbl_listing_split_by_rows_split_by_columns_works_with_standard_values">
      <skipped message="Reason: On CRAN ('test-tbl_listing.R:84:3')"/>
    </testcase>
  </testsuite>
  <testsuite name="tbl_listing" timestamp="2025-10-17T21:00:10Z" hostname="4cfcdd42b546" tests="1" skipped="1" failures="0" errors="0" time="0.011">
    <testcase time="0.0109999999999992" classname="character(0)" name="remove_duplicate_keys_works_with_standard_values">
      <skipped message="Reason: On CRAN ('test-tbl_listing.R:94:3')"/>
    </testcase>
  </testsuite>
  <testsuite name="tbl_listing" timestamp="2025-10-17T21:00:10Z" hostname="4cfcdd42b546" tests="1" skipped="1" failures="0" errors="0" time="0.01">
    <testcase time="0.0100000000000016" classname="character(0)" name="remove_duplicate_keys_works_with_unique_and_duplicated_values">
      <skipped message="Reason: On CRAN ('test-tbl_listing.R:103:3')"/>
    </testcase>
  </testsuite>
  <testsuite name="tbl_roche_summary" timestamp="2025-10-17T21:00:15Z" hostname="4cfcdd42b546" tests="1" skipped="0" failures="0" errors="0" time="5.5">
    <testcase time="5.5" classname="character(0)" name="tbl_roche_summary_works"/>
  </testsuite>
  <testsuite name="tbl_roche_summary" timestamp="2025-10-17T21:00:15Z" hostname="4cfcdd42b546" tests="2" skipped="1" failures="0" errors="0" time="0.004">
    <testcase time="0.00300000000000011" classname="character(0)" name="tbl_roche_summary_add_overall_works"/>
    <testcase time="0.000999999999999446" classname="character(0)" name="tbl_roche_summary_add_overall_works">
      <skipped message="Reason: On CRAN ('test-tbl_roche_summary.R:41:3')"/>
    </testcase>
  </testsuite>
  <testsuite name="tbl_roche_summary" timestamp="2025-10-17T21:00:15Z" hostname="4cfcdd42b546" tests="1" skipped="0" failures="0" errors="0" time="0.013">
    <testcase time="0.0129999999999999" classname="character(0)" name="tbl_roche_summary_recode_counts_for_all_NA_column"/>
  </testsuite>
  <testsuite name="tbl_shift" timestamp="2025-10-17T21:00:28Z" hostname="4cfcdd42b546" tests="2" skipped="1" failures="0" errors="0" time="12.707">
    <testcase time="12.706" classname="character(0)" name="tbl_shift_strata_location_"/>
    <testcase time="0.000999999999997669" classname="character(0)" name="tbl_shift_strata_location_">
      <skipped message="Reason: On CRAN ('test-tbl_shift.R:37:3')"/>
    </testcase>
  </testsuite>
  <testsuite name="tbl_shift" timestamp="2025-10-17T21:00:28Z" hostname="4cfcdd42b546" tests="1" skipped="1" failures="0" errors="0" time="0.013">
    <testcase time="0.0130000000000017" classname="character(0)" name="tbl_shift_by_messaging">
      <skipped message="Reason: On CRAN ('test-tbl_shift.R:57:3')"/>
    </testcase>
  </testsuite>
  <testsuite name="tbl_shift" timestamp="2025-10-17T21:00:28Z" hostname="4cfcdd42b546" tests="1" skipped="1" failures="0" errors="0" time="0.01">
    <testcase time="0.00999999999999801" classname="character(0)" name="tbl_shift_data_header_messaging">
      <skipped message="Reason: On CRAN ('test-tbl_shift.R:76:3')"/>
    </testcase>
  </testsuite>
  <testsuite name="tbl_shift" timestamp="2025-10-17T21:00:28Z" hostname="4cfcdd42b546" tests="2" skipped="1" failures="0" errors="0" time="0.011">
    <testcase time="0.0100000000000016" classname="character(0)" name="add_overall.tbl_shift_"/>
    <testcase time="0.00100000000000122" classname="character(0)" name="add_overall.tbl_shift_">
      <skipped message="Reason: On CRAN ('test-tbl_shift.R:105:3')"/>
    </testcase>
  </testsuite>
  <testsuite name="tbl_shift" timestamp="2025-10-17T21:00:28Z" hostname="4cfcdd42b546" tests="1" skipped="1" failures="0" errors="0" time="0.013">
    <testcase time="0.0129999999999981" classname="character(0)" name="add_overall.tbl_shift_messaging">
      <skipped message="Reason: On CRAN ('test-tbl_shift.R:128:3')"/>
    </testcase>
  </testsuite>
  <testsuite name="tbl_shift" timestamp="2025-10-17T21:00:28Z" hostname="4cfcdd42b546" tests="2" skipped="1" failures="0" errors="0" time="0.011">
    <testcase time="0.0100000000000016" classname="character(0)" name="add_overall.tbl_shift_strata_NULL_messaging"/>
    <testcase time="0.000999999999997669" classname="character(0)" name="add_overall.tbl_shift_strata_NULL_messaging">
      <skipped message="Reason: On CRAN ('test-tbl_shift.R:177:3')"/>
    </testcase>
  </testsuite>
  <testsuite name="tbl_survfit_quantiles" timestamp="2025-10-17T21:00:32Z" hostname="4cfcdd42b546" tests="2" skipped="1" failures="0" errors="0" time="3.594">
    <testcase time="3.593" classname="character(0)" name="tbl_survfit_quantiles_works"/>
    <testcase time="0.00100000000000122" classname="character(0)" name="tbl_survfit_quantiles_works">
      <skipped message="Reason: On CRAN ('test-tbl_survfit_quantiles.R:13:3')"/>
    </testcase>
  </testsuite>
  <testsuite name="tbl_survfit_quantiles" timestamp="2025-10-17T21:00:32Z" hostname="4cfcdd42b546" tests="1" skipped="1" failures="0" errors="0" time="0.034">
    <testcase time="0.0339999999999989" classname="character(0)" name="tbl_survfit_quantiles_by_messaging">
      <skipped message="Reason: On CRAN ('test-tbl_survfit_quantiles.R:55:3')"/>
    </testcase>
  </testsuite>
  <testsuite name="tbl_survfit_quantiles" timestamp="2025-10-17T21:00:32Z" hostname="4cfcdd42b546" tests="1" skipped="1" failures="0" errors="0" time="0.011">
    <testcase time="0.0110000000000028" classname="character(0)" name="tbl_survfit_quantiles_estimate_fun_">
      <skipped message="Reason: On CRAN ('test-tbl_survfit_quantiles.R:75:3')"/>
    </testcase>
  </testsuite>
  <testsuite name="tbl_survfit_quantiles" timestamp="2025-10-17T21:00:32Z" hostname="4cfcdd42b546" tests="1" skipped="0" failures="0" errors="0" time="0.01">
    <testcase time="0.00999999999999801" classname="character(0)" name="tbl_survfit_quantiles_method.args_"/>
  </testsuite>
  <testsuite name="tbl_survfit_quantiles" timestamp="2025-10-17T21:00:32Z" hostname="4cfcdd42b546" tests="1" skipped="1" failures="0" errors="0" time="0.002">
    <testcase time="0.00199999999999889" classname="character(0)" name="add_overall.tbl_survfit_quantiles_works">
      <skipped message="Reason: On CRAN ('test-tbl_survfit_quantiles.R:111:3')"/>
    </testcase>
  </testsuite>
  <testsuite name="tbl_baseline_chg" timestamp="2025-10-17T21:00:32Z" hostname="4cfcdd42b546" tests="2" skipped="1" failures="0" errors="0" time="0.02">
    <testcase time="0.0190000000000019" classname="character(0)" name="tbl_baseline_chg_works"/>
    <testcase time="0.00100000000000122" classname="character(0)" name="tbl_baseline_chg_works">
      <skipped message="Reason: On CRAN ('test-tbl_baseline_chg.R:23:3')"/>
    </testcase>
  </testsuite>
  <testsuite name="tbl_baseline_chg" timestamp="2025-10-17T21:00:32Z" hostname="4cfcdd42b546" tests="2" skipped="1" failures="0" errors="0" time="0.014">
    <testcase time="0.0129999999999981" classname="character(0)" name="tbl_baseline_chg_works_with_no_by_variable"/>
    <testcase time="0.00100000000000122" classname="character(0)" name="tbl_baseline_chg_works_with_no_by_variable">
      <skipped message="Reason: On CRAN ('test-tbl_baseline_chg.R:53:3')"/>
    </testcase>
  </testsuite>
  <testsuite name="tbl_baseline_chg" timestamp="2025-10-17T21:00:32Z" hostname="4cfcdd42b546" tests="2" skipped="1" failures="0" errors="0" time="0.011">
    <testcase time="0.00999999999999801" classname="character(0)" name="add_overall.tbl_baseline_chg_works"/>
    <testcase time="0.00100000000000122" classname="character(0)" name="add_overall.tbl_baseline_chg_works">
      <skipped message="Reason: On CRAN ('test-tbl_baseline_chg.R:70:3')"/>
    </testcase>
  </testsuite>
  <testsuite name="tbl_baseline_chg" timestamp="2025-10-17T21:00:32Z" hostname="4cfcdd42b546" tests="1" skipped="1" failures="0" errors="0" time="0.01">
    <testcase time="0.0100000000000016" classname="character(0)" name="add_overall.tbl_baseline_chg_messaging">
      <skipped message="Reason: On CRAN ('test-tbl_baseline_chg.R:77:3')"/>
    </testcase>
  </testsuite>
  <testsuite name="tbl_baseline_chg" timestamp="2025-10-17T21:00:32Z" hostname="4cfcdd42b546" tests="4" skipped="1" failures="0" errors="0" time="0.013">
    <testcase time="0.0109999999999957" classname="character(0)" name="tbl_baseline_chg_throws_error_when_required_arguments_are_missing"/>
    <testcase time="0" classname="character(0)" name="tbl_baseline_chg_throws_error_when_required_arguments_are_missing"/>
    <testcase time="0.00100000000000477" classname="character(0)" name="tbl_baseline_chg_throws_error_when_required_arguments_are_missing"/>
    <testcase time="0.000999999999997669" classname="character(0)" name="tbl_baseline_chg_throws_error_when_required_arguments_are_missing">
      <skipped message="Reason: On CRAN ('test-tbl_baseline_chg.R:144:3')"/>
    </testcase>
  </testsuite>
  <testsuite name="tbl_baseline_chg" timestamp="2025-10-17T21:00:32Z" hostname="4cfcdd42b546" tests="1" skipped="1" failures="0" errors="0" time="0.013">
    <testcase time="0.0129999999999981" classname="character(0)" name="tbl_baseline_chg_messaging">
      <skipped message="Reason: On CRAN ('test-tbl_baseline_chg.R:159:3')"/>
    </testcase>
  </testsuite>
  <testsuite name="tbl_baseline_chg" timestamp="2025-10-17T21:00:32Z" hostname="4cfcdd42b546" tests="1" skipped="1" failures="0" errors="0" time="0.01">
    <testcase time="0.0100000000000051" classname="character(0)" name="gather_ard_works_on_output_table">
      <skipped message="Reason: On CRAN ('test-tbl_baseline_chg.R:181:3')"/>
    </testcase>
  </testsuite>
  <testsuite name="tbl_survfit_times" timestamp="2025-10-17T21:00:33Z" hostname="4cfcdd42b546" tests="2" skipped="1" failures="0" errors="0" time="1.753">
    <testcase time="1.753" classname="character(0)" name="tbl_survfit_times_works"/>
    <testcase time="0" classname="character(0)" name="tbl_survfit_times_works">
      <skipped message="Reason: On CRAN ('test-tbl_survfit_times.R:14:3')"/>
    </testcase>
  </testsuite>
  <testsuite name="tbl_survfit_times" timestamp="2025-10-17T21:00:33Z" hostname="4cfcdd42b546" tests="1" skipped="1" failures="0" errors="0" time="0.015">
    <testcase time="0.0149999999999935" classname="character(0)" name="tbl_survfit_times_by_messaging">
      <skipped message="Reason: On CRAN ('test-tbl_survfit_times.R:59:3')"/>
    </testcase>
  </testsuite>
  <testsuite name="tbl_survfit_times" timestamp="2025-10-17T21:00:33Z" hostname="4cfcdd42b546" tests="1" skipped="1" failures="0" errors="0" time="0.011">
    <testcase time="0.0110000000000028" classname="character(0)" name="add_overall.tbl_survfit_times_works">
      <skipped message="Reason: On CRAN ('test-tbl_survfit_times.R:81:3')"/>
    </testcase>
  </testsuite>
  <testsuite name="tbl_null_report" timestamp="2025-10-17T21:00:34Z" hostname="4cfcdd42b546" tests="3" skipped="0" failures="0" errors="0" time="0.131">
    <testcase time="0.128999999999998" classname="character(0)" name="tbl_null_report_works_correctly"/>
    <testcase time="0.00100000000000477" classname="character(0)" name="tbl_null_report_works_correctly"/>
    <testcase time="0.000999999999997669" classname="character(0)" name="tbl_null_report_works_correctly"/>
  </testsuite>
  <testsuite name="theme_gtsummary_roche" timestamp="2025-10-17T21:00:35Z" hostname="4cfcdd42b546" tests="1" skipped="1" failures="0" errors="0" time="1.454">
    <testcase time="1.454" classname="character(0)" name="theme_gtsummary_roche_works">
      <skipped message="Reason: On CRAN ('test-theme_gtsummary_roche.R:3:3')"/>
    </testcase>
  </testsuite>
  <testsuite name="theme_gtsummary_roche" timestamp="2025-10-17T21:00:35Z" hostname="4cfcdd42b546" tests="1" skipped="1" failures="0" errors="0" time="0.014">
    <testcase time="0.0140000000000029" classname="character(0)" name="theme_gtsummary_roche_adds_relevant_flextable_directives">
      <skipped message="Reason: On CRAN ('test-theme_gtsummary_roche.R:17:3')"/>
    </testcase>
  </testsuite>
  <testsuite name="theme_gtsummary_roche" timestamp="2025-10-17T21:00:35Z" hostname="4cfcdd42b546" tests="1" skipped="0" failures="0" errors="0" time="0.01">
    <testcase time="0.00999999999999801" classname="character(0)" name="theme_gtsummary_roche_no_errors_with_a_gt_print"/>
  </testsuite>
  <testsuite name="theme_gtsummary_roche" timestamp="2025-10-17T21:00:35Z" hostname="4cfcdd42b546" tests="7" skipped="0" failures="0" errors="0" time="0.005">
    <testcase time="0.00200000000000244" classname="character(0)" name="theme_gtsummary_roche_styles_tbl_hierarchical_results"/>
    <testcase time="0" classname="character(0)" name="theme_gtsummary_roche_styles_tbl_hierarchical_results"/>
    <testcase time="0.000999999999997669" classname="character(0)" name="theme_gtsummary_roche_styles_tbl_hierarchical_results"/>
    <testcase time="0" classname="character(0)" name="theme_gtsummary_roche_styles_tbl_hierarchical_results"/>
    <testcase time="0.000999999999997669" classname="character(0)" name="theme_gtsummary_roche_styles_tbl_hierarchical_results"/>
    <testcase time="0.000999999999997669" classname="character(0)" name="theme_gtsummary_roche_styles_tbl_hierarchical_results"/>
    <testcase time="0" classname="character(0)" name="theme_gtsummary_roche_styles_tbl_hierarchical_results"/>
  </testsuite>
  <testsuite name="theme_gtsummary_roche" timestamp="2025-10-17T21:00:35Z" hostname="4cfcdd42b546" tests="1" skipped="0" failures="0" errors="0" time="0.002">
    <testcase time="0.00200000000000244" classname="character(0)" name="with_assign_summary_type_arg_cat_threshold_0L_each_data_type_is_always_mapped_as_it_is"/>
  </testsuite>
</testsuites>
