<?xml version="1.0" encoding="UTF-8"?>
<testsuites>
  <testsuite name="add_blank_rows" timestamp="2025-10-17T21:06:52Z" hostname="7f7266da9234" tests="1" skipped="0" failures="0" errors="0" time="6.494">
    <testcase time="6.494" classname="character(0)" name="add_blank_rows_works"/>
  </testsuite>
  <testsuite name="add_blank_rows" timestamp="2025-10-17T21:06:52Z" hostname="7f7266da9234" tests="2" skipped="0" failures="0" errors="0" time="0.019">
    <testcase time="0.0190000000000001" classname="character(0)" name="add_blank_rows_variables_works"/>
    <testcase time="0" classname="character(0)" name="add_blank_rows_variables_works"/>
  </testsuite>
  <testsuite name="add_blank_rows" timestamp="2025-10-17T21:06:52Z" hostname="7f7266da9234" tests="1" skipped="0" failures="0" errors="0" time="0.013">
    <testcase time="0.0129999999999999" classname="character(0)" name="add_blank_rows_variables_grade_is_last_row_then_table_identical"/>
  </testsuite>
  <testsuite name="add_blank_rows" timestamp="2025-10-17T21:06:52Z" hostname="7f7266da9234" tests="1" skipped="0" failures="0" errors="0" time="0.002">
    <testcase time="0.00199999999999978" classname="character(0)" name="add_blank_rows_variable_level_works"/>
  </testsuite>
  <testsuite name="add_blank_rows" timestamp="2025-10-17T21:06:52Z" hostname="7f7266da9234" tests="1" skipped="0" failures="0" errors="0" time="0.001">
    <testcase time="0.00100000000000033" classname="character(0)" name="add_blank_rows_error_message"/>
  </testsuite>
  <testsuite name="add_blank_rows" timestamp="2025-10-17T21:06:52Z" hostname="7f7266da9234" tests="2" skipped="0" failures="0" errors="0" time="0.001">
    <testcase time="0.000999999999999446" classname="character(0)" name="add_blank_rows_row_numbers_error"/>
    <testcase time="0" classname="character(0)" name="add_blank_rows_row_numbers_error"/>
  </testsuite>
  <testsuite name="add_blank_rows" timestamp="2025-10-17T21:06:52Z" hostname="7f7266da9234" tests="1" skipped="0" failures="0" errors="0" time="0.002">
    <testcase time="0.00199999999999978" classname="character(0)" name="add_blank_rows_errors_when_no_variable"/>
  </testsuite>
  <testsuite name="add_difference_row" timestamp="2025-10-17T21:06:52Z" hostname="7f7266da9234" tests="8" skipped="0" failures="0" errors="0" time="0.05">
    <testcase time="0.0460000000000003" classname="character(0)" name="add_difference_row.tbl_survfit_times_works"/>
    <testcase time="0.000999999999999446" classname="character(0)" name="add_difference_row.tbl_survfit_times_works"/>
    <testcase time="0" classname="character(0)" name="add_difference_row.tbl_survfit_times_works"/>
    <testcase time="0.00100000000000033" classname="character(0)" name="add_difference_row.tbl_survfit_times_works"/>
    <testcase time="0" classname="character(0)" name="add_difference_row.tbl_survfit_times_works"/>
    <testcase time="0.00100000000000033" classname="character(0)" name="add_difference_row.tbl_survfit_times_works"/>
    <testcase time="0" classname="character(0)" name="add_difference_row.tbl_survfit_times_works"/>
    <testcase time="0.000999999999999446" classname="character(0)" name="add_difference_row.tbl_survfit_times_works"/>
  </testsuite>
  <testsuite name="add_difference_row" timestamp="2025-10-17T21:06:52Z" hostname="7f7266da9234" tests="2" skipped="0" failures="0" errors="0" time="0.002">
    <testcase time="0.00200000000000067" classname="character(0)" name="add_difference_row.tbl_survfit_times_error_messaging_works"/>
    <testcase time="0" classname="character(0)" name="add_difference_row.tbl_survfit_times_error_messaging_works"/>
  </testsuite>
  <testsuite name="label_roche" timestamp="2025-10-17T21:06:52Z" hostname="7f7266da9234" tests="1" skipped="0" failures="0" errors="0" time="0.079">
    <testcase time="0.0789999999999997" classname="character(0)" name="style_roche_pvalue_works"/>
  </testsuite>
  <testsuite name="label_roche" timestamp="2025-10-17T21:06:52Z" hostname="7f7266da9234" tests="3" skipped="0" failures="0" errors="0" time="0.003">
    <testcase time="0.00199999999999978" classname="character(0)" name="style_roche_percent_works"/>
    <testcase time="0.00100000000000033" classname="character(0)" name="style_roche_percent_works"/>
    <testcase time="0" classname="character(0)" name="style_roche_percent_works"/>
  </testsuite>
  <testsuite name="label_roche" timestamp="2025-10-17T21:06:53Z" hostname="7f7266da9234" tests="2" skipped="0" failures="0" errors="0" time="0.002">
    <testcase time="0.00199999999999978" classname="character(0)" name="style_roche_ratio_works"/>
    <testcase time="0" classname="character(0)" name="style_roche_ratio_works"/>
  </testsuite>
  <testsuite name="label_roche" timestamp="2025-10-17T21:06:53Z" hostname="7f7266da9234" tests="2" skipped="0" failures="0" errors="0" time="0.002">
    <testcase time="0.00199999999999978" classname="character(0)" name="style_roche_number_works"/>
    <testcase time="0" classname="character(0)" name="style_roche_number_works"/>
  </testsuite>
  <testsuite name="modify_header_rm_md" timestamp="2025-10-17T21:06:55Z" hostname="7f7266da9234" tests="2" skipped="0" failures="0" errors="0" time="2.375">
    <testcase time="2.375" classname="character(0)" name="strip_md_bold_works_with_gtsummary_table"/>
    <testcase time="0" classname="character(0)" name="strip_md_bold_works_with_gtsummary_table"/>
  </testsuite>
  <testsuite name="modify_zero_recode" timestamp="2025-10-17T21:06:56Z" hostname="7f7266da9234" tests="2" skipped="0" failures="0" errors="0" time="1.007">
    <testcase time="1.006" classname="character(0)" name="modify_zero_recode_works"/>
    <testcase time="0.000999999999999446" classname="character(0)" name="modify_zero_recode_works"/>
  </testsuite>
  <testsuite name="add_hierarchical_count_row" timestamp="2025-10-17T21:06:56Z" hostname="7f7266da9234" tests="4" skipped="0" failures="0" errors="0" time="0.537">
    <testcase time="0.533999999999999" classname="character(0)" name="add_hierarchical_count_row_works"/>
    <testcase time="0.00100000000000122" classname="character(0)" name="add_hierarchical_count_row_works"/>
    <testcase time="0.000999999999999446" classname="character(0)" name="add_hierarchical_count_row_works"/>
    <testcase time="0.000999999999999446" classname="character(0)" name="add_hierarchical_count_row_works"/>
  </testsuite>
  <testsuite name="add_hierarchical_count_row" timestamp="2025-10-17T21:06:56Z" hostname="7f7266da9234" tests="2" skipped="0" failures="0" errors="0" time="0.004">
    <testcase time="0.00300000000000011" classname="character(0)" name="add_hierarchical_count_row_data_preprocess_works"/>
    <testcase time="0.00100000000000122" classname="character(0)" name="add_hierarchical_count_row_data_preprocess_works"/>
  </testsuite>
  <testsuite name="tbl_hierarchical_rate_and_count" timestamp="2025-10-17T21:07:16Z" hostname="7f7266da9234" tests="6" skipped="0" failures="0" errors="0" time="19.44">
    <testcase time="19.435" classname="character(0)" name="tbl_hierarchical_rate_and_count_works"/>
    <testcase time="0.000999999999997669" classname="character(0)" name="tbl_hierarchical_rate_and_count_works"/>
    <testcase time="0.00100000000000122" classname="character(0)" name="tbl_hierarchical_rate_and_count_works"/>
    <testcase time="0.00100000000000122" classname="character(0)" name="tbl_hierarchical_rate_and_count_works"/>
    <testcase time="0.000999999999997669" classname="character(0)" name="tbl_hierarchical_rate_and_count_works"/>
    <testcase time="0.00100000000000122" classname="character(0)" name="tbl_hierarchical_rate_and_count_works"/>
  </testsuite>
  <testsuite name="tbl_hierarchical_rate_and_count" timestamp="2025-10-17T21:07:16Z" hostname="7f7266da9234" tests="2" skipped="0" failures="0" errors="0" time="0.004">
    <testcase time="0.00300000000000011" classname="character(0)" name="tbl_hierarchical_rate_and_count_sort_"/>
    <testcase time="0.00100000000000122" classname="character(0)" name="tbl_hierarchical_rate_and_count_sort_"/>
  </testsuite>
  <testsuite name="tbl_hierarchical_rate_and_count" timestamp="2025-10-17T21:07:16Z" hostname="7f7266da9234" tests="1" skipped="0" failures="0" errors="0" time="0.002">
    <testcase time="0.00199999999999889" classname="character(0)" name="tbl_hierarchical_rate_and_count_digits_styling_defaults_to_gtsummary"/>
  </testsuite>
  <testsuite name="tbl_hierarchical_rate_and_count" timestamp="2025-10-17T21:07:16Z" hostname="7f7266da9234" tests="2" skipped="0" failures="0" errors="0" time="0.002">
    <testcase time="0.00100000000000122" classname="character(0)" name="tbl_hierarchical_rate_and_count_works_only_with_2_or_3_variables"/>
    <testcase time="0.000999999999997669" classname="character(0)" name="tbl_hierarchical_rate_and_count_works_only_with_2_or_3_variables"/>
  </testsuite>
  <testsuite name="tbl_baseline_chg" timestamp="2025-10-17T21:07:30Z" hostname="7f7266da9234" tests="3" skipped="0" failures="0" errors="0" time="14.456">
    <testcase time="14.454" classname="character(0)" name="tbl_baseline_chg_works"/>
    <testcase time="0.000999999999997669" classname="character(0)" name="tbl_baseline_chg_works"/>
    <testcase time="0.00100000000000477" classname="character(0)" name="tbl_baseline_chg_works"/>
  </testsuite>
  <testsuite name="tbl_baseline_chg" timestamp="2025-10-17T21:07:30Z" hostname="7f7266da9234" tests="2" skipped="0" failures="0" errors="0" time="0.007">
    <testcase time="0.00600000000000023" classname="character(0)" name="tbl_baseline_chg_works_with_no_by_variable"/>
    <testcase time="0.000999999999997669" classname="character(0)" name="tbl_baseline_chg_works_with_no_by_variable"/>
  </testsuite>
  <testsuite name="tbl_baseline_chg" timestamp="2025-10-17T21:07:30Z" hostname="7f7266da9234" tests="2" skipped="0" failures="0" errors="0" time="0.004">
    <testcase time="0.00300000000000011" classname="character(0)" name="add_overall.tbl_baseline_chg_works"/>
    <testcase time="0.000999999999997669" classname="character(0)" name="add_overall.tbl_baseline_chg_works"/>
  </testsuite>
  <testsuite name="tbl_baseline_chg" timestamp="2025-10-17T21:07:30Z" hostname="7f7266da9234" tests="2" skipped="0" failures="0" errors="0" time="0.002">
    <testcase time="0.00200000000000244" classname="character(0)" name="add_overall.tbl_baseline_chg_messaging"/>
    <testcase time="0" classname="character(0)" name="add_overall.tbl_baseline_chg_messaging"/>
  </testsuite>
  <testsuite name="tbl_baseline_chg" timestamp="2025-10-17T21:07:30Z" hostname="7f7266da9234" tests="4" skipped="0" failures="0" errors="0" time="0.003">
    <testcase time="0.00200000000000244" classname="character(0)" name="tbl_baseline_chg_throws_error_when_required_arguments_are_missing"/>
    <testcase time="0" classname="character(0)" name="tbl_baseline_chg_throws_error_when_required_arguments_are_missing"/>
    <testcase time="0.000999999999997669" classname="character(0)" name="tbl_baseline_chg_throws_error_when_required_arguments_are_missing"/>
    <testcase time="0" classname="character(0)" name="tbl_baseline_chg_throws_error_when_required_arguments_are_missing"/>
  </testsuite>
  <testsuite name="tbl_baseline_chg" timestamp="2025-10-17T21:07:30Z" hostname="7f7266da9234" tests="1" skipped="0" failures="0" errors="0" time="0.002">
    <testcase time="0.00200000000000244" classname="character(0)" name="tbl_baseline_chg_messaging"/>
  </testsuite>
  <testsuite name="tbl_baseline_chg" timestamp="2025-10-17T21:07:30Z" hostname="7f7266da9234" tests="1" skipped="0" failures="0" errors="0" time="0.001">
    <testcase time="0.000999999999997669" classname="character(0)" name="gather_ard_works_on_output_table"/>
  </testsuite>
  <testsuite name="tbl_listing" timestamp="2025-10-17T21:07:31Z" hostname="7f7266da9234" tests="1" skipped="0" failures="0" errors="0" time="0.753">
    <testcase time="0.753" classname="character(0)" name="tbl_listing_works_with_default_values"/>
  </testsuite>
  <testsuite name="tbl_listing" timestamp="2025-10-17T21:07:31Z" hostname="7f7266da9234" tests="3" skipped="0" failures="0" errors="0" time="0.002">
    <testcase time="0.00100000000000477" classname="character(0)" name="tbl_listing_add_blanks_rows_works_with_standard_values"/>
    <testcase time="0.000999999999997669" classname="character(0)" name="tbl_listing_add_blanks_rows_works_with_standard_values"/>
    <testcase time="0" classname="character(0)" name="tbl_listing_add_blanks_rows_works_with_standard_values"/>
  </testsuite>
  <testsuite name="tbl_listing" timestamp="2025-10-17T21:07:31Z" hostname="7f7266da9234" tests="3" skipped="0" failures="0" errors="0" time="0.003">
    <testcase time="0.00200000000000244" classname="character(0)" name="tbl_listing_split_by_rows_works_with_standard_values"/>
    <testcase time="0.000999999999997669" classname="character(0)" name="tbl_listing_split_by_rows_works_with_standard_values"/>
    <testcase time="0" classname="character(0)" name="tbl_listing_split_by_rows_works_with_standard_values"/>
  </testsuite>
  <testsuite name="tbl_listing" timestamp="2025-10-17T21:07:31Z" hostname="7f7266da9234" tests="3" skipped="0" failures="0" errors="0" time="0.003">
    <testcase time="0.00200000000000244" classname="character(0)" name="tbl_listing_split_by_rows_add_blank_rows_works_with_standard_values"/>
    <testcase time="0" classname="character(0)" name="tbl_listing_split_by_rows_add_blank_rows_works_with_standard_values"/>
    <testcase time="0.000999999999997669" classname="character(0)" name="tbl_listing_split_by_rows_add_blank_rows_works_with_standard_values"/>
  </testsuite>
  <testsuite name="tbl_listing" timestamp="2025-10-17T21:07:31Z" hostname="7f7266da9234" tests="3" skipped="0" failures="0" errors="0" time="0.003">
    <testcase time="0.000999999999997669" classname="character(0)" name="tbl_listing_split_by_columns_works_with_standard_values"/>
    <testcase time="0.00100000000000477" classname="character(0)" name="tbl_listing_split_by_columns_works_with_standard_values"/>
    <testcase time="0.000999999999997669" classname="character(0)" name="tbl_listing_split_by_columns_works_with_standard_values"/>
  </testsuite>
  <testsuite name="tbl_listing" timestamp="2025-10-17T21:07:31Z" hostname="7f7266da9234" tests="5" skipped="0" failures="0" errors="0" time="0.003">
    <testcase time="0.000999999999997669" classname="character(0)" name="tbl_listing_split_by_rows_split_by_columns_works_with_standard_values"/>
    <testcase time="0.00100000000000477" classname="character(0)" name="tbl_listing_split_by_rows_split_by_columns_works_with_standard_values"/>
    <testcase time="0" classname="character(0)" name="tbl_listing_split_by_rows_split_by_columns_works_with_standard_values"/>
    <testcase time="0.000999999999997669" classname="character(0)" name="tbl_listing_split_by_rows_split_by_columns_works_with_standard_values"/>
    <testcase time="0" classname="character(0)" name="tbl_listing_split_by_rows_split_by_columns_works_with_standard_values"/>
  </testsuite>
  <testsuite name="tbl_listing" timestamp="2025-10-17T21:07:31Z" hostname="7f7266da9234" tests="2" skipped="0" failures="0" errors="0" time="0.003">
    <testcase time="0.00200000000000244" classname="character(0)" name="remove_duplicate_keys_works_with_standard_values"/>
    <testcase time="0.000999999999997669" classname="character(0)" name="remove_duplicate_keys_works_with_standard_values"/>
  </testsuite>
  <testsuite name="tbl_listing" timestamp="2025-10-17T21:07:31Z" hostname="7f7266da9234" tests="1" skipped="0" failures="0" errors="0" time="0.001">
    <testcase time="0.000999999999997669" classname="character(0)" name="remove_duplicate_keys_works_with_unique_and_duplicated_values"/>
  </testsuite>
  <testsuite name="tbl_roche_summary" timestamp="2025-10-17T21:07:37Z" hostname="7f7266da9234" tests="1" skipped="0" failures="0" errors="0" time="6.3">
    <testcase time="6.3" classname="character(0)" name="tbl_roche_summary_works"/>
  </testsuite>
  <testsuite name="tbl_roche_summary" timestamp="2025-10-17T21:07:37Z" hostname="7f7266da9234" tests="3" skipped="0" failures="0" errors="0" time="0.005">
    <testcase time="0.00300000000000011" classname="character(0)" name="tbl_roche_summary_add_overall_works"/>
    <testcase time="0.000999999999997669" classname="character(0)" name="tbl_roche_summary_add_overall_works"/>
    <testcase time="0.000999999999997669" classname="character(0)" name="tbl_roche_summary_add_overall_works"/>
  </testsuite>
  <testsuite name="tbl_roche_summary" timestamp="2025-10-17T21:07:37Z" hostname="7f7266da9234" tests="1" skipped="0" failures="0" errors="0" time="0.003">
    <testcase time="0.00300000000000011" classname="character(0)" name="tbl_roche_summary_recode_counts_for_all_NA_column"/>
  </testsuite>
  <testsuite name="tbl_shift" timestamp="2025-10-17T21:07:57Z" hostname="7f7266da9234" tests="4" skipped="0" failures="0" errors="0" time="19.933">
    <testcase time="19.931" classname="character(0)" name="tbl_shift_strata_location_"/>
    <testcase time="0.00100000000000477" classname="character(0)" name="tbl_shift_strata_location_"/>
    <testcase time="0" classname="character(0)" name="tbl_shift_strata_location_"/>
    <testcase time="0.000999999999990564" classname="character(0)" name="tbl_shift_strata_location_"/>
  </testsuite>
  <testsuite name="tbl_shift" timestamp="2025-10-17T21:07:57Z" hostname="7f7266da9234" tests="1" skipped="0" failures="0" errors="0" time="0.001">
    <testcase time="0.00100000000000477" classname="character(0)" name="tbl_shift_by_messaging"/>
  </testsuite>
  <testsuite name="tbl_shift" timestamp="2025-10-17T21:07:57Z" hostname="7f7266da9234" tests="1" skipped="0" failures="0" errors="0" time="0.002">
    <testcase time="0.00199999999999534" classname="character(0)" name="tbl_shift_data_header_messaging"/>
  </testsuite>
  <testsuite name="tbl_shift" timestamp="2025-10-17T21:07:57Z" hostname="7f7266da9234" tests="4" skipped="0" failures="0" errors="0" time="0.003">
    <testcase time="0.00100000000000477" classname="character(0)" name="add_overall.tbl_shift_"/>
    <testcase time="0.000999999999990564" classname="character(0)" name="add_overall.tbl_shift_"/>
    <testcase time="0" classname="character(0)" name="add_overall.tbl_shift_"/>
    <testcase time="0.00100000000000477" classname="character(0)" name="add_overall.tbl_shift_"/>
  </testsuite>
  <testsuite name="tbl_shift" timestamp="2025-10-17T21:07:57Z" hostname="7f7266da9234" tests="2" skipped="0" failures="0" errors="0" time="0.002">
    <testcase time="0.00199999999999534" classname="character(0)" name="add_overall.tbl_shift_messaging"/>
    <testcase time="0" classname="character(0)" name="add_overall.tbl_shift_messaging"/>
  </testsuite>
  <testsuite name="tbl_shift" timestamp="2025-10-17T21:07:57Z" hostname="7f7266da9234" tests="2" skipped="0" failures="0" errors="0" time="0.002">
    <testcase time="0.00200000000000955" classname="character(0)" name="add_overall.tbl_shift_strata_NULL_messaging"/>
    <testcase time="0" classname="character(0)" name="add_overall.tbl_shift_strata_NULL_messaging"/>
  </testsuite>
  <testsuite name="tbl_survfit_quantiles" timestamp="2025-10-17T21:08:03Z" hostname="7f7266da9234" tests="7" skipped="0" failures="0" errors="0" time="5.708">
    <testcase time="5.70399999999999" classname="character(0)" name="tbl_survfit_quantiles_works"/>
    <testcase time="0.00100000000000477" classname="character(0)" name="tbl_survfit_quantiles_works"/>
    <testcase time="0.00100000000000477" classname="character(0)" name="tbl_survfit_quantiles_works"/>
    <testcase time="0" classname="character(0)" name="tbl_survfit_quantiles_works"/>
    <testcase time="0.000999999999990564" classname="character(0)" name="tbl_survfit_quantiles_works"/>
    <testcase time="0" classname="character(0)" name="tbl_survfit_quantiles_works"/>
    <testcase time="0.00100000000000477" classname="character(0)" name="tbl_survfit_quantiles_works"/>
  </testsuite>
  <testsuite name="tbl_survfit_quantiles" timestamp="2025-10-17T21:08:03Z" hostname="7f7266da9234" tests="2" skipped="0" failures="0" errors="0" time="0.002">
    <testcase time="0.00100000000000477" classname="character(0)" name="tbl_survfit_quantiles_by_messaging"/>
    <testcase time="0.000999999999990564" classname="character(0)" name="tbl_survfit_quantiles_by_messaging"/>
  </testsuite>
  <testsuite name="tbl_survfit_quantiles" timestamp="2025-10-17T21:08:03Z" hostname="7f7266da9234" tests="1" skipped="0" failures="0" errors="0" time="0.002">
    <testcase time="0.00200000000000955" classname="character(0)" name="tbl_survfit_quantiles_estimate_fun_"/>
  </testsuite>
  <testsuite name="tbl_survfit_quantiles" timestamp="2025-10-17T21:08:03Z" hostname="7f7266da9234" tests="1" skipped="0" failures="0" errors="0" time="0.001">
    <testcase time="0.000999999999990564" classname="character(0)" name="tbl_survfit_quantiles_method.args_"/>
  </testsuite>
  <testsuite name="tbl_survfit_quantiles" timestamp="2025-10-17T21:08:03Z" hostname="7f7266da9234" tests="1" skipped="0" failures="0" errors="0" time="0.002">
    <testcase time="0.00200000000000955" classname="character(0)" name="add_overall.tbl_survfit_quantiles_works"/>
  </testsuite>
  <testsuite name="tbl_survfit_times" timestamp="2025-10-17T21:08:07Z" hostname="7f7266da9234" tests="7" skipped="0" failures="0" errors="0" time="3.537">
    <testcase time="3.53399999999999" classname="character(0)" name="tbl_survfit_times_works"/>
    <testcase time="0" classname="character(0)" name="tbl_survfit_times_works"/>
    <testcase time="0.00100000000000477" classname="character(0)" name="tbl_survfit_times_works"/>
    <testcase time="0" classname="character(0)" name="tbl_survfit_times_works"/>
    <testcase time="0.000999999999990564" classname="character(0)" name="tbl_survfit_times_works"/>
    <testcase time="0" classname="character(0)" name="tbl_survfit_times_works"/>
    <testcase time="0.00100000000000477" classname="character(0)" name="tbl_survfit_times_works"/>
  </testsuite>
  <testsuite name="tbl_survfit_times" timestamp="2025-10-17T21:08:07Z" hostname="7f7266da9234" tests="2" skipped="0" failures="0" errors="0" time="0.002">
    <testcase time="0.00199999999999534" classname="character(0)" name="tbl_survfit_times_by_messaging"/>
    <testcase time="0" classname="character(0)" name="tbl_survfit_times_by_messaging"/>
  </testsuite>
  <testsuite name="tbl_survfit_times" timestamp="2025-10-17T21:08:07Z" hostname="7f7266da9234" tests="1" skipped="0" failures="0" errors="0" time="0.002">
    <testcase time="0.00200000000000955" classname="character(0)" name="add_overall.tbl_survfit_times_works"/>
  </testsuite>
  <testsuite name="theme_gtsummary_roche" timestamp="2025-10-17T21:08:10Z" hostname="7f7266da9234" tests="1" skipped="0" failures="0" errors="0" time="3.398">
    <testcase time="3.398" classname="character(0)" name="theme_gtsummary_roche_works"/>
  </testsuite>
  <testsuite name="theme_gtsummary_roche" timestamp="2025-10-17T21:08:10Z" hostname="7f7266da9234" tests="1" skipped="0" failures="0" errors="0" time="0.002">
    <testcase time="0.00199999999999534" classname="character(0)" name="theme_gtsummary_roche_adds_relevant_flextable_directives"/>
  </testsuite>
  <testsuite name="theme_gtsummary_roche" timestamp="2025-10-17T21:08:10Z" hostname="7f7266da9234" tests="1" skipped="0" failures="0" errors="0" time="0.001">
    <testcase time="0.00100000000000477" classname="character(0)" name="theme_gtsummary_roche_no_errors_with_a_gt_print"/>
  </testsuite>
  <testsuite name="theme_gtsummary_roche" timestamp="2025-10-17T21:08:10Z" hostname="7f7266da9234" tests="7" skipped="0" failures="0" errors="0" time="0.005">
    <testcase time="0.00199999999999534" classname="character(0)" name="theme_gtsummary_roche_styles_tbl_hierarchical_results"/>
    <testcase time="0.00100000000000477" classname="character(0)" name="theme_gtsummary_roche_styles_tbl_hierarchical_results"/>
    <testcase time="0" classname="character(0)" name="theme_gtsummary_roche_styles_tbl_hierarchical_results"/>
    <testcase time="0.00100000000000477" classname="character(0)" name="theme_gtsummary_roche_styles_tbl_hierarchical_results"/>
    <testcase time="0" classname="character(0)" name="theme_gtsummary_roche_styles_tbl_hierarchical_results"/>
    <testcase time="0.000999999999990564" classname="character(0)" name="theme_gtsummary_roche_styles_tbl_hierarchical_results"/>
    <testcase time="0" classname="character(0)" name="theme_gtsummary_roche_styles_tbl_hierarchical_results"/>
  </testsuite>
  <testsuite name="theme_gtsummary_roche" timestamp="2025-10-17T21:08:10Z" hostname="7f7266da9234" tests="1" skipped="0" failures="0" errors="0" time="0.002">
    <testcase time="0.00200000000000955" classname="character(0)" name="with_assign_summary_type_arg_cat_threshold_0L_each_data_type_is_always_mapped_as_it_is"/>
  </testsuite>
  <testsuite name="tbl_null_report" timestamp="2025-10-17T21:08:10Z" hostname="7f7266da9234" tests="3" skipped="0" failures="0" errors="0" time="0.121">
    <testcase time="0.11999999999999" classname="character(0)" name="tbl_null_report_works_correctly"/>
    <testcase time="0" classname="character(0)" name="tbl_null_report_works_correctly"/>
    <testcase time="0.00100000000000477" classname="character(0)" name="tbl_null_report_works_correctly"/>
  </testsuite>
  <testsuite name="tbl_hierarchical_rate_by_grade" timestamp="2025-10-17T21:08:18Z" hostname="7f7266da9234" tests="7" skipped="0" failures="0" errors="0" time="8.015">
    <testcase time="8.012" classname="character(0)" name="tbl_hierarchical_rate_by_grade_works"/>
    <testcase time="0" classname="character(0)" name="tbl_hierarchical_rate_by_grade_works"/>
    <testcase time="0.00100000000000477" classname="character(0)" name="tbl_hierarchical_rate_by_grade_works"/>
    <testcase time="0.000999999999990564" classname="character(0)" name="tbl_hierarchical_rate_by_grade_works"/>
    <testcase time="0" classname="character(0)" name="tbl_hierarchical_rate_by_grade_works"/>
    <testcase time="0.00100000000000477" classname="character(0)" name="tbl_hierarchical_rate_by_grade_works"/>
    <testcase time="0" classname="character(0)" name="tbl_hierarchical_rate_by_grade_works"/>
  </testsuite>
  <testsuite name="tbl_hierarchical_rate_by_grade" timestamp="2025-10-17T21:08:18Z" hostname="7f7266da9234" tests="4" skipped="0" failures="0" errors="0" time="0.004">
    <testcase time="0.00199999999999534" classname="character(0)" name="tbl_hierarchical_rate_by_grade_include_overall_works"/>
    <testcase time="0.00100000000000477" classname="character(0)" name="tbl_hierarchical_rate_by_grade_include_overall_works"/>
    <testcase time="0" classname="character(0)" name="tbl_hierarchical_rate_by_grade_include_overall_works"/>
    <testcase time="0.00100000000000477" classname="character(0)" name="tbl_hierarchical_rate_by_grade_include_overall_works"/>
  </testsuite>
  <testsuite name="tbl_hierarchical_rate_by_grade" timestamp="2025-10-17T21:08:18Z" hostname="7f7266da9234" tests="2" skipped="0" failures="0" errors="0" time="0.002">
    <testcase time="0.000999999999990564" classname="character(0)" name="tbl_hierarchical_rate_by_grade_works_with_add_overall_"/>
    <testcase time="0.00100000000000477" classname="character(0)" name="tbl_hierarchical_rate_by_grade_works_with_add_overall_"/>
  </testsuite>
  <testsuite name="tbl_hierarchical_rate_by_grade" timestamp="2025-10-17T21:08:18Z" hostname="7f7266da9234" tests="5" skipped="0" failures="0" errors="0" time="0.004">
    <testcase time="0.00199999999999534" classname="character(0)" name="tbl_hierarchical_rate_by_grade_sort_works"/>
    <testcase time="0" classname="character(0)" name="tbl_hierarchical_rate_by_grade_sort_works"/>
    <testcase time="0.00100000000000477" classname="character(0)" name="tbl_hierarchical_rate_by_grade_sort_works"/>
    <testcase time="0" classname="character(0)" name="tbl_hierarchical_rate_by_grade_sort_works"/>
    <testcase time="0.00100000000000477" classname="character(0)" name="tbl_hierarchical_rate_by_grade_sort_works"/>
  </testsuite>
  <testsuite name="tbl_hierarchical_rate_by_grade" timestamp="2025-10-17T21:08:18Z" hostname="7f7266da9234" tests="4" skipped="0" failures="0" errors="0" time="0.003">
    <testcase time="0.00199999999999534" classname="character(0)" name="tbl_hierarchical_rate_by_grade_filter_works"/>
    <testcase time="0" classname="character(0)" name="tbl_hierarchical_rate_by_grade_filter_works"/>
    <testcase time="0.00100000000000477" classname="character(0)" name="tbl_hierarchical_rate_by_grade_filter_works"/>
    <testcase time="0" classname="character(0)" name="tbl_hierarchical_rate_by_grade_filter_works"/>
  </testsuite>
  <testsuite name="tbl_hierarchical_rate_by_grade" timestamp="2025-10-17T21:08:18Z" hostname="7f7266da9234" tests="1" skipped="0" failures="0" errors="0" time="0.005">
    <testcase time="0.00499999999999545" classname="character(0)" name="tbl_hierarchical_rate_by_grade_works_with_non_factor_grade_variables"/>
  </testsuite>
  <testsuite name="tbl_hierarchical_rate_by_grade" timestamp="2025-10-17T21:08:18Z" hostname="7f7266da9234" tests="1" skipped="0" failures="0" errors="0" time="0.001">
    <testcase time="0.00100000000000477" classname="character(0)" name="tbl_hierarchical_rate_by_grade_grade_groups_works_with_some_grades_not_in_groups"/>
  </testsuite>
  <testsuite name="tbl_hierarchical_rate_by_grade" timestamp="2025-10-17T21:08:18Z" hostname="7f7266da9234" tests="4" skipped="0" failures="0" errors="0" time="0.003">
    <testcase time="0.00199999999999534" classname="character(0)" name="tbl_hierarchical_rate_by_grade_grades_exclude_works"/>
    <testcase time="0" classname="character(0)" name="tbl_hierarchical_rate_by_grade_grades_exclude_works"/>
    <testcase time="0.00100000000000477" classname="character(0)" name="tbl_hierarchical_rate_by_grade_grades_exclude_works"/>
    <testcase time="0" classname="character(0)" name="tbl_hierarchical_rate_by_grade_grades_exclude_works"/>
  </testsuite>
  <testsuite name="tbl_hierarchical_rate_by_grade" timestamp="2025-10-17T21:08:18Z" hostname="7f7266da9234" tests="3" skipped="0" failures="0" errors="0" time="0.003">
    <testcase time="0.00199999999999534" classname="character(0)" name="tbl_hierarchical_rate_by_grade_keep_zero_rows_works"/>
    <testcase time="0.00100000000000477" classname="character(0)" name="tbl_hierarchical_rate_by_grade_keep_zero_rows_works"/>
    <testcase time="0" classname="character(0)" name="tbl_hierarchical_rate_by_grade_keep_zero_rows_works"/>
  </testsuite>
  <testsuite name="tbl_hierarchical_rate_by_grade" timestamp="2025-10-17T21:08:18Z" hostname="7f7266da9234" tests="4" skipped="0" failures="0" errors="0" time="0.004">
    <testcase time="0.00199999999999534" classname="character(0)" name="tbl_hierarchical_rate_by_grade_error_messaging_works"/>
    <testcase time="0" classname="character(0)" name="tbl_hierarchical_rate_by_grade_error_messaging_works"/>
    <testcase time="0.00100000000000477" classname="character(0)" name="tbl_hierarchical_rate_by_grade_error_messaging_works"/>
    <testcase time="0.000999999999990564" classname="character(0)" name="tbl_hierarchical_rate_by_grade_error_messaging_works"/>
  </testsuite>
</testsuites>
