<?xml version="1.0" encoding="UTF-8"?>
<testsuites>
  <testsuite name="roche_pvalue" timestamp="2025-05-28T00:18:10Z" hostname="90f796e3705f" tests="1" skipped="0" failures="0" errors="0" time="0.834">
    <testcase time="0.834" classname="character(0)" name="roche_pvalue_works"/>
  </testsuite>
  <testsuite name="add_blank_row" timestamp="2025-05-28T00:18:12Z" hostname="90f796e3705f" tests="1" skipped="0" failures="0" errors="0" time="1.098">
    <testcase time="1.098" classname="character(0)" name="add_blank_row_works"/>
  </testsuite>
  <testsuite name="add_blank_row" timestamp="2025-05-28T00:18:12Z" hostname="90f796e3705f" tests="1" skipped="1" failures="0" errors="0" time="0.085">
    <testcase time="0.085" classname="character(0)" name="add_blank_row_messaging">
      <skipped message="Reason: On CRAN ('test-add_blank_row.R:15:3')"/>
    </testcase>
  </testsuite>
  <testsuite name="tbl_demographics" timestamp="2025-05-28T00:18:15Z" hostname="90f796e3705f" tests="1" skipped="0" failures="0" errors="0" time="3.632">
    <testcase time="3.632" classname="character(0)" name="tbl_demographics_works"/>
  </testsuite>
  <testsuite name="tbl_demographics" timestamp="2025-05-28T00:18:15Z" hostname="90f796e3705f" tests="2" skipped="1" failures="0" errors="0" time="0.003">
    <testcase time="0.00199999999999978" classname="character(0)" name="tbl_demographics_add_overall_works"/>
    <testcase time="0.00100000000000033" classname="character(0)" name="tbl_demographics_add_overall_works">
      <skipped message="Reason: On CRAN ('test-tbl_demographics.R:40:3')"/>
    </testcase>
  </testsuite>
  <testsuite name="tbl_survfit_quantiles" timestamp="2025-05-28T00:18:16Z" hostname="90f796e3705f" tests="2" skipped="1" failures="0" errors="0" time="0.621">
    <testcase time="0.619" classname="character(0)" name="tbl_survfit_quantiles_works"/>
    <testcase time="0.00199999999999978" classname="character(0)" name="tbl_survfit_quantiles_works">
      <skipped message="Reason: On CRAN ('test-tbl_survfit_quantiles.R:13:3')"/>
    </testcase>
  </testsuite>
  <testsuite name="tbl_survfit_quantiles" timestamp="2025-05-28T00:18:16Z" hostname="90f796e3705f" tests="1" skipped="1" failures="0" errors="0" time="0.015">
    <testcase time="0.0150000000000006" classname="character(0)" name="tbl_survfit_quantiles_by_messaging">
      <skipped message="Reason: On CRAN ('test-tbl_survfit_quantiles.R:55:3')"/>
    </testcase>
  </testsuite>
  <testsuite name="tbl_survfit_quantiles" timestamp="2025-05-28T00:18:16Z" hostname="90f796e3705f" tests="1" skipped="1" failures="0" errors="0" time="0.022">
    <testcase time="0.0219999999999994" classname="character(0)" name="tbl_survfit_quantiles_estimate_fun_">
      <skipped message="Reason: On CRAN ('test-tbl_survfit_quantiles.R:75:3')"/>
    </testcase>
  </testsuite>
  <testsuite name="tbl_survfit_quantiles" timestamp="2025-05-28T00:18:16Z" hostname="90f796e3705f" tests="1" skipped="0" failures="0" errors="0" time="0.013">
    <testcase time="0.0130000000000008" classname="character(0)" name="tbl_survfit_quantiles_method.args_"/>
  </testsuite>
  <testsuite name="tbl_survfit_quantiles" timestamp="2025-05-28T00:18:16Z" hostname="90f796e3705f" tests="1" skipped="1" failures="0" errors="0" time="0.002">
    <testcase time="0.00199999999999978" classname="character(0)" name="add_overall.tbl_survfit_quantiles_works">
      <skipped message="Reason: On CRAN ('test-tbl_survfit_quantiles.R:111:3')"/>
    </testcase>
  </testsuite>
  <testsuite name="theme_gtsummary_roche" timestamp="2025-05-28T00:18:16Z" hostname="90f796e3705f" tests="1" skipped="1" failures="0" errors="0" time="0.473">
    <testcase time="0.473" classname="character(0)" name="theme_gtsummary_roche_works">
      <skipped message="Reason: On CRAN ('test-theme_gtsummary_roche.R:3:3')"/>
    </testcase>
  </testsuite>
  <testsuite name="theme_gtsummary_roche" timestamp="2025-05-28T00:18:16Z" hostname="90f796e3705f" tests="1" skipped="1" failures="0" errors="0" time="0.015">
    <testcase time="0.0149999999999997" classname="character(0)" name="theme_gtsummary_roche_adds_relevant_flextable_directives">
      <skipped message="Reason: On CRAN ('test-theme_gtsummary_roche.R:17:3')"/>
    </testcase>
  </testsuite>
  <testsuite name="theme_gtsummary_roche" timestamp="2025-05-28T00:18:16Z" hostname="90f796e3705f" tests="1" skipped="0" failures="0" errors="0" time="0.01">
    <testcase time="0.0100000000000007" classname="character(0)" name="theme_gtsummary_roche_no_errors_with_a_gt_print"/>
  </testsuite>
</testsuites>
