<?xml version="1.0" encoding="UTF-8"?>
<testsuites>
  <testsuite name="add_hierarchical_count_row" timestamp="2025-09-29T16:41:03Z" hostname="c1fcd1c53f12" tests="4" skipped="0" failures="0" errors="0" time="5.119">
    <testcase time="5.097" classname="character(0)" name="add_hierarchical_count_row_works"/>
    <testcase time="0.016" classname="character(0)" name="add_hierarchical_count_row_works"/>
    <testcase time="0.00600000000000023" classname="character(0)" name="add_hierarchical_count_row_works"/>
    <testcase time="0" classname="character(0)" name="add_hierarchical_count_row_works"/>
  </testsuite>
  <testsuite name="add_hierarchical_count_row" timestamp="2025-09-29T16:41:03Z" hostname="c1fcd1c53f12" tests="2" skipped="0" failures="0" errors="0" time="0.002">
    <testcase time="0.00199999999999978" classname="character(0)" name="add_hierarchical_count_row_data_preprocess_works"/>
    <testcase time="0" classname="character(0)" name="add_hierarchical_count_row_data_preprocess_works"/>
  </testsuite>
  <testsuite name="label_roche" timestamp="2025-09-29T16:41:03Z" hostname="c1fcd1c53f12" tests="1" skipped="0" failures="0" errors="0" time="0.094">
    <testcase time="0.0940000000000003" classname="character(0)" name="style_roche_pvalue_works"/>
  </testsuite>
  <testsuite name="label_roche" timestamp="2025-09-29T16:41:03Z" hostname="c1fcd1c53f12" tests="3" skipped="0" failures="0" errors="0" time="0.002">
    <testcase time="0.00100000000000033" classname="character(0)" name="style_roche_percent_works"/>
    <testcase time="0.000999999999999446" classname="character(0)" name="style_roche_percent_works"/>
    <testcase time="0" classname="character(0)" name="style_roche_percent_works"/>
  </testsuite>
  <testsuite name="label_roche" timestamp="2025-09-29T16:41:03Z" hostname="c1fcd1c53f12" tests="2" skipped="0" failures="0" errors="0" time="0.002">
    <testcase time="0.00199999999999978" classname="character(0)" name="style_roche_ratio_works"/>
    <testcase time="0" classname="character(0)" name="style_roche_ratio_works"/>
  </testsuite>
  <testsuite name="label_roche" timestamp="2025-09-29T16:41:03Z" hostname="c1fcd1c53f12" tests="2" skipped="0" failures="0" errors="0" time="0.002">
    <testcase time="0.00200000000000067" classname="character(0)" name="style_roche_number_works"/>
    <testcase time="0" classname="character(0)" name="style_roche_number_works"/>
  </testsuite>
  <testsuite name="add_blank_rows" timestamp="2025-09-29T16:41:04Z" hostname="c1fcd1c53f12" tests="1" skipped="0" failures="0" errors="0" time="1.061">
    <testcase time="1.061" classname="character(0)" name="add_blank_rows_works"/>
  </testsuite>
  <testsuite name="add_blank_rows" timestamp="2025-09-29T16:41:04Z" hostname="c1fcd1c53f12" tests="2" skipped="0" failures="0" errors="0" time="0.004">
    <testcase time="0.00300000000000011" classname="character(0)" name="add_blank_rows_variables_works"/>
    <testcase time="0.000999999999999446" classname="character(0)" name="add_blank_rows_variables_works"/>
  </testsuite>
  <testsuite name="add_blank_rows" timestamp="2025-09-29T16:41:04Z" hostname="c1fcd1c53f12" tests="1" skipped="0" failures="0" errors="0" time="0.003">
    <testcase time="0.00300000000000011" classname="character(0)" name="add_blank_rows_variables_grade_is_last_row_then_table_identical"/>
  </testsuite>
  <testsuite name="add_blank_rows" timestamp="2025-09-29T16:41:04Z" hostname="c1fcd1c53f12" tests="1" skipped="0" failures="0" errors="0" time="0.002">
    <testcase time="0.00199999999999978" classname="character(0)" name="add_blank_rows_variable_level_works"/>
  </testsuite>
  <testsuite name="add_blank_rows" timestamp="2025-09-29T16:41:04Z" hostname="c1fcd1c53f12" tests="1" skipped="0" failures="0" errors="0" time="0.003">
    <testcase time="0.00300000000000011" classname="character(0)" name="add_blank_rows_error_message"/>
  </testsuite>
  <testsuite name="add_blank_rows" timestamp="2025-09-29T16:41:04Z" hostname="c1fcd1c53f12" tests="2" skipped="0" failures="0" errors="0" time="0.003">
    <testcase time="0.00200000000000067" classname="character(0)" name="add_blank_rows_row_numbers_error"/>
    <testcase time="0.000999999999999446" classname="character(0)" name="add_blank_rows_row_numbers_error"/>
  </testsuite>
  <testsuite name="add_blank_rows" timestamp="2025-09-29T16:41:04Z" hostname="c1fcd1c53f12" tests="1" skipped="0" failures="0" errors="0" time="0.001">
    <testcase time="0.00100000000000033" classname="character(0)" name="add_blank_rows_errors_when_no_variable"/>
  </testsuite>
  <testsuite name="modify_zero_recode" timestamp="2025-09-29T16:41:05Z" hostname="c1fcd1c53f12" tests="2" skipped="0" failures="0" errors="0" time="1.009">
    <testcase time="1.008" classname="character(0)" name="modify_zero_recode_works"/>
    <testcase time="0.000999999999999446" classname="character(0)" name="modify_zero_recode_works"/>
  </testsuite>
  <testsuite name="modify_header_rm_md" timestamp="2025-09-29T16:41:06Z" hostname="c1fcd1c53f12" tests="2" skipped="0" failures="0" errors="0" time="0.321">
    <testcase time="0.320000000000001" classname="character(0)" name="strip_md_bold_works_with_gtsummary_table"/>
    <testcase time="0.000999999999999446" classname="character(0)" name="strip_md_bold_works_with_gtsummary_table"/>
  </testsuite>
  <testsuite name="tbl_hierarchical_rate_and_count" timestamp="2025-09-29T16:41:25Z" hostname="c1fcd1c53f12" tests="6" skipped="0" failures="0" errors="0" time="19.772">
    <testcase time="19.769" classname="character(0)" name="tbl_hierarchical_rate_and_count_works"/>
    <testcase time="0" classname="character(0)" name="tbl_hierarchical_rate_and_count_works"/>
    <testcase time="0.00100000000000122" classname="character(0)" name="tbl_hierarchical_rate_and_count_works"/>
    <testcase time="0" classname="character(0)" name="tbl_hierarchical_rate_and_count_works"/>
    <testcase time="0.000999999999997669" classname="character(0)" name="tbl_hierarchical_rate_and_count_works"/>
    <testcase time="0.00100000000000122" classname="character(0)" name="tbl_hierarchical_rate_and_count_works"/>
  </testsuite>
  <testsuite name="tbl_hierarchical_rate_and_count" timestamp="2025-09-29T16:41:25Z" hostname="c1fcd1c53f12" tests="2" skipped="0" failures="0" errors="0" time="0.002">
    <testcase time="0.00100000000000122" classname="character(0)" name="tbl_hierarchical_rate_and_count_sort_"/>
    <testcase time="0.000999999999997669" classname="character(0)" name="tbl_hierarchical_rate_and_count_sort_"/>
  </testsuite>
  <testsuite name="tbl_hierarchical_rate_and_count" timestamp="2025-09-29T16:41:25Z" hostname="c1fcd1c53f12" tests="1" skipped="0" failures="0" errors="0" time="0.001">
    <testcase time="0.00100000000000122" classname="character(0)" name="tbl_hierarchical_rate_and_count_digits_styling_defaults_to_gtsummary"/>
  </testsuite>
  <testsuite name="tbl_hierarchical_rate_and_count" timestamp="2025-09-29T16:41:25Z" hostname="c1fcd1c53f12" tests="2" skipped="0" failures="0" errors="0" time="0.002">
    <testcase time="0.00199999999999889" classname="character(0)" name="tbl_hierarchical_rate_and_count_works_only_with_2_or_3_variables"/>
    <testcase time="0" classname="character(0)" name="tbl_hierarchical_rate_and_count_works_only_with_2_or_3_variables"/>
  </testsuite>
  <testsuite name="tbl_baseline_chg" timestamp="2025-09-29T16:41:40Z" hostname="c1fcd1c53f12" tests="3" skipped="0" failures="1" errors="0" time="14.707">
    <testcase time="14.679" classname="character(0)" name="tbl_baseline_chg_works"/>
    <testcase time="0.00100000000000477" classname="character(0)" name="tbl_baseline_chg_works">
      <failure type="failure" message="Snapshot of code has changed: ('test-tbl_baseline_chg.R:23:3')">Snapshot of code has changed:
old[3:29] vs new[3:29]
  Output
           Visit  Value at Visit Change from Baseline Value at Visit.1 Change from Baseline.1
    1   Baseline            &lt;NA&gt;                 &lt;NA&gt;             &lt;NA&gt;                   &lt;NA&gt;
-   2          n               7                 &lt;NA&gt;                7                   &lt;NA&gt;
+   2     Week 2            &lt;NA&gt;                 &lt;NA&gt;             &lt;NA&gt;                   &lt;NA&gt;
-   3  Mean (SD)   141.14 (1.46)                 &lt;NA&gt;    139.14 (2.19)                   &lt;NA&gt;
+   3     Week 4            &lt;NA&gt;                 &lt;NA&gt;             &lt;NA&gt;                   &lt;NA&gt;
-   4     Median          141.00                 &lt;NA&gt;           139.00                   &lt;NA&gt;
+   4     Week 6            &lt;NA&gt;                 &lt;NA&gt;             &lt;NA&gt;                   &lt;NA&gt;
-   5  Min - Max 140.00 - 144.00                 &lt;NA&gt;  136.00 - 142.00                   &lt;NA&gt;
+   5     Week 8            &lt;NA&gt;                 &lt;NA&gt;             &lt;NA&gt;                   &lt;NA&gt;
-   6     Week 2            &lt;NA&gt;                 &lt;NA&gt;             &lt;NA&gt;                   &lt;NA&gt;
+   6    Week 12            &lt;NA&gt;                 &lt;NA&gt;             &lt;NA&gt;                   &lt;NA&gt;
-   7          n               7                    7                6                      6
+   7    Week 16            &lt;NA&gt;                 &lt;NA&gt;             &lt;NA&gt;                   &lt;NA&gt;
-   8  Mean (SD)   140.57 (1.62)           -0.6 (1.9)    138.83 (3.25)              0.2 (3.5)
+   8    Week 20            &lt;NA&gt;                 &lt;NA&gt;             &lt;NA&gt;                   &lt;NA&gt;
-   9     Median          141.00                 -1.0           140.50                    0.5
+   9    Week 24            &lt;NA&gt;                 &lt;NA&gt;             &lt;NA&gt;                   &lt;NA&gt;
-   10 Min - Max 138.00 - 142.00           -3.0 - 2.0  133.00 - 141.00             -5.0 - 5.0
+   10   Week 26            &lt;NA&gt;                 &lt;NA&gt;             &lt;NA&gt;                   &lt;NA&gt;
-   11    Week 4            &lt;NA&gt;                 &lt;NA&gt;             &lt;NA&gt;                   &lt;NA&gt;
+   11         n               7                 &lt;NA&gt;                7                   &lt;NA&gt;
    12         n               7                    7                6                      6
-   13 Mean (SD)   139.29 (2.81)         -1.86 (2.54)    139.83 (3.54)            1.17 (2.04)
+   13         n               7                    7                6                      6
-   14    Median          140.00                -1.00           138.50                   0.00
+   14         n               5                    5                6                      6
-   15 Min - Max 134.00 - 142.00         -7.00 - 0.00  138.00 - 147.00            0.00 - 5.00
+   15         n               5                    5                4                      4
-   16    Week 6            &lt;NA&gt;                 &lt;NA&gt;             &lt;NA&gt;                   &lt;NA&gt;
+   16         n               5                    5                4                      4
-   17         n               5                    5                6                      6
+   17         n               5                    5                4                      4
-   18 Mean (SD)   140.00 (1.87)         -0.40 (1.67)    139.67 (1.97)            1.00 (2.28)
+   18         n               5                    5                4                      4
-   19    Median          140.00                 0.00           139.00                   0.50
+   19         n               5                    5                4                      4
-   20 Min - Max 138.00 - 143.00         -2.00 - 2.00  138.00 - 143.00           -1.00 - 5.00
+   20         n               5                    5                4                      4
-   21    Week 8            &lt;NA&gt;                 &lt;NA&gt;             &lt;NA&gt;                   &lt;NA&gt;
+   21 Mean (SD)   141.14 (1.46)                 &lt;NA&gt;    139.14 (2.19)                   &lt;NA&gt;
-   22         n               5                    5                4                      4
+   22    Median          141.00                 &lt;NA&gt;           139.00                   &lt;NA&gt;
-   23 Mean (SD)   140.60 (1.52)          0.20 (1.64)    139.00 (2.16)           -0.50 (2.38)
+   23 Min - Max 140.00 - 144.00                 &lt;NA&gt;  136.00 - 142.00                   &lt;NA&gt;
-   24    Median          141.00                 1.00           139.50                  -0.50
+   24 Mean (SD)   140.57 (1.62)           -0.6 (1.9)    138.83 (3.25)              0.2 (3.5)
-   25 Min - Max 139.00 - 142.00         -2.00 - 2.00  136.00 - 141.00           -3.00 - 2.00
+   25    Median          141.00                 -1.0           140.50                    0.5

* Run `testthat::snapshot_accept('tbl_baseline_chg')` to accept the change.
* Run `testthat::snapshot_review('tbl_baseline_chg')` to interactively review the change.</failure>
    </testcase>
    <testcase time="0.027000000000001" classname="character(0)" name="tbl_baseline_chg_works"/>
  </testsuite>
  <testsuite name="tbl_baseline_chg" timestamp="2025-09-29T16:41:40Z" hostname="c1fcd1c53f12" tests="2" skipped="0" failures="1" errors="0" time="0.002">
    <testcase time="0.00199999999999534" classname="character(0)" name="tbl_baseline_chg_works_with_no_by_variable"/>
    <testcase time="0" classname="character(0)" name="tbl_baseline_chg_works_with_no_by_variable">
      <failure type="failure" message="Snapshot of code has changed: ('test-tbl_baseline_chg.R:53:3')">Snapshot of code has changed:
old[3:29] vs new[3:29]
  Output
           Visit  Value at Visit Change from Baseline
    1   Baseline            &lt;NA&gt;                 &lt;NA&gt;
-   2          n              20                 &lt;NA&gt;
+   2     Week 2            &lt;NA&gt;                 &lt;NA&gt;
-   3  Mean (SD)   139.95 (2.78)                 &lt;NA&gt;
+   3     Week 4            &lt;NA&gt;                 &lt;NA&gt;
-   4     Median          140.00                 &lt;NA&gt;
+   4     Week 6            &lt;NA&gt;                 &lt;NA&gt;
-   5  Min - Max 134.00 - 145.00                 &lt;NA&gt;
+   5     Week 8            &lt;NA&gt;                 &lt;NA&gt;
-   6     Week 2            &lt;NA&gt;                 &lt;NA&gt;
+   6    Week 12            &lt;NA&gt;                 &lt;NA&gt;
-   7          n              19                   19
+   7    Week 16            &lt;NA&gt;                 &lt;NA&gt;
-   8  Mean (SD)   139.68 (2.43)           -0.2 (2.9)
+   8    Week 20            &lt;NA&gt;                 &lt;NA&gt;
-   9     Median          140.00                 -1.0
+   9    Week 24            &lt;NA&gt;                 &lt;NA&gt;
-   10 Min - Max 133.00 - 142.00           -5.0 - 5.0
+   10   Week 26            &lt;NA&gt;                 &lt;NA&gt;
-   11    Week 4            &lt;NA&gt;                 &lt;NA&gt;
+   11         n              20                 &lt;NA&gt;
-   12         n              18                   18
+   12         n              19                   19
-   13 Mean (SD)   139.50 (2.64)         -0.50 (2.85)
+   13         n              18                   18
-   14    Median          139.50                 0.00
+   14         n              15                   15
-   15 Min - Max 134.00 - 147.00         -7.00 - 5.00
+   15         n              12                   12
-   16    Week 6            &lt;NA&gt;                 &lt;NA&gt;
+   16         n              11                   11
-   17         n              15                   15
+   17         n              11                   11
-   18 Mean (SD)   140.00 (2.00)          0.73 (3.10)
+   18         n              11                   11
-   19    Median          139.00                 0.00
+   19         n              11                   11
-   20 Min - Max 138.00 - 144.00         -5.00 - 7.00
+   20         n              11                   11
-   21    Week 8            &lt;NA&gt;                 &lt;NA&gt;
+   21 Mean (SD)   139.95 (2.78)                 &lt;NA&gt;
-   22         n              12                   12
+   22    Median          140.00                 &lt;NA&gt;
-   23 Mean (SD)   139.67 (2.02)         -0.08 (2.19)
+   23 Min - Max 134.00 - 145.00                 &lt;NA&gt;
-   24    Median          140.00                 1.00
+   24 Mean (SD)   139.68 (2.43)           -0.2 (2.9)
-   25 Min - Max 136.00 - 142.00         -4.00 - 2.00
+   25    Median          140.00                 -1.0

* Run `testthat::snapshot_accept('tbl_baseline_chg')` to accept the change.
* Run `testthat::snapshot_review('tbl_baseline_chg')` to interactively review the change.</failure>
    </testcase>
  </testsuite>
  <testsuite name="tbl_baseline_chg" timestamp="2025-09-29T16:41:40Z" hostname="c1fcd1c53f12" tests="2" skipped="0" failures="1" errors="0" time="0.018">
    <testcase time="0.0180000000000007" classname="character(0)" name="add_overall.tbl_baseline_chg_works"/>
    <testcase time="0" classname="character(0)" name="add_overall.tbl_baseline_chg_works">
      <failure type="failure" message="Snapshot of code has changed: ('test-tbl_baseline_chg.R:70:3')">Snapshot of code has changed:
old[3:29] vs new[3:29]
  Output
           Visit  Value at Visit Change from Baseline Value at Visit.1 Change from Baseline.1 Value at Visit.2 Change from Baseline.2
    1   Baseline            &lt;NA&gt;                 &lt;NA&gt;             &lt;NA&gt;                   &lt;NA&gt;             &lt;NA&gt;                   &lt;NA&gt;
-   2          n               7                 &lt;NA&gt;                6                   &lt;NA&gt;               20                   &lt;NA&gt;
+   2     Week 2            &lt;NA&gt;                 &lt;NA&gt;             &lt;NA&gt;                   &lt;NA&gt;             &lt;NA&gt;                   &lt;NA&gt;
-   3  Mean (SD)   139.14 (2.19)                 &lt;NA&gt;    139.50 (4.23)                   &lt;NA&gt;    139.95 (2.78)                   &lt;NA&gt;
+   3     Week 4            &lt;NA&gt;                 &lt;NA&gt;             &lt;NA&gt;                   &lt;NA&gt;             &lt;NA&gt;                   &lt;NA&gt;
-   4     Median          139.00                 &lt;NA&gt;           138.50                   &lt;NA&gt;           140.00                   &lt;NA&gt;
+   4     Week 6            &lt;NA&gt;                 &lt;NA&gt;             &lt;NA&gt;                   &lt;NA&gt;             &lt;NA&gt;                   &lt;NA&gt;
-   5  Min - Max 136.00 - 142.00                 &lt;NA&gt;  134.00 - 145.00                   &lt;NA&gt;  134.00 - 145.00                   &lt;NA&gt;
+   5     Week 8            &lt;NA&gt;                 &lt;NA&gt;             &lt;NA&gt;                   &lt;NA&gt;             &lt;NA&gt;                   &lt;NA&gt;
-   6     Week 2            &lt;NA&gt;                 &lt;NA&gt;             &lt;NA&gt;                   &lt;NA&gt;             &lt;NA&gt;                   &lt;NA&gt;
+   6    Week 12            &lt;NA&gt;                 &lt;NA&gt;             &lt;NA&gt;                   &lt;NA&gt;             &lt;NA&gt;                   &lt;NA&gt;
-   7          n               6                    6                6                      6               19                     19
+   7    Week 16            &lt;NA&gt;                 &lt;NA&gt;             &lt;NA&gt;                   &lt;NA&gt;             &lt;NA&gt;                   &lt;NA&gt;
-   8  Mean (SD)   138.83 (3.25)            0.2 (3.5)    139.50 (2.35)              0.0 (3.7)    139.68 (2.43)             -0.2 (2.9)
+   8    Week 20            &lt;NA&gt;                 &lt;NA&gt;             &lt;NA&gt;                   &lt;NA&gt;             &lt;NA&gt;                   &lt;NA&gt;
-   9     Median          140.50                  0.5           139.50                   -0.5           140.00                   -1.0
+   9    Week 24            &lt;NA&gt;                 &lt;NA&gt;             &lt;NA&gt;                   &lt;NA&gt;             &lt;NA&gt;                   &lt;NA&gt;
-   10 Min - Max 133.00 - 141.00           -5.0 - 5.0  136.00 - 142.00             -5.0 - 5.0  133.00 - 142.00             -5.0 - 5.0
+   10   Week 26            &lt;NA&gt;                 &lt;NA&gt;             &lt;NA&gt;                   &lt;NA&gt;             &lt;NA&gt;                   &lt;NA&gt;
-   11    Week 4            &lt;NA&gt;                 &lt;NA&gt;             &lt;NA&gt;                   &lt;NA&gt;             &lt;NA&gt;                   &lt;NA&gt;
+   11         n               7                 &lt;NA&gt;                6                   &lt;NA&gt;               20                   &lt;NA&gt;
-   12         n               6                    6                5                      5               18                     18
+   12         n               6                    6                6                      6               19                     19
-   13 Mean (SD)   139.83 (3.54)          1.17 (2.04)    139.40 (1.34)           -0.60 (3.51)    139.50 (2.64)           -0.50 (2.85)
+   13         n               6                    6                5                      5               18                     18
-   14    Median          138.50                 0.00           140.00                   0.00           139.50                   0.00
+   14         n               6                    6                4                      4               15                     15
-   15 Min - Max 138.00 - 147.00          0.00 - 5.00  138.00 - 141.00           -5.00 - 4.00  134.00 - 147.00           -7.00 - 5.00
+   15         n               4                    4                3                      3               12                     12
-   16    Week 6            &lt;NA&gt;                 &lt;NA&gt;             &lt;NA&gt;                   &lt;NA&gt;             &lt;NA&gt;                   &lt;NA&gt;
+   16         n               4                    4                2                      2               11                     11
-   17         n               6                    6                4                      4               15                     15
+   17         n               4                    4                2                      2               11                     11
-   18 Mean (SD)   139.67 (1.97)          1.00 (2.28)    140.50 (2.65)            1.75 (5.38)    140.00 (2.00)            0.73 (3.10)
+   18         n               4                    4                2                      2               11                     11
-   19    Median          139.00                 0.50           140.00                   2.50           139.00                   0.00
+   19         n               4                    4                2                      2               11                     11
-   20 Min - Max 138.00 - 143.00         -1.00 - 5.00  138.00 - 144.00           -5.00 - 7.00  138.00 - 144.00           -5.00 - 7.00
+   20         n               4                    4                2                      2               11                     11
-   21    Week 8            &lt;NA&gt;                 &lt;NA&gt;             &lt;NA&gt;                   &lt;NA&gt;             &lt;NA&gt;                   &lt;NA&gt;
+   21 Mean (SD)   139.14 (2.19)                 &lt;NA&gt;    139.50 (4.23)                   &lt;NA&gt;    139.95 (2.78)                   &lt;NA&gt;
-   22         n               4                    4                3                      3               12                     12
+   22    Median          139.00                 &lt;NA&gt;           138.50                   &lt;NA&gt;           140.00                   &lt;NA&gt;
-   23 Mean (SD)   139.00 (2.16)         -0.50 (2.38)    139.00 (2.65)            0.00 (3.46)    139.67 (2.02)           -0.08 (2.19)
+   23 Min - Max 136.00 - 142.00                 &lt;NA&gt;  134.00 - 145.00                   &lt;NA&gt;  134.00 - 145.00                   &lt;NA&gt;
-   24    Median          139.50                -0.50           140.00                   2.00           140.00                   1.00
+   24 Mean (SD)   138.83 (3.25)            0.2 (3.5)    139.50 (2.35)              0.0 (3.7)    139.68 (2.43)             -0.2 (2.9)
-   25 Min - Max 136.00 - 141.00         -3.00 - 2.00  136.00 - 141.00           -4.00 - 2.00  136.00 - 142.00           -4.00 - 2.00
+   25    Median          140.50                  0.5           139.50                   -0.5           140.00                   -1.0

* Run `testthat::snapshot_accept('tbl_baseline_chg')` to accept the change.
* Run `testthat::snapshot_review('tbl_baseline_chg')` to interactively review the change.</failure>
    </testcase>
  </testsuite>
  <testsuite name="tbl_baseline_chg" timestamp="2025-09-29T16:41:40Z" hostname="c1fcd1c53f12" tests="2" skipped="0" failures="0" errors="0" time="0.011">
    <testcase time="0.0110000000000028" classname="character(0)" name="add_overall.tbl_baseline_chg_messaging"/>
    <testcase time="0" classname="character(0)" name="add_overall.tbl_baseline_chg_messaging"/>
  </testsuite>
  <testsuite name="tbl_baseline_chg" timestamp="2025-09-29T16:41:40Z" hostname="c1fcd1c53f12" tests="4" skipped="0" failures="0" errors="0" time="0.003">
    <testcase time="0.00199999999999534" classname="character(0)" name="tbl_baseline_chg_throws_error_when_required_arguments_are_missing"/>
    <testcase time="0" classname="character(0)" name="tbl_baseline_chg_throws_error_when_required_arguments_are_missing"/>
    <testcase time="0.00100000000000477" classname="character(0)" name="tbl_baseline_chg_throws_error_when_required_arguments_are_missing"/>
    <testcase time="0" classname="character(0)" name="tbl_baseline_chg_throws_error_when_required_arguments_are_missing"/>
  </testsuite>
  <testsuite name="tbl_baseline_chg" timestamp="2025-09-29T16:41:40Z" hostname="c1fcd1c53f12" tests="1" skipped="0" failures="0" errors="0" time="0.002">
    <testcase time="0.00199999999999534" classname="character(0)" name="tbl_baseline_chg_messaging"/>
  </testsuite>
  <testsuite name="tbl_baseline_chg" timestamp="2025-09-29T16:41:40Z" hostname="c1fcd1c53f12" tests="1" skipped="0" failures="0" errors="0" time="0.001">
    <testcase time="0.00100000000000477" classname="character(0)" name="gather_ard_works_on_output_table"/>
  </testsuite>
  <testsuite name="tbl_listing" timestamp="2025-09-29T16:41:41Z" hostname="c1fcd1c53f12" tests="1" skipped="0" failures="0" errors="0" time="0.719">
    <testcase time="0.719000000000001" classname="character(0)" name="tbl_listing_works_with_default_values"/>
  </testsuite>
  <testsuite name="tbl_listing" timestamp="2025-09-29T16:41:41Z" hostname="c1fcd1c53f12" tests="2" skipped="0" failures="0" errors="0" time="0.002">
    <testcase time="0.00199999999999534" classname="character(0)" name="tbl_listing_hide_duplicate_keys_FALSE_works_with_standard_values"/>
    <testcase time="0" classname="character(0)" name="tbl_listing_hide_duplicate_keys_FALSE_works_with_standard_values"/>
  </testsuite>
  <testsuite name="tbl_listing" timestamp="2025-09-29T16:41:41Z" hostname="c1fcd1c53f12" tests="3" skipped="0" failures="0" errors="0" time="0.002">
    <testcase time="0.00200000000000244" classname="character(0)" name="tbl_listing_add_blanks_rows_works_with_standard_values"/>
    <testcase time="0" classname="character(0)" name="tbl_listing_add_blanks_rows_works_with_standard_values"/>
    <testcase time="0" classname="character(0)" name="tbl_listing_add_blanks_rows_works_with_standard_values"/>
  </testsuite>
  <testsuite name="tbl_listing" timestamp="2025-09-29T16:41:41Z" hostname="c1fcd1c53f12" tests="3" skipped="0" failures="0" errors="0" time="0.003">
    <testcase time="0.00200000000000244" classname="character(0)" name="tbl_listing_split_by_rows_works_with_standard_values"/>
    <testcase time="0" classname="character(0)" name="tbl_listing_split_by_rows_works_with_standard_values"/>
    <testcase time="0.000999999999997669" classname="character(0)" name="tbl_listing_split_by_rows_works_with_standard_values"/>
  </testsuite>
  <testsuite name="tbl_listing" timestamp="2025-09-29T16:41:41Z" hostname="c1fcd1c53f12" tests="3" skipped="0" failures="0" errors="0" time="0.002">
    <testcase time="0.000999999999997669" classname="character(0)" name="tbl_listing_split_by_rows_add_blank_rows_works_with_standard_values"/>
    <testcase time="0.00100000000000477" classname="character(0)" name="tbl_listing_split_by_rows_add_blank_rows_works_with_standard_values"/>
    <testcase time="0" classname="character(0)" name="tbl_listing_split_by_rows_add_blank_rows_works_with_standard_values"/>
  </testsuite>
  <testsuite name="tbl_listing" timestamp="2025-09-29T16:41:41Z" hostname="c1fcd1c53f12" tests="3" skipped="0" failures="0" errors="0" time="0.003">
    <testcase time="0.00199999999999534" classname="character(0)" name="tbl_listing_split_by_columns_works_with_standard_values"/>
    <testcase time="0" classname="character(0)" name="tbl_listing_split_by_columns_works_with_standard_values"/>
    <testcase time="0.00100000000000477" classname="character(0)" name="tbl_listing_split_by_columns_works_with_standard_values"/>
  </testsuite>
  <testsuite name="tbl_listing" timestamp="2025-09-29T16:41:41Z" hostname="c1fcd1c53f12" tests="5" skipped="0" failures="0" errors="0" time="0.004">
    <testcase time="0.000999999999997669" classname="character(0)" name="tbl_listing_split_by_rows_split_by_columns_works_with_standard_values"/>
    <testcase time="0.000999999999997669" classname="character(0)" name="tbl_listing_split_by_rows_split_by_columns_works_with_standard_values"/>
    <testcase time="0.00100000000000477" classname="character(0)" name="tbl_listing_split_by_rows_split_by_columns_works_with_standard_values"/>
    <testcase time="0" classname="character(0)" name="tbl_listing_split_by_rows_split_by_columns_works_with_standard_values"/>
    <testcase time="0.000999999999997669" classname="character(0)" name="tbl_listing_split_by_rows_split_by_columns_works_with_standard_values"/>
  </testsuite>
  <testsuite name="tbl_roche_summary" timestamp="2025-09-29T16:41:47Z" hostname="c1fcd1c53f12" tests="1" skipped="0" failures="0" errors="0" time="6.561">
    <testcase time="6.561" classname="character(0)" name="tbl_roche_summary_works"/>
  </testsuite>
  <testsuite name="tbl_roche_summary" timestamp="2025-09-29T16:41:47Z" hostname="c1fcd1c53f12" tests="3" skipped="0" failures="2" errors="0" time="0.028">
    <testcase time="0.00300000000000011" classname="character(0)" name="tbl_roche_summary_add_overall_works">
      <failure type="failure" message="as.data.frame(...) (`actual`) not equal to as.data.frame(...) (`expected`). ('test-tbl_roche_summary.R:16:3')">as.data.frame(...) (`actual`) not equal to as.data.frame(...) (`expected`).

actual vs expected
                          All Participants  
(N = 200) Drug A  
(N = 98) Drug B  
(N = 102)
  actual[1, ]   Age                          NA                 NA                  NA        
- actual[2, ]   Grade                        NA                 NA                  NA        
+ expected[2, ] Mean (SD)                    47 (14)            47 (15)             47 (14)   
- actual[3, ]   Mean (SD)                    47 (14)            47 (15)             47 (14)   
+ expected[3, ] Median                       47                 46                  48        
- actual[4, ]   Median                       47                 46                  48        
+ expected[4, ] Min - Max                    6 - 83             6 - 78              9 - 83    
- actual[5, ]   Min - Max                    6 - 83             6 - 78              9 - 83    
+ expected[5, ] Grade                        NA                 NA                  NA        
  actual[6, ]   I                            68 (34.0%)         35 (35.7%)          33 (32.4%)
  actual[7, ]   II                           68 (34.0%)         32 (32.7%)          36 (35.3%)
  actual[8, ]   III                          64 (32.0%)         31 (31.6%)          33 (32.4%)

    actual[[1]] | expected[[1]]    
[1] "Age"       | "Age"         [1]
[2] "Grade"     - "Mean (SD)"   [2]
[3] "Mean (SD)" - "Median"      [3]
[4] "Median"    - "Min - Max"   [4]
[5] "Min - Max" - "Grade"       [5]
[6] "I"         | "I"           [6]
[7] "II"        | "II"          [7]
[8] "III"       | "III"         [8]

    actual[[2]]  | expected[[2]]    
[1] NA           | NA            [1]
[2] NA           - "47 (14)"     [2]
[3] "47 (14)"    - "47"          [3]
[4] "47"         - "6 - 83"      [4]
[5] "6 - 83"     - NA            [5]
[6] "68 (34.0%)" | "68 (34.0%)"  [6]
[7] "68 (34.0%)" | "68 (34.0%)"  [7]
[8] "64 (32.0%)" | "64 (32.0%)"  [8]

    actual[[3]]  | expected[[3]]    
[1] NA           | NA            [1]
[2] NA           - "47 (15)"     [2]
[3] "47 (15)"    - "46"          [3]
[4] "46"         - "6 - 78"      [4]
[5] "6 - 78"     - NA            [5]
[6] "35 (35.7%)" | "35 (35.7%)"  [6]
[7] "32 (32.7%)" | "32 (32.7%)"  [7]
[8] "31 (31.6%)" | "31 (31.6%)"  [8]

    actual[[4]]  | expected[[4]]    
[1] NA           | NA            [1]
[2] NA           - "47 (14)"     [2]
[3] "47 (14)"    - "48"          [3]
[4] "48"         - "9 - 83"      [4]
[5] "9 - 83"     - NA            [5]
[6] "33 (32.4%)" | "33 (32.4%)"  [6]
[7] "36 (35.3%)" | "36 (35.3%)"  [7]
[8] "33 (32.4%)" | "33 (32.4%)"  [8]</failure>
    </testcase>
    <testcase time="0.0159999999999982" classname="character(0)" name="tbl_roche_summary_add_overall_works">
      <failure type="failure" message="Snapshot of code has changed: ('test-tbl_roche_summary.R:41:3')">Snapshot of code has changed:
old[3:14] vs new[3:14]
  Output
                 All Participants  \n(N = 200) Drug A  \n(N = 98) Drug B  \n(N = 102)
    1        Age                          &lt;NA&gt;               &lt;NA&gt;                &lt;NA&gt;
-   2          n                           189                 91                  98
+   2      Grade                          &lt;NA&gt;               &lt;NA&gt;                &lt;NA&gt;
-   3  Mean (SD)                       47 (14)            47 (15)             47 (14)
+   3          n                           189                 91                  98
-   4     Median                            47                 46                  48
+   4          n                           200                 98                 102
-   5  Min - Max                        6 - 83             6 - 78              9 - 83
+   5  Mean (SD)                       47 (14)            47 (15)             47 (14)
-   6      Grade                          &lt;NA&gt;               &lt;NA&gt;                &lt;NA&gt;
+   6     Median                            47                 46                  48
-   7          n                           200                 98                 102
+   7  Min - Max                        6 - 83             6 - 78              9 - 83
    8          I                    68 (34.0%)         35 (35.7%)          33 (32.4%)
    9         II                    68 (34.0%)         32 (32.7%)          36 (35.3%)
    10       III                    64 (32.0%)         31 (31.6%)          33 (32.4%)

* Run `testthat::snapshot_accept('tbl_roche_summary')` to accept the change.
* Run `testthat::snapshot_review('tbl_roche_summary')` to interactively review the change.</failure>
    </testcase>
    <testcase time="0.00900000000000034" classname="character(0)" name="tbl_roche_summary_add_overall_works"/>
  </testsuite>
  <testsuite name="tbl_roche_summary" timestamp="2025-09-29T16:41:47Z" hostname="c1fcd1c53f12" tests="1" skipped="0" failures="0" errors="0" time="0.002">
    <testcase time="0.00200000000000244" classname="character(0)" name="tbl_roche_summary_recode_counts_for_all_NA_column"/>
  </testsuite>
  <testsuite name="tbl_shift" timestamp="2025-09-29T16:42:10Z" hostname="c1fcd1c53f12" tests="4" skipped="0" failures="0" errors="0" time="22.242">
    <testcase time="22.239" classname="character(0)" name="tbl_shift_strata_location_"/>
    <testcase time="0.000999999999990564" classname="character(0)" name="tbl_shift_strata_location_"/>
    <testcase time="0.00100000000000477" classname="character(0)" name="tbl_shift_strata_location_"/>
    <testcase time="0.00100000000000477" classname="character(0)" name="tbl_shift_strata_location_"/>
  </testsuite>
  <testsuite name="tbl_shift" timestamp="2025-09-29T16:42:10Z" hostname="c1fcd1c53f12" tests="1" skipped="0" failures="0" errors="0" time="0.003">
    <testcase time="0.00300000000000011" classname="character(0)" name="tbl_shift_by_messaging"/>
  </testsuite>
  <testsuite name="tbl_shift" timestamp="2025-09-29T16:42:10Z" hostname="c1fcd1c53f12" tests="1" skipped="0" failures="0" errors="0" time="0.002">
    <testcase time="0.00199999999999534" classname="character(0)" name="tbl_shift_data_header_messaging"/>
  </testsuite>
  <testsuite name="tbl_shift" timestamp="2025-09-29T16:42:10Z" hostname="c1fcd1c53f12" tests="4" skipped="0" failures="0" errors="0" time="0.007">
    <testcase time="0.00199999999999534" classname="character(0)" name="add_overall.tbl_shift_"/>
    <testcase time="0.00100000000000477" classname="character(0)" name="add_overall.tbl_shift_"/>
    <testcase time="0.000999999999990564" classname="character(0)" name="add_overall.tbl_shift_"/>
    <testcase time="0.00300000000000011" classname="character(0)" name="add_overall.tbl_shift_"/>
  </testsuite>
  <testsuite name="tbl_shift" timestamp="2025-09-29T16:42:10Z" hostname="c1fcd1c53f12" tests="2" skipped="0" failures="0" errors="0" time="0.002">
    <testcase time="0.00200000000000955" classname="character(0)" name="add_overall.tbl_shift_messaging"/>
    <testcase time="0" classname="character(0)" name="add_overall.tbl_shift_messaging"/>
  </testsuite>
  <testsuite name="tbl_shift" timestamp="2025-09-29T16:42:10Z" hostname="c1fcd1c53f12" tests="2" skipped="0" failures="0" errors="0" time="0.002">
    <testcase time="0.00199999999999534" classname="character(0)" name="add_overall.tbl_shift_strata_NULL_messaging"/>
    <testcase time="0" classname="character(0)" name="add_overall.tbl_shift_strata_NULL_messaging"/>
  </testsuite>
  <testsuite name="tbl_survfit_quantiles" timestamp="2025-09-29T16:42:16Z" hostname="c1fcd1c53f12" tests="7" skipped="0" failures="0" errors="0" time="6.305">
    <testcase time="6.3" classname="character(0)" name="tbl_survfit_quantiles_works"/>
    <testcase time="0.00100000000000477" classname="character(0)" name="tbl_survfit_quantiles_works"/>
    <testcase time="0.00100000000000477" classname="character(0)" name="tbl_survfit_quantiles_works"/>
    <testcase time="0" classname="character(0)" name="tbl_survfit_quantiles_works"/>
    <testcase time="0.000999999999990564" classname="character(0)" name="tbl_survfit_quantiles_works"/>
    <testcase time="0.00100000000000477" classname="character(0)" name="tbl_survfit_quantiles_works"/>
    <testcase time="0.00100000000000477" classname="character(0)" name="tbl_survfit_quantiles_works"/>
  </testsuite>
  <testsuite name="tbl_survfit_quantiles" timestamp="2025-09-29T16:42:16Z" hostname="c1fcd1c53f12" tests="2" skipped="0" failures="0" errors="0" time="0.003">
    <testcase time="0.00199999999999534" classname="character(0)" name="tbl_survfit_quantiles_by_messaging"/>
    <testcase time="0.00100000000000477" classname="character(0)" name="tbl_survfit_quantiles_by_messaging"/>
  </testsuite>
  <testsuite name="tbl_survfit_quantiles" timestamp="2025-09-29T16:42:16Z" hostname="c1fcd1c53f12" tests="1" skipped="0" failures="0" errors="0" time="0.002">
    <testcase time="0.00199999999999534" classname="character(0)" name="tbl_survfit_quantiles_estimate_fun_"/>
  </testsuite>
  <testsuite name="tbl_survfit_quantiles" timestamp="2025-09-29T16:42:16Z" hostname="c1fcd1c53f12" tests="1" skipped="0" failures="0" errors="0" time="0.003">
    <testcase time="0.00300000000000011" classname="character(0)" name="tbl_survfit_quantiles_method.args_"/>
  </testsuite>
  <testsuite name="tbl_survfit_quantiles" timestamp="2025-09-29T16:42:16Z" hostname="c1fcd1c53f12" tests="1" skipped="0" failures="0" errors="0" time="0.001">
    <testcase time="0.00100000000000477" classname="character(0)" name="add_overall.tbl_survfit_quantiles_works"/>
  </testsuite>
  <testsuite name="tbl_survfit_times" timestamp="2025-09-29T16:42:20Z" hostname="c1fcd1c53f12" tests="7" skipped="0" failures="0" errors="0" time="3.653">
    <testcase time="3.64999999999999" classname="character(0)" name="tbl_survfit_times_works"/>
    <testcase time="0.00100000000000477" classname="character(0)" name="tbl_survfit_times_works"/>
    <testcase time="0" classname="character(0)" name="tbl_survfit_times_works"/>
    <testcase time="0.000999999999990564" classname="character(0)" name="tbl_survfit_times_works"/>
    <testcase time="0" classname="character(0)" name="tbl_survfit_times_works"/>
    <testcase time="0.00100000000000477" classname="character(0)" name="tbl_survfit_times_works"/>
    <testcase time="0" classname="character(0)" name="tbl_survfit_times_works"/>
  </testsuite>
  <testsuite name="tbl_survfit_times" timestamp="2025-09-29T16:42:20Z" hostname="c1fcd1c53f12" tests="2" skipped="0" failures="0" errors="0" time="0.002">
    <testcase time="0.00199999999999534" classname="character(0)" name="tbl_survfit_times_by_messaging"/>
    <testcase time="0" classname="character(0)" name="tbl_survfit_times_by_messaging"/>
  </testsuite>
  <testsuite name="tbl_survfit_times" timestamp="2025-09-29T16:42:20Z" hostname="c1fcd1c53f12" tests="1" skipped="0" failures="0" errors="0" time="0.005">
    <testcase time="0.00500000000000966" classname="character(0)" name="add_overall.tbl_survfit_times_works"/>
  </testsuite>
  <testsuite name="theme_gtsummary_roche" timestamp="2025-09-29T16:42:23Z" hostname="c1fcd1c53f12" tests="1" skipped="0" failures="0" errors="0" time="3.217">
    <testcase time="3.217" classname="character(0)" name="theme_gtsummary_roche_works"/>
  </testsuite>
  <testsuite name="theme_gtsummary_roche" timestamp="2025-09-29T16:42:23Z" hostname="c1fcd1c53f12" tests="1" skipped="0" failures="0" errors="0" time="0.001">
    <testcase time="0.00100000000000477" classname="character(0)" name="theme_gtsummary_roche_adds_relevant_flextable_directives"/>
  </testsuite>
  <testsuite name="theme_gtsummary_roche" timestamp="2025-09-29T16:42:23Z" hostname="c1fcd1c53f12" tests="1" skipped="0" failures="0" errors="0" time="0.002">
    <testcase time="0.00199999999999534" classname="character(0)" name="theme_gtsummary_roche_no_errors_with_a_gt_print"/>
  </testsuite>
  <testsuite name="theme_gtsummary_roche" timestamp="2025-09-29T16:42:23Z" hostname="c1fcd1c53f12" tests="7" skipped="0" failures="0" errors="0" time="0.005">
    <testcase time="0.00199999999999534" classname="character(0)" name="theme_gtsummary_roche_styles_tbl_hierarchical_results"/>
    <testcase time="0" classname="character(0)" name="theme_gtsummary_roche_styles_tbl_hierarchical_results"/>
    <testcase time="0.00100000000000477" classname="character(0)" name="theme_gtsummary_roche_styles_tbl_hierarchical_results"/>
    <testcase time="0" classname="character(0)" name="theme_gtsummary_roche_styles_tbl_hierarchical_results"/>
    <testcase time="0.000999999999990564" classname="character(0)" name="theme_gtsummary_roche_styles_tbl_hierarchical_results"/>
    <testcase time="0" classname="character(0)" name="theme_gtsummary_roche_styles_tbl_hierarchical_results"/>
    <testcase time="0.00100000000000477" classname="character(0)" name="theme_gtsummary_roche_styles_tbl_hierarchical_results"/>
  </testsuite>
  <testsuite name="tbl_hierarchical_rate_by_grade" timestamp="2025-09-29T16:42:30Z" hostname="c1fcd1c53f12" tests="7" skipped="0" failures="0" errors="0" time="6.901">
    <testcase time="6.898" classname="character(0)" name="tbl_hierarchical_rate_by_grade_works"/>
    <testcase time="0.00100000000000477" classname="character(0)" name="tbl_hierarchical_rate_by_grade_works"/>
    <testcase time="0" classname="character(0)" name="tbl_hierarchical_rate_by_grade_works"/>
    <testcase time="0.00100000000000477" classname="character(0)" name="tbl_hierarchical_rate_by_grade_works"/>
    <testcase time="0" classname="character(0)" name="tbl_hierarchical_rate_by_grade_works"/>
    <testcase time="0.000999999999990564" classname="character(0)" name="tbl_hierarchical_rate_by_grade_works"/>
    <testcase time="0" classname="character(0)" name="tbl_hierarchical_rate_by_grade_works"/>
  </testsuite>
  <testsuite name="tbl_hierarchical_rate_by_grade" timestamp="2025-09-29T16:42:30Z" hostname="c1fcd1c53f12" tests="4" skipped="0" failures="0" errors="0" time="0.003">
    <testcase time="0.00200000000000955" classname="character(0)" name="tbl_hierarchical_rate_by_grade_include_overall_works"/>
    <testcase time="0" classname="character(0)" name="tbl_hierarchical_rate_by_grade_include_overall_works"/>
    <testcase time="0.000999999999990564" classname="character(0)" name="tbl_hierarchical_rate_by_grade_include_overall_works"/>
    <testcase time="0" classname="character(0)" name="tbl_hierarchical_rate_by_grade_include_overall_works"/>
  </testsuite>
  <testsuite name="tbl_hierarchical_rate_by_grade" timestamp="2025-09-29T16:42:30Z" hostname="c1fcd1c53f12" tests="2" skipped="0" failures="0" errors="0" time="0.002">
    <testcase time="0.00200000000000955" classname="character(0)" name="tbl_hierarchical_rate_by_grade_works_with_add_overall_"/>
    <testcase time="0" classname="character(0)" name="tbl_hierarchical_rate_by_grade_works_with_add_overall_"/>
  </testsuite>
  <testsuite name="tbl_hierarchical_rate_by_grade" timestamp="2025-09-29T16:42:30Z" hostname="c1fcd1c53f12" tests="5" skipped="0" failures="0" errors="0" time="0.003">
    <testcase time="0.00199999999999534" classname="character(0)" name="tbl_hierarchical_rate_by_grade_sort_works"/>
    <testcase time="0" classname="character(0)" name="tbl_hierarchical_rate_by_grade_sort_works"/>
    <testcase time="0" classname="character(0)" name="tbl_hierarchical_rate_by_grade_sort_works"/>
    <testcase time="0.000999999999990564" classname="character(0)" name="tbl_hierarchical_rate_by_grade_sort_works"/>
    <testcase time="0" classname="character(0)" name="tbl_hierarchical_rate_by_grade_sort_works"/>
  </testsuite>
  <testsuite name="tbl_hierarchical_rate_by_grade" timestamp="2025-09-29T16:42:30Z" hostname="c1fcd1c53f12" tests="4" skipped="0" failures="0" errors="0" time="0.003">
    <testcase time="0.00200000000000955" classname="character(0)" name="tbl_hierarchical_rate_by_grade_filter_works"/>
    <testcase time="0" classname="character(0)" name="tbl_hierarchical_rate_by_grade_filter_works"/>
    <testcase time="0.000999999999990564" classname="character(0)" name="tbl_hierarchical_rate_by_grade_filter_works"/>
    <testcase time="0" classname="character(0)" name="tbl_hierarchical_rate_by_grade_filter_works"/>
  </testsuite>
  <testsuite name="tbl_hierarchical_rate_by_grade" timestamp="2025-09-29T16:42:30Z" hostname="c1fcd1c53f12" tests="1" skipped="0" failures="0" errors="0" time="0.004">
    <testcase time="0.00400000000000489" classname="character(0)" name="tbl_hierarchical_rate_by_grade_works_with_non_factor_grade_variables"/>
  </testsuite>
  <testsuite name="tbl_hierarchical_rate_by_grade" timestamp="2025-09-29T16:42:30Z" hostname="c1fcd1c53f12" tests="1" skipped="0" failures="0" errors="0" time="0.001">
    <testcase time="0.00100000000000477" classname="character(0)" name="tbl_hierarchical_rate_by_grade_grade_groups_works_with_some_grades_not_in_groups"/>
  </testsuite>
  <testsuite name="tbl_hierarchical_rate_by_grade" timestamp="2025-09-29T16:42:30Z" hostname="c1fcd1c53f12" tests="4" skipped="0" failures="0" errors="0" time="0.003">
    <testcase time="0.00199999999999534" classname="character(0)" name="tbl_hierarchical_rate_by_grade_grades_exclude_works"/>
    <testcase time="0" classname="character(0)" name="tbl_hierarchical_rate_by_grade_grades_exclude_works"/>
    <testcase time="0.00100000000000477" classname="character(0)" name="tbl_hierarchical_rate_by_grade_grades_exclude_works"/>
    <testcase time="0" classname="character(0)" name="tbl_hierarchical_rate_by_grade_grades_exclude_works"/>
  </testsuite>
  <testsuite name="tbl_hierarchical_rate_by_grade" timestamp="2025-09-29T16:42:30Z" hostname="c1fcd1c53f12" tests="3" skipped="0" failures="0" errors="0" time="0.003">
    <testcase time="0.00199999999999534" classname="character(0)" name="tbl_hierarchical_rate_by_grade_keep_zero_rows_works"/>
    <testcase time="0" classname="character(0)" name="tbl_hierarchical_rate_by_grade_keep_zero_rows_works"/>
    <testcase time="0.00100000000000477" classname="character(0)" name="tbl_hierarchical_rate_by_grade_keep_zero_rows_works"/>
  </testsuite>
  <testsuite name="tbl_hierarchical_rate_by_grade" timestamp="2025-09-29T16:42:30Z" hostname="c1fcd1c53f12" tests="4" skipped="0" failures="0" errors="0" time="0.003">
    <testcase time="0.00199999999999534" classname="character(0)" name="tbl_hierarchical_rate_by_grade_error_messaging_works"/>
    <testcase time="0" classname="character(0)" name="tbl_hierarchical_rate_by_grade_error_messaging_works"/>
    <testcase time="0.00100000000000477" classname="character(0)" name="tbl_hierarchical_rate_by_grade_error_messaging_works"/>
    <testcase time="0" classname="character(0)" name="tbl_hierarchical_rate_by_grade_error_messaging_works"/>
  </testsuite>
</testsuites>
