<?xml version="1.0" encoding="UTF-8"?>
<testsuites>
  <testsuite name="add_blank_row" timestamp="2025-06-11T00:09:52Z" hostname="9c25679e440e" tests="1" skipped="0" failures="0" errors="0" time="1.833">
    <testcase time="1.833" classname="character(0)" name="add_blank_row_works"/>
  </testsuite>
  <testsuite name="add_blank_row" timestamp="2025-06-11T00:09:52Z" hostname="9c25679e440e" tests="1" skipped="0" failures="0" errors="0" time="0.055">
    <testcase time="0.0549999999999997" classname="character(0)" name="add_blank_row_messaging"/>
  </testsuite>
  <testsuite name="roche_pvalue" timestamp="2025-06-11T00:09:52Z" hostname="9c25679e440e" tests="1" skipped="0" failures="0" errors="0" time="0.144">
    <testcase time="0.144" classname="character(0)" name="roche_pvalue_works"/>
  </testsuite>
  <testsuite name="add_hierarchical_count_row" timestamp="2025-06-11T00:09:52Z" hostname="9c25679e440e" tests="1" skipped="0" failures="0" errors="0" time="0.302">
    <testcase time="0.302" classname="character(0)" name="add_hierarchical_count_row_works"/>
  </testsuite>
  <testsuite name="strip_md" timestamp="2025-06-11T00:09:54Z" hostname="9c25679e440e" tests="3" skipped="0" failures="0" errors="0" time="2.163">
    <testcase time="2.161" classname="character(0)" name="strip_md_bold_works_with_character_vector"/>
    <testcase time="0.00100000000000033" classname="character(0)" name="strip_md_bold_works_with_character_vector"/>
    <testcase time="0.000999999999999446" classname="character(0)" name="strip_md_bold_works_with_character_vector"/>
  </testsuite>
  <testsuite name="strip_md" timestamp="2025-06-11T00:09:54Z" hostname="9c25679e440e" tests="3" skipped="0" failures="0" errors="0" time="0.005">
    <testcase time="0.00300000000000011" classname="character(0)" name="strip_md_italic_works"/>
    <testcase time="0.00100000000000033" classname="character(0)" name="strip_md_italic_works"/>
    <testcase time="0.000999999999999446" classname="character(0)" name="strip_md_italic_works"/>
  </testsuite>
  <testsuite name="strip_md" timestamp="2025-06-11T00:09:54Z" hostname="9c25679e440e" tests="2" skipped="0" failures="0" errors="0" time="0.003">
    <testcase time="0.00200000000000067" classname="character(0)" name="strip_md_bold_works_with_gtsummary_table"/>
    <testcase time="0.000999999999999446" classname="character(0)" name="strip_md_bold_works_with_gtsummary_table"/>
  </testsuite>
  <testsuite name="tbl_demographics" timestamp="2025-06-11T00:09:58Z" hostname="9c25679e440e" tests="1" skipped="0" failures="0" errors="0" time="4.146">
    <testcase time="4.146" classname="character(0)" name="tbl_demographics_works"/>
  </testsuite>
  <testsuite name="tbl_demographics" timestamp="2025-06-11T00:09:58Z" hostname="9c25679e440e" tests="3" skipped="0" failures="0" errors="0" time="0.003">
    <testcase time="0.00200000000000067" classname="character(0)" name="tbl_demographics_add_overall_works"/>
    <testcase time="0" classname="character(0)" name="tbl_demographics_add_overall_works"/>
    <testcase time="0.000999999999999446" classname="character(0)" name="tbl_demographics_add_overall_works"/>
  </testsuite>
  <testsuite name="tbl_demographics" timestamp="2025-06-11T00:09:58Z" hostname="9c25679e440e" tests="1" skipped="0" failures="0" errors="0" time="0.002">
    <testcase time="0.00200000000000067" classname="character(0)" name="tbl_demographics_recode_counts_for_all_NA_column"/>
  </testsuite>
  <testsuite name="tbl_hierarchical_rate_and_count" timestamp="2025-06-11T00:10:03Z" hostname="9c25679e440e" tests="7" skipped="0" failures="0" errors="0" time="5.064">
    <testcase time="5.06" classname="character(0)" name="tbl_hierarchical_rate_and_count_works"/>
    <testcase time="0.000999999999999446" classname="character(0)" name="tbl_hierarchical_rate_and_count_works"/>
    <testcase time="0" classname="character(0)" name="tbl_hierarchical_rate_and_count_works"/>
    <testcase time="0.000999999999999446" classname="character(0)" name="tbl_hierarchical_rate_and_count_works"/>
    <testcase time="0.00100000000000122" classname="character(0)" name="tbl_hierarchical_rate_and_count_works"/>
    <testcase time="0" classname="character(0)" name="tbl_hierarchical_rate_and_count_works"/>
    <testcase time="0.000999999999999446" classname="character(0)" name="tbl_hierarchical_rate_and_count_works"/>
  </testsuite>
  <testsuite name="tbl_hierarchical_rate_and_count" timestamp="2025-06-11T00:10:03Z" hostname="9c25679e440e" tests="2" skipped="0" failures="0" errors="0" time="0.003">
    <testcase time="0.00199999999999889" classname="character(0)" name="tbl_hierarchical_rate_and_count_sort_"/>
    <testcase time="0.00100000000000122" classname="character(0)" name="tbl_hierarchical_rate_and_count_sort_"/>
  </testsuite>
  <testsuite name="tbl_survfit_quantiles" timestamp="2025-06-11T00:10:05Z" hostname="9c25679e440e" tests="7" skipped="0" failures="0" errors="0" time="1.122">
    <testcase time="1.115" classname="character(0)" name="tbl_survfit_quantiles_works"/>
    <testcase time="0.000999999999999446" classname="character(0)" name="tbl_survfit_quantiles_works"/>
    <testcase time="0.000999999999999446" classname="character(0)" name="tbl_survfit_quantiles_works"/>
    <testcase time="0.00200000000000067" classname="character(0)" name="tbl_survfit_quantiles_works"/>
    <testcase time="0.000999999999999446" classname="character(0)" name="tbl_survfit_quantiles_works"/>
    <testcase time="0.00100000000000122" classname="character(0)" name="tbl_survfit_quantiles_works"/>
    <testcase time="0.000999999999999446" classname="character(0)" name="tbl_survfit_quantiles_works"/>
  </testsuite>
  <testsuite name="tbl_survfit_quantiles" timestamp="2025-06-11T00:10:05Z" hostname="9c25679e440e" tests="2" skipped="0" failures="0" errors="0" time="0.003">
    <testcase time="0.00199999999999889" classname="character(0)" name="tbl_survfit_quantiles_by_messaging"/>
    <testcase time="0.00100000000000122" classname="character(0)" name="tbl_survfit_quantiles_by_messaging"/>
  </testsuite>
  <testsuite name="tbl_survfit_quantiles" timestamp="2025-06-11T00:10:05Z" hostname="9c25679e440e" tests="1" skipped="0" failures="0" errors="0" time="0.002">
    <testcase time="0.00199999999999889" classname="character(0)" name="tbl_survfit_quantiles_estimate_fun_"/>
  </testsuite>
  <testsuite name="tbl_survfit_quantiles" timestamp="2025-06-11T00:10:05Z" hostname="9c25679e440e" tests="1" skipped="0" failures="0" errors="0" time="0.001">
    <testcase time="0.00100000000000122" classname="character(0)" name="tbl_survfit_quantiles_method.args_"/>
  </testsuite>
  <testsuite name="tbl_survfit_quantiles" timestamp="2025-06-11T00:10:05Z" hostname="9c25679e440e" tests="1" skipped="0" failures="0" errors="0" time="0.002">
    <testcase time="0.00199999999999889" classname="character(0)" name="add_overall.tbl_survfit_quantiles_works"/>
  </testsuite>
  <testsuite name="theme_gtsummary_roche" timestamp="2025-06-11T00:10:06Z" hostname="9c25679e440e" tests="1" skipped="0" failures="0" errors="0" time="1.186">
    <testcase time="1.186" classname="character(0)" name="theme_gtsummary_roche_works"/>
  </testsuite>
  <testsuite name="theme_gtsummary_roche" timestamp="2025-06-11T00:10:06Z" hostname="9c25679e440e" tests="1" skipped="0" failures="0" errors="0" time="0.003">
    <testcase time="0.00300000000000011" classname="character(0)" name="theme_gtsummary_roche_adds_relevant_flextable_directives"/>
  </testsuite>
  <testsuite name="theme_gtsummary_roche" timestamp="2025-06-11T00:10:06Z" hostname="9c25679e440e" tests="1" skipped="0" failures="0" errors="0" time="0.003">
    <testcase time="0.00300000000000011" classname="character(0)" name="theme_gtsummary_roche_no_errors_with_a_gt_print"/>
  </testsuite>
  <testsuite name="tbl_survfit_times" timestamp="2025-06-11T00:10:08Z" hostname="9c25679e440e" tests="7" skipped="0" failures="0" errors="0" time="1.948">
    <testcase time="1.944" classname="character(0)" name="tbl_survfit_times_works"/>
    <testcase time="0.00100000000000122" classname="character(0)" name="tbl_survfit_times_works"/>
    <testcase time="0.000999999999997669" classname="character(0)" name="tbl_survfit_times_works"/>
    <testcase time="0" classname="character(0)" name="tbl_survfit_times_works"/>
    <testcase time="0.00100000000000122" classname="character(0)" name="tbl_survfit_times_works"/>
    <testcase time="0.00100000000000122" classname="character(0)" name="tbl_survfit_times_works"/>
    <testcase time="0" classname="character(0)" name="tbl_survfit_times_works"/>
  </testsuite>
  <testsuite name="tbl_survfit_times" timestamp="2025-06-11T00:10:08Z" hostname="9c25679e440e" tests="2" skipped="0" failures="0" errors="0" time="0.003">
    <testcase time="0.00199999999999889" classname="character(0)" name="tbl_survfit_times_by_messaging"/>
    <testcase time="0.000999999999997669" classname="character(0)" name="tbl_survfit_times_by_messaging"/>
  </testsuite>
  <testsuite name="tbl_survfit_times" timestamp="2025-06-11T00:10:08Z" hostname="9c25679e440e" tests="1" skipped="0" failures="0" errors="0" time="0.001">
    <testcase time="0.00100000000000122" classname="character(0)" name="add_overall.tbl_survfit_times_works"/>
  </testsuite>
</testsuites>
