<?xml version="1.0" encoding="UTF-8"?>
<testsuites>
  <testsuite name="attach_messaging" timestamp="2025-02-20T04:56:15Z" hostname="3907ee752ef4" tests="1" skipped="1" failures="0" errors="0" time="0.807">
    <testcase time="0.807" classname="character(0)" name="if_no_packages_shows_nothing">
      <skipped message="Reason: On CRAN ('test-attach_messaging.R:2:3')"/>
    </testcase>
  </testsuite>
  <testsuite name="attach_messaging" timestamp="2025-02-20T04:56:15Z" hostname="3907ee752ef4" tests="1" skipped="1" failures="0" errors="0" time="0.034">
    <testcase time="0.034" classname="character(0)" name="message_lists_all_attached_packages">
      <skipped message="Reason: On CRAN ('test-attach_messaging.R:7:3')"/>
    </testcase>
  </testsuite>
  <testsuite name="attach_messaging" timestamp="2025-02-20T04:56:15Z" hostname="3907ee752ef4" tests="1" skipped="1" failures="0" errors="0" time="0.031">
    <testcase time="0.0309999999999999" classname="character(0)" name="highlights_dev_versions_in_red">
      <skipped message="Reason: On CRAN ('test-attach_messaging.R:13:3')"/>
    </testcase>
  </testsuite>
  <testsuite name="add_blank_row" timestamp="2025-02-20T04:56:16Z" hostname="3907ee752ef4" tests="1" skipped="0" failures="0" errors="0" time="0.79">
    <testcase time="0.79" classname="character(0)" name="add_blank_row_works"/>
  </testsuite>
  <testsuite name="add_blank_row" timestamp="2025-02-20T04:56:16Z" hostname="3907ee752ef4" tests="1" skipped="1" failures="0" errors="0" time="0.001">
    <testcase time="0.00099999999999989" classname="character(0)" name="add_blank_row_messaging">
      <skipped message="Reason: On CRAN ('test-add_blank_row.R:15:3')"/>
    </testcase>
  </testsuite>
  <testsuite name="theme_gtsummary_roche" timestamp="2025-02-20T04:56:16Z" hostname="3907ee752ef4" tests="1" skipped="1" failures="0" errors="0" time="0.063">
    <testcase time="0.0629999999999997" classname="character(0)" name="theme_gtsummary_roche_works">
      <skipped message="Reason: On CRAN ('test-theme_gtsummary_roche.R:3:3')"/>
    </testcase>
  </testsuite>
  <testsuite name="tbl_demographics" timestamp="2025-02-20T04:56:16Z" hostname="3907ee752ef4" tests="1" skipped="0" failures="0" errors="0" time="0.05">
    <testcase time="0.0500000000000003" classname="character(0)" name="tbl_demographics_works"/>
  </testsuite>
</testsuites>
