<?xml version="1.0" encoding="UTF-8"?>
<testsuites>
  <testsuite name="attach_messaging" timestamp="2025-02-19T23:32:57Z" hostname="e11ba934bc5c" tests="1" skipped="0" failures="0" errors="0" time="0.847">
    <testcase time="0.847" classname="character(0)" name="if_no_packages_shows_nothing"/>
  </testsuite>
  <testsuite name="attach_messaging" timestamp="2025-02-19T23:32:57Z" hostname="e11ba934bc5c" tests="1" skipped="0" failures="0" errors="0" time="0.016">
    <testcase time="0.016" classname="character(0)" name="message_lists_all_attached_packages"/>
  </testsuite>
  <testsuite name="attach_messaging" timestamp="2025-02-19T23:32:57Z" hostname="e11ba934bc5c" tests="1" skipped="0" failures="0" errors="0" time="0.016">
    <testcase time="0.016" classname="character(0)" name="highlights_dev_versions_in_red"/>
  </testsuite>
  <testsuite name="add_blank_row" timestamp="2025-02-19T23:32:58Z" hostname="e11ba934bc5c" tests="1" skipped="0" failures="0" errors="0" time="0.807">
    <testcase time="0.807" classname="character(0)" name="add_blank_row_works"/>
  </testsuite>
  <testsuite name="add_blank_row" timestamp="2025-02-19T23:32:58Z" hostname="e11ba934bc5c" tests="1" skipped="0" failures="0" errors="0" time="0.001">
    <testcase time="0.00100000000000033" classname="character(0)" name="add_blank_row_messaging"/>
  </testsuite>
  <testsuite name="theme_gtsummary_roche" timestamp="2025-02-19T23:32:58Z" hostname="e11ba934bc5c" tests="1" skipped="0" failures="0" errors="0" time="0.076">
    <testcase time="0.0759999999999996" classname="character(0)" name="theme_gtsummary_roche_works"/>
  </testsuite>
  <testsuite name="tbl_demographics" timestamp="2025-02-19T23:32:58Z" hostname="e11ba934bc5c" tests="1" skipped="0" failures="0" errors="0" time="0.032">
    <testcase time="0.032" classname="character(0)" name="tbl_demographics_works"/>
  </testsuite>
</testsuites>
