<?xml version="1.0" encoding="UTF-8"?>
<testsuites>
  <testsuite name="tbl_demographics" timestamp="2025-03-05T20:54:44Z" hostname="f12f7d9c91da" tests="1" skipped="0" failures="0" errors="0" time="1.547">
    <testcase time="1.547" classname="character(0)" name="tbl_demographics_works"/>
  </testsuite>
  <testsuite name="add_blank_row" timestamp="2025-03-05T20:54:44Z" hostname="f12f7d9c91da" tests="1" skipped="0" failures="0" errors="0" time="0.13">
    <testcase time="0.13" classname="character(0)" name="add_blank_row_works"/>
  </testsuite>
  <testsuite name="add_blank_row" timestamp="2025-03-05T20:54:44Z" hostname="f12f7d9c91da" tests="1" skipped="0" failures="0" errors="0" time="0.017">
    <testcase time="0.0170000000000003" classname="character(0)" name="add_blank_row_messaging"/>
  </testsuite>
  <testsuite name="theme_gtsummary_roche" timestamp="2025-03-05T20:54:44Z" hostname="f12f7d9c91da" tests="1" skipped="0" failures="0" errors="0" time="0.006">
    <testcase time="0.00599999999999978" classname="character(0)" name="theme_gtsummary_roche_works"/>
  </testsuite>
</testsuites>
