<?xml version="1.0" encoding="UTF-8"?>
<testsuites>
  <testsuite name="tbl_demographics" timestamp="2025-02-17T05:08:12Z" hostname="f2da0962ca72" tests="1" skipped="0" failures="0" errors="0" time="1.42">
    <testcase time="1.42" classname="character(0)" name="tbl_demographics_works"/>
  </testsuite>
  <testsuite name="theme_gtsummary_roche" timestamp="2025-02-17T05:08:12Z" hostname="f2da0962ca72" tests="1" skipped="0" failures="0" errors="0" time="0.142">
    <testcase time="0.142" classname="character(0)" name="theme_gtsummary_roche_works"/>
  </testsuite>
  <testsuite name="add_blank_row" timestamp="2025-02-17T05:08:12Z" hostname="f2da0962ca72" tests="1" skipped="0" failures="0" errors="0" time="0.021">
    <testcase time="0.0209999999999999" classname="character(0)" name="add_blank_row_works"/>
  </testsuite>
  <testsuite name="add_blank_row" timestamp="2025-02-17T05:08:12Z" hostname="f2da0962ca72" tests="1" skipped="0" failures="0" errors="0" time="0.001">
    <testcase time="0.00099999999999989" classname="character(0)" name="add_blank_row_messaging"/>
  </testsuite>
</testsuites>
