<?xml version="1.0" encoding="UTF-8"?>
<testsuites>
  <testsuite name="attach_messaging" timestamp="2025-02-18T18:29:22Z" hostname="107223d62dc8" tests="1" skipped="1" failures="0" errors="0" time="0.746">
    <testcase time="0.746" classname="character(0)" name="if_no_packages_shows_nothing">
      <skipped message="Reason: On CRAN ('test-attach_messaging.R:2:3')"/>
    </testcase>
  </testsuite>
  <testsuite name="attach_messaging" timestamp="2025-02-18T18:29:22Z" hostname="107223d62dc8" tests="1" skipped="1" failures="0" errors="0" time="0.036">
    <testcase time="0.036" classname="character(0)" name="message_lists_all_attached_packages">
      <skipped message="Reason: On CRAN ('test-attach_messaging.R:7:3')"/>
    </testcase>
  </testsuite>
  <testsuite name="attach_messaging" timestamp="2025-02-18T18:29:22Z" hostname="107223d62dc8" tests="1" skipped="1" failures="0" errors="0" time="0.037">
    <testcase time="0.0370000000000001" classname="character(0)" name="highlights_dev_versions_in_red">
      <skipped message="Reason: On CRAN ('test-attach_messaging.R:13:3')"/>
    </testcase>
  </testsuite>
  <testsuite name="add_blank_row" timestamp="2025-02-18T18:29:23Z" hostname="107223d62dc8" tests="1" skipped="0" failures="0" errors="0" time="0.905">
    <testcase time="0.905" classname="character(0)" name="add_blank_row_works"/>
  </testsuite>
  <testsuite name="add_blank_row" timestamp="2025-02-18T18:29:23Z" hostname="107223d62dc8" tests="1" skipped="1" failures="0" errors="0" time="0.001">
    <testcase time="0.00099999999999989" classname="character(0)" name="add_blank_row_messaging">
      <skipped message="Reason: On CRAN ('test-add_blank_row.R:15:3')"/>
    </testcase>
  </testsuite>
  <testsuite name="theme_gtsummary_roche" timestamp="2025-02-18T18:29:23Z" hostname="107223d62dc8" tests="1" skipped="1" failures="0" errors="0" time="0.06">
    <testcase time="0.0600000000000001" classname="character(0)" name="theme_gtsummary_roche_works">
      <skipped message="Reason: On CRAN ('test-theme_gtsummary_roche.R:3:3')"/>
    </testcase>
  </testsuite>
  <testsuite name="tbl_demographics" timestamp="2025-02-18T18:29:23Z" hostname="107223d62dc8" tests="1" skipped="0" failures="0" errors="0" time="0.026">
    <testcase time="0.0259999999999998" classname="character(0)" name="tbl_demographics_works"/>
  </testsuite>
</testsuites>
