<?xml version="1.0" encoding="UTF-8"?>
<testsuites>
  <testsuite name="attach_messaging" timestamp="2025-02-20T04:56:11Z" hostname="98fc9957ace8" tests="1" skipped="0" failures="0" errors="0" time="0.819">
    <testcase time="0.819" classname="character(0)" name="if_no_packages_shows_nothing"/>
  </testsuite>
  <testsuite name="attach_messaging" timestamp="2025-02-20T04:56:11Z" hostname="98fc9957ace8" tests="1" skipped="0" failures="0" errors="0" time="0.015">
    <testcase time="0.0149999999999999" classname="character(0)" name="message_lists_all_attached_packages"/>
  </testsuite>
  <testsuite name="attach_messaging" timestamp="2025-02-20T04:56:11Z" hostname="98fc9957ace8" tests="1" skipped="0" failures="0" errors="0" time="0.016">
    <testcase time="0.016" classname="character(0)" name="highlights_dev_versions_in_red"/>
  </testsuite>
  <testsuite name="add_blank_row" timestamp="2025-02-20T04:56:12Z" hostname="98fc9957ace8" tests="1" skipped="0" failures="0" errors="0" time="0.74">
    <testcase time="0.74" classname="character(0)" name="add_blank_row_works"/>
  </testsuite>
  <testsuite name="add_blank_row" timestamp="2025-02-20T04:56:12Z" hostname="98fc9957ace8" tests="1" skipped="0" failures="0" errors="0" time="0.002">
    <testcase time="0.00199999999999978" classname="character(0)" name="add_blank_row_messaging"/>
  </testsuite>
  <testsuite name="theme_gtsummary_roche" timestamp="2025-02-20T04:56:12Z" hostname="98fc9957ace8" tests="1" skipped="0" failures="0" errors="0" time="0.066">
    <testcase time="0.0660000000000003" classname="character(0)" name="theme_gtsummary_roche_works"/>
  </testsuite>
  <testsuite name="tbl_demographics" timestamp="2025-02-20T04:56:12Z" hostname="98fc9957ace8" tests="1" skipped="0" failures="0" errors="0" time="0.032">
    <testcase time="0.032" classname="character(0)" name="tbl_demographics_works"/>
  </testsuite>
</testsuites>
