<?xml version="1.0" encoding="UTF-8"?>
<testsuites>
  <testsuite name="add_hierarchical_count_row" timestamp="2025-08-18T18:12:45Z" hostname="9e5ff8d20dd3" tests="3" skipped="1" failures="0" errors="0" time="4.012">
    <testcase time="3.986" classname="character(0)" name="add_hierarchical_count_row_works"/>
    <testcase time="0.0190000000000001" classname="character(0)" name="add_hierarchical_count_row_works"/>
    <testcase time="0.00699999999999967" classname="character(0)" name="add_hierarchical_count_row_works">
      <skipped message="Reason: On CRAN ('test-add_hierarchical_count_row.R:21:3')"/>
    </testcase>
  </testsuite>
  <testsuite name="add_hierarchical_count_row" timestamp="2025-08-18T18:12:45Z" hostname="9e5ff8d20dd3" tests="2" skipped="1" failures="0" errors="0" time="0.029">
    <testcase time="0.0280000000000005" classname="character(0)" name="add_hierarchical_count_row_data_preprocess_works"/>
    <testcase time="0.00100000000000033" classname="character(0)" name="add_hierarchical_count_row_data_preprocess_works">
      <skipped message="Reason: On CRAN ('test-add_hierarchical_count_row.R:55:3')"/>
    </testcase>
  </testsuite>
  <testsuite name="add_blank_row" timestamp="2025-08-18T18:12:46Z" hostname="9e5ff8d20dd3" tests="1" skipped="0" failures="0" errors="0" time="1.131">
    <testcase time="1.131" classname="character(0)" name="add_blank_row_works"/>
  </testsuite>
  <testsuite name="add_blank_row" timestamp="2025-08-18T18:12:46Z" hostname="9e5ff8d20dd3" tests="2" skipped="0" failures="0" errors="0" time="0.004">
    <testcase time="0.00300000000000011" classname="character(0)" name="add_blank_row_age_works"/>
    <testcase time="0.00100000000000033" classname="character(0)" name="add_blank_row_age_works"/>
  </testsuite>
  <testsuite name="add_blank_row" timestamp="2025-08-18T18:12:46Z" hostname="9e5ff8d20dd3" tests="1" skipped="0" failures="0" errors="0" time="0.002">
    <testcase time="0.00199999999999978" classname="character(0)" name="add_blank_row_grade_is_last_row_then_table_identical"/>
  </testsuite>
  <testsuite name="add_blank_row" timestamp="2025-08-18T18:12:46Z" hostname="9e5ff8d20dd3" tests="1" skipped="0" failures="0" errors="0" time="0.002">
    <testcase time="0.00199999999999978" classname="character(0)" name="add_blank_row_grade_is_last_row_then_table_identical"/>
  </testsuite>
  <testsuite name="add_blank_row" timestamp="2025-08-18T18:12:46Z" hostname="9e5ff8d20dd3" tests="2" skipped="0" failures="0" errors="0" time="0.007">
    <testcase time="0.00200000000000067" classname="character(0)" name="add_blank_row_row_numbers_error"/>
    <testcase time="0.00499999999999989" classname="character(0)" name="add_blank_row_row_numbers_error"/>
  </testsuite>
  <testsuite name="add_blank_row" timestamp="2025-08-18T18:12:46Z" hostname="9e5ff8d20dd3" tests="1" skipped="1" failures="0" errors="0" time="0.002">
    <testcase time="0.00199999999999978" classname="character(0)" name="add_blank_row_errors_when_no_variable">
      <skipped message="Reason: On CRAN ('test-add_blank_row.R:81:3')"/>
    </testcase>
  </testsuite>
  <testsuite name="modify_zero_recode" timestamp="2025-08-18T18:12:47Z" hostname="9e5ff8d20dd3" tests="1" skipped="1" failures="0" errors="0" time="1.031">
    <testcase time="1.031" classname="character(0)" name="modify_zero_recode_works">
      <skipped message="Reason: On CRAN ('test-modify_zero_recode.R:3:3')"/>
    </testcase>
  </testsuite>
  <testsuite name="roche_pvalue" timestamp="2025-08-18T18:12:48Z" hostname="9e5ff8d20dd3" tests="1" skipped="0" failures="0" errors="0" time="0.086">
    <testcase time="0.0860000000000003" classname="character(0)" name="roche_pvalue_works"/>
  </testsuite>
  <testsuite name="roche_pvalue" timestamp="2025-08-18T18:12:48Z" hostname="9e5ff8d20dd3" tests="3" skipped="0" failures="0" errors="0" time="0.004">
    <testcase time="0.00199999999999978" classname="character(0)" name="roche_percent_works"/>
    <testcase time="0.00100000000000033" classname="character(0)" name="roche_percent_works"/>
    <testcase time="0.000999999999999446" classname="character(0)" name="roche_percent_works"/>
    <testcase time="0.0430000000000001" classname="character(0)" name="_unnamed_">
      <skipped message="Reason: On CRAN ('test-tbl_hierarchical_rate_and_count.R:1:1')"/>
    </testcase>
    <testcase time="0.0680000000000005" classname="character(0)" name="_unnamed_">
      <skipped message="Reason: On CRAN ('test-tbl_hierarchical_rate_by_grade.R:1:1')"/>
    </testcase>
  </testsuite>
  <testsuite name="modify_header_rm_md" timestamp="2025-08-18T18:12:48Z" hostname="9e5ff8d20dd3" tests="4" skipped="2" failures="0" errors="0" time="0.721">
    <testcase time="0.609" classname="character(0)" name="strip_md_bold_works_with_gtsummary_table"/>
    <testcase time="0.000999999999999446" classname="character(0)" name="strip_md_bold_works_with_gtsummary_table"/>
  </testsuite>
  <testsuite name="tbl_roche_summary" timestamp="2025-08-18T18:12:54Z" hostname="9e5ff8d20dd3" tests="1" skipped="0" failures="0" errors="0" time="5.618">
    <testcase time="5.618" classname="character(0)" name="tbl_roche_summary_works"/>
  </testsuite>
  <testsuite name="tbl_roche_summary" timestamp="2025-08-18T18:12:54Z" hostname="9e5ff8d20dd3" tests="2" skipped="1" failures="0" errors="0" time="0.004">
    <testcase time="0.00300000000000011" classname="character(0)" name="tbl_roche_summary_add_overall_works"/>
    <testcase time="0.000999999999999446" classname="character(0)" name="tbl_roche_summary_add_overall_works">
      <skipped message="Reason: On CRAN ('test-tbl_roche_summary.R:41:3')"/>
    </testcase>
  </testsuite>
  <testsuite name="tbl_roche_summary" timestamp="2025-08-18T18:12:54Z" hostname="9e5ff8d20dd3" tests="1" skipped="0" failures="0" errors="0" time="0.021">
    <testcase time="0.0210000000000008" classname="character(0)" name="tbl_roche_summary_recode_counts_for_all_NA_column"/>
  </testsuite>
  <testsuite name="tbl_survfit_quantiles" timestamp="2025-08-18T18:12:59Z" hostname="9e5ff8d20dd3" tests="2" skipped="1" failures="0" errors="0" time="4.943">
    <testcase time="4.942" classname="character(0)" name="tbl_survfit_quantiles_works"/>
    <testcase time="0.00100000000000122" classname="character(0)" name="tbl_survfit_quantiles_works">
      <skipped message="Reason: On CRAN ('test-tbl_survfit_quantiles.R:13:3')"/>
    </testcase>
  </testsuite>
  <testsuite name="tbl_survfit_quantiles" timestamp="2025-08-18T18:12:59Z" hostname="9e5ff8d20dd3" tests="1" skipped="1" failures="0" errors="0" time="0.014">
    <testcase time="0.0139999999999993" classname="character(0)" name="tbl_survfit_quantiles_by_messaging">
      <skipped message="Reason: On CRAN ('test-tbl_survfit_quantiles.R:55:3')"/>
    </testcase>
  </testsuite>
  <testsuite name="tbl_survfit_quantiles" timestamp="2025-08-18T18:12:59Z" hostname="9e5ff8d20dd3" tests="1" skipped="1" failures="0" errors="0" time="0.012">
    <testcase time="0.0120000000000005" classname="character(0)" name="tbl_survfit_quantiles_estimate_fun_">
      <skipped message="Reason: On CRAN ('test-tbl_survfit_quantiles.R:75:3')"/>
    </testcase>
  </testsuite>
  <testsuite name="tbl_survfit_quantiles" timestamp="2025-08-18T18:12:59Z" hostname="9e5ff8d20dd3" tests="1" skipped="0" failures="0" errors="0" time="0.015">
    <testcase time="0.014999999999997" classname="character(0)" name="tbl_survfit_quantiles_method.args_"/>
  </testsuite>
  <testsuite name="tbl_survfit_quantiles" timestamp="2025-08-18T18:12:59Z" hostname="9e5ff8d20dd3" tests="1" skipped="1" failures="0" errors="0" time="0.002">
    <testcase time="0.00200000000000244" classname="character(0)" name="add_overall.tbl_survfit_quantiles_works">
      <skipped message="Reason: On CRAN ('test-tbl_survfit_quantiles.R:111:3')"/>
    </testcase>
  </testsuite>
  <testsuite name="tbl_survfit_times" timestamp="2025-08-18T18:13:01Z" hostname="9e5ff8d20dd3" tests="2" skipped="1" failures="0" errors="0" time="2.068">
    <testcase time="2.067" classname="character(0)" name="tbl_survfit_times_works"/>
    <testcase time="0.000999999999997669" classname="character(0)" name="tbl_survfit_times_works">
      <skipped message="Reason: On CRAN ('test-tbl_survfit_times.R:14:3')"/>
    </testcase>
  </testsuite>
  <testsuite name="tbl_survfit_times" timestamp="2025-08-18T18:13:01Z" hostname="9e5ff8d20dd3" tests="1" skipped="1" failures="0" errors="0" time="0.014">
    <testcase time="0.0140000000000029" classname="character(0)" name="tbl_survfit_times_by_messaging">
      <skipped message="Reason: On CRAN ('test-tbl_survfit_times.R:59:3')"/>
    </testcase>
  </testsuite>
  <testsuite name="tbl_survfit_times" timestamp="2025-08-18T18:13:01Z" hostname="9e5ff8d20dd3" tests="1" skipped="1" failures="0" errors="0" time="0.011">
    <testcase time="0.0109999999999992" classname="character(0)" name="add_overall.tbl_survfit_times_works">
      <skipped message="Reason: On CRAN ('test-tbl_survfit_times.R:81:3')"/>
    </testcase>
  </testsuite>
  <testsuite name="theme_gtsummary_roche" timestamp="2025-08-18T18:13:05Z" hostname="9e5ff8d20dd3" tests="1" skipped="1" failures="0" errors="0" time="3.8">
    <testcase time="3.8" classname="character(0)" name="theme_gtsummary_roche_works">
      <skipped message="Reason: On CRAN ('test-theme_gtsummary_roche.R:3:3')"/>
    </testcase>
  </testsuite>
  <testsuite name="theme_gtsummary_roche" timestamp="2025-08-18T18:13:05Z" hostname="9e5ff8d20dd3" tests="1" skipped="1" failures="0" errors="0" time="0.013">
    <testcase time="0.0129999999999981" classname="character(0)" name="theme_gtsummary_roche_adds_relevant_flextable_directives">
      <skipped message="Reason: On CRAN ('test-theme_gtsummary_roche.R:17:3')"/>
    </testcase>
  </testsuite>
  <testsuite name="theme_gtsummary_roche" timestamp="2025-08-18T18:13:05Z" hostname="9e5ff8d20dd3" tests="1" skipped="0" failures="0" errors="0" time="0.011">
    <testcase time="0.0109999999999992" classname="character(0)" name="theme_gtsummary_roche_no_errors_with_a_gt_print"/>
  </testsuite>
  <testsuite name="theme_gtsummary_roche" timestamp="2025-08-18T18:13:05Z" hostname="9e5ff8d20dd3" tests="7" skipped="0" failures="0" errors="0" time="0.008">
    <testcase time="0.00500000000000256" classname="character(0)" name="theme_gtsummary_roche_styles_tbl_hierarchical_results"/>
    <testcase time="0" classname="character(0)" name="theme_gtsummary_roche_styles_tbl_hierarchical_results"/>
    <testcase time="0.000999999999997669" classname="character(0)" name="theme_gtsummary_roche_styles_tbl_hierarchical_results"/>
    <testcase time="0.00100000000000122" classname="character(0)" name="theme_gtsummary_roche_styles_tbl_hierarchical_results"/>
    <testcase time="0" classname="character(0)" name="theme_gtsummary_roche_styles_tbl_hierarchical_results"/>
    <testcase time="0.00100000000000122" classname="character(0)" name="theme_gtsummary_roche_styles_tbl_hierarchical_results"/>
    <testcase time="0" classname="character(0)" name="theme_gtsummary_roche_styles_tbl_hierarchical_results"/>
  </testsuite>
  <testsuite name="tbl_shift" timestamp="2025-08-18T18:13:05Z" hostname="9e5ff8d20dd3" tests="2" skipped="1" failures="0" errors="0" time="0.692">
    <testcase time="0.690999999999999" classname="character(0)" name="tbl_shift_strata_location_"/>
    <testcase time="0.00100000000000122" classname="character(0)" name="tbl_shift_strata_location_">
      <skipped message="Reason: On CRAN ('test-tbl_shift.R:28:3')"/>
    </testcase>
  </testsuite>
  <testsuite name="tbl_shift" timestamp="2025-08-18T18:13:06Z" hostname="9e5ff8d20dd3" tests="1" skipped="1" failures="0" errors="0" time="0.015">
    <testcase time="0.014999999999997" classname="character(0)" name="tbl_shift_by_messaging">
      <skipped message="Reason: On CRAN ('test-tbl_shift.R:48:3')"/>
    </testcase>
  </testsuite>
  <testsuite name="tbl_shift" timestamp="2025-08-18T18:13:06Z" hostname="9e5ff8d20dd3" tests="1" skipped="1" failures="0" errors="0" time="0.013">
    <testcase time="0.0130000000000017" classname="character(0)" name="tbl_shift_data_header_messaging">
      <skipped message="Reason: On CRAN ('test-tbl_shift.R:67:3')"/>
    </testcase>
  </testsuite>
  <testsuite name="tbl_shift" timestamp="2025-08-18T18:13:06Z" hostname="9e5ff8d20dd3" tests="2" skipped="1" failures="0" errors="0" time="0.013">
    <testcase time="0.0129999999999981" classname="character(0)" name="add_overall.tbl_shift_"/>
    <testcase time="0" classname="character(0)" name="add_overall.tbl_shift_">
      <skipped message="Reason: On CRAN ('test-tbl_shift.R:96:3')"/>
    </testcase>
  </testsuite>
  <testsuite name="tbl_shift" timestamp="2025-08-18T18:13:06Z" hostname="9e5ff8d20dd3" tests="1" skipped="1" failures="0" errors="0" time="0.018">
    <testcase time="0.0180000000000007" classname="character(0)" name="add_overall.tbl_shift_messaging">
      <skipped message="Reason: On CRAN ('test-tbl_shift.R:119:3')"/>
    </testcase>
  </testsuite>
  <testsuite name="tbl_shift" timestamp="2025-08-18T18:13:06Z" hostname="9e5ff8d20dd3" tests="2" skipped="1" failures="0" errors="0" time="0.014">
    <testcase time="0.0130000000000017" classname="character(0)" name="add_overall.tbl_shift_strata_NULL_messaging"/>
    <testcase time="0.000999999999997669" classname="character(0)" name="add_overall.tbl_shift_strata_NULL_messaging">
      <skipped message="Reason: On CRAN ('test-tbl_shift.R:168:3')"/>
    </testcase>
  </testsuite>
</testsuites>
