<?xml version="1.0" encoding="UTF-8"?>
<testsuites>
  <testsuite name="add_hierarchical_count_row" timestamp="2025-10-03T19:53:35Z" hostname="467aafd3ea20" tests="3" skipped="1" failures="0" errors="0" time="3.932">
    <testcase time="3.909" classname="character(0)" name="add_hierarchical_count_row_works"/>
    <testcase time="0.016" classname="character(0)" name="add_hierarchical_count_row_works"/>
    <testcase time="0.00700000000000056" classname="character(0)" name="add_hierarchical_count_row_works">
      <skipped message="Reason: On CRAN ('test-add_hierarchical_count_row.R:21:3')"/>
    </testcase>
  </testsuite>
  <testsuite name="add_hierarchical_count_row" timestamp="2025-10-03T19:53:35Z" hostname="467aafd3ea20" tests="2" skipped="1" failures="0" errors="0" time="0.026">
    <testcase time="0.0259999999999998" classname="character(0)" name="add_hierarchical_count_row_data_preprocess_works"/>
    <testcase time="0" classname="character(0)" name="add_hierarchical_count_row_data_preprocess_works">
      <skipped message="Reason: On CRAN ('test-add_hierarchical_count_row.R:55:3')"/>
    </testcase>
  </testsuite>
  <testsuite name="label_roche" timestamp="2025-10-03T19:53:36Z" hostname="467aafd3ea20" tests="1" skipped="0" failures="0" errors="0" time="0.132">
    <testcase time="0.132" classname="character(0)" name="style_roche_pvalue_works"/>
  </testsuite>
  <testsuite name="label_roche" timestamp="2025-10-03T19:53:36Z" hostname="467aafd3ea20" tests="3" skipped="0" failures="0" errors="0" time="0.006">
    <testcase time="0.00100000000000033" classname="character(0)" name="style_roche_percent_works"/>
    <testcase time="0.00399999999999956" classname="character(0)" name="style_roche_percent_works"/>
    <testcase time="0.00100000000000033" classname="character(0)" name="style_roche_percent_works"/>
  </testsuite>
  <testsuite name="label_roche" timestamp="2025-10-03T19:53:36Z" hostname="467aafd3ea20" tests="2" skipped="0" failures="0" errors="0" time="0.002">
    <testcase time="0.00100000000000033" classname="character(0)" name="style_roche_ratio_works"/>
    <testcase time="0.000999999999999446" classname="character(0)" name="style_roche_ratio_works"/>
  </testsuite>
  <testsuite name="label_roche" timestamp="2025-10-03T19:53:36Z" hostname="467aafd3ea20" tests="2" skipped="0" failures="0" errors="0" time="0.002">
    <testcase time="0.00100000000000033" classname="character(0)" name="style_roche_number_works"/>
    <testcase time="0.00100000000000033" classname="character(0)" name="style_roche_number_works"/>
  </testsuite>
  <testsuite name="add_blank_rows" timestamp="2025-10-03T19:53:38Z" hostname="467aafd3ea20" tests="1" skipped="0" failures="0" errors="0" time="2.59">
    <testcase time="2.59" classname="character(0)" name="add_blank_rows_works"/>
  </testsuite>
  <testsuite name="add_blank_rows" timestamp="2025-10-03T19:53:38Z" hostname="467aafd3ea20" tests="2" skipped="0" failures="0" errors="0" time="0.004">
    <testcase time="0.00300000000000011" classname="character(0)" name="add_blank_rows_variables_works"/>
    <testcase time="0.000999999999999446" classname="character(0)" name="add_blank_rows_variables_works"/>
  </testsuite>
  <testsuite name="add_blank_rows" timestamp="2025-10-03T19:53:38Z" hostname="467aafd3ea20" tests="1" skipped="0" failures="0" errors="0" time="0.003">
    <testcase time="0.00300000000000011" classname="character(0)" name="add_blank_rows_variables_grade_is_last_row_then_table_identical"/>
  </testsuite>
  <testsuite name="add_blank_rows" timestamp="2025-10-03T19:53:38Z" hostname="467aafd3ea20" tests="1" skipped="0" failures="0" errors="0" time="0.002">
    <testcase time="0.00199999999999978" classname="character(0)" name="add_blank_rows_variable_level_works"/>
  </testsuite>
  <testsuite name="add_blank_rows" timestamp="2025-10-03T19:53:38Z" hostname="467aafd3ea20" tests="1" skipped="1" failures="0" errors="0" time="0.002">
    <testcase time="0.00200000000000067" classname="character(0)" name="add_blank_rows_error_message">
      <skipped message="Reason: On CRAN ('test-add_blank_rows.R:75:3')"/>
    </testcase>
  </testsuite>
  <testsuite name="add_blank_rows" timestamp="2025-10-03T19:53:38Z" hostname="467aafd3ea20" tests="2" skipped="0" failures="0" errors="0" time="0.013">
    <testcase time="0.0119999999999996" classname="character(0)" name="add_blank_rows_row_numbers_error"/>
    <testcase time="0.00100000000000033" classname="character(0)" name="add_blank_rows_row_numbers_error"/>
  </testsuite>
  <testsuite name="add_blank_rows" timestamp="2025-10-03T19:53:38Z" hostname="467aafd3ea20" tests="1" skipped="1" failures="0" errors="0" time="0.002">
    <testcase time="0.00199999999999978" classname="character(0)" name="add_blank_rows_errors_when_no_variable">
      <skipped message="Reason: On CRAN ('test-add_blank_rows.R:100:3')"/>
    </testcase>
  </testsuite>
  <testsuite name="modify_header_rm_md" timestamp="2025-10-03T19:53:38Z" hostname="467aafd3ea20" tests="2" skipped="0" failures="0" errors="0" time="0.162">
    <testcase time="0.161" classname="character(0)" name="strip_md_bold_works_with_gtsummary_table"/>
    <testcase time="0.00100000000000033" classname="character(0)" name="strip_md_bold_works_with_gtsummary_table"/>
  </testsuite>
  <testsuite name="modify_zero_recode" timestamp="2025-10-03T19:53:39Z" hostname="467aafd3ea20" tests="1" skipped="1" failures="0" errors="0" time="0.764">
    <testcase time="0.764" classname="character(0)" name="modify_zero_recode_works">
      <skipped message="Reason: On CRAN ('test-modify_zero_recode.R:3:3')"/>
    </testcase>
    <testcase time="0.0670000000000002" classname="character(0)" name="_unnamed_">
      <skipped message="Reason: On CRAN ('test-tbl_hierarchical_rate_and_count.R:1:1')"/>
    </testcase>
    <testcase time="0.0570000000000004" classname="character(0)" name="_unnamed_">
      <skipped message="Reason: On CRAN ('test-tbl_hierarchical_rate_by_grade.R:1:1')"/>
    </testcase>
  </testsuite>
  <testsuite name="tbl_listing" timestamp="2025-10-03T19:53:40Z" hostname="467aafd3ea20" tests="3" skipped="3" failures="0" errors="0" time="0.751">
    <testcase time="0.626999999999999" classname="character(0)" name="tbl_listing_works_with_default_values">
      <skipped message="Reason: On CRAN ('test-tbl_listing.R:7:3')"/>
    </testcase>
  </testsuite>
  <testsuite name="tbl_listing" timestamp="2025-10-03T19:53:40Z" hostname="467aafd3ea20" tests="1" skipped="1" failures="0" errors="0" time="0.012">
    <testcase time="0.0120000000000005" classname="character(0)" name="tbl_listing_hide_duplicate_keys_FALSE_works_with_standard_values">
      <skipped message="Reason: On CRAN ('test-tbl_listing.R:17:3')"/>
    </testcase>
  </testsuite>
  <testsuite name="tbl_listing" timestamp="2025-10-03T19:53:40Z" hostname="467aafd3ea20" tests="3" skipped="1" failures="0" errors="0" time="0.013">
    <testcase time="0.0120000000000005" classname="character(0)" name="tbl_listing_add_blanks_rows_works_with_standard_values"/>
    <testcase time="0" classname="character(0)" name="tbl_listing_add_blanks_rows_works_with_standard_values"/>
    <testcase time="0.000999999999999446" classname="character(0)" name="tbl_listing_add_blanks_rows_works_with_standard_values">
      <skipped message="Reason: On CRAN ('test-tbl_listing.R:35:3')"/>
    </testcase>
  </testsuite>
  <testsuite name="tbl_listing" timestamp="2025-10-03T19:53:40Z" hostname="467aafd3ea20" tests="3" skipped="1" failures="0" errors="0" time="0.016">
    <testcase time="0.0150000000000006" classname="character(0)" name="tbl_listing_split_by_rows_works_with_standard_values"/>
    <testcase time="0" classname="character(0)" name="tbl_listing_split_by_rows_works_with_standard_values"/>
    <testcase time="0.000999999999999446" classname="character(0)" name="tbl_listing_split_by_rows_works_with_standard_values">
      <skipped message="Reason: On CRAN ('test-tbl_listing.R:46:3')"/>
    </testcase>
  </testsuite>
  <testsuite name="tbl_listing" timestamp="2025-10-03T19:53:40Z" hostname="467aafd3ea20" tests="3" skipped="1" failures="0" errors="0" time="0.013">
    <testcase time="0.0109999999999992" classname="character(0)" name="tbl_listing_split_by_rows_add_blank_rows_works_with_standard_values"/>
    <testcase time="0.00100000000000122" classname="character(0)" name="tbl_listing_split_by_rows_add_blank_rows_works_with_standard_values"/>
    <testcase time="0.000999999999999446" classname="character(0)" name="tbl_listing_split_by_rows_add_blank_rows_works_with_standard_values">
      <skipped message="Reason: On CRAN ('test-tbl_listing.R:61:3')"/>
    </testcase>
  </testsuite>
  <testsuite name="tbl_listing" timestamp="2025-10-03T19:53:40Z" hostname="467aafd3ea20" tests="3" skipped="1" failures="0" errors="0" time="0.013">
    <testcase time="0.011000000000001" classname="character(0)" name="tbl_listing_split_by_columns_works_with_standard_values"/>
    <testcase time="0.000999999999999446" classname="character(0)" name="tbl_listing_split_by_columns_works_with_standard_values"/>
    <testcase time="0.000999999999999446" classname="character(0)" name="tbl_listing_split_by_columns_works_with_standard_values">
      <skipped message="Reason: On CRAN ('test-tbl_listing.R:74:3')"/>
    </testcase>
  </testsuite>
  <testsuite name="tbl_listing" timestamp="2025-10-03T19:53:40Z" hostname="467aafd3ea20" tests="5" skipped="1" failures="0" errors="0" time="0.014">
    <testcase time="0.011000000000001" classname="character(0)" name="tbl_listing_split_by_rows_split_by_columns_works_with_standard_values"/>
    <testcase time="0.000999999999999446" classname="character(0)" name="tbl_listing_split_by_rows_split_by_columns_works_with_standard_values"/>
    <testcase time="0.000999999999999446" classname="character(0)" name="tbl_listing_split_by_rows_split_by_columns_works_with_standard_values"/>
    <testcase time="0" classname="character(0)" name="tbl_listing_split_by_rows_split_by_columns_works_with_standard_values"/>
    <testcase time="0.00100000000000122" classname="character(0)" name="tbl_listing_split_by_rows_split_by_columns_works_with_standard_values">
      <skipped message="Reason: On CRAN ('test-tbl_listing.R:93:3')"/>
    </testcase>
  </testsuite>
  <testsuite name="tbl_roche_summary" timestamp="2025-10-03T19:53:46Z" hostname="467aafd3ea20" tests="1" skipped="0" failures="0" errors="0" time="5.817">
    <testcase time="5.817" classname="character(0)" name="tbl_roche_summary_works"/>
  </testsuite>
  <testsuite name="tbl_roche_summary" timestamp="2025-10-03T19:53:46Z" hostname="467aafd3ea20" tests="2" skipped="1" failures="0" errors="0" time="0.003">
    <testcase time="0.00199999999999889" classname="character(0)" name="tbl_roche_summary_add_overall_works"/>
    <testcase time="0.00100000000000122" classname="character(0)" name="tbl_roche_summary_add_overall_works">
      <skipped message="Reason: On CRAN ('test-tbl_roche_summary.R:41:3')"/>
    </testcase>
  </testsuite>
  <testsuite name="tbl_roche_summary" timestamp="2025-10-03T19:53:46Z" hostname="467aafd3ea20" tests="1" skipped="0" failures="0" errors="0" time="0.021">
    <testcase time="0.020999999999999" classname="character(0)" name="tbl_roche_summary_recode_counts_for_all_NA_column"/>
  </testsuite>
  <testsuite name="tbl_shift" timestamp="2025-10-03T19:54:02Z" hostname="467aafd3ea20" tests="2" skipped="1" failures="0" errors="0" time="15.911">
    <testcase time="15.91" classname="character(0)" name="tbl_shift_strata_location_"/>
    <testcase time="0.00100000000000122" classname="character(0)" name="tbl_shift_strata_location_">
      <skipped message="Reason: On CRAN ('test-tbl_shift.R:28:3')"/>
    </testcase>
  </testsuite>
  <testsuite name="tbl_shift" timestamp="2025-10-03T19:54:02Z" hostname="467aafd3ea20" tests="1" skipped="1" failures="0" errors="0" time="0.011">
    <testcase time="0.0109999999999992" classname="character(0)" name="tbl_shift_by_messaging">
      <skipped message="Reason: On CRAN ('test-tbl_shift.R:48:3')"/>
    </testcase>
  </testsuite>
  <testsuite name="tbl_shift" timestamp="2025-10-03T19:54:02Z" hostname="467aafd3ea20" tests="1" skipped="1" failures="0" errors="0" time="0.012">
    <testcase time="0.0120000000000005" classname="character(0)" name="tbl_shift_data_header_messaging">
      <skipped message="Reason: On CRAN ('test-tbl_shift.R:67:3')"/>
    </testcase>
  </testsuite>
  <testsuite name="tbl_shift" timestamp="2025-10-03T19:54:02Z" hostname="467aafd3ea20" tests="2" skipped="1" failures="0" errors="0" time="0.012">
    <testcase time="0.0109999999999992" classname="character(0)" name="add_overall.tbl_shift_"/>
    <testcase time="0.00100000000000122" classname="character(0)" name="add_overall.tbl_shift_">
      <skipped message="Reason: On CRAN ('test-tbl_shift.R:96:3')"/>
    </testcase>
  </testsuite>
  <testsuite name="tbl_shift" timestamp="2025-10-03T19:54:02Z" hostname="467aafd3ea20" tests="1" skipped="1" failures="0" errors="0" time="0.015">
    <testcase time="0.0150000000000006" classname="character(0)" name="add_overall.tbl_shift_messaging">
      <skipped message="Reason: On CRAN ('test-tbl_shift.R:119:3')"/>
    </testcase>
  </testsuite>
  <testsuite name="tbl_shift" timestamp="2025-10-03T19:54:02Z" hostname="467aafd3ea20" tests="2" skipped="1" failures="0" errors="0" time="0.012">
    <testcase time="0.0109999999999992" classname="character(0)" name="add_overall.tbl_shift_strata_NULL_messaging"/>
    <testcase time="0.00100000000000122" classname="character(0)" name="add_overall.tbl_shift_strata_NULL_messaging">
      <skipped message="Reason: On CRAN ('test-tbl_shift.R:168:3')"/>
    </testcase>
  </testsuite>
  <testsuite name="tbl_baseline_chg" timestamp="2025-10-03T19:54:06Z" hostname="467aafd3ea20" tests="2" skipped="1" failures="0" errors="0" time="3.893">
    <testcase time="3.892" classname="character(0)" name="tbl_baseline_chg_works"/>
    <testcase time="0.00100000000000477" classname="character(0)" name="tbl_baseline_chg_works">
      <skipped message="Reason: On CRAN ('test-tbl_baseline_chg.R:23:3')"/>
    </testcase>
  </testsuite>
  <testsuite name="tbl_baseline_chg" timestamp="2025-10-03T19:54:06Z" hostname="467aafd3ea20" tests="2" skipped="1" failures="0" errors="0" time="0.018">
    <testcase time="0.0180000000000007" classname="character(0)" name="tbl_baseline_chg_works_with_no_by_variable"/>
    <testcase time="0" classname="character(0)" name="tbl_baseline_chg_works_with_no_by_variable">
      <skipped message="Reason: On CRAN ('test-tbl_baseline_chg.R:53:3')"/>
    </testcase>
  </testsuite>
  <testsuite name="tbl_baseline_chg" timestamp="2025-10-03T19:54:06Z" hostname="467aafd3ea20" tests="2" skipped="1" failures="0" errors="0" time="0.013">
    <testcase time="0.0120000000000005" classname="character(0)" name="add_overall.tbl_baseline_chg_works"/>
    <testcase time="0.000999999999997669" classname="character(0)" name="add_overall.tbl_baseline_chg_works">
      <skipped message="Reason: On CRAN ('test-tbl_baseline_chg.R:70:3')"/>
    </testcase>
  </testsuite>
  <testsuite name="tbl_baseline_chg" timestamp="2025-10-03T19:54:06Z" hostname="467aafd3ea20" tests="1" skipped="1" failures="0" errors="0" time="0.011">
    <testcase time="0.0109999999999957" classname="character(0)" name="add_overall.tbl_baseline_chg_messaging">
      <skipped message="Reason: On CRAN ('test-tbl_baseline_chg.R:77:3')"/>
    </testcase>
  </testsuite>
  <testsuite name="tbl_baseline_chg" timestamp="2025-10-03T19:54:06Z" hostname="467aafd3ea20" tests="4" skipped="1" failures="0" errors="0" time="0.014">
    <testcase time="0.0120000000000005" classname="character(0)" name="tbl_baseline_chg_throws_error_when_required_arguments_are_missing"/>
    <testcase time="0.00100000000000477" classname="character(0)" name="tbl_baseline_chg_throws_error_when_required_arguments_are_missing"/>
    <testcase time="0" classname="character(0)" name="tbl_baseline_chg_throws_error_when_required_arguments_are_missing"/>
    <testcase time="0.000999999999997669" classname="character(0)" name="tbl_baseline_chg_throws_error_when_required_arguments_are_missing">
      <skipped message="Reason: On CRAN ('test-tbl_baseline_chg.R:144:3')"/>
    </testcase>
  </testsuite>
  <testsuite name="tbl_baseline_chg" timestamp="2025-10-03T19:54:06Z" hostname="467aafd3ea20" tests="1" skipped="1" failures="0" errors="0" time="0.037">
    <testcase time="0.036999999999999" classname="character(0)" name="tbl_baseline_chg_messaging">
      <skipped message="Reason: On CRAN ('test-tbl_baseline_chg.R:159:3')"/>
    </testcase>
  </testsuite>
  <testsuite name="tbl_baseline_chg" timestamp="2025-10-03T19:54:06Z" hostname="467aafd3ea20" tests="1" skipped="1" failures="0" errors="0" time="0.013">
    <testcase time="0.0129999999999981" classname="character(0)" name="gather_ard_works_on_output_table">
      <skipped message="Reason: On CRAN ('test-tbl_baseline_chg.R:181:3')"/>
    </testcase>
  </testsuite>
  <testsuite name="tbl_survfit_quantiles" timestamp="2025-10-03T19:54:07Z" hostname="467aafd3ea20" tests="2" skipped="1" failures="0" errors="0" time="0.733">
    <testcase time="0.732000000000006" classname="character(0)" name="tbl_survfit_quantiles_works"/>
    <testcase time="0.000999999999997669" classname="character(0)" name="tbl_survfit_quantiles_works">
      <skipped message="Reason: On CRAN ('test-tbl_survfit_quantiles.R:13:3')"/>
    </testcase>
  </testsuite>
  <testsuite name="tbl_survfit_quantiles" timestamp="2025-10-03T19:54:07Z" hostname="467aafd3ea20" tests="1" skipped="1" failures="0" errors="0" time="0.016">
    <testcase time="0.0159999999999982" classname="character(0)" name="tbl_survfit_quantiles_by_messaging">
      <skipped message="Reason: On CRAN ('test-tbl_survfit_quantiles.R:55:3')"/>
    </testcase>
  </testsuite>
  <testsuite name="tbl_survfit_quantiles" timestamp="2025-10-03T19:54:07Z" hostname="467aafd3ea20" tests="1" skipped="1" failures="0" errors="0" time="0.015">
    <testcase time="0.0150000000000006" classname="character(0)" name="tbl_survfit_quantiles_estimate_fun_">
      <skipped message="Reason: On CRAN ('test-tbl_survfit_quantiles.R:75:3')"/>
    </testcase>
  </testsuite>
  <testsuite name="tbl_survfit_quantiles" timestamp="2025-10-03T19:54:07Z" hostname="467aafd3ea20" tests="1" skipped="0" failures="0" errors="0" time="0.011">
    <testcase time="0.0110000000000028" classname="character(0)" name="tbl_survfit_quantiles_method.args_"/>
  </testsuite>
  <testsuite name="tbl_survfit_quantiles" timestamp="2025-10-03T19:54:07Z" hostname="467aafd3ea20" tests="1" skipped="1" failures="0" errors="0" time="0.002">
    <testcase time="0.00199999999999534" classname="character(0)" name="add_overall.tbl_survfit_quantiles_works">
      <skipped message="Reason: On CRAN ('test-tbl_survfit_quantiles.R:111:3')"/>
    </testcase>
  </testsuite>
  <testsuite name="tbl_survfit_times" timestamp="2025-10-03T19:54:09Z" hostname="467aafd3ea20" tests="2" skipped="1" failures="0" errors="0" time="2.14">
    <testcase time="2.139" classname="character(0)" name="tbl_survfit_times_works"/>
    <testcase time="0.000999999999997669" classname="character(0)" name="tbl_survfit_times_works">
      <skipped message="Reason: On CRAN ('test-tbl_survfit_times.R:14:3')"/>
    </testcase>
  </testsuite>
  <testsuite name="tbl_survfit_times" timestamp="2025-10-03T19:54:09Z" hostname="467aafd3ea20" tests="1" skipped="1" failures="0" errors="0" time="0.017">
    <testcase time="0.017000000000003" classname="character(0)" name="tbl_survfit_times_by_messaging">
      <skipped message="Reason: On CRAN ('test-tbl_survfit_times.R:59:3')"/>
    </testcase>
  </testsuite>
  <testsuite name="tbl_survfit_times" timestamp="2025-10-03T19:54:09Z" hostname="467aafd3ea20" tests="1" skipped="1" failures="0" errors="0" time="0.011">
    <testcase time="0.0109999999999957" classname="character(0)" name="add_overall.tbl_survfit_times_works">
      <skipped message="Reason: On CRAN ('test-tbl_survfit_times.R:81:3')"/>
    </testcase>
  </testsuite>
  <testsuite name="tbl_null_report" timestamp="2025-10-03T19:54:09Z" hostname="467aafd3ea20" tests="3" skipped="0" failures="0" errors="0" time="0.154">
    <testcase time="0.152000000000001" classname="character(0)" name="tbl_null_report_works_correctly"/>
    <testcase time="0.00100000000000477" classname="character(0)" name="tbl_null_report_works_correctly"/>
    <testcase time="0.000999999999997669" classname="character(0)" name="tbl_null_report_works_correctly"/>
  </testsuite>
  <testsuite name="theme_gtsummary_roche" timestamp="2025-10-03T19:54:10Z" hostname="467aafd3ea20" tests="1" skipped="1" failures="0" errors="0" time="1.29">
    <testcase time="1.29" classname="character(0)" name="theme_gtsummary_roche_works">
      <skipped message="Reason: On CRAN ('test-theme_gtsummary_roche.R:3:3')"/>
    </testcase>
  </testsuite>
  <testsuite name="theme_gtsummary_roche" timestamp="2025-10-03T19:54:10Z" hostname="467aafd3ea20" tests="1" skipped="1" failures="0" errors="0" time="0.015">
    <testcase time="0.0150000000000006" classname="character(0)" name="theme_gtsummary_roche_adds_relevant_flextable_directives">
      <skipped message="Reason: On CRAN ('test-theme_gtsummary_roche.R:17:3')"/>
    </testcase>
  </testsuite>
  <testsuite name="theme_gtsummary_roche" timestamp="2025-10-03T19:54:10Z" hostname="467aafd3ea20" tests="1" skipped="0" failures="0" errors="0" time="0.011">
    <testcase time="0.0110000000000028" classname="character(0)" name="theme_gtsummary_roche_no_errors_with_a_gt_print"/>
  </testsuite>
  <testsuite name="theme_gtsummary_roche" timestamp="2025-10-03T19:54:10Z" hostname="467aafd3ea20" tests="7" skipped="0" failures="0" errors="0" time="0.005">
    <testcase time="0.00199999999999534" classname="character(0)" name="theme_gtsummary_roche_styles_tbl_hierarchical_results"/>
    <testcase time="0" classname="character(0)" name="theme_gtsummary_roche_styles_tbl_hierarchical_results"/>
    <testcase time="0.00100000000000477" classname="character(0)" name="theme_gtsummary_roche_styles_tbl_hierarchical_results"/>
    <testcase time="0" classname="character(0)" name="theme_gtsummary_roche_styles_tbl_hierarchical_results"/>
    <testcase time="0.000999999999997669" classname="character(0)" name="theme_gtsummary_roche_styles_tbl_hierarchical_results"/>
    <testcase time="0" classname="character(0)" name="theme_gtsummary_roche_styles_tbl_hierarchical_results"/>
    <testcase time="0.000999999999997669" classname="character(0)" name="theme_gtsummary_roche_styles_tbl_hierarchical_results"/>
  </testsuite>
  <testsuite name="theme_gtsummary_roche" timestamp="2025-10-03T19:54:10Z" hostname="467aafd3ea20" tests="1" skipped="0" failures="0" errors="0" time="0.002">
    <testcase time="0.00200000000000244" classname="character(0)" name="with_assign_summary_type_arg_cat_threshold_0L_each_data_type_is_always_mapped_as_it_is"/>
  </testsuite>
</testsuites>
