<?xml version="1.0" encoding="UTF-8"?>
<testsuites>
  <testsuite name="add_blank_row" timestamp="2025-06-27T03:43:59Z" hostname="76fd2400adba" tests="1" skipped="0" failures="0" errors="0" time="1.833">
    <testcase time="1.833" classname="character(0)" name="add_blank_row_works"/>
  </testsuite>
  <testsuite name="add_blank_row" timestamp="2025-06-27T03:43:59Z" hostname="76fd2400adba" tests="1" skipped="1" failures="0" errors="0" time="0.02">
    <testcase time="0.02" classname="character(0)" name="add_blank_row_messaging">
      <skipped message="Reason: On CRAN ('test-add_blank_row.R:15:3')"/>
    </testcase>
  </testsuite>
  <testsuite name="add_hierarchical_count_row" timestamp="2025-06-27T03:43:59Z" hostname="76fd2400adba" tests="3" skipped="1" failures="0" errors="0" time="0.407">
    <testcase time="0.405" classname="character(0)" name="add_hierarchical_count_row_works"/>
    <testcase time="0.00100000000000033" classname="character(0)" name="add_hierarchical_count_row_works"/>
    <testcase time="0.00099999999999989" classname="character(0)" name="add_hierarchical_count_row_works">
      <skipped message="Reason: On CRAN ('test-add_hierarchical_count_row.R:21:3')"/>
    </testcase>
  </testsuite>
  <testsuite name="roche_pvalue" timestamp="2025-06-27T03:44:00Z" hostname="76fd2400adba" tests="1" skipped="0" failures="0" errors="0" time="0.071">
    <testcase time="0.0709999999999997" classname="character(0)" name="roche_pvalue_works"/>
  </testsuite>
  <testsuite name="roche_pvalue" timestamp="2025-06-27T03:44:00Z" hostname="76fd2400adba" tests="3" skipped="0" failures="0" errors="0" time="0.003">
    <testcase time="0.00200000000000022" classname="character(0)" name="roche_percent_works"/>
    <testcase time="0" classname="character(0)" name="roche_percent_works"/>
    <testcase time="0.00099999999999989" classname="character(0)" name="roche_percent_works"/>
    <testcase time="0.0340000000000003" classname="character(0)" name="_unnamed_">
      <skipped message="Reason: On CRAN ('test-tbl_hierarchical_rate_and_count.R:1:1')"/>
    </testcase>
  </testsuite>
  <testsuite name="modify_header_rm_md" timestamp="2025-06-27T03:44:01Z" hostname="76fd2400adba" tests="3" skipped="1" failures="0" errors="0" time="1.897">
    <testcase time="1.862" classname="character(0)" name="strip_md_bold_works_with_gtsummary_table"/>
    <testcase time="0.00100000000000033" classname="character(0)" name="strip_md_bold_works_with_gtsummary_table"/>
  </testsuite>
  <testsuite name="tbl_roche_summary" timestamp="2025-06-27T03:44:05Z" hostname="76fd2400adba" tests="1" skipped="0" failures="0" errors="0" time="3.399">
    <testcase time="3.399" classname="character(0)" name="tbl_roche_summary_works"/>
  </testsuite>
  <testsuite name="tbl_roche_summary" timestamp="2025-06-27T03:44:05Z" hostname="76fd2400adba" tests="2" skipped="1" failures="0" errors="0" time="0.002">
    <testcase time="0.00200000000000067" classname="character(0)" name="tbl_roche_summary_add_overall_works"/>
    <testcase time="0" classname="character(0)" name="tbl_roche_summary_add_overall_works">
      <skipped message="Reason: On CRAN ('test-tbl_roche_summary.R:41:3')"/>
    </testcase>
  </testsuite>
  <testsuite name="tbl_roche_summary" timestamp="2025-06-27T03:44:05Z" hostname="76fd2400adba" tests="1" skipped="0" failures="0" errors="0" time="0.011">
    <testcase time="0.0109999999999992" classname="character(0)" name="tbl_roche_summary_recode_counts_for_all_NA_column"/>
  </testsuite>
  <testsuite name="tbl_survfit_quantiles" timestamp="2025-06-27T03:44:06Z" hostname="76fd2400adba" tests="2" skipped="1" failures="0" errors="0" time="0.83">
    <testcase time="0.829000000000001" classname="character(0)" name="tbl_survfit_quantiles_works"/>
    <testcase time="0.000999999999999446" classname="character(0)" name="tbl_survfit_quantiles_works">
      <skipped message="Reason: On CRAN ('test-tbl_survfit_quantiles.R:13:3')"/>
    </testcase>
  </testsuite>
  <testsuite name="tbl_survfit_quantiles" timestamp="2025-06-27T03:44:06Z" hostname="76fd2400adba" tests="1" skipped="1" failures="0" errors="0" time="0.015">
    <testcase time="0.0150000000000006" classname="character(0)" name="tbl_survfit_quantiles_by_messaging">
      <skipped message="Reason: On CRAN ('test-tbl_survfit_quantiles.R:55:3')"/>
    </testcase>
  </testsuite>
  <testsuite name="tbl_survfit_quantiles" timestamp="2025-06-27T03:44:06Z" hostname="76fd2400adba" tests="1" skipped="1" failures="0" errors="0" time="0.018">
    <testcase time="0.0179999999999989" classname="character(0)" name="tbl_survfit_quantiles_estimate_fun_">
      <skipped message="Reason: On CRAN ('test-tbl_survfit_quantiles.R:75:3')"/>
    </testcase>
  </testsuite>
  <testsuite name="tbl_survfit_quantiles" timestamp="2025-06-27T03:44:06Z" hostname="76fd2400adba" tests="1" skipped="0" failures="0" errors="0" time="0.01">
    <testcase time="0.00999999999999979" classname="character(0)" name="tbl_survfit_quantiles_method.args_"/>
  </testsuite>
  <testsuite name="tbl_survfit_quantiles" timestamp="2025-06-27T03:44:06Z" hostname="76fd2400adba" tests="1" skipped="1" failures="0" errors="0" time="0.001">
    <testcase time="0.00100000000000122" classname="character(0)" name="add_overall.tbl_survfit_quantiles_works">
      <skipped message="Reason: On CRAN ('test-tbl_survfit_quantiles.R:111:3')"/>
    </testcase>
  </testsuite>
  <testsuite name="theme_gtsummary_roche" timestamp="2025-06-27T03:44:07Z" hostname="76fd2400adba" tests="1" skipped="1" failures="0" errors="0" time="1.283">
    <testcase time="1.283" classname="character(0)" name="theme_gtsummary_roche_works">
      <skipped message="Reason: On CRAN ('test-theme_gtsummary_roche.R:3:3')"/>
    </testcase>
  </testsuite>
  <testsuite name="theme_gtsummary_roche" timestamp="2025-06-27T03:44:07Z" hostname="76fd2400adba" tests="1" skipped="1" failures="0" errors="0" time="0.01">
    <testcase time="0.00999999999999979" classname="character(0)" name="theme_gtsummary_roche_adds_relevant_flextable_directives">
      <skipped message="Reason: On CRAN ('test-theme_gtsummary_roche.R:17:3')"/>
    </testcase>
  </testsuite>
  <testsuite name="theme_gtsummary_roche" timestamp="2025-06-27T03:44:07Z" hostname="76fd2400adba" tests="1" skipped="0" failures="0" errors="0" time="0.011">
    <testcase time="0.011000000000001" classname="character(0)" name="theme_gtsummary_roche_no_errors_with_a_gt_print"/>
  </testsuite>
  <testsuite name="tbl_survfit_times" timestamp="2025-06-27T03:44:07Z" hostname="76fd2400adba" tests="2" skipped="1" failures="0" errors="0" time="0.307">
    <testcase time="0.305999999999999" classname="character(0)" name="tbl_survfit_times_works"/>
    <testcase time="0.000999999999999446" classname="character(0)" name="tbl_survfit_times_works">
      <skipped message="Reason: On CRAN ('test-tbl_survfit_times.R:14:3')"/>
    </testcase>
  </testsuite>
  <testsuite name="tbl_survfit_times" timestamp="2025-06-27T03:44:07Z" hostname="76fd2400adba" tests="1" skipped="1" failures="0" errors="0" time="0.01">
    <testcase time="0.00999999999999979" classname="character(0)" name="tbl_survfit_times_by_messaging">
      <skipped message="Reason: On CRAN ('test-tbl_survfit_times.R:59:3')"/>
    </testcase>
  </testsuite>
  <testsuite name="tbl_survfit_times" timestamp="2025-06-27T03:44:07Z" hostname="76fd2400adba" tests="1" skipped="1" failures="0" errors="0" time="0.012">
    <testcase time="0.0120000000000005" classname="character(0)" name="add_overall.tbl_survfit_times_works">
      <skipped message="Reason: On CRAN ('test-tbl_survfit_times.R:81:3')"/>
    </testcase>
  </testsuite>
</testsuites>
