<?xml version="1.0" encoding="UTF-8"?>
<testsuites>
  <testsuite name="add_blank_row" timestamp="2025-06-26T20:22:10Z" hostname="c18a7b5b9b15" tests="1" skipped="0" failures="0" errors="0" time="1.847">
    <testcase time="1.847" classname="character(0)" name="add_blank_row_works"/>
  </testsuite>
  <testsuite name="add_blank_row" timestamp="2025-06-26T20:22:10Z" hostname="c18a7b5b9b15" tests="1" skipped="0" failures="0" errors="0" time="0.023">
    <testcase time="0.0229999999999997" classname="character(0)" name="add_blank_row_messaging"/>
  </testsuite>
  <testsuite name="add_hierarchical_count_row" timestamp="2025-06-26T20:22:12Z" hostname="c18a7b5b9b15" tests="4" skipped="0" failures="0" errors="0" time="1.879">
    <testcase time="1.876" classname="character(0)" name="add_hierarchical_count_row_works"/>
    <testcase time="0.00100000000000033" classname="character(0)" name="add_hierarchical_count_row_works"/>
    <testcase time="0.00100000000000033" classname="character(0)" name="add_hierarchical_count_row_works"/>
    <testcase time="0.000999999999999446" classname="character(0)" name="add_hierarchical_count_row_works"/>
  </testsuite>
  <testsuite name="roche_pvalue" timestamp="2025-06-26T20:22:12Z" hostname="c18a7b5b9b15" tests="1" skipped="0" failures="0" errors="0" time="0.058">
    <testcase time="0.0579999999999998" classname="character(0)" name="roche_pvalue_works"/>
  </testsuite>
  <testsuite name="roche_pvalue" timestamp="2025-06-26T20:22:12Z" hostname="c18a7b5b9b15" tests="3" skipped="0" failures="0" errors="0" time="0.004">
    <testcase time="0.00200000000000067" classname="character(0)" name="roche_percent_works"/>
    <testcase time="0.000999999999999446" classname="character(0)" name="roche_percent_works"/>
    <testcase time="0.00100000000000033" classname="character(0)" name="roche_percent_works"/>
  </testsuite>
  <testsuite name="modify_header_rm_md" timestamp="2025-06-26T20:22:12Z" hostname="c18a7b5b9b15" tests="2" skipped="0" failures="0" errors="0" time="0.481">
    <testcase time="0.48" classname="character(0)" name="strip_md_bold_works_with_gtsummary_table"/>
    <testcase time="0.00100000000000033" classname="character(0)" name="strip_md_bold_works_with_gtsummary_table"/>
  </testsuite>
  <testsuite name="tbl_roche_summary" timestamp="2025-06-26T20:22:19Z" hostname="c18a7b5b9b15" tests="1" skipped="0" failures="0" errors="0" time="6.344">
    <testcase time="6.344" classname="character(0)" name="tbl_roche_summary_works"/>
  </testsuite>
  <testsuite name="tbl_roche_summary" timestamp="2025-06-26T20:22:19Z" hostname="c18a7b5b9b15" tests="3" skipped="0" failures="0" errors="0" time="0.002">
    <testcase time="0.00100000000000122" classname="character(0)" name="tbl_roche_summary_add_overall_works"/>
    <testcase time="0.000999999999999446" classname="character(0)" name="tbl_roche_summary_add_overall_works"/>
    <testcase time="0" classname="character(0)" name="tbl_roche_summary_add_overall_works"/>
  </testsuite>
  <testsuite name="tbl_roche_summary" timestamp="2025-06-26T20:22:19Z" hostname="c18a7b5b9b15" tests="1" skipped="0" failures="0" errors="0" time="0.002">
    <testcase time="0.00200000000000067" classname="character(0)" name="tbl_roche_summary_recode_counts_for_all_NA_column"/>
  </testsuite>
  <testsuite name="tbl_hierarchical_rate_and_count" timestamp="2025-06-26T20:22:22Z" hostname="c18a7b5b9b15" tests="5" skipped="0" failures="0" errors="0" time="2.841">
    <testcase time="2.837" classname="character(0)" name="tbl_hierarchical_rate_and_count_works"/>
    <testcase time="0.000999999999999446" classname="character(0)" name="tbl_hierarchical_rate_and_count_works"/>
    <testcase time="0.000999999999999446" classname="character(0)" name="tbl_hierarchical_rate_and_count_works"/>
    <testcase time="0.00100000000000122" classname="character(0)" name="tbl_hierarchical_rate_and_count_works"/>
    <testcase time="0.000999999999999446" classname="character(0)" name="tbl_hierarchical_rate_and_count_works"/>
  </testsuite>
  <testsuite name="tbl_hierarchical_rate_and_count" timestamp="2025-06-26T20:22:22Z" hostname="c18a7b5b9b15" tests="2" skipped="0" failures="0" errors="0" time="0.004">
    <testcase time="0.00300000000000011" classname="character(0)" name="tbl_hierarchical_rate_and_count_sort_"/>
    <testcase time="0.000999999999999446" classname="character(0)" name="tbl_hierarchical_rate_and_count_sort_"/>
  </testsuite>
  <testsuite name="tbl_survfit_quantiles" timestamp="2025-06-26T20:22:25Z" hostname="c18a7b5b9b15" tests="7" skipped="0" failures="0" errors="0" time="3.561">
    <testcase time="3.556" classname="character(0)" name="tbl_survfit_quantiles_works"/>
    <testcase time="0.00100000000000122" classname="character(0)" name="tbl_survfit_quantiles_works"/>
    <testcase time="0.00300000000000011" classname="character(0)" name="tbl_survfit_quantiles_works"/>
    <testcase time="0" classname="character(0)" name="tbl_survfit_quantiles_works"/>
    <testcase time="0" classname="character(0)" name="tbl_survfit_quantiles_works"/>
    <testcase time="0.00100000000000122" classname="character(0)" name="tbl_survfit_quantiles_works"/>
    <testcase time="0" classname="character(0)" name="tbl_survfit_quantiles_works"/>
  </testsuite>
  <testsuite name="tbl_survfit_quantiles" timestamp="2025-06-26T20:22:25Z" hostname="c18a7b5b9b15" tests="2" skipped="0" failures="0" errors="0" time="0.002">
    <testcase time="0.00199999999999889" classname="character(0)" name="tbl_survfit_quantiles_by_messaging"/>
    <testcase time="0" classname="character(0)" name="tbl_survfit_quantiles_by_messaging"/>
  </testsuite>
  <testsuite name="tbl_survfit_quantiles" timestamp="2025-06-26T20:22:25Z" hostname="c18a7b5b9b15" tests="1" skipped="0" failures="0" errors="0" time="0.002">
    <testcase time="0.00199999999999889" classname="character(0)" name="tbl_survfit_quantiles_estimate_fun_"/>
  </testsuite>
  <testsuite name="tbl_survfit_quantiles" timestamp="2025-06-26T20:22:25Z" hostname="c18a7b5b9b15" tests="1" skipped="0" failures="0" errors="0" time="0.001">
    <testcase time="0.00100000000000122" classname="character(0)" name="tbl_survfit_quantiles_method.args_"/>
  </testsuite>
  <testsuite name="tbl_survfit_quantiles" timestamp="2025-06-26T20:22:25Z" hostname="c18a7b5b9b15" tests="1" skipped="0" failures="0" errors="0" time="0.001">
    <testcase time="0.00100000000000122" classname="character(0)" name="add_overall.tbl_survfit_quantiles_works"/>
  </testsuite>
  <testsuite name="tbl_survfit_times" timestamp="2025-06-26T20:22:26Z" hostname="c18a7b5b9b15" tests="7" skipped="0" failures="0" errors="0" time="0.83">
    <testcase time="0.823999999999998" classname="character(0)" name="tbl_survfit_times_works"/>
    <testcase time="0.00100000000000122" classname="character(0)" name="tbl_survfit_times_works"/>
    <testcase time="0.00100000000000122" classname="character(0)" name="tbl_survfit_times_works"/>
    <testcase time="0.000999999999997669" classname="character(0)" name="tbl_survfit_times_works"/>
    <testcase time="0.00100000000000122" classname="character(0)" name="tbl_survfit_times_works"/>
    <testcase time="0.00100000000000122" classname="character(0)" name="tbl_survfit_times_works"/>
    <testcase time="0.000999999999997669" classname="character(0)" name="tbl_survfit_times_works"/>
  </testsuite>
  <testsuite name="tbl_survfit_times" timestamp="2025-06-26T20:22:26Z" hostname="c18a7b5b9b15" tests="2" skipped="0" failures="0" errors="0" time="0.003">
    <testcase time="0.00300000000000011" classname="character(0)" name="tbl_survfit_times_by_messaging"/>
    <testcase time="0" classname="character(0)" name="tbl_survfit_times_by_messaging"/>
  </testsuite>
  <testsuite name="tbl_survfit_times" timestamp="2025-06-26T20:22:26Z" hostname="c18a7b5b9b15" tests="1" skipped="0" failures="0" errors="0" time="0.002">
    <testcase time="0.00200000000000244" classname="character(0)" name="add_overall.tbl_survfit_times_works"/>
  </testsuite>
  <testsuite name="theme_gtsummary_roche" timestamp="2025-06-26T20:22:26Z" hostname="c18a7b5b9b15" tests="1" skipped="0" failures="0" errors="0" time="0.33">
    <testcase time="0.329999999999998" classname="character(0)" name="theme_gtsummary_roche_works"/>
  </testsuite>
  <testsuite name="theme_gtsummary_roche" timestamp="2025-06-26T20:22:26Z" hostname="c18a7b5b9b15" tests="1" skipped="0" failures="0" errors="0" time="0.002">
    <testcase time="0.00199999999999889" classname="character(0)" name="theme_gtsummary_roche_adds_relevant_flextable_directives"/>
  </testsuite>
  <testsuite name="theme_gtsummary_roche" timestamp="2025-06-26T20:22:26Z" hostname="c18a7b5b9b15" tests="1" skipped="0" failures="0" errors="0" time="0.001">
    <testcase time="0.00100000000000122" classname="character(0)" name="theme_gtsummary_roche_no_errors_with_a_gt_print"/>
  </testsuite>
</testsuites>
