<?xml version="1.0" encoding="UTF-8"?>
<testsuites>
  <testsuite name="roche_pvalue" timestamp="2025-05-31T16:18:52Z" hostname="1c19394d0d92" tests="1" skipped="0" failures="0" errors="0" time="0.95">
    <testcase time="0.95" classname="character(0)" name="roche_pvalue_works"/>
  </testsuite>
  <testsuite name="strip_md" timestamp="2025-05-31T16:18:52Z" hostname="1c19394d0d92" tests="3" skipped="0" failures="0" errors="0" time="0.208">
    <testcase time="0.123" classname="character(0)" name="strip_md_bold_works"/>
    <testcase time="0" classname="character(0)" name="strip_md_bold_works"/>
    <testcase time="0.085" classname="character(0)" name="strip_md_bold_works"/>
  </testsuite>
  <testsuite name="strip_md" timestamp="2025-05-31T16:18:52Z" hostname="1c19394d0d92" tests="3" skipped="0" failures="0" errors="0" time="0.008">
    <testcase time="0.00700000000000012" classname="character(0)" name="strip_md_italic_works"/>
    <testcase time="0" classname="character(0)" name="strip_md_italic_works"/>
    <testcase time="0.00099999999999989" classname="character(0)" name="strip_md_italic_works"/>
  </testsuite>
  <testsuite name="add_blank_row" timestamp="2025-05-31T16:18:53Z" hostname="1c19394d0d92" tests="1" skipped="0" failures="0" errors="0" time="0.795">
    <testcase time="0.795" classname="character(0)" name="add_blank_row_works"/>
  </testsuite>
  <testsuite name="add_blank_row" timestamp="2025-05-31T16:18:53Z" hostname="1c19394d0d92" tests="1" skipped="0" failures="0" errors="0" time="0.003">
    <testcase time="0.00300000000000011" classname="character(0)" name="add_blank_row_messaging"/>
  </testsuite>
  <testsuite name="tbl_demographics" timestamp="2025-05-31T16:18:59Z" hostname="1c19394d0d92" tests="1" skipped="0" failures="0" errors="0" time="5.694">
    <testcase time="5.694" classname="character(0)" name="tbl_demographics_works"/>
  </testsuite>
  <testsuite name="tbl_demographics" timestamp="2025-05-31T16:18:59Z" hostname="1c19394d0d92" tests="3" skipped="0" failures="0" errors="0" time="0.004">
    <testcase time="0.00199999999999889" classname="character(0)" name="tbl_demographics_add_overall_works"/>
    <testcase time="0.00100000000000122" classname="character(0)" name="tbl_demographics_add_overall_works"/>
    <testcase time="0.000999999999999446" classname="character(0)" name="tbl_demographics_add_overall_works"/>
  </testsuite>
  <testsuite name="tbl_ae_rate_and_count" timestamp="2025-05-31T16:19:05Z" hostname="1c19394d0d92" tests="3" skipped="0" failures="0" errors="0" time="5.914">
    <testcase time="5.913" classname="character(0)" name="tbl_ae_rate_and_count_works"/>
    <testcase time="0" classname="character(0)" name="tbl_ae_rate_and_count_works"/>
    <testcase time="0.000999999999999446" classname="character(0)" name="tbl_ae_rate_and_count_works"/>
  </testsuite>
  <testsuite name="tbl_ae_rate_and_count" timestamp="2025-05-31T16:19:05Z" hostname="1c19394d0d92" tests="2" skipped="0" failures="0" errors="0" time="0.003">
    <testcase time="0.00200000000000067" classname="character(0)" name="tbl_ae_rate_and_count_hlt_"/>
    <testcase time="0.000999999999999446" classname="character(0)" name="tbl_ae_rate_and_count_hlt_"/>
  </testsuite>
  <testsuite name="tbl_ae_rate_and_count" timestamp="2025-05-31T16:19:05Z" hostname="1c19394d0d92" tests="2" skipped="0" failures="0" errors="0" time="0.002">
    <testcase time="0.00100000000000122" classname="character(0)" name="tbl_ae_rate_and_count_filter_"/>
    <testcase time="0.000999999999999446" classname="character(0)" name="tbl_ae_rate_and_count_filter_"/>
  </testsuite>
  <testsuite name="tbl_ae_rate_and_count" timestamp="2025-05-31T16:19:05Z" hostname="1c19394d0d92" tests="2" skipped="0" failures="0" errors="0" time="0.003">
    <testcase time="0.00200000000000067" classname="character(0)" name="tbl_ae_rate_and_count_sort_"/>
    <testcase time="0.000999999999999446" classname="character(0)" name="tbl_ae_rate_and_count_sort_"/>
  </testsuite>
  <testsuite name="tbl_survfit_quantiles" timestamp="2025-05-31T16:19:05Z" hostname="1c19394d0d92" tests="7" skipped="0" failures="0" errors="0" time="0.342">
    <testcase time="0.334999999999999" classname="character(0)" name="tbl_survfit_quantiles_works"/>
    <testcase time="0.00200000000000067" classname="character(0)" name="tbl_survfit_quantiles_works"/>
    <testcase time="0.000999999999999446" classname="character(0)" name="tbl_survfit_quantiles_works"/>
    <testcase time="0.00100000000000122" classname="character(0)" name="tbl_survfit_quantiles_works"/>
    <testcase time="0.000999999999999446" classname="character(0)" name="tbl_survfit_quantiles_works"/>
    <testcase time="0.000999999999999446" classname="character(0)" name="tbl_survfit_quantiles_works"/>
    <testcase time="0.00100000000000122" classname="character(0)" name="tbl_survfit_quantiles_works"/>
  </testsuite>
  <testsuite name="tbl_survfit_quantiles" timestamp="2025-05-31T16:19:05Z" hostname="1c19394d0d92" tests="2" skipped="0" failures="0" errors="0" time="0.003">
    <testcase time="0.00299999999999834" classname="character(0)" name="tbl_survfit_quantiles_by_messaging"/>
    <testcase time="0" classname="character(0)" name="tbl_survfit_quantiles_by_messaging"/>
  </testsuite>
  <testsuite name="tbl_survfit_quantiles" timestamp="2025-05-31T16:19:05Z" hostname="1c19394d0d92" tests="1" skipped="0" failures="0" errors="0" time="0.002">
    <testcase time="0.00200000000000067" classname="character(0)" name="tbl_survfit_quantiles_estimate_fun_"/>
  </testsuite>
  <testsuite name="tbl_survfit_quantiles" timestamp="2025-05-31T16:19:05Z" hostname="1c19394d0d92" tests="1" skipped="0" failures="0" errors="0" time="0.002">
    <testcase time="0.00200000000000067" classname="character(0)" name="tbl_survfit_quantiles_method.args_"/>
  </testsuite>
  <testsuite name="tbl_survfit_quantiles" timestamp="2025-05-31T16:19:05Z" hostname="1c19394d0d92" tests="1" skipped="0" failures="0" errors="0" time="0.002">
    <testcase time="0.00199999999999889" classname="character(0)" name="add_overall.tbl_survfit_quantiles_works"/>
  </testsuite>
  <testsuite name="theme_gtsummary_roche" timestamp="2025-05-31T16:19:06Z" hostname="1c19394d0d92" tests="1" skipped="0" failures="0" errors="0" time="1.184">
    <testcase time="1.184" classname="character(0)" name="theme_gtsummary_roche_works"/>
  </testsuite>
  <testsuite name="theme_gtsummary_roche" timestamp="2025-05-31T16:19:06Z" hostname="1c19394d0d92" tests="1" skipped="0" failures="0" errors="0" time="0.003">
    <testcase time="0.00300000000000011" classname="character(0)" name="theme_gtsummary_roche_adds_relevant_flextable_directives"/>
  </testsuite>
  <testsuite name="theme_gtsummary_roche" timestamp="2025-05-31T16:19:06Z" hostname="1c19394d0d92" tests="1" skipped="0" failures="0" errors="0" time="0.003">
    <testcase time="0.00300000000000011" classname="character(0)" name="theme_gtsummary_roche_no_errors_with_a_gt_print"/>
  </testsuite>
  <testsuite name="tbl_survfit_times" timestamp="2025-05-31T16:19:09Z" hostname="1c19394d0d92" tests="7" skipped="0" failures="0" errors="0" time="2.773">
    <testcase time="2.769" classname="character(0)" name="tbl_survfit_times_works"/>
    <testcase time="0" classname="character(0)" name="tbl_survfit_times_works"/>
    <testcase time="0.00100000000000122" classname="character(0)" name="tbl_survfit_times_works"/>
    <testcase time="0.00100000000000122" classname="character(0)" name="tbl_survfit_times_works"/>
    <testcase time="0" classname="character(0)" name="tbl_survfit_times_works"/>
    <testcase time="0.000999999999997669" classname="character(0)" name="tbl_survfit_times_works"/>
    <testcase time="0.00100000000000122" classname="character(0)" name="tbl_survfit_times_works"/>
  </testsuite>
  <testsuite name="tbl_survfit_times" timestamp="2025-05-31T16:19:09Z" hostname="1c19394d0d92" tests="2" skipped="0" failures="0" errors="0" time="0.002">
    <testcase time="0.00100000000000122" classname="character(0)" name="tbl_survfit_times_by_messaging"/>
    <testcase time="0.000999999999997669" classname="character(0)" name="tbl_survfit_times_by_messaging"/>
  </testsuite>
  <testsuite name="tbl_survfit_times" timestamp="2025-05-31T16:19:09Z" hostname="1c19394d0d92" tests="1" skipped="0" failures="0" errors="0" time="0.002">
    <testcase time="0.00200000000000244" classname="character(0)" name="add_overall.tbl_survfit_times_works"/>
  </testsuite>
</testsuites>
