<?xml version="1.0" encoding="UTF-8"?>
<testsuites>
  <testsuite name="tbl_demographics" timestamp="2025-02-24T17:56:47Z" hostname="4bc8231ccda0" tests="1" skipped="0" failures="0" errors="0" time="1.431">
    <testcase time="1.431" classname="character(0)" name="tbl_demographics_works"/>
  </testsuite>
  <testsuite name="theme_gtsummary_roche" timestamp="2025-02-24T17:56:47Z" hostname="4bc8231ccda0" tests="1" skipped="0" failures="0" errors="0" time="0.135">
    <testcase time="0.135" classname="character(0)" name="theme_gtsummary_roche_works"/>
  </testsuite>
  <testsuite name="add_blank_row" timestamp="2025-02-24T17:56:47Z" hostname="4bc8231ccda0" tests="1" skipped="0" failures="0" errors="0" time="0.049">
    <testcase time="0.0489999999999999" classname="character(0)" name="add_blank_row_works"/>
  </testsuite>
  <testsuite name="add_blank_row" timestamp="2025-02-24T17:56:47Z" hostname="4bc8231ccda0" tests="1" skipped="0" failures="0" errors="0" time="0.001">
    <testcase time="0.00100000000000033" classname="character(0)" name="add_blank_row_messaging"/>
  </testsuite>
</testsuites>
