<?xml version="1.0" encoding="UTF-8"?>
<testsuites>
  <testsuite name="tbl_demographics" timestamp="2025-02-24T18:05:39Z" hostname="7cd4829e4305" tests="1" skipped="0" failures="0" errors="0" time="1.469">
    <testcase time="1.469" classname="character(0)" name="tbl_demographics_works"/>
  </testsuite>
  <testsuite name="theme_gtsummary_roche" timestamp="2025-02-24T18:05:39Z" hostname="7cd4829e4305" tests="1" skipped="0" failures="0" errors="0" time="0.136">
    <testcase time="0.136" classname="character(0)" name="theme_gtsummary_roche_works"/>
  </testsuite>
  <testsuite name="add_blank_row" timestamp="2025-02-24T18:05:40Z" hostname="7cd4829e4305" tests="1" skipped="0" failures="0" errors="0" time="0.04">
    <testcase time="0.04" classname="character(0)" name="add_blank_row_works"/>
  </testsuite>
  <testsuite name="add_blank_row" timestamp="2025-02-24T18:05:40Z" hostname="7cd4829e4305" tests="1" skipped="0" failures="0" errors="0" time="0.002">
    <testcase time="0.00200000000000022" classname="character(0)" name="add_blank_row_messaging"/>
  </testsuite>
</testsuites>
