<?xml version="1.0" encoding="UTF-8"?>
<testsuites>
  <testsuite name="tbl_demographics" timestamp="2025-02-24T18:09:13Z" hostname="43f11b625ba0" tests="1" skipped="0" failures="0" errors="0" time="1.479">
    <testcase time="1.479" classname="character(0)" name="tbl_demographics_works"/>
  </testsuite>
  <testsuite name="add_blank_row" timestamp="2025-02-24T18:09:13Z" hostname="43f11b625ba0" tests="1" skipped="0" failures="0" errors="0" time="0.115">
    <testcase time="0.115" classname="character(0)" name="add_blank_row_works"/>
  </testsuite>
  <testsuite name="add_blank_row" timestamp="2025-02-24T18:09:13Z" hostname="43f11b625ba0" tests="1" skipped="0" failures="0" errors="0" time="0.015">
    <testcase time="0.0150000000000001" classname="character(0)" name="add_blank_row_messaging"/>
  </testsuite>
  <testsuite name="theme_gtsummary_roche" timestamp="2025-02-24T18:09:13Z" hostname="43f11b625ba0" tests="1" skipped="0" failures="0" errors="0" time="0.005">
    <testcase time="0.00499999999999989" classname="character(0)" name="theme_gtsummary_roche_works"/>
  </testsuite>
</testsuites>
