<?xml version="1.0" encoding="UTF-8"?>
<testsuites>
  <testsuite name="tbl_demographics" timestamp="2025-02-24T18:15:33Z" hostname="e4a473a095ad" tests="1" skipped="0" failures="0" errors="0" time="1.419">
    <testcase time="1.419" classname="character(0)" name="tbl_demographics_works"/>
  </testsuite>
  <testsuite name="theme_gtsummary_roche" timestamp="2025-02-24T18:15:33Z" hostname="e4a473a095ad" tests="1" skipped="0" failures="0" errors="0" time="0.141">
    <testcase time="0.141" classname="character(0)" name="theme_gtsummary_roche_works"/>
  </testsuite>
  <testsuite name="add_blank_row" timestamp="2025-02-24T18:15:33Z" hostname="e4a473a095ad" tests="1" skipped="0" failures="0" errors="0" time="0.026">
    <testcase time="0.0259999999999998" classname="character(0)" name="add_blank_row_works"/>
  </testsuite>
  <testsuite name="add_blank_row" timestamp="2025-02-24T18:15:33Z" hostname="e4a473a095ad" tests="1" skipped="0" failures="0" errors="0" time="0.002">
    <testcase time="0.00200000000000022" classname="character(0)" name="add_blank_row_messaging"/>
  </testsuite>
</testsuites>
