<?xml version="1.0" encoding="UTF-8"?>
<testsuites>
  <testsuite name="add_blank_row" timestamp="2025-06-25T00:38:36Z" hostname="f336ab986a14" tests="1" skipped="0" failures="0" errors="0" time="2.287">
    <testcase time="2.287" classname="character(0)" name="add_blank_row_works"/>
  </testsuite>
  <testsuite name="add_blank_row" timestamp="2025-06-25T00:38:36Z" hostname="f336ab986a14" tests="1" skipped="1" failures="0" errors="0" time="0.081">
    <testcase time="0.081" classname="character(0)" name="add_blank_row_messaging">
      <skipped message="Reason: On CRAN ('test-add_blank_row.R:15:3')"/>
    </testcase>
  </testsuite>
  <testsuite name="add_hierarchical_count_row" timestamp="2025-06-25T00:38:37Z" hostname="f336ab986a14" tests="3" skipped="1" failures="0" errors="0" time="0.475">
    <testcase time="0.474" classname="character(0)" name="add_hierarchical_count_row_works"/>
    <testcase time="0.00100000000000033" classname="character(0)" name="add_hierarchical_count_row_works"/>
    <testcase time="0" classname="character(0)" name="add_hierarchical_count_row_works">
      <skipped message="Reason: On CRAN ('test-add_hierarchical_count_row.R:21:3')"/>
    </testcase>
  </testsuite>
  <testsuite name="roche_pvalue" timestamp="2025-06-25T00:38:37Z" hostname="f336ab986a14" tests="1" skipped="0" failures="0" errors="0" time="0.065">
    <testcase time="0.0649999999999999" classname="character(0)" name="roche_pvalue_works"/>
  </testsuite>
  <testsuite name="modify_header_rm_md" timestamp="2025-06-25T00:38:39Z" hostname="f336ab986a14" tests="2" skipped="0" failures="0" errors="0" time="2.24">
    <testcase time="2.239" classname="character(0)" name="strip_md_bold_works_with_gtsummary_table"/>
    <testcase time="0.000999999999999446" classname="character(0)" name="strip_md_bold_works_with_gtsummary_table"/>
    <testcase time="0.0460000000000003" classname="character(0)" name="_unnamed_">
      <skipped message="Reason: On CRAN ('test-tbl_hierarchical_rate_and_count.R:1:1')"/>
    </testcase>
    <testcase time="0.0830000000000002" classname="character(0)" name="_unnamed_">
      <skipped message="Reason: On CRAN ('test-tbl_hierarchical_rate_by_grade.R:1:1')"/>
    </testcase>
  </testsuite>
  <testsuite name="tbl_demographics" timestamp="2025-06-25T00:38:43Z" hostname="f336ab986a14" tests="3" skipped="2" failures="0" errors="0" time="3.837">
    <testcase time="3.708" classname="character(0)" name="tbl_demographics_works"/>
  </testsuite>
  <testsuite name="tbl_demographics" timestamp="2025-06-25T00:38:43Z" hostname="f336ab986a14" tests="2" skipped="1" failures="0" errors="0" time="0.003">
    <testcase time="0.00200000000000067" classname="character(0)" name="tbl_demographics_add_overall_works"/>
    <testcase time="0.000999999999999446" classname="character(0)" name="tbl_demographics_add_overall_works">
      <skipped message="Reason: On CRAN ('test-tbl_demographics.R:41:3')"/>
    </testcase>
  </testsuite>
  <testsuite name="tbl_demographics" timestamp="2025-06-25T00:38:43Z" hostname="f336ab986a14" tests="1" skipped="0" failures="0" errors="0" time="0.013">
    <testcase time="0.0129999999999999" classname="character(0)" name="tbl_demographics_recode_counts_for_all_NA_column"/>
  </testsuite>
  <testsuite name="tbl_survfit_quantiles" timestamp="2025-06-25T00:38:44Z" hostname="f336ab986a14" tests="2" skipped="1" failures="0" errors="0" time="1.158">
    <testcase time="1.157" classname="character(0)" name="tbl_survfit_quantiles_works"/>
    <testcase time="0.00100000000000122" classname="character(0)" name="tbl_survfit_quantiles_works">
      <skipped message="Reason: On CRAN ('test-tbl_survfit_quantiles.R:13:3')"/>
    </testcase>
  </testsuite>
  <testsuite name="tbl_survfit_quantiles" timestamp="2025-06-25T00:38:44Z" hostname="f336ab986a14" tests="1" skipped="1" failures="0" errors="0" time="0.021">
    <testcase time="0.020999999999999" classname="character(0)" name="tbl_survfit_quantiles_by_messaging">
      <skipped message="Reason: On CRAN ('test-tbl_survfit_quantiles.R:55:3')"/>
    </testcase>
  </testsuite>
  <testsuite name="tbl_survfit_quantiles" timestamp="2025-06-25T00:38:44Z" hostname="f336ab986a14" tests="1" skipped="1" failures="0" errors="0" time="0.023">
    <testcase time="0.0229999999999997" classname="character(0)" name="tbl_survfit_quantiles_estimate_fun_">
      <skipped message="Reason: On CRAN ('test-tbl_survfit_quantiles.R:75:3')"/>
    </testcase>
  </testsuite>
  <testsuite name="tbl_survfit_quantiles" timestamp="2025-06-25T00:38:44Z" hostname="f336ab986a14" tests="1" skipped="0" failures="0" errors="0" time="0.014">
    <testcase time="0.0140000000000011" classname="character(0)" name="tbl_survfit_quantiles_method.args_"/>
  </testsuite>
  <testsuite name="tbl_survfit_quantiles" timestamp="2025-06-25T00:38:44Z" hostname="f336ab986a14" tests="1" skipped="1" failures="0" errors="0" time="0.001">
    <testcase time="0.000999999999999446" classname="character(0)" name="add_overall.tbl_survfit_quantiles_works">
      <skipped message="Reason: On CRAN ('test-tbl_survfit_quantiles.R:111:3')"/>
    </testcase>
  </testsuite>
  <testsuite name="theme_gtsummary_roche" timestamp="2025-06-25T00:38:46Z" hostname="f336ab986a14" tests="1" skipped="1" failures="0" errors="0" time="1.279">
    <testcase time="1.279" classname="character(0)" name="theme_gtsummary_roche_works">
      <skipped message="Reason: On CRAN ('test-theme_gtsummary_roche.R:3:3')"/>
    </testcase>
  </testsuite>
  <testsuite name="theme_gtsummary_roche" timestamp="2025-06-25T00:38:46Z" hostname="f336ab986a14" tests="1" skipped="1" failures="0" errors="0" time="0.016">
    <testcase time="0.016" classname="character(0)" name="theme_gtsummary_roche_adds_relevant_flextable_directives">
      <skipped message="Reason: On CRAN ('test-theme_gtsummary_roche.R:17:3')"/>
    </testcase>
  </testsuite>
  <testsuite name="theme_gtsummary_roche" timestamp="2025-06-25T00:38:46Z" hostname="f336ab986a14" tests="1" skipped="0" failures="0" errors="0" time="0.011">
    <testcase time="0.0109999999999992" classname="character(0)" name="theme_gtsummary_roche_no_errors_with_a_gt_print"/>
  </testsuite>
  <testsuite name="tbl_survfit_times" timestamp="2025-06-25T00:38:46Z" hostname="f336ab986a14" tests="2" skipped="1" failures="0" errors="0" time="0.413">
    <testcase time="0.413" classname="character(0)" name="tbl_survfit_times_works"/>
    <testcase time="0" classname="character(0)" name="tbl_survfit_times_works">
      <skipped message="Reason: On CRAN ('test-tbl_survfit_times.R:14:3')"/>
    </testcase>
  </testsuite>
  <testsuite name="tbl_survfit_times" timestamp="2025-06-25T00:38:46Z" hostname="f336ab986a14" tests="1" skipped="1" failures="0" errors="0" time="0.013">
    <testcase time="0.0129999999999999" classname="character(0)" name="tbl_survfit_times_by_messaging">
      <skipped message="Reason: On CRAN ('test-tbl_survfit_times.R:59:3')"/>
    </testcase>
  </testsuite>
  <testsuite name="tbl_survfit_times" timestamp="2025-06-25T00:38:46Z" hostname="f336ab986a14" tests="1" skipped="1" failures="0" errors="0" time="0.012">
    <testcase time="0.0120000000000005" classname="character(0)" name="add_overall.tbl_survfit_times_works">
      <skipped message="Reason: On CRAN ('test-tbl_survfit_times.R:81:3')"/>
    </testcase>
  </testsuite>
</testsuites>
