<?xml version="1.0" encoding="UTF-8"?>
<testsuites>
  <testsuite name="roche_pvalue" timestamp="2025-05-30T23:49:00Z" hostname="f01ff3d4ace5" tests="1" skipped="0" failures="0" errors="0" time="0.901">
    <testcase time="0.901" classname="character(0)" name="roche_pvalue_works"/>
  </testsuite>
  <testsuite name="add_blank_row" timestamp="2025-05-30T23:49:01Z" hostname="f01ff3d4ace5" tests="1" skipped="0" failures="0" errors="0" time="1.076">
    <testcase time="1.076" classname="character(0)" name="add_blank_row_works"/>
  </testsuite>
  <testsuite name="add_blank_row" timestamp="2025-05-30T23:49:01Z" hostname="f01ff3d4ace5" tests="1" skipped="0" failures="0" errors="0" time="0.083">
    <testcase time="0.0829999999999997" classname="character(0)" name="add_blank_row_messaging"/>
  </testsuite>
  <testsuite name="tbl_ae_rate_and_count" timestamp="2025-05-30T23:49:12Z" hostname="f01ff3d4ace5" tests="3" skipped="0" failures="0" errors="0" time="11.131">
    <testcase time="11.129" classname="character(0)" name="tbl_ae_rate_and_count_works"/>
    <testcase time="0.000999999999999446" classname="character(0)" name="tbl_ae_rate_and_count_works"/>
    <testcase time="0.00100000000000122" classname="character(0)" name="tbl_ae_rate_and_count_works"/>
  </testsuite>
  <testsuite name="tbl_ae_rate_and_count" timestamp="2025-05-30T23:49:12Z" hostname="f01ff3d4ace5" tests="2" skipped="0" failures="0" errors="0" time="0.002">
    <testcase time="0.000999999999999446" classname="character(0)" name="tbl_ae_rate_and_count_hlt_"/>
    <testcase time="0.000999999999999446" classname="character(0)" name="tbl_ae_rate_and_count_hlt_"/>
  </testsuite>
  <testsuite name="tbl_ae_rate_and_count" timestamp="2025-05-30T23:49:12Z" hostname="f01ff3d4ace5" tests="2" skipped="0" failures="0" errors="0" time="0.002">
    <testcase time="0.00100000000000122" classname="character(0)" name="tbl_ae_rate_and_count_filter_"/>
    <testcase time="0.000999999999999446" classname="character(0)" name="tbl_ae_rate_and_count_filter_"/>
  </testsuite>
  <testsuite name="tbl_ae_rate_and_count" timestamp="2025-05-30T23:49:12Z" hostname="f01ff3d4ace5" tests="2" skipped="0" failures="0" errors="0" time="0.002">
    <testcase time="0.000999999999999446" classname="character(0)" name="tbl_ae_rate_and_count_sort_"/>
    <testcase time="0.00100000000000122" classname="character(0)" name="tbl_ae_rate_and_count_sort_"/>
  </testsuite>
  <testsuite name="tbl_demographics" timestamp="2025-05-30T23:49:18Z" hostname="f01ff3d4ace5" tests="1" skipped="0" failures="0" errors="0" time="5.647">
    <testcase time="5.647" classname="character(0)" name="tbl_demographics_works"/>
  </testsuite>
  <testsuite name="tbl_demographics" timestamp="2025-05-30T23:49:18Z" hostname="f01ff3d4ace5" tests="3" skipped="0" failures="0" errors="0" time="0.005">
    <testcase time="0.00300000000000011" classname="character(0)" name="tbl_demographics_add_overall_works"/>
    <testcase time="0.00100000000000122" classname="character(0)" name="tbl_demographics_add_overall_works"/>
    <testcase time="0.00100000000000122" classname="character(0)" name="tbl_demographics_add_overall_works"/>
  </testsuite>
  <testsuite name="tbl_survfit_quantiles" timestamp="2025-05-30T23:49:24Z" hostname="f01ff3d4ace5" tests="7" skipped="0" failures="0" errors="0" time="6.252">
    <testcase time="6.248" classname="character(0)" name="tbl_survfit_quantiles_works"/>
    <testcase time="0.00100000000000122" classname="character(0)" name="tbl_survfit_quantiles_works"/>
    <testcase time="0" classname="character(0)" name="tbl_survfit_quantiles_works"/>
    <testcase time="0.00100000000000122" classname="character(0)" name="tbl_survfit_quantiles_works"/>
    <testcase time="0.000999999999997669" classname="character(0)" name="tbl_survfit_quantiles_works"/>
    <testcase time="0" classname="character(0)" name="tbl_survfit_quantiles_works"/>
    <testcase time="0.00100000000000122" classname="character(0)" name="tbl_survfit_quantiles_works"/>
  </testsuite>
  <testsuite name="tbl_survfit_quantiles" timestamp="2025-05-30T23:49:24Z" hostname="f01ff3d4ace5" tests="2" skipped="0" failures="0" errors="0" time="0.003">
    <testcase time="0.00199999999999889" classname="character(0)" name="tbl_survfit_quantiles_by_messaging"/>
    <testcase time="0.00100000000000122" classname="character(0)" name="tbl_survfit_quantiles_by_messaging"/>
  </testsuite>
  <testsuite name="tbl_survfit_quantiles" timestamp="2025-05-30T23:49:24Z" hostname="f01ff3d4ace5" tests="1" skipped="0" failures="0" errors="0" time="0.001">
    <testcase time="0.00100000000000122" classname="character(0)" name="tbl_survfit_quantiles_estimate_fun_"/>
  </testsuite>
  <testsuite name="tbl_survfit_quantiles" timestamp="2025-05-30T23:49:24Z" hostname="f01ff3d4ace5" tests="1" skipped="0" failures="0" errors="0" time="0.002">
    <testcase time="0.00199999999999889" classname="character(0)" name="tbl_survfit_quantiles_method.args_"/>
  </testsuite>
  <testsuite name="tbl_survfit_quantiles" timestamp="2025-05-30T23:49:24Z" hostname="f01ff3d4ace5" tests="1" skipped="0" failures="0" errors="0" time="0.002">
    <testcase time="0.00199999999999889" classname="character(0)" name="add_overall.tbl_survfit_quantiles_works"/>
  </testsuite>
  <testsuite name="tbl_survfit_times" timestamp="2025-05-30T23:49:28Z" hostname="f01ff3d4ace5" tests="7" skipped="0" failures="0" errors="0" time="3.689">
    <testcase time="3.683" classname="character(0)" name="tbl_survfit_times_works"/>
    <testcase time="0.00100000000000122" classname="character(0)" name="tbl_survfit_times_works"/>
    <testcase time="0.000999999999997669" classname="character(0)" name="tbl_survfit_times_works"/>
    <testcase time="0.00100000000000122" classname="character(0)" name="tbl_survfit_times_works"/>
    <testcase time="0.00100000000000122" classname="character(0)" name="tbl_survfit_times_works"/>
    <testcase time="0.000999999999997669" classname="character(0)" name="tbl_survfit_times_works"/>
    <testcase time="0.00100000000000122" classname="character(0)" name="tbl_survfit_times_works"/>
  </testsuite>
  <testsuite name="tbl_survfit_times" timestamp="2025-05-30T23:49:28Z" hostname="f01ff3d4ace5" tests="2" skipped="0" failures="0" errors="0" time="0.004">
    <testcase time="0.00300000000000011" classname="character(0)" name="tbl_survfit_times_by_messaging"/>
    <testcase time="0.00100000000000122" classname="character(0)" name="tbl_survfit_times_by_messaging"/>
  </testsuite>
  <testsuite name="tbl_survfit_times" timestamp="2025-05-30T23:49:28Z" hostname="f01ff3d4ace5" tests="1" skipped="0" failures="0" errors="0" time="0.003">
    <testcase time="0.00300000000000011" classname="character(0)" name="add_overall.tbl_survfit_times_works"/>
  </testsuite>
  <testsuite name="theme_gtsummary_roche" timestamp="2025-05-30T23:49:29Z" hostname="f01ff3d4ace5" tests="1" skipped="0" failures="0" errors="0" time="1.142">
    <testcase time="1.142" classname="character(0)" name="theme_gtsummary_roche_works"/>
  </testsuite>
  <testsuite name="theme_gtsummary_roche" timestamp="2025-05-30T23:49:29Z" hostname="f01ff3d4ace5" tests="1" skipped="0" failures="0" errors="0" time="0.003">
    <testcase time="0.00300000000000011" classname="character(0)" name="theme_gtsummary_roche_adds_relevant_flextable_directives"/>
  </testsuite>
  <testsuite name="theme_gtsummary_roche" timestamp="2025-05-30T23:49:29Z" hostname="f01ff3d4ace5" tests="1" skipped="0" failures="0" errors="0" time="0.003">
    <testcase time="0.00300000000000011" classname="character(0)" name="theme_gtsummary_roche_no_errors_with_a_gt_print"/>
  </testsuite>
  <testsuite name="tbl_ae_rates_by_grade" timestamp="2025-05-30T23:50:06Z" hostname="f01ff3d4ace5" tests="8" skipped="0" failures="0" errors="0" time="37.45">
    <testcase time="37.447" classname="character(0)" name="tbl_ae_rates_by_grade_works"/>
    <testcase time="0" classname="character(0)" name="tbl_ae_rates_by_grade_works"/>
    <testcase time="0.00100000000000477" classname="character(0)" name="tbl_ae_rates_by_grade_works"/>
    <testcase time="0" classname="character(0)" name="tbl_ae_rates_by_grade_works"/>
    <testcase time="0.000999999999990564" classname="character(0)" name="tbl_ae_rates_by_grade_works"/>
    <testcase time="0" classname="character(0)" name="tbl_ae_rates_by_grade_works"/>
    <testcase time="0.00100000000000477" classname="character(0)" name="tbl_ae_rates_by_grade_works"/>
    <testcase time="0" classname="character(0)" name="tbl_ae_rates_by_grade_works"/>
  </testsuite>
  <testsuite name="tbl_ae_rates_by_grade" timestamp="2025-05-30T23:50:06Z" hostname="f01ff3d4ace5" tests="6" skipped="0" failures="0" errors="0" time="0.004">
    <testcase time="0.00199999999999534" classname="character(0)" name="tbl_ae_rates_by_grade_include_overall_works"/>
    <testcase time="0" classname="character(0)" name="tbl_ae_rates_by_grade_include_overall_works"/>
    <testcase time="0.00100000000000477" classname="character(0)" name="tbl_ae_rates_by_grade_include_overall_works"/>
    <testcase time="0" classname="character(0)" name="tbl_ae_rates_by_grade_include_overall_works"/>
    <testcase time="0.00100000000000477" classname="character(0)" name="tbl_ae_rates_by_grade_include_overall_works"/>
    <testcase time="0" classname="character(0)" name="tbl_ae_rates_by_grade_include_overall_works"/>
  </testsuite>
  <testsuite name="tbl_ae_rates_by_grade" timestamp="2025-05-30T23:50:06Z" hostname="f01ff3d4ace5" tests="4" skipped="0" failures="0" errors="0" time="0.003">
    <testcase time="0.00199999999999534" classname="character(0)" name="tbl_ae_rates_by_grade_add_overall_works"/>
    <testcase time="0" classname="character(0)" name="tbl_ae_rates_by_grade_add_overall_works"/>
    <testcase time="0.00100000000000477" classname="character(0)" name="tbl_ae_rates_by_grade_add_overall_works"/>
    <testcase time="0" classname="character(0)" name="tbl_ae_rates_by_grade_add_overall_works"/>
  </testsuite>
  <testsuite name="tbl_ae_rates_by_grade" timestamp="2025-05-30T23:50:06Z" hostname="f01ff3d4ace5" tests="7" skipped="0" failures="0" errors="0" time="0.005">
    <testcase time="0.00199999999999534" classname="character(0)" name="tbl_ae_rates_by_grade_sort_works"/>
    <testcase time="0" classname="character(0)" name="tbl_ae_rates_by_grade_sort_works"/>
    <testcase time="0.00100000000000477" classname="character(0)" name="tbl_ae_rates_by_grade_sort_works"/>
    <testcase time="0" classname="character(0)" name="tbl_ae_rates_by_grade_sort_works"/>
    <testcase time="0.000999999999990564" classname="character(0)" name="tbl_ae_rates_by_grade_sort_works"/>
    <testcase time="0" classname="character(0)" name="tbl_ae_rates_by_grade_sort_works"/>
    <testcase time="0.00100000000000477" classname="character(0)" name="tbl_ae_rates_by_grade_sort_works"/>
  </testsuite>
  <testsuite name="tbl_ae_rates_by_grade" timestamp="2025-05-30T23:50:06Z" hostname="f01ff3d4ace5" tests="4" skipped="0" failures="0" errors="0" time="0.003">
    <testcase time="0.00100000000000477" classname="character(0)" name="tbl_ae_rates_by_grade_filter_works"/>
    <testcase time="0.000999999999990564" classname="character(0)" name="tbl_ae_rates_by_grade_filter_works"/>
    <testcase time="0" classname="character(0)" name="tbl_ae_rates_by_grade_filter_works"/>
    <testcase time="0.00100000000000477" classname="character(0)" name="tbl_ae_rates_by_grade_filter_works"/>
  </testsuite>
  <testsuite name="tbl_ae_rates_by_grade" timestamp="2025-05-30T23:50:06Z" hostname="f01ff3d4ace5" tests="3" skipped="0" failures="0" errors="0" time="0.002">
    <testcase time="0.00100000000000477" classname="character(0)" name="tbl_ae_rates_by_grade_grade_groups_works_with_some_grades_not_in_groups"/>
    <testcase time="0.000999999999990564" classname="character(0)" name="tbl_ae_rates_by_grade_grade_groups_works_with_some_grades_not_in_groups"/>
    <testcase time="0" classname="character(0)" name="tbl_ae_rates_by_grade_grade_groups_works_with_some_grades_not_in_groups"/>
  </testsuite>
  <testsuite name="tbl_ae_rates_by_grade" timestamp="2025-05-30T23:50:06Z" hostname="f01ff3d4ace5" tests="6" skipped="0" failures="0" errors="0" time="0.004">
    <testcase time="0.00200000000000955" classname="character(0)" name="tbl_ae_rates_by_grade_grades_exclude_works"/>
    <testcase time="0" classname="character(0)" name="tbl_ae_rates_by_grade_grades_exclude_works"/>
    <testcase time="0.000999999999990564" classname="character(0)" name="tbl_ae_rates_by_grade_grades_exclude_works"/>
    <testcase time="0" classname="character(0)" name="tbl_ae_rates_by_grade_grades_exclude_works"/>
    <testcase time="0.00100000000000477" classname="character(0)" name="tbl_ae_rates_by_grade_grades_exclude_works"/>
    <testcase time="0" classname="character(0)" name="tbl_ae_rates_by_grade_grades_exclude_works"/>
  </testsuite>
  <testsuite name="tbl_ae_rates_by_grade" timestamp="2025-05-30T23:50:06Z" hostname="f01ff3d4ace5" tests="3" skipped="0" failures="0" errors="0" time="0.003">
    <testcase time="0.00199999999999534" classname="character(0)" name="tbl_ae_rates_by_grade_error_messaging_works"/>
    <testcase time="0" classname="character(0)" name="tbl_ae_rates_by_grade_error_messaging_works"/>
    <testcase time="0.00100000000000477" classname="character(0)" name="tbl_ae_rates_by_grade_error_messaging_works"/>
  </testsuite>
</testsuites>
