<?xml version="1.0" encoding="UTF-8"?>
<testsuites>
  <testsuite name="add_hierarchical_count_row" timestamp="2025-06-24T23:17:42Z" hostname="83610146b767" tests="1" skipped="0" failures="0" errors="1" time="0.885">
    <testcase time="0.885" classname="character(0)" name="add_hierarchical_count_row_works">
      <error type="error" message="&lt;vctrs_error_names_must_be_unique/vctrs_error_names/vctrs_error/rlang_error/error/condition&gt; ('test-add_hierarchical_count_row.R:2:3')">&lt;vctrs_error_names_must_be_unique/vctrs_error_names/vctrs_error/rlang_error/error/condition&gt;
Error in `dplyr::rename(cards::ADSL, TRTA = TRT01A)`: Names must be unique.
x These names are duplicated:
  * "TRTA" at locations 9 and 49.
Backtrace:
     ▆
  1. ├─gtsummary::tbl_hierarchical(...) at test-add_hierarchical_count_row.R:2:3
  2. │ └─base::is.data.frame(denominator)
  3. ├─dplyr::rename(cards::ADSL, TRTA = TRT01A)
  4. └─dplyr:::rename.data.frame(cards::ADSL, TRTA = TRT01A)
  5.   └─tidyselect::eval_rename(expr(c(...)), .data)
  6.     └─tidyselect:::rename_impl(...)
  7.       ├─tidyselect:::with_subscript_errors(...)
  8.       │ └─base::withCallingHandlers(...)
  9.       └─vctrs::vec_as_names(names, repair = "check_unique", call = error_call)
 10.         └─vctrs (local) `&lt;fn&gt;`()
 11.           └─vctrs:::validate_unique(names = names, arg = arg, call = call)
 12.             └─vctrs:::stop_names_must_be_unique(names, arg, call = call)
 13.               └─vctrs:::stop_names(...)
 14.                 └─vctrs:::stop_vctrs(...)
 15.                   └─rlang::abort(message, class = c(class, "vctrs_error"), ..., call = call)</error>
    </testcase>
  </testsuite>
  <testsuite name="add_blank_row" timestamp="2025-06-24T23:17:43Z" hostname="83610146b767" tests="1" skipped="0" failures="0" errors="0" time="1.052">
    <testcase time="1.052" classname="character(0)" name="add_blank_row_works"/>
  </testsuite>
  <testsuite name="add_blank_row" timestamp="2025-06-24T23:17:43Z" hostname="83610146b767" tests="1" skipped="0" failures="0" errors="0" time="0.016">
    <testcase time="0.016" classname="character(0)" name="add_blank_row_messaging"/>
  </testsuite>
  <testsuite name="roche_pvalue" timestamp="2025-06-24T23:17:43Z" hostname="83610146b767" tests="1" skipped="0" failures="0" errors="0" time="0.042">
    <testcase time="0.0420000000000003" classname="character(0)" name="roche_pvalue_works"/>
  </testsuite>
  <testsuite name="modify_header_rm_md" timestamp="2025-06-24T23:17:45Z" hostname="83610146b767" tests="2" skipped="0" failures="0" errors="0" time="1.583">
    <testcase time="1.581" classname="character(0)" name="strip_md_bold_works_with_gtsummary_table"/>
    <testcase time="0.00200000000000067" classname="character(0)" name="strip_md_bold_works_with_gtsummary_table"/>
  </testsuite>
  <testsuite name="tbl_hierarchical_rate_and_count" timestamp="2025-06-24T23:17:45Z" hostname="83610146b767" tests="1" skipped="0" failures="0" errors="1" time="0.104">
    <testcase time="0.104" classname="character(0)" name="tbl_hierarchical_rate_and_count_works">
      <error type="error" message="&lt;vctrs_error_names_must_be_unique/vctrs_error_names/vctrs_error/rlang_error/error/condition&gt; ('test-tbl_hierarchical_rate_and_count.R:10:3')">&lt;vctrs_error_names_must_be_unique/vctrs_error_names/vctrs_error/rlang_error/error/condition&gt;
Error in `dplyr::rename(cards::ADSL, TRTA = TRT01A)`: Names must be unique.
x These names are duplicated:
  * "TRTA" at locations 9 and 49.
Backtrace:
     ▆
  1. ├─testthat::expect_silent(...) at test-tbl_hierarchical_rate_and_count.R:10:3
  2. │ └─testthat:::quasi_capture(enquo(object), NULL, evaluate_promise)
  3. │   ├─testthat (local) .capture(...)
  4. │   │ ├─withr::with_output_sink(...)
  5. │   │ │ └─base::force(code)
  6. │   │ ├─base::withCallingHandlers(...)
  7. │   │ └─base::withVisible(code)
  8. │   └─rlang::eval_bare(quo_get_expr(.quo), quo_get_env(.quo))
  9. ├─gtsummary::add_overall(...)
 10. │ └─gtsummary:::check_class(x, "gtsummary")
 11. ├─crane::tbl_hierarchical_rate_and_count(...)
 12. │ ├─base::as.list(environment())
 13. │ └─base::as.list.environment(environment())
 14. ├─dplyr::rename(cards::ADSL, TRTA = TRT01A)
 15. └─dplyr:::rename.data.frame(cards::ADSL, TRTA = TRT01A)
 16.   └─tidyselect::eval_rename(expr(c(...)), .data)
 17.     └─tidyselect:::rename_impl(...)
 18.       ├─tidyselect:::with_subscript_errors(...)
 19.       │ └─base::withCallingHandlers(...)
 20.       └─vctrs::vec_as_names(names, repair = "check_unique", call = error_call)
 21.         └─vctrs (local) `&lt;fn&gt;`()
 22.           └─vctrs:::validate_unique(names = names, arg = arg, call = call)
 23.             └─vctrs:::stop_names_must_be_unique(names, arg, call = call)
 24.               └─vctrs:::stop_names(...)
 25.                 └─vctrs:::stop_vctrs(...)
 26.                   └─rlang::abort(message, class = c(class, "vctrs_error"), ..., call = call)</error>
    </testcase>
  </testsuite>
  <testsuite name="tbl_hierarchical_rate_and_count" timestamp="2025-06-24T23:17:45Z" hostname="83610146b767" tests="1" skipped="0" failures="0" errors="1" time="0.072">
    <testcase time="0.0719999999999992" classname="character(0)" name="tbl_hierarchical_rate_and_count_sort_">
      <error type="error" message="&lt;vctrs_error_names_must_be_unique/vctrs_error_names/vctrs_error/rlang_error/error/condition&gt; ('test-tbl_hierarchical_rate_and_count.R:49:3')">&lt;vctrs_error_names_must_be_unique/vctrs_error_names/vctrs_error/rlang_error/error/condition&gt;
Error in `dplyr::rename(cards::ADSL, TRTA = TRT01A)`: Names must be unique.
x These names are duplicated:
  * "TRTA" at locations 9 and 49.
Backtrace:
     ▆
  1. ├─testthat::expect_silent(...) at test-tbl_hierarchical_rate_and_count.R:49:3
  2. │ └─testthat:::quasi_capture(enquo(object), NULL, evaluate_promise)
  3. │   ├─testthat (local) .capture(...)
  4. │   │ ├─withr::with_output_sink(...)
  5. │   │ │ └─base::force(code)
  6. │   │ ├─base::withCallingHandlers(...)
  7. │   │ └─base::withVisible(code)
  8. │   └─rlang::eval_bare(quo_get_expr(.quo), quo_get_env(.quo))
  9. ├─gtsummary::add_overall(...)
 10. │ └─gtsummary:::check_class(x, "gtsummary")
 11. ├─crane::tbl_hierarchical_rate_and_count(...)
 12. │ ├─base::as.list(environment())
 13. │ └─base::as.list.environment(environment())
 14. ├─dplyr::rename(cards::ADSL, TRTA = TRT01A)
 15. └─dplyr:::rename.data.frame(cards::ADSL, TRTA = TRT01A)
 16.   └─tidyselect::eval_rename(expr(c(...)), .data)
 17.     └─tidyselect:::rename_impl(...)
 18.       ├─tidyselect:::with_subscript_errors(...)
 19.       │ └─base::withCallingHandlers(...)
 20.       └─vctrs::vec_as_names(names, repair = "check_unique", call = error_call)
 21.         └─vctrs (local) `&lt;fn&gt;`()
 22.           └─vctrs:::validate_unique(names = names, arg = arg, call = call)
 23.             └─vctrs:::stop_names_must_be_unique(names, arg, call = call)
 24.               └─vctrs:::stop_names(...)
 25.                 └─vctrs:::stop_vctrs(...)
 26.                   └─rlang::abort(message, class = c(class, "vctrs_error"), ..., call = call)</error>
    </testcase>
  </testsuite>
  <testsuite name="tbl_demographics" timestamp="2025-06-24T23:17:49Z" hostname="83610146b767" tests="1" skipped="0" failures="0" errors="0" time="4.618">
    <testcase time="4.618" classname="character(0)" name="tbl_demographics_works"/>
  </testsuite>
  <testsuite name="tbl_demographics" timestamp="2025-06-24T23:17:49Z" hostname="83610146b767" tests="3" skipped="0" failures="0" errors="0" time="0.004">
    <testcase time="0.00200000000000067" classname="character(0)" name="tbl_demographics_add_overall_works"/>
    <testcase time="0.000999999999999446" classname="character(0)" name="tbl_demographics_add_overall_works"/>
    <testcase time="0.000999999999999446" classname="character(0)" name="tbl_demographics_add_overall_works"/>
  </testsuite>
  <testsuite name="tbl_demographics" timestamp="2025-06-24T23:17:49Z" hostname="83610146b767" tests="1" skipped="0" failures="0" errors="0" time="0.003">
    <testcase time="0.00300000000000011" classname="character(0)" name="tbl_demographics_recode_counts_for_all_NA_column"/>
  </testsuite>
  <testsuite name="tbl_survfit_quantiles" timestamp="2025-06-24T23:17:56Z" hostname="83610146b767" tests="7" skipped="0" failures="0" errors="0" time="6.224">
    <testcase time="6.22" classname="character(0)" name="tbl_survfit_quantiles_works"/>
    <testcase time="0.000999999999999446" classname="character(0)" name="tbl_survfit_quantiles_works"/>
    <testcase time="0.00100000000000122" classname="character(0)" name="tbl_survfit_quantiles_works"/>
    <testcase time="0" classname="character(0)" name="tbl_survfit_quantiles_works"/>
    <testcase time="0.000999999999999446" classname="character(0)" name="tbl_survfit_quantiles_works"/>
    <testcase time="0" classname="character(0)" name="tbl_survfit_quantiles_works"/>
    <testcase time="0.000999999999999446" classname="character(0)" name="tbl_survfit_quantiles_works"/>
  </testsuite>
  <testsuite name="tbl_survfit_quantiles" timestamp="2025-06-24T23:17:56Z" hostname="83610146b767" tests="2" skipped="0" failures="0" errors="0" time="0.002">
    <testcase time="0.00100000000000122" classname="character(0)" name="tbl_survfit_quantiles_by_messaging"/>
    <testcase time="0.000999999999999446" classname="character(0)" name="tbl_survfit_quantiles_by_messaging"/>
  </testsuite>
  <testsuite name="tbl_survfit_quantiles" timestamp="2025-06-24T23:17:56Z" hostname="83610146b767" tests="1" skipped="0" failures="0" errors="0" time="0.001">
    <testcase time="0.000999999999999446" classname="character(0)" name="tbl_survfit_quantiles_estimate_fun_"/>
  </testsuite>
  <testsuite name="tbl_survfit_quantiles" timestamp="2025-06-24T23:17:56Z" hostname="83610146b767" tests="1" skipped="0" failures="0" errors="0" time="0.002">
    <testcase time="0.00200000000000067" classname="character(0)" name="tbl_survfit_quantiles_method.args_"/>
  </testsuite>
  <testsuite name="tbl_survfit_quantiles" timestamp="2025-06-24T23:17:56Z" hostname="83610146b767" tests="1" skipped="0" failures="0" errors="0" time="0.001">
    <testcase time="0.000999999999999446" classname="character(0)" name="add_overall.tbl_survfit_quantiles_works"/>
  </testsuite>
  <testsuite name="tbl_survfit_times" timestamp="2025-06-24T23:17:59Z" hostname="83610146b767" tests="7" skipped="0" failures="0" errors="0" time="3.584">
    <testcase time="3.579" classname="character(0)" name="tbl_survfit_times_works"/>
    <testcase time="0.00100000000000122" classname="character(0)" name="tbl_survfit_times_works"/>
    <testcase time="0.000999999999997669" classname="character(0)" name="tbl_survfit_times_works"/>
    <testcase time="0.00100000000000122" classname="character(0)" name="tbl_survfit_times_works"/>
    <testcase time="0" classname="character(0)" name="tbl_survfit_times_works"/>
    <testcase time="0.00100000000000122" classname="character(0)" name="tbl_survfit_times_works"/>
    <testcase time="0.000999999999997669" classname="character(0)" name="tbl_survfit_times_works"/>
  </testsuite>
  <testsuite name="tbl_survfit_times" timestamp="2025-06-24T23:17:59Z" hostname="83610146b767" tests="2" skipped="0" failures="0" errors="0" time="0.003">
    <testcase time="0.00199999999999889" classname="character(0)" name="tbl_survfit_times_by_messaging"/>
    <testcase time="0.00100000000000122" classname="character(0)" name="tbl_survfit_times_by_messaging"/>
  </testsuite>
  <testsuite name="tbl_survfit_times" timestamp="2025-06-24T23:17:59Z" hostname="83610146b767" tests="1" skipped="0" failures="0" errors="0" time="0.002">
    <testcase time="0.00199999999999889" classname="character(0)" name="add_overall.tbl_survfit_times_works"/>
  </testsuite>
  <testsuite name="theme_gtsummary_roche" timestamp="2025-06-24T23:18:00Z" hostname="83610146b767" tests="1" skipped="0" failures="0" errors="0" time="1.17">
    <testcase time="1.17" classname="character(0)" name="theme_gtsummary_roche_works"/>
  </testsuite>
  <testsuite name="theme_gtsummary_roche" timestamp="2025-06-24T23:18:00Z" hostname="83610146b767" tests="1" skipped="0" failures="0" errors="0" time="0.002">
    <testcase time="0.00199999999999889" classname="character(0)" name="theme_gtsummary_roche_adds_relevant_flextable_directives"/>
  </testsuite>
  <testsuite name="theme_gtsummary_roche" timestamp="2025-06-24T23:18:00Z" hostname="83610146b767" tests="1" skipped="0" failures="0" errors="0" time="0.001">
    <testcase time="0.00100000000000122" classname="character(0)" name="theme_gtsummary_roche_no_errors_with_a_gt_print"/>
  </testsuite>
  <testsuite name="tbl_hierarchical_rate_by_grade" timestamp="2025-06-24T23:18:45Z" hostname="83610146b767" tests="11" skipped="0" failures="0" errors="0" time="44.14">
    <testcase time="44.135" classname="character(0)" name="tbl_hierarchical_rate_by_grade_works"/>
    <testcase time="0" classname="character(0)" name="tbl_hierarchical_rate_by_grade_works"/>
    <testcase time="0.000999999999990564" classname="character(0)" name="tbl_hierarchical_rate_by_grade_works"/>
    <testcase time="0" classname="character(0)" name="tbl_hierarchical_rate_by_grade_works"/>
    <testcase time="0.00100000000000477" classname="character(0)" name="tbl_hierarchical_rate_by_grade_works"/>
    <testcase time="0" classname="character(0)" name="tbl_hierarchical_rate_by_grade_works"/>
    <testcase time="0.00100000000000477" classname="character(0)" name="tbl_hierarchical_rate_by_grade_works"/>
    <testcase time="0" classname="character(0)" name="tbl_hierarchical_rate_by_grade_works"/>
    <testcase time="0.000999999999990564" classname="character(0)" name="tbl_hierarchical_rate_by_grade_works"/>
    <testcase time="0" classname="character(0)" name="tbl_hierarchical_rate_by_grade_works"/>
    <testcase time="0.00100000000000477" classname="character(0)" name="tbl_hierarchical_rate_by_grade_works"/>
  </testsuite>
  <testsuite name="tbl_hierarchical_rate_by_grade" timestamp="2025-06-24T23:18:45Z" hostname="83610146b767" tests="6" skipped="0" failures="0" errors="0" time="0.005">
    <testcase time="0.00199999999999534" classname="character(0)" name="tbl_hierarchical_rate_by_grade_include_overall_works"/>
    <testcase time="0" classname="character(0)" name="tbl_hierarchical_rate_by_grade_include_overall_works"/>
    <testcase time="0.00100000000000477" classname="character(0)" name="tbl_hierarchical_rate_by_grade_include_overall_works"/>
    <testcase time="0" classname="character(0)" name="tbl_hierarchical_rate_by_grade_include_overall_works"/>
    <testcase time="0.00100000000000477" classname="character(0)" name="tbl_hierarchical_rate_by_grade_include_overall_works"/>
    <testcase time="0.000999999999990564" classname="character(0)" name="tbl_hierarchical_rate_by_grade_include_overall_works"/>
  </testsuite>
  <testsuite name="tbl_hierarchical_rate_by_grade" timestamp="2025-06-24T23:18:45Z" hostname="83610146b767" tests="4" skipped="0" failures="0" errors="0" time="0.003">
    <testcase time="0.00100000000000477" classname="character(0)" name="tbl_hierarchical_rate_by_grade_works_with_add_overall_"/>
    <testcase time="0.00100000000000477" classname="character(0)" name="tbl_hierarchical_rate_by_grade_works_with_add_overall_"/>
    <testcase time="0" classname="character(0)" name="tbl_hierarchical_rate_by_grade_works_with_add_overall_"/>
    <testcase time="0.000999999999990564" classname="character(0)" name="tbl_hierarchical_rate_by_grade_works_with_add_overall_"/>
  </testsuite>
  <testsuite name="tbl_hierarchical_rate_by_grade" timestamp="2025-06-24T23:18:45Z" hostname="83610146b767" tests="7" skipped="0" failures="0" errors="0" time="0.005">
    <testcase time="0.00100000000000477" classname="character(0)" name="tbl_hierarchical_rate_by_grade_sort_works"/>
    <testcase time="0.00100000000000477" classname="character(0)" name="tbl_hierarchical_rate_by_grade_sort_works"/>
    <testcase time="0" classname="character(0)" name="tbl_hierarchical_rate_by_grade_sort_works"/>
    <testcase time="0.000999999999990564" classname="character(0)" name="tbl_hierarchical_rate_by_grade_sort_works"/>
    <testcase time="0" classname="character(0)" name="tbl_hierarchical_rate_by_grade_sort_works"/>
    <testcase time="0.00100000000000477" classname="character(0)" name="tbl_hierarchical_rate_by_grade_sort_works"/>
    <testcase time="0.00100000000000477" classname="character(0)" name="tbl_hierarchical_rate_by_grade_sort_works"/>
  </testsuite>
  <testsuite name="tbl_hierarchical_rate_by_grade" timestamp="2025-06-24T23:18:45Z" hostname="83610146b767" tests="4" skipped="0" failures="0" errors="0" time="0.003">
    <testcase time="0.000999999999990564" classname="character(0)" name="tbl_hierarchical_rate_by_grade_filter_works"/>
    <testcase time="0.00100000000000477" classname="character(0)" name="tbl_hierarchical_rate_by_grade_filter_works"/>
    <testcase time="0" classname="character(0)" name="tbl_hierarchical_rate_by_grade_filter_works"/>
    <testcase time="0.00100000000000477" classname="character(0)" name="tbl_hierarchical_rate_by_grade_filter_works"/>
  </testsuite>
  <testsuite name="tbl_hierarchical_rate_by_grade" timestamp="2025-06-24T23:18:45Z" hostname="83610146b767" tests="2" skipped="0" failures="0" errors="0" time="0.002">
    <testcase time="0.000999999999990564" classname="character(0)" name="tbl_hierarchical_rate_by_grade_works_with_non_factor_grade_variables"/>
    <testcase time="0.00100000000000477" classname="character(0)" name="tbl_hierarchical_rate_by_grade_works_with_non_factor_grade_variables"/>
  </testsuite>
  <testsuite name="tbl_hierarchical_rate_by_grade" timestamp="2025-06-24T23:18:45Z" hostname="83610146b767" tests="2" skipped="0" failures="0" errors="0" time="0.002">
    <testcase time="0.00100000000000477" classname="character(0)" name="tbl_hierarchical_rate_by_grade_grade_groups_works_with_some_grades_not_in_groups"/>
    <testcase time="0.000999999999990564" classname="character(0)" name="tbl_hierarchical_rate_by_grade_grade_groups_works_with_some_grades_not_in_groups"/>
  </testsuite>
  <testsuite name="tbl_hierarchical_rate_by_grade" timestamp="2025-06-24T23:18:45Z" hostname="83610146b767" tests="6" skipped="0" failures="0" errors="0" time="0.004">
    <testcase time="0.00100000000000477" classname="character(0)" name="tbl_hierarchical_rate_by_grade_grades_exclude_works"/>
    <testcase time="0.00100000000000477" classname="character(0)" name="tbl_hierarchical_rate_by_grade_grades_exclude_works"/>
    <testcase time="0" classname="character(0)" name="tbl_hierarchical_rate_by_grade_grades_exclude_works"/>
    <testcase time="0.000999999999990564" classname="character(0)" name="tbl_hierarchical_rate_by_grade_grades_exclude_works"/>
    <testcase time="0" classname="character(0)" name="tbl_hierarchical_rate_by_grade_grades_exclude_works"/>
    <testcase time="0.00100000000000477" classname="character(0)" name="tbl_hierarchical_rate_by_grade_grades_exclude_works"/>
  </testsuite>
  <testsuite name="tbl_hierarchical_rate_by_grade" timestamp="2025-06-24T23:18:45Z" hostname="83610146b767" tests="5" skipped="0" failures="0" errors="0" time="0.004">
    <testcase time="0.00199999999999534" classname="character(0)" name="tbl_hierarchical_rate_by_grade_keep_zero_rows_works"/>
    <testcase time="0" classname="character(0)" name="tbl_hierarchical_rate_by_grade_keep_zero_rows_works"/>
    <testcase time="0.00100000000000477" classname="character(0)" name="tbl_hierarchical_rate_by_grade_keep_zero_rows_works"/>
    <testcase time="0" classname="character(0)" name="tbl_hierarchical_rate_by_grade_keep_zero_rows_works"/>
    <testcase time="0.00100000000000477" classname="character(0)" name="tbl_hierarchical_rate_by_grade_keep_zero_rows_works"/>
  </testsuite>
  <testsuite name="tbl_hierarchical_rate_by_grade" timestamp="2025-06-24T23:18:45Z" hostname="83610146b767" tests="4" skipped="0" failures="0" errors="0" time="0.003">
    <testcase time="0.000999999999990564" classname="character(0)" name="tbl_hierarchical_rate_by_grade_error_messaging_works"/>
    <testcase time="0.00100000000000477" classname="character(0)" name="tbl_hierarchical_rate_by_grade_error_messaging_works"/>
    <testcase time="0" classname="character(0)" name="tbl_hierarchical_rate_by_grade_error_messaging_works"/>
    <testcase time="0.00100000000000477" classname="character(0)" name="tbl_hierarchical_rate_by_grade_error_messaging_works"/>
  </testsuite>
</testsuites>
