<?xml version="1.0" encoding="UTF-8"?>
<testsuites>
  <testsuite name="add_blank_row" timestamp="2025-07-08T21:52:48Z" hostname="4ed24d878beb" tests="1" skipped="0" failures="0" errors="0" time="1.909">
    <testcase time="1.909" classname="character(0)" name="add_blank_row_works"/>
  </testsuite>
  <testsuite name="add_blank_row" timestamp="2025-07-08T21:52:48Z" hostname="4ed24d878beb" tests="1" skipped="0" failures="0" errors="0" time="0.02">
    <testcase time="0.02" classname="character(0)" name="add_blank_row_messaging"/>
  </testsuite>
  <testsuite name="add_hierarchical_count_row" timestamp="2025-07-08T21:52:49Z" hostname="4ed24d878beb" tests="4" skipped="0" failures="0" errors="0" time="1.864">
    <testcase time="1.862" classname="character(0)" name="add_hierarchical_count_row_works"/>
    <testcase time="0.00100000000000033" classname="character(0)" name="add_hierarchical_count_row_works"/>
    <testcase time="0" classname="character(0)" name="add_hierarchical_count_row_works"/>
    <testcase time="0.00100000000000033" classname="character(0)" name="add_hierarchical_count_row_works"/>
  </testsuite>
  <testsuite name="roche_pvalue" timestamp="2025-07-08T21:52:50Z" hostname="4ed24d878beb" tests="1" skipped="0" failures="0" errors="0" time="0.057">
    <testcase time="0.0569999999999995" classname="character(0)" name="roche_pvalue_works"/>
  </testsuite>
  <testsuite name="roche_pvalue" timestamp="2025-07-08T21:52:50Z" hostname="4ed24d878beb" tests="3" skipped="0" failures="0" errors="0" time="0.003">
    <testcase time="0.00100000000000033" classname="character(0)" name="roche_percent_works"/>
    <testcase time="0.000999999999999446" classname="character(0)" name="roche_percent_works"/>
    <testcase time="0.00100000000000033" classname="character(0)" name="roche_percent_works"/>
  </testsuite>
  <testsuite name="modify_header_rm_md" timestamp="2025-07-08T21:52:50Z" hostname="4ed24d878beb" tests="2" skipped="0" failures="0" errors="0" time="0.488">
    <testcase time="0.487" classname="character(0)" name="strip_md_bold_works_with_gtsummary_table"/>
    <testcase time="0.000999999999999446" classname="character(0)" name="strip_md_bold_works_with_gtsummary_table"/>
  </testsuite>
  <testsuite name="tbl_hierarchical_rate_and_count" timestamp="2025-07-08T21:52:59Z" hostname="4ed24d878beb" tests="5" skipped="0" failures="0" errors="0" time="9.138">
    <testcase time="9.136" classname="character(0)" name="tbl_hierarchical_rate_and_count_works"/>
    <testcase time="0" classname="character(0)" name="tbl_hierarchical_rate_and_count_works"/>
    <testcase time="0.00100000000000122" classname="character(0)" name="tbl_hierarchical_rate_and_count_works"/>
    <testcase time="0.000999999999999446" classname="character(0)" name="tbl_hierarchical_rate_and_count_works"/>
    <testcase time="0" classname="character(0)" name="tbl_hierarchical_rate_and_count_works"/>
  </testsuite>
  <testsuite name="tbl_hierarchical_rate_and_count" timestamp="2025-07-08T21:52:59Z" hostname="4ed24d878beb" tests="2" skipped="0" failures="0" errors="0" time="0.002">
    <testcase time="0.00200000000000067" classname="character(0)" name="tbl_hierarchical_rate_and_count_sort_"/>
    <testcase time="0" classname="character(0)" name="tbl_hierarchical_rate_and_count_sort_"/>
  </testsuite>
  <testsuite name="tbl_roche_summary" timestamp="2025-07-08T21:53:06Z" hostname="4ed24d878beb" tests="1" skipped="0" failures="0" errors="0" time="6.412">
    <testcase time="6.412" classname="character(0)" name="tbl_roche_summary_works"/>
  </testsuite>
  <testsuite name="tbl_roche_summary" timestamp="2025-07-08T21:53:06Z" hostname="4ed24d878beb" tests="3" skipped="0" failures="0" errors="0" time="0.003">
    <testcase time="0.00199999999999889" classname="character(0)" name="tbl_roche_summary_add_overall_works"/>
    <testcase time="0" classname="character(0)" name="tbl_roche_summary_add_overall_works"/>
    <testcase time="0.00100000000000122" classname="character(0)" name="tbl_roche_summary_add_overall_works"/>
  </testsuite>
  <testsuite name="tbl_roche_summary" timestamp="2025-07-08T21:53:06Z" hostname="4ed24d878beb" tests="1" skipped="0" failures="0" errors="0" time="0.001">
    <testcase time="0.00100000000000122" classname="character(0)" name="tbl_roche_summary_recode_counts_for_all_NA_column"/>
  </testsuite>
  <testsuite name="tbl_survfit_quantiles" timestamp="2025-07-08T21:53:12Z" hostname="4ed24d878beb" tests="7" skipped="0" failures="0" errors="0" time="6.411">
    <testcase time="6.405" classname="character(0)" name="tbl_survfit_quantiles_works"/>
    <testcase time="0.00100000000000122" classname="character(0)" name="tbl_survfit_quantiles_works"/>
    <testcase time="0.00100000000000122" classname="character(0)" name="tbl_survfit_quantiles_works"/>
    <testcase time="0.000999999999997669" classname="character(0)" name="tbl_survfit_quantiles_works"/>
    <testcase time="0.00100000000000122" classname="character(0)" name="tbl_survfit_quantiles_works"/>
    <testcase time="0.00100000000000122" classname="character(0)" name="tbl_survfit_quantiles_works"/>
    <testcase time="0.000999999999997669" classname="character(0)" name="tbl_survfit_quantiles_works"/>
  </testsuite>
  <testsuite name="tbl_survfit_quantiles" timestamp="2025-07-08T21:53:12Z" hostname="4ed24d878beb" tests="2" skipped="0" failures="0" errors="0" time="0.003">
    <testcase time="0.00200000000000244" classname="character(0)" name="tbl_survfit_quantiles_by_messaging"/>
    <testcase time="0.000999999999997669" classname="character(0)" name="tbl_survfit_quantiles_by_messaging"/>
  </testsuite>
  <testsuite name="tbl_survfit_quantiles" timestamp="2025-07-08T21:53:12Z" hostname="4ed24d878beb" tests="1" skipped="0" failures="0" errors="0" time="0.001">
    <testcase time="0.00100000000000122" classname="character(0)" name="tbl_survfit_quantiles_estimate_fun_"/>
  </testsuite>
  <testsuite name="tbl_survfit_quantiles" timestamp="2025-07-08T21:53:12Z" hostname="4ed24d878beb" tests="1" skipped="0" failures="0" errors="0" time="0.002">
    <testcase time="0.00199999999999889" classname="character(0)" name="tbl_survfit_quantiles_method.args_"/>
  </testsuite>
  <testsuite name="tbl_survfit_quantiles" timestamp="2025-07-08T21:53:12Z" hostname="4ed24d878beb" tests="1" skipped="0" failures="0" errors="0" time="0.001">
    <testcase time="0.00100000000000122" classname="character(0)" name="add_overall.tbl_survfit_quantiles_works"/>
  </testsuite>
  <testsuite name="tbl_survfit_times" timestamp="2025-07-08T21:53:16Z" hostname="4ed24d878beb" tests="7" skipped="0" failures="0" errors="0" time="3.643">
    <testcase time="3.639" classname="character(0)" name="tbl_survfit_times_works"/>
    <testcase time="0.00100000000000122" classname="character(0)" name="tbl_survfit_times_works"/>
    <testcase time="0" classname="character(0)" name="tbl_survfit_times_works"/>
    <testcase time="0.000999999999997669" classname="character(0)" name="tbl_survfit_times_works"/>
    <testcase time="0.00100000000000122" classname="character(0)" name="tbl_survfit_times_works"/>
    <testcase time="0" classname="character(0)" name="tbl_survfit_times_works"/>
    <testcase time="0.00100000000000122" classname="character(0)" name="tbl_survfit_times_works"/>
  </testsuite>
  <testsuite name="tbl_survfit_times" timestamp="2025-07-08T21:53:16Z" hostname="4ed24d878beb" tests="2" skipped="0" failures="0" errors="0" time="0.002">
    <testcase time="0.000999999999997669" classname="character(0)" name="tbl_survfit_times_by_messaging"/>
    <testcase time="0.00100000000000122" classname="character(0)" name="tbl_survfit_times_by_messaging"/>
  </testsuite>
  <testsuite name="tbl_survfit_times" timestamp="2025-07-08T21:53:16Z" hostname="4ed24d878beb" tests="1" skipped="0" failures="0" errors="0" time="0.001">
    <testcase time="0.00100000000000122" classname="character(0)" name="add_overall.tbl_survfit_times_works"/>
  </testsuite>
  <testsuite name="tbl_hierarchical_rate_by_grade" timestamp="2025-07-08T21:53:18Z" hostname="4ed24d878beb" tests="1" skipped="0" failures="0" errors="1" time="2.086">
    <testcase time="2.086" classname="character(0)" name="tbl_hierarchical_rate_by_grade_works">
      <error type="error" message="Error in `UseMethod(&quot;sort_hierarchical&quot;)`: no applicable method for 'sort_hierarchical' applied to an object of class &quot;c('tbl_ard_hierarchical', 'gtsummary')&quot; ('test-tbl_hierarchical_rate_by_grade.R:26:3')">Error in `UseMethod("sort_hierarchical")`: no applicable method for 'sort_hierarchical' applied to an object of class "c('tbl_ard_hierarchical', 'gtsummary')"
Backtrace:
     ▆
  1. ├─testthat::expect_silent(...) at test-tbl_hierarchical_rate_by_grade.R:26:3
  2. │ └─testthat:::quasi_capture(enquo(object), NULL, evaluate_promise)
  3. │   ├─testthat (local) .capture(...)
  4. │   │ ├─withr::with_output_sink(...)
  5. │   │ │ └─base::force(code)
  6. │   │ ├─base::withCallingHandlers(...)
  7. │   │ └─base::withVisible(code)
  8. │   └─rlang::eval_bare(quo_get_expr(.quo), quo_get_env(.quo))
  9. └─crane::tbl_hierarchical_rate_by_grade(...)
 10.   └─gtsummary::sort_hierarchical(tbl_final, sort)</error>
    </testcase>
  </testsuite>
  <testsuite name="tbl_hierarchical_rate_by_grade" timestamp="2025-07-08T21:53:18Z" hostname="4ed24d878beb" tests="1" skipped="0" failures="0" errors="1" time="0.035">
    <testcase time="0.0349999999999966" classname="character(0)" name="tbl_hierarchical_rate_by_grade_include_overall_works">
      <error type="error" message="Error in `UseMethod(&quot;sort_hierarchical&quot;)`: no applicable method for 'sort_hierarchical' applied to an object of class &quot;c('tbl_ard_hierarchical', 'gtsummary')&quot; ('test-tbl_hierarchical_rate_by_grade.R:82:3')">Error in `UseMethod("sort_hierarchical")`: no applicable method for 'sort_hierarchical' applied to an object of class "c('tbl_ard_hierarchical', 'gtsummary')"
Backtrace:
     ▆
  1. ├─testthat::expect_silent(...) at test-tbl_hierarchical_rate_by_grade.R:82:3
  2. │ └─testthat:::quasi_capture(enquo(object), NULL, evaluate_promise)
  3. │   ├─testthat (local) .capture(...)
  4. │   │ ├─withr::with_output_sink(...)
  5. │   │ │ └─base::force(code)
  6. │   │ ├─base::withCallingHandlers(...)
  7. │   │ └─base::withVisible(code)
  8. │   └─rlang::eval_bare(quo_get_expr(.quo), quo_get_env(.quo))
  9. └─crane::tbl_hierarchical_rate_by_grade(...)
 10.   └─gtsummary::sort_hierarchical(tbl_final, sort)</error>
    </testcase>
  </testsuite>
  <testsuite name="tbl_hierarchical_rate_by_grade" timestamp="2025-07-08T21:53:18Z" hostname="4ed24d878beb" tests="1" skipped="0" failures="0" errors="1" time="0.035">
    <testcase time="0.0350000000000037" classname="character(0)" name="tbl_hierarchical_rate_by_grade_works_with_add_overall_">
      <error type="error" message="Error in `UseMethod(&quot;sort_hierarchical&quot;)`: no applicable method for 'sort_hierarchical' applied to an object of class &quot;c('tbl_ard_hierarchical', 'gtsummary')&quot; ('test-tbl_hierarchical_rate_by_grade.R:113:3')">Error in `UseMethod("sort_hierarchical")`: no applicable method for 'sort_hierarchical' applied to an object of class "c('tbl_ard_hierarchical', 'gtsummary')"
Backtrace:
    ▆
 1. └─crane::tbl_hierarchical_rate_by_grade(...) at test-tbl_hierarchical_rate_by_grade.R:113:3
 2.   └─gtsummary::sort_hierarchical(tbl_final, sort)</error>
    </testcase>
  </testsuite>
  <testsuite name="tbl_hierarchical_rate_by_grade" timestamp="2025-07-08T21:53:18Z" hostname="4ed24d878beb" tests="1" skipped="0" failures="0" errors="1" time="0.015">
    <testcase time="0.0149999999999935" classname="character(0)" name="tbl_hierarchical_rate_by_grade_sort_works">
      <error type="error" message="Error in `UseMethod(&quot;sort_hierarchical&quot;)`: no applicable method for 'sort_hierarchical' applied to an object of class &quot;c('tbl_ard_hierarchical', 'gtsummary')&quot; ('test-tbl_hierarchical_rate_by_grade.R:139:3')">Error in `UseMethod("sort_hierarchical")`: no applicable method for 'sort_hierarchical' applied to an object of class "c('tbl_ard_hierarchical', 'gtsummary')"
Backtrace:
     ▆
  1. ├─testthat::expect_silent(...) at test-tbl_hierarchical_rate_by_grade.R:139:3
  2. │ └─testthat:::quasi_capture(enquo(object), NULL, evaluate_promise)
  3. │   ├─testthat (local) .capture(...)
  4. │   │ ├─withr::with_output_sink(...)
  5. │   │ │ └─base::force(code)
  6. │   │ ├─base::withCallingHandlers(...)
  7. │   │ └─base::withVisible(code)
  8. │   └─rlang::eval_bare(quo_get_expr(.quo), quo_get_env(.quo))
  9. └─crane::tbl_hierarchical_rate_by_grade(...)
 10.   └─gtsummary::sort_hierarchical(tbl_final, sort)</error>
    </testcase>
  </testsuite>
  <testsuite name="tbl_hierarchical_rate_by_grade" timestamp="2025-07-08T21:53:18Z" hostname="4ed24d878beb" tests="1" skipped="0" failures="0" errors="1" time="0.02">
    <testcase time="0.0200000000000031" classname="character(0)" name="tbl_hierarchical_rate_by_grade_filter_works">
      <error type="error" message="Error in `UseMethod(&quot;sort_hierarchical&quot;)`: no applicable method for 'sort_hierarchical' applied to an object of class &quot;c('tbl_ard_hierarchical', 'gtsummary')&quot; ('test-tbl_hierarchical_rate_by_grade.R:190:3')">Error in `UseMethod("sort_hierarchical")`: no applicable method for 'sort_hierarchical' applied to an object of class "c('tbl_ard_hierarchical', 'gtsummary')"
Backtrace:
     ▆
  1. ├─testthat::expect_silent(...) at test-tbl_hierarchical_rate_by_grade.R:190:3
  2. │ └─testthat:::quasi_capture(enquo(object), NULL, evaluate_promise)
  3. │   ├─testthat (local) .capture(...)
  4. │   │ ├─withr::with_output_sink(...)
  5. │   │ │ └─base::force(code)
  6. │   │ ├─base::withCallingHandlers(...)
  7. │   │ └─base::withVisible(code)
  8. │   └─rlang::eval_bare(quo_get_expr(.quo), quo_get_env(.quo))
  9. ├─gtsummary::add_overall(...)
 10. │ └─gtsummary:::check_class(x, "gtsummary")
 11. └─crane::tbl_hierarchical_rate_by_grade(...)
 12.   └─gtsummary::sort_hierarchical(tbl_final, sort)</error>
    </testcase>
  </testsuite>
  <testsuite name="tbl_hierarchical_rate_by_grade" timestamp="2025-07-08T21:53:18Z" hostname="4ed24d878beb" tests="1" skipped="0" failures="0" errors="1" time="0.018">
    <testcase time="0.0180000000000007" classname="character(0)" name="tbl_hierarchical_rate_by_grade_works_with_non_factor_grade_variables">
      <error type="error" message="Error in `UseMethod(&quot;sort_hierarchical&quot;)`: no applicable method for 'sort_hierarchical' applied to an object of class &quot;c('tbl_ard_hierarchical', 'gtsummary')&quot; ('test-tbl_hierarchical_rate_by_grade.R:220:3')">Error in `UseMethod("sort_hierarchical")`: no applicable method for 'sort_hierarchical' applied to an object of class "c('tbl_ard_hierarchical', 'gtsummary')"
Backtrace:
    ▆
 1. ├─testthat::expect_message(...) at test-tbl_hierarchical_rate_by_grade.R:220:3
 2. │ └─testthat:::expect_condition_matching(...)
 3. │   └─testthat:::quasi_capture(...)
 4. │     ├─testthat (local) .capture(...)
 5. │     │ └─base::withCallingHandlers(...)
 6. │     └─rlang::eval_bare(quo_get_expr(.quo), quo_get_env(.quo))
 7. └─crane::tbl_hierarchical_rate_by_grade(...)
 8.   └─gtsummary::sort_hierarchical(tbl_final, sort)</error>
    </testcase>
  </testsuite>
  <testsuite name="tbl_hierarchical_rate_by_grade" timestamp="2025-07-08T21:53:18Z" hostname="4ed24d878beb" tests="1" skipped="0" failures="0" errors="1" time="0.017">
    <testcase time="0.017000000000003" classname="character(0)" name="tbl_hierarchical_rate_by_grade_grade_groups_works_with_some_grades_not_in_groups">
      <error type="error" message="Error in `UseMethod(&quot;sort_hierarchical&quot;)`: no applicable method for 'sort_hierarchical' applied to an object of class &quot;c('tbl_ard_hierarchical', 'gtsummary')&quot; ('test-tbl_hierarchical_rate_by_grade.R:237:3')">Error in `UseMethod("sort_hierarchical")`: no applicable method for 'sort_hierarchical' applied to an object of class "c('tbl_ard_hierarchical', 'gtsummary')"
Backtrace:
     ▆
  1. ├─testthat::expect_silent(...) at test-tbl_hierarchical_rate_by_grade.R:237:3
  2. │ └─testthat:::quasi_capture(enquo(object), NULL, evaluate_promise)
  3. │   ├─testthat (local) .capture(...)
  4. │   │ ├─withr::with_output_sink(...)
  5. │   │ │ └─base::force(code)
  6. │   │ ├─base::withCallingHandlers(...)
  7. │   │ └─base::withVisible(code)
  8. │   └─rlang::eval_bare(quo_get_expr(.quo), quo_get_env(.quo))
  9. └─crane::tbl_hierarchical_rate_by_grade(...)
 10.   └─gtsummary::sort_hierarchical(tbl_final, sort)</error>
    </testcase>
  </testsuite>
  <testsuite name="tbl_hierarchical_rate_by_grade" timestamp="2025-07-08T21:53:18Z" hostname="4ed24d878beb" tests="1" skipped="0" failures="0" errors="1" time="0.02">
    <testcase time="0.019999999999996" classname="character(0)" name="tbl_hierarchical_rate_by_grade_grades_exclude_works">
      <error type="error" message="Error in `UseMethod(&quot;sort_hierarchical&quot;)`: no applicable method for 'sort_hierarchical' applied to an object of class &quot;c('tbl_ard_hierarchical', 'gtsummary')&quot; ('test-tbl_hierarchical_rate_by_grade.R:252:3')">Error in `UseMethod("sort_hierarchical")`: no applicable method for 'sort_hierarchical' applied to an object of class "c('tbl_ard_hierarchical', 'gtsummary')"
Backtrace:
    ▆
 1. └─crane::tbl_hierarchical_rate_by_grade(...) at test-tbl_hierarchical_rate_by_grade.R:252:3
 2.   └─gtsummary::sort_hierarchical(tbl_final, sort)</error>
    </testcase>
  </testsuite>
  <testsuite name="tbl_hierarchical_rate_by_grade" timestamp="2025-07-08T21:53:18Z" hostname="4ed24d878beb" tests="1" skipped="0" failures="0" errors="1" time="0.015">
    <testcase time="0.0150000000000006" classname="character(0)" name="tbl_hierarchical_rate_by_grade_keep_zero_rows_works">
      <error type="error" message="Error in `UseMethod(&quot;sort_hierarchical&quot;)`: no applicable method for 'sort_hierarchical' applied to an object of class &quot;c('tbl_ard_hierarchical', 'gtsummary')&quot; ('test-tbl_hierarchical_rate_by_grade.R:304:3')">Error in `UseMethod("sort_hierarchical")`: no applicable method for 'sort_hierarchical' applied to an object of class "c('tbl_ard_hierarchical', 'gtsummary')"
Backtrace:
    ▆
 1. └─crane::tbl_hierarchical_rate_by_grade(...) at test-tbl_hierarchical_rate_by_grade.R:304:3
 2.   └─gtsummary::sort_hierarchical(tbl_final, sort)</error>
    </testcase>
  </testsuite>
  <testsuite name="tbl_hierarchical_rate_by_grade" timestamp="2025-07-08T21:53:18Z" hostname="4ed24d878beb" tests="4" skipped="0" failures="0" errors="0" time="0.019">
    <testcase time="0.017000000000003" classname="character(0)" name="tbl_hierarchical_rate_by_grade_error_messaging_works"/>
    <testcase time="0.000999999999997669" classname="character(0)" name="tbl_hierarchical_rate_by_grade_error_messaging_works"/>
    <testcase time="0.000999999999997669" classname="character(0)" name="tbl_hierarchical_rate_by_grade_error_messaging_works"/>
    <testcase time="0" classname="character(0)" name="tbl_hierarchical_rate_by_grade_error_messaging_works"/>
  </testsuite>
  <testsuite name="theme_gtsummary_roche" timestamp="2025-07-08T21:53:19Z" hostname="4ed24d878beb" tests="1" skipped="0" failures="0" errors="0" time="0.907">
    <testcase time="0.907000000000004" classname="character(0)" name="theme_gtsummary_roche_works"/>
  </testsuite>
  <testsuite name="theme_gtsummary_roche" timestamp="2025-07-08T21:53:19Z" hostname="4ed24d878beb" tests="1" skipped="0" failures="0" errors="0" time="0.001">
    <testcase time="0.000999999999997669" classname="character(0)" name="theme_gtsummary_roche_adds_relevant_flextable_directives"/>
  </testsuite>
  <testsuite name="theme_gtsummary_roche" timestamp="2025-07-08T21:53:19Z" hostname="4ed24d878beb" tests="1" skipped="0" failures="0" errors="0" time="0.002">
    <testcase time="0.00200000000000244" classname="character(0)" name="theme_gtsummary_roche_no_errors_with_a_gt_print"/>
  </testsuite>
  <testsuite name="theme_gtsummary_roche" timestamp="2025-07-08T21:53:19Z" hostname="4ed24d878beb" tests="7" skipped="0" failures="0" errors="0" time="0.004">
    <testcase time="0.000999999999997669" classname="character(0)" name="theme_gtsummary_roche_styles_tbl_hierarchical_results"/>
    <testcase time="0.000999999999997669" classname="character(0)" name="theme_gtsummary_roche_styles_tbl_hierarchical_results"/>
    <testcase time="0" classname="character(0)" name="theme_gtsummary_roche_styles_tbl_hierarchical_results"/>
    <testcase time="0.00100000000000477" classname="character(0)" name="theme_gtsummary_roche_styles_tbl_hierarchical_results"/>
    <testcase time="0" classname="character(0)" name="theme_gtsummary_roche_styles_tbl_hierarchical_results"/>
    <testcase time="0.000999999999997669" classname="character(0)" name="theme_gtsummary_roche_styles_tbl_hierarchical_results"/>
    <testcase time="0" classname="character(0)" name="theme_gtsummary_roche_styles_tbl_hierarchical_results"/>
  </testsuite>
</testsuites>
