<?xml version="1.0" encoding="UTF-8"?>
<testsuites>
  <testsuite name="roche_pvalue" timestamp="2025-06-02T23:17:53Z" hostname="b0386a18a334" tests="1" skipped="0" failures="0" errors="0" time="0.875">
    <testcase time="0.875" classname="character(0)" name="roche_pvalue_works"/>
  </testsuite>
  <testsuite name="add_blank_row" timestamp="2025-06-02T23:17:54Z" hostname="b0386a18a334" tests="1" skipped="0" failures="0" errors="0" time="1.085">
    <testcase time="1.085" classname="character(0)" name="add_blank_row_works"/>
  </testsuite>
  <testsuite name="add_blank_row" timestamp="2025-06-02T23:17:55Z" hostname="b0386a18a334" tests="1" skipped="0" failures="0" errors="0" time="0.085">
    <testcase time="0.085" classname="character(0)" name="add_blank_row_messaging"/>
  </testsuite>
  <testsuite name="strip_md" timestamp="2025-06-02T23:17:56Z" hostname="b0386a18a334" tests="3" skipped="0" failures="0" errors="0" time="1.58">
    <testcase time="1.578" classname="character(0)" name="strip_md_bold_works_with_character_vector"/>
    <testcase time="0.00100000000000033" classname="character(0)" name="strip_md_bold_works_with_character_vector"/>
    <testcase time="0.00100000000000033" classname="character(0)" name="strip_md_bold_works_with_character_vector"/>
  </testsuite>
  <testsuite name="strip_md" timestamp="2025-06-02T23:17:56Z" hostname="b0386a18a334" tests="3" skipped="0" failures="0" errors="0" time="0.004">
    <testcase time="0.00199999999999978" classname="character(0)" name="strip_md_italic_works"/>
    <testcase time="0.000999999999999446" classname="character(0)" name="strip_md_italic_works"/>
    <testcase time="0.00100000000000033" classname="character(0)" name="strip_md_italic_works"/>
  </testsuite>
  <testsuite name="strip_md" timestamp="2025-06-02T23:17:56Z" hostname="b0386a18a334" tests="2" skipped="0" failures="0" errors="0" time="0.003">
    <testcase time="0.00199999999999978" classname="character(0)" name="strip_md_bold_works_with_gtsummary_table"/>
    <testcase time="0.00100000000000033" classname="character(0)" name="strip_md_bold_works_with_gtsummary_table"/>
  </testsuite>
  <testsuite name="tbl_ae_rate_and_count" timestamp="2025-06-02T23:18:07Z" hostname="b0386a18a334" tests="3" skipped="0" failures="0" errors="0" time="10.482">
    <testcase time="10.48" classname="character(0)" name="tbl_ae_rate_and_count_works"/>
    <testcase time="0.00100000000000122" classname="character(0)" name="tbl_ae_rate_and_count_works"/>
    <testcase time="0.000999999999999446" classname="character(0)" name="tbl_ae_rate_and_count_works"/>
  </testsuite>
  <testsuite name="tbl_ae_rate_and_count" timestamp="2025-06-02T23:18:07Z" hostname="b0386a18a334" tests="2" skipped="0" failures="0" errors="0" time="0.004">
    <testcase time="0.00300000000000011" classname="character(0)" name="tbl_ae_rate_and_count_hlt_"/>
    <testcase time="0.00100000000000122" classname="character(0)" name="tbl_ae_rate_and_count_hlt_"/>
  </testsuite>
  <testsuite name="tbl_ae_rate_and_count" timestamp="2025-06-02T23:18:07Z" hostname="b0386a18a334" tests="2" skipped="0" failures="0" errors="0" time="0.004">
    <testcase time="0.00299999999999834" classname="character(0)" name="tbl_ae_rate_and_count_filter_"/>
    <testcase time="0.00100000000000122" classname="character(0)" name="tbl_ae_rate_and_count_filter_"/>
  </testsuite>
  <testsuite name="tbl_ae_rate_and_count" timestamp="2025-06-02T23:18:07Z" hostname="b0386a18a334" tests="2" skipped="0" failures="0" errors="0" time="0.004">
    <testcase time="0.00300000000000011" classname="character(0)" name="tbl_ae_rate_and_count_sort_"/>
    <testcase time="0.000999999999999446" classname="character(0)" name="tbl_ae_rate_and_count_sort_"/>
  </testsuite>
  <testsuite name="tbl_demographics" timestamp="2025-06-02T23:18:12Z" hostname="b0386a18a334" tests="1" skipped="0" failures="0" errors="0" time="5.576">
    <testcase time="5.576" classname="character(0)" name="tbl_demographics_works"/>
  </testsuite>
  <testsuite name="tbl_demographics" timestamp="2025-06-02T23:18:12Z" hostname="b0386a18a334" tests="3" skipped="0" failures="0" errors="0" time="0.003">
    <testcase time="0.00200000000000244" classname="character(0)" name="tbl_demographics_add_overall_works"/>
    <testcase time="0.000999999999997669" classname="character(0)" name="tbl_demographics_add_overall_works"/>
    <testcase time="0" classname="character(0)" name="tbl_demographics_add_overall_works"/>
  </testsuite>
  <testsuite name="tbl_survfit_quantiles" timestamp="2025-06-02T23:18:19Z" hostname="b0386a18a334" tests="7" skipped="0" failures="0" errors="0" time="6.348">
    <testcase time="6.343" classname="character(0)" name="tbl_survfit_quantiles_works"/>
    <testcase time="0.00100000000000122" classname="character(0)" name="tbl_survfit_quantiles_works"/>
    <testcase time="0.00100000000000122" classname="character(0)" name="tbl_survfit_quantiles_works"/>
    <testcase time="0.000999999999997669" classname="character(0)" name="tbl_survfit_quantiles_works"/>
    <testcase time="0" classname="character(0)" name="tbl_survfit_quantiles_works"/>
    <testcase time="0.00100000000000122" classname="character(0)" name="tbl_survfit_quantiles_works"/>
    <testcase time="0.00100000000000122" classname="character(0)" name="tbl_survfit_quantiles_works"/>
  </testsuite>
  <testsuite name="tbl_survfit_quantiles" timestamp="2025-06-02T23:18:19Z" hostname="b0386a18a334" tests="2" skipped="0" failures="0" errors="0" time="0.002">
    <testcase time="0.00199999999999889" classname="character(0)" name="tbl_survfit_quantiles_by_messaging"/>
    <testcase time="0" classname="character(0)" name="tbl_survfit_quantiles_by_messaging"/>
  </testsuite>
  <testsuite name="tbl_survfit_quantiles" timestamp="2025-06-02T23:18:19Z" hostname="b0386a18a334" tests="1" skipped="0" failures="0" errors="0" time="0.002">
    <testcase time="0.00199999999999889" classname="character(0)" name="tbl_survfit_quantiles_estimate_fun_"/>
  </testsuite>
  <testsuite name="tbl_survfit_quantiles" timestamp="2025-06-02T23:18:19Z" hostname="b0386a18a334" tests="1" skipped="0" failures="0" errors="0" time="0.002">
    <testcase time="0.00200000000000244" classname="character(0)" name="tbl_survfit_quantiles_method.args_"/>
  </testsuite>
  <testsuite name="tbl_survfit_quantiles" timestamp="2025-06-02T23:18:19Z" hostname="b0386a18a334" tests="1" skipped="0" failures="0" errors="0" time="0.002">
    <testcase time="0.00199999999999889" classname="character(0)" name="add_overall.tbl_survfit_quantiles_works"/>
  </testsuite>
  <testsuite name="tbl_survfit_times" timestamp="2025-06-02T23:18:22Z" hostname="b0386a18a334" tests="7" skipped="0" failures="0" errors="0" time="3.458">
    <testcase time="3.454" classname="character(0)" name="tbl_survfit_times_works"/>
    <testcase time="0" classname="character(0)" name="tbl_survfit_times_works"/>
    <testcase time="0.000999999999997669" classname="character(0)" name="tbl_survfit_times_works"/>
    <testcase time="0.00100000000000122" classname="character(0)" name="tbl_survfit_times_works"/>
    <testcase time="0" classname="character(0)" name="tbl_survfit_times_works"/>
    <testcase time="0.00100000000000122" classname="character(0)" name="tbl_survfit_times_works"/>
    <testcase time="0.000999999999997669" classname="character(0)" name="tbl_survfit_times_works"/>
  </testsuite>
  <testsuite name="tbl_survfit_times" timestamp="2025-06-02T23:18:22Z" hostname="b0386a18a334" tests="2" skipped="0" failures="0" errors="0" time="0.002">
    <testcase time="0.00200000000000244" classname="character(0)" name="tbl_survfit_times_by_messaging"/>
    <testcase time="0" classname="character(0)" name="tbl_survfit_times_by_messaging"/>
  </testsuite>
  <testsuite name="tbl_survfit_times" timestamp="2025-06-02T23:18:22Z" hostname="b0386a18a334" tests="1" skipped="0" failures="0" errors="0" time="0.002">
    <testcase time="0.00199999999999889" classname="character(0)" name="add_overall.tbl_survfit_times_works"/>
  </testsuite>
  <testsuite name="theme_gtsummary_roche" timestamp="2025-06-02T23:18:23Z" hostname="b0386a18a334" tests="1" skipped="0" failures="0" errors="0" time="1.125">
    <testcase time="1.125" classname="character(0)" name="theme_gtsummary_roche_works"/>
  </testsuite>
  <testsuite name="theme_gtsummary_roche" timestamp="2025-06-02T23:18:23Z" hostname="b0386a18a334" tests="1" skipped="0" failures="0" errors="0" time="0.002">
    <testcase time="0.00199999999999889" classname="character(0)" name="theme_gtsummary_roche_adds_relevant_flextable_directives"/>
  </testsuite>
  <testsuite name="theme_gtsummary_roche" timestamp="2025-06-02T23:18:23Z" hostname="b0386a18a334" tests="1" skipped="0" failures="0" errors="0" time="0.002">
    <testcase time="0.00200000000000244" classname="character(0)" name="theme_gtsummary_roche_no_errors_with_a_gt_print"/>
  </testsuite>
  <testsuite name="tbl_ae_rates_by_grade" timestamp="2025-06-02T23:19:09Z" hostname="b0386a18a334" tests="8" skipped="0" failures="0" errors="0" time="46.32">
    <testcase time="46.316" classname="character(0)" name="tbl_ae_rates_by_grade_works"/>
    <testcase time="0.00100000000000477" classname="character(0)" name="tbl_ae_rates_by_grade_works"/>
    <testcase time="0.000999999999990564" classname="character(0)" name="tbl_ae_rates_by_grade_works"/>
    <testcase time="0" classname="character(0)" name="tbl_ae_rates_by_grade_works"/>
    <testcase time="0.00100000000000477" classname="character(0)" name="tbl_ae_rates_by_grade_works"/>
    <testcase time="0" classname="character(0)" name="tbl_ae_rates_by_grade_works"/>
    <testcase time="0.00100000000000477" classname="character(0)" name="tbl_ae_rates_by_grade_works"/>
    <testcase time="0" classname="character(0)" name="tbl_ae_rates_by_grade_works"/>
  </testsuite>
  <testsuite name="tbl_ae_rates_by_grade" timestamp="2025-06-02T23:19:09Z" hostname="b0386a18a334" tests="6" skipped="0" failures="0" errors="0" time="0.005">
    <testcase time="0.00199999999999534" classname="character(0)" name="tbl_ae_rates_by_grade_include_overall_works"/>
    <testcase time="0" classname="character(0)" name="tbl_ae_rates_by_grade_include_overall_works"/>
    <testcase time="0.00100000000000477" classname="character(0)" name="tbl_ae_rates_by_grade_include_overall_works"/>
    <testcase time="0.000999999999990564" classname="character(0)" name="tbl_ae_rates_by_grade_include_overall_works"/>
    <testcase time="0" classname="character(0)" name="tbl_ae_rates_by_grade_include_overall_works"/>
    <testcase time="0.00100000000000477" classname="character(0)" name="tbl_ae_rates_by_grade_include_overall_works"/>
  </testsuite>
  <testsuite name="tbl_ae_rates_by_grade" timestamp="2025-06-02T23:19:09Z" hostname="b0386a18a334" tests="4" skipped="0" failures="0" errors="0" time="0.003">
    <testcase time="0.00100000000000477" classname="character(0)" name="tbl_ae_rates_by_grade_add_overall_works"/>
    <testcase time="0.000999999999990564" classname="character(0)" name="tbl_ae_rates_by_grade_add_overall_works"/>
    <testcase time="0" classname="character(0)" name="tbl_ae_rates_by_grade_add_overall_works"/>
    <testcase time="0.00100000000000477" classname="character(0)" name="tbl_ae_rates_by_grade_add_overall_works"/>
  </testsuite>
  <testsuite name="tbl_ae_rates_by_grade" timestamp="2025-06-02T23:19:09Z" hostname="b0386a18a334" tests="7" skipped="0" failures="0" errors="0" time="0.005">
    <testcase time="0.00100000000000477" classname="character(0)" name="tbl_ae_rates_by_grade_sort_works"/>
    <testcase time="0.000999999999990564" classname="character(0)" name="tbl_ae_rates_by_grade_sort_works"/>
    <testcase time="0.00100000000000477" classname="character(0)" name="tbl_ae_rates_by_grade_sort_works"/>
    <testcase time="0" classname="character(0)" name="tbl_ae_rates_by_grade_sort_works"/>
    <testcase time="0.00100000000000477" classname="character(0)" name="tbl_ae_rates_by_grade_sort_works"/>
    <testcase time="0" classname="character(0)" name="tbl_ae_rates_by_grade_sort_works"/>
    <testcase time="0.000999999999990564" classname="character(0)" name="tbl_ae_rates_by_grade_sort_works"/>
  </testsuite>
  <testsuite name="tbl_ae_rates_by_grade" timestamp="2025-06-02T23:19:09Z" hostname="b0386a18a334" tests="4" skipped="0" failures="0" errors="0" time="0.003">
    <testcase time="0.00100000000000477" classname="character(0)" name="tbl_ae_rates_by_grade_filter_works"/>
    <testcase time="0.00100000000000477" classname="character(0)" name="tbl_ae_rates_by_grade_filter_works"/>
    <testcase time="0" classname="character(0)" name="tbl_ae_rates_by_grade_filter_works"/>
    <testcase time="0.000999999999990564" classname="character(0)" name="tbl_ae_rates_by_grade_filter_works"/>
  </testsuite>
  <testsuite name="tbl_ae_rates_by_grade" timestamp="2025-06-02T23:19:09Z" hostname="b0386a18a334" tests="2" skipped="0" failures="0" errors="0" time="0.002">
    <testcase time="0.00100000000000477" classname="character(0)" name="tbl_ae_rates_by_grade_works_with_non_factor_grade_variables"/>
    <testcase time="0.00100000000000477" classname="character(0)" name="tbl_ae_rates_by_grade_works_with_non_factor_grade_variables"/>
  </testsuite>
  <testsuite name="tbl_ae_rates_by_grade" timestamp="2025-06-02T23:19:09Z" hostname="b0386a18a334" tests="3" skipped="0" failures="0" errors="0" time="0.002">
    <testcase time="0.000999999999990564" classname="character(0)" name="tbl_ae_rates_by_grade_grade_groups_works_with_some_grades_not_in_groups"/>
    <testcase time="0.00100000000000477" classname="character(0)" name="tbl_ae_rates_by_grade_grade_groups_works_with_some_grades_not_in_groups"/>
    <testcase time="0" classname="character(0)" name="tbl_ae_rates_by_grade_grade_groups_works_with_some_grades_not_in_groups"/>
  </testsuite>
  <testsuite name="tbl_ae_rates_by_grade" timestamp="2025-06-02T23:19:09Z" hostname="b0386a18a334" tests="6" skipped="0" failures="0" errors="0" time="0.004">
    <testcase time="0.00199999999999534" classname="character(0)" name="tbl_ae_rates_by_grade_grades_exclude_works"/>
    <testcase time="0" classname="character(0)" name="tbl_ae_rates_by_grade_grades_exclude_works"/>
    <testcase time="0.00100000000000477" classname="character(0)" name="tbl_ae_rates_by_grade_grades_exclude_works"/>
    <testcase time="0" classname="character(0)" name="tbl_ae_rates_by_grade_grades_exclude_works"/>
    <testcase time="0.00100000000000477" classname="character(0)" name="tbl_ae_rates_by_grade_grades_exclude_works"/>
    <testcase time="0" classname="character(0)" name="tbl_ae_rates_by_grade_grades_exclude_works"/>
  </testsuite>
  <testsuite name="tbl_ae_rates_by_grade" timestamp="2025-06-02T23:19:09Z" hostname="b0386a18a334" tests="3" skipped="0" failures="0" errors="0" time="0.003">
    <testcase time="0.00199999999999534" classname="character(0)" name="tbl_ae_rates_by_grade_error_messaging_works"/>
    <testcase time="0.00100000000000477" classname="character(0)" name="tbl_ae_rates_by_grade_error_messaging_works"/>
    <testcase time="0" classname="character(0)" name="tbl_ae_rates_by_grade_error_messaging_works"/>
  </testsuite>
</testsuites>
