<?xml version="1.0" encoding="UTF-8"?>
<testsuites>
  <testsuite name="add_hierarchical_count_row" timestamp="2025-08-25T19:39:47Z" hostname="d9d0c91428e3" tests="3" skipped="1" failures="0" errors="0" time="3.78">
    <testcase time="3.756" classname="character(0)" name="add_hierarchical_count_row_works"/>
    <testcase time="0.0179999999999998" classname="character(0)" name="add_hierarchical_count_row_works"/>
    <testcase time="0.00600000000000023" classname="character(0)" name="add_hierarchical_count_row_works">
      <skipped message="Reason: On CRAN ('test-add_hierarchical_count_row.R:21:3')"/>
    </testcase>
  </testsuite>
  <testsuite name="add_hierarchical_count_row" timestamp="2025-08-25T19:39:47Z" hostname="d9d0c91428e3" tests="2" skipped="1" failures="0" errors="0" time="0.024">
    <testcase time="0.024" classname="character(0)" name="add_hierarchical_count_row_data_preprocess_works"/>
    <testcase time="0" classname="character(0)" name="add_hierarchical_count_row_data_preprocess_works">
      <skipped message="Reason: On CRAN ('test-add_hierarchical_count_row.R:55:3')"/>
    </testcase>
  </testsuite>
  <testsuite name="add_blank_row" timestamp="2025-08-25T19:39:48Z" hostname="d9d0c91428e3" tests="1" skipped="0" failures="0" errors="0" time="1.148">
    <testcase time="1.148" classname="character(0)" name="add_blank_row_works"/>
  </testsuite>
  <testsuite name="add_blank_row" timestamp="2025-08-25T19:39:48Z" hostname="d9d0c91428e3" tests="2" skipped="0" failures="0" errors="0" time="0.002">
    <testcase time="0.000999999999999446" classname="character(0)" name="add_blank_row_age_works"/>
    <testcase time="0.00100000000000033" classname="character(0)" name="add_blank_row_age_works"/>
  </testsuite>
  <testsuite name="add_blank_row" timestamp="2025-08-25T19:39:48Z" hostname="d9d0c91428e3" tests="1" skipped="0" failures="0" errors="0" time="0.001">
    <testcase time="0.000999999999999446" classname="character(0)" name="add_blank_row_grade_is_last_row_then_table_identical"/>
  </testsuite>
  <testsuite name="add_blank_row" timestamp="2025-08-25T19:39:48Z" hostname="d9d0c91428e3" tests="1" skipped="0" failures="0" errors="0" time="0.002">
    <testcase time="0.00200000000000067" classname="character(0)" name="add_blank_row_grade_is_last_row_then_table_identical"/>
  </testsuite>
  <testsuite name="add_blank_row" timestamp="2025-08-25T19:39:48Z" hostname="d9d0c91428e3" tests="2" skipped="0" failures="0" errors="0" time="0.004">
    <testcase time="0.00399999999999956" classname="character(0)" name="add_blank_row_row_numbers_error"/>
    <testcase time="0" classname="character(0)" name="add_blank_row_row_numbers_error"/>
  </testsuite>
  <testsuite name="add_blank_row" timestamp="2025-08-25T19:39:48Z" hostname="d9d0c91428e3" tests="1" skipped="1" failures="0" errors="0" time="0.002">
    <testcase time="0.00199999999999978" classname="character(0)" name="add_blank_row_errors_when_no_variable">
      <skipped message="Reason: On CRAN ('test-add_blank_row.R:81:3')"/>
    </testcase>
  </testsuite>
  <testsuite name="modify_zero_recode" timestamp="2025-08-25T19:39:49Z" hostname="d9d0c91428e3" tests="1" skipped="1" failures="0" errors="0" time="0.857">
    <testcase time="0.857" classname="character(0)" name="modify_zero_recode_works">
      <skipped message="Reason: On CRAN ('test-modify_zero_recode.R:3:3')"/>
    </testcase>
  </testsuite>
  <testsuite name="roche_pvalue" timestamp="2025-08-25T19:39:49Z" hostname="d9d0c91428e3" tests="1" skipped="0" failures="0" errors="0" time="0.067">
    <testcase time="0.0670000000000002" classname="character(0)" name="roche_pvalue_works"/>
  </testsuite>
  <testsuite name="roche_pvalue" timestamp="2025-08-25T19:39:49Z" hostname="d9d0c91428e3" tests="3" skipped="0" failures="0" errors="0" time="0.002">
    <testcase time="0.00100000000000033" classname="character(0)" name="roche_percent_works"/>
    <testcase time="0.000999999999999446" classname="character(0)" name="roche_percent_works"/>
    <testcase time="0" classname="character(0)" name="roche_percent_works"/>
  </testsuite>
  <testsuite name="modify_header_rm_md" timestamp="2025-08-25T19:39:49Z" hostname="d9d0c91428e3" tests="2" skipped="0" failures="0" errors="0" time="0.471">
    <testcase time="0.470000000000001" classname="character(0)" name="strip_md_bold_works_with_gtsummary_table"/>
    <testcase time="0.000999999999999446" classname="character(0)" name="strip_md_bold_works_with_gtsummary_table"/>
    <testcase time="0.0470000000000006" classname="character(0)" name="_unnamed_">
      <skipped message="Reason: On CRAN ('test-tbl_hierarchical_rate_and_count.R:1:1')"/>
    </testcase>
    <testcase time="0.0539999999999994" classname="character(0)" name="_unnamed_">
      <skipped message="Reason: On CRAN ('test-tbl_hierarchical_rate_by_grade.R:1:1')"/>
    </testcase>
  </testsuite>
  <testsuite name="tbl_roche_summary" timestamp="2025-08-25T19:39:55Z" hostname="d9d0c91428e3" tests="3" skipped="2" failures="0" errors="0" time="5.645">
    <testcase time="5.544" classname="character(0)" name="tbl_roche_summary_works"/>
  </testsuite>
  <testsuite name="tbl_roche_summary" timestamp="2025-08-25T19:39:55Z" hostname="d9d0c91428e3" tests="2" skipped="1" failures="0" errors="0" time="0.002">
    <testcase time="0.00200000000000067" classname="character(0)" name="tbl_roche_summary_add_overall_works"/>
    <testcase time="0" classname="character(0)" name="tbl_roche_summary_add_overall_works">
      <skipped message="Reason: On CRAN ('test-tbl_roche_summary.R:41:3')"/>
    </testcase>
  </testsuite>
  <testsuite name="tbl_roche_summary" timestamp="2025-08-25T19:39:55Z" hostname="d9d0c91428e3" tests="1" skipped="0" failures="0" errors="0" time="0.014">
    <testcase time="0.0139999999999993" classname="character(0)" name="tbl_roche_summary_recode_counts_for_all_NA_column"/>
  </testsuite>
  <testsuite name="tbl_shift" timestamp="2025-08-25T19:40:11Z" hostname="d9d0c91428e3" tests="2" skipped="1" failures="0" errors="0" time="15.795">
    <testcase time="15.794" classname="character(0)" name="tbl_shift_strata_location_"/>
    <testcase time="0.000999999999997669" classname="character(0)" name="tbl_shift_strata_location_">
      <skipped message="Reason: On CRAN ('test-tbl_shift.R:28:3')"/>
    </testcase>
  </testsuite>
  <testsuite name="tbl_shift" timestamp="2025-08-25T19:40:11Z" hostname="d9d0c91428e3" tests="1" skipped="1" failures="0" errors="0" time="0.012">
    <testcase time="0.0120000000000005" classname="character(0)" name="tbl_shift_by_messaging">
      <skipped message="Reason: On CRAN ('test-tbl_shift.R:48:3')"/>
    </testcase>
  </testsuite>
  <testsuite name="tbl_shift" timestamp="2025-08-25T19:40:11Z" hostname="d9d0c91428e3" tests="1" skipped="1" failures="0" errors="0" time="0.013">
    <testcase time="0.0130000000000017" classname="character(0)" name="tbl_shift_data_header_messaging">
      <skipped message="Reason: On CRAN ('test-tbl_shift.R:67:3')"/>
    </testcase>
  </testsuite>
  <testsuite name="tbl_shift" timestamp="2025-08-25T19:40:11Z" hostname="d9d0c91428e3" tests="2" skipped="1" failures="0" errors="0" time="0.011">
    <testcase time="0.0109999999999992" classname="character(0)" name="add_overall.tbl_shift_"/>
    <testcase time="0" classname="character(0)" name="add_overall.tbl_shift_">
      <skipped message="Reason: On CRAN ('test-tbl_shift.R:96:3')"/>
    </testcase>
  </testsuite>
  <testsuite name="tbl_shift" timestamp="2025-08-25T19:40:11Z" hostname="d9d0c91428e3" tests="1" skipped="1" failures="0" errors="0" time="0.011">
    <testcase time="0.0109999999999992" classname="character(0)" name="add_overall.tbl_shift_messaging">
      <skipped message="Reason: On CRAN ('test-tbl_shift.R:119:3')"/>
    </testcase>
  </testsuite>
  <testsuite name="tbl_shift" timestamp="2025-08-25T19:40:11Z" hostname="d9d0c91428e3" tests="2" skipped="1" failures="0" errors="0" time="0.012">
    <testcase time="0.0120000000000005" classname="character(0)" name="add_overall.tbl_shift_strata_NULL_messaging"/>
    <testcase time="0" classname="character(0)" name="add_overall.tbl_shift_strata_NULL_messaging">
      <skipped message="Reason: On CRAN ('test-tbl_shift.R:168:3')"/>
    </testcase>
  </testsuite>
  <testsuite name="tbl_baseline_chg" timestamp="2025-08-25T19:40:14Z" hostname="d9d0c91428e3" tests="2" skipped="1" failures="0" errors="0" time="3.692">
    <testcase time="3.691" classname="character(0)" name="tbl_baseline_chg_works"/>
    <testcase time="0.000999999999997669" classname="character(0)" name="tbl_baseline_chg_works">
      <skipped message="Reason: On CRAN ('test-tbl_baseline_chg.R:23:3')"/>
    </testcase>
  </testsuite>
  <testsuite name="tbl_baseline_chg" timestamp="2025-08-25T19:40:14Z" hostname="d9d0c91428e3" tests="2" skipped="1" failures="0" errors="0" time="0.013">
    <testcase time="0.0130000000000052" classname="character(0)" name="tbl_baseline_chg_works_with_no_by_variable"/>
    <testcase time="0" classname="character(0)" name="tbl_baseline_chg_works_with_no_by_variable">
      <skipped message="Reason: On CRAN ('test-tbl_baseline_chg.R:37:3')"/>
    </testcase>
  </testsuite>
  <testsuite name="tbl_baseline_chg" timestamp="2025-08-25T19:40:14Z" hostname="d9d0c91428e3" tests="2" skipped="1" failures="0" errors="0" time="0.012">
    <testcase time="0.0109999999999957" classname="character(0)" name="add_overall.tbl_baseline_chg_works"/>
    <testcase time="0.00100000000000477" classname="character(0)" name="add_overall.tbl_baseline_chg_works">
      <skipped message="Reason: On CRAN ('test-tbl_baseline_chg.R:54:3')"/>
    </testcase>
  </testsuite>
  <testsuite name="tbl_baseline_chg" timestamp="2025-08-25T19:40:14Z" hostname="d9d0c91428e3" tests="1" skipped="1" failures="0" errors="0" time="0.011">
    <testcase time="0.0109999999999957" classname="character(0)" name="add_overall.tbl_baseline_chg_messaging">
      <skipped message="Reason: On CRAN ('test-tbl_baseline_chg.R:61:3')"/>
    </testcase>
  </testsuite>
  <testsuite name="tbl_baseline_chg" timestamp="2025-08-25T19:40:14Z" hostname="d9d0c91428e3" tests="4" skipped="1" failures="0" errors="0" time="0.015">
    <testcase time="0.0130000000000052" classname="character(0)" name="tbl_baseline_chg_throws_error_when_required_arguments_are_missing"/>
    <testcase time="0.000999999999997669" classname="character(0)" name="tbl_baseline_chg_throws_error_when_required_arguments_are_missing"/>
    <testcase time="0.000999999999997669" classname="character(0)" name="tbl_baseline_chg_throws_error_when_required_arguments_are_missing"/>
    <testcase time="0" classname="character(0)" name="tbl_baseline_chg_throws_error_when_required_arguments_are_missing">
      <skipped message="Reason: On CRAN ('test-tbl_baseline_chg.R:128:3')"/>
    </testcase>
  </testsuite>
  <testsuite name="tbl_baseline_chg" timestamp="2025-08-25T19:40:14Z" hostname="d9d0c91428e3" tests="1" skipped="1" failures="0" errors="0" time="0.011">
    <testcase time="0.0110000000000028" classname="character(0)" name="tbl_baseline_chg_messaging">
      <skipped message="Reason: On CRAN ('test-tbl_baseline_chg.R:143:3')"/>
    </testcase>
  </testsuite>
  <testsuite name="tbl_baseline_chg" timestamp="2025-08-25T19:40:14Z" hostname="d9d0c91428e3" tests="1" skipped="1" failures="0" errors="0" time="0.011">
    <testcase time="0.0109999999999957" classname="character(0)" name="gather_ard_works_on_output_table">
      <skipped message="Reason: On CRAN ('test-tbl_baseline_chg.R:165:3')"/>
    </testcase>
  </testsuite>
  <testsuite name="tbl_survfit_quantiles" timestamp="2025-08-25T19:40:16Z" hostname="d9d0c91428e3" tests="2" skipped="1" failures="0" errors="0" time="1.191">
    <testcase time="1.19" classname="character(0)" name="tbl_survfit_quantiles_works"/>
    <testcase time="0.000999999999997669" classname="character(0)" name="tbl_survfit_quantiles_works">
      <skipped message="Reason: On CRAN ('test-tbl_survfit_quantiles.R:13:3')"/>
    </testcase>
  </testsuite>
  <testsuite name="tbl_survfit_quantiles" timestamp="2025-08-25T19:40:16Z" hostname="d9d0c91428e3" tests="1" skipped="1" failures="0" errors="0" time="0.017">
    <testcase time="0.017000000000003" classname="character(0)" name="tbl_survfit_quantiles_by_messaging">
      <skipped message="Reason: On CRAN ('test-tbl_survfit_quantiles.R:55:3')"/>
    </testcase>
  </testsuite>
  <testsuite name="tbl_survfit_quantiles" timestamp="2025-08-25T19:40:16Z" hostname="d9d0c91428e3" tests="1" skipped="1" failures="0" errors="0" time="0.01">
    <testcase time="0.00999999999999801" classname="character(0)" name="tbl_survfit_quantiles_estimate_fun_">
      <skipped message="Reason: On CRAN ('test-tbl_survfit_quantiles.R:75:3')"/>
    </testcase>
  </testsuite>
  <testsuite name="tbl_survfit_quantiles" timestamp="2025-08-25T19:40:16Z" hostname="d9d0c91428e3" tests="1" skipped="0" failures="0" errors="0" time="0.011">
    <testcase time="0.0110000000000028" classname="character(0)" name="tbl_survfit_quantiles_method.args_"/>
  </testsuite>
  <testsuite name="tbl_survfit_quantiles" timestamp="2025-08-25T19:40:16Z" hostname="d9d0c91428e3" tests="1" skipped="1" failures="0" errors="0" time="0.002">
    <testcase time="0.00199999999999534" classname="character(0)" name="add_overall.tbl_survfit_quantiles_works">
      <skipped message="Reason: On CRAN ('test-tbl_survfit_quantiles.R:111:3')"/>
    </testcase>
  </testsuite>
  <testsuite name="tbl_survfit_times" timestamp="2025-08-25T19:40:17Z" hostname="d9d0c91428e3" tests="2" skipped="1" failures="0" errors="0" time="1.509">
    <testcase time="1.508" classname="character(0)" name="tbl_survfit_times_works"/>
    <testcase time="0.000999999999997669" classname="character(0)" name="tbl_survfit_times_works">
      <skipped message="Reason: On CRAN ('test-tbl_survfit_times.R:14:3')"/>
    </testcase>
  </testsuite>
  <testsuite name="tbl_survfit_times" timestamp="2025-08-25T19:40:17Z" hostname="d9d0c91428e3" tests="1" skipped="1" failures="0" errors="0" time="0.011">
    <testcase time="0.0110000000000028" classname="character(0)" name="tbl_survfit_times_by_messaging">
      <skipped message="Reason: On CRAN ('test-tbl_survfit_times.R:59:3')"/>
    </testcase>
  </testsuite>
  <testsuite name="tbl_survfit_times" timestamp="2025-08-25T19:40:17Z" hostname="d9d0c91428e3" tests="1" skipped="1" failures="0" errors="0" time="0.011">
    <testcase time="0.0109999999999957" classname="character(0)" name="add_overall.tbl_survfit_times_works">
      <skipped message="Reason: On CRAN ('test-tbl_survfit_times.R:81:3')"/>
    </testcase>
  </testsuite>
  <testsuite name="theme_gtsummary_roche" timestamp="2025-08-25T19:40:19Z" hostname="d9d0c91428e3" tests="1" skipped="1" failures="0" errors="0" time="1.796">
    <testcase time="1.796" classname="character(0)" name="theme_gtsummary_roche_works">
      <skipped message="Reason: On CRAN ('test-theme_gtsummary_roche.R:3:3')"/>
    </testcase>
  </testsuite>
  <testsuite name="theme_gtsummary_roche" timestamp="2025-08-25T19:40:19Z" hostname="d9d0c91428e3" tests="1" skipped="1" failures="0" errors="0" time="0.011">
    <testcase time="0.0110000000000028" classname="character(0)" name="theme_gtsummary_roche_adds_relevant_flextable_directives">
      <skipped message="Reason: On CRAN ('test-theme_gtsummary_roche.R:17:3')"/>
    </testcase>
  </testsuite>
  <testsuite name="theme_gtsummary_roche" timestamp="2025-08-25T19:40:19Z" hostname="d9d0c91428e3" tests="1" skipped="0" failures="0" errors="0" time="0.011">
    <testcase time="0.0110000000000028" classname="character(0)" name="theme_gtsummary_roche_no_errors_with_a_gt_print"/>
  </testsuite>
  <testsuite name="theme_gtsummary_roche" timestamp="2025-08-25T19:40:19Z" hostname="d9d0c91428e3" tests="7" skipped="0" failures="0" errors="0" time="0.004">
    <testcase time="0.000999999999997669" classname="character(0)" name="theme_gtsummary_roche_styles_tbl_hierarchical_results"/>
    <testcase time="0.000999999999997669" classname="character(0)" name="theme_gtsummary_roche_styles_tbl_hierarchical_results"/>
    <testcase time="0" classname="character(0)" name="theme_gtsummary_roche_styles_tbl_hierarchical_results"/>
    <testcase time="0.00100000000000477" classname="character(0)" name="theme_gtsummary_roche_styles_tbl_hierarchical_results"/>
    <testcase time="0" classname="character(0)" name="theme_gtsummary_roche_styles_tbl_hierarchical_results"/>
    <testcase time="0" classname="character(0)" name="theme_gtsummary_roche_styles_tbl_hierarchical_results"/>
    <testcase time="0.000999999999997669" classname="character(0)" name="theme_gtsummary_roche_styles_tbl_hierarchical_results"/>
  </testsuite>
</testsuites>
