<?xml version="1.0" encoding="UTF-8"?>
<testsuites>
  <testsuite name="add_hierarchical_count_row" timestamp="2025-08-11T14:33:23Z" hostname="208f74b01090" tests="4" skipped="0" failures="0" errors="0" time="3.902">
    <testcase time="3.877" classname="character(0)" name="add_hierarchical_count_row_works"/>
    <testcase time="0.0169999999999995" classname="character(0)" name="add_hierarchical_count_row_works"/>
    <testcase time="0.00700000000000056" classname="character(0)" name="add_hierarchical_count_row_works"/>
    <testcase time="0.000999999999999446" classname="character(0)" name="add_hierarchical_count_row_works"/>
  </testsuite>
  <testsuite name="add_blank_row" timestamp="2025-08-11T14:33:24Z" hostname="208f74b01090" tests="1" skipped="0" failures="0" errors="0" time="0.839">
    <testcase time="0.839" classname="character(0)" name="add_blank_row_works"/>
  </testsuite>
  <testsuite name="add_blank_row" timestamp="2025-08-11T14:33:24Z" hostname="208f74b01090" tests="2" skipped="0" failures="0" errors="0" time="0.008">
    <testcase time="0.00800000000000001" classname="character(0)" name="add_blank_row_age_works"/>
    <testcase time="0" classname="character(0)" name="add_blank_row_age_works"/>
  </testsuite>
  <testsuite name="add_blank_row" timestamp="2025-08-11T14:33:24Z" hostname="208f74b01090" tests="1" skipped="0" failures="0" errors="0" time="0.002">
    <testcase time="0.00199999999999978" classname="character(0)" name="add_blank_row_grade_is_last_row_then_table_identical"/>
  </testsuite>
  <testsuite name="add_blank_row" timestamp="2025-08-11T14:33:24Z" hostname="208f74b01090" tests="1" skipped="0" failures="0" errors="0" time="0.001">
    <testcase time="0.00100000000000033" classname="character(0)" name="add_blank_row_grade_is_last_row_then_table_identical"/>
  </testsuite>
  <testsuite name="add_blank_row" timestamp="2025-08-11T14:33:24Z" hostname="208f74b01090" tests="2" skipped="0" failures="0" errors="0" time="0.005">
    <testcase time="0.00399999999999956" classname="character(0)" name="add_blank_row_row_numbers_error"/>
    <testcase time="0.00100000000000033" classname="character(0)" name="add_blank_row_row_numbers_error"/>
  </testsuite>
  <testsuite name="add_blank_row" timestamp="2025-08-11T14:33:24Z" hostname="208f74b01090" tests="1" skipped="0" failures="0" errors="0" time="0.002">
    <testcase time="0.00199999999999978" classname="character(0)" name="add_blank_row_errors_when_no_variable"/>
  </testsuite>
  <testsuite name="modify_zero_recode" timestamp="2025-08-11T14:33:24Z" hostname="208f74b01090" tests="1" skipped="0" failures="0" errors="0" time="0.86">
    <testcase time="0.86" classname="character(0)" name="modify_zero_recode_works"/>
  </testsuite>
  <testsuite name="roche_pvalue" timestamp="2025-08-11T14:33:25Z" hostname="208f74b01090" tests="1" skipped="0" failures="0" errors="0" time="0.058">
    <testcase time="0.0579999999999998" classname="character(0)" name="roche_pvalue_works"/>
  </testsuite>
  <testsuite name="roche_pvalue" timestamp="2025-08-11T14:33:25Z" hostname="208f74b01090" tests="3" skipped="0" failures="0" errors="0" time="0.003">
    <testcase time="0.00100000000000033" classname="character(0)" name="roche_percent_works"/>
    <testcase time="0.000999999999999446" classname="character(0)" name="roche_percent_works"/>
    <testcase time="0.00100000000000033" classname="character(0)" name="roche_percent_works"/>
  </testsuite>
  <testsuite name="modify_header_rm_md" timestamp="2025-08-11T14:33:25Z" hostname="208f74b01090" tests="2" skipped="0" failures="0" errors="0" time="0.697">
    <testcase time="0.696" classname="character(0)" name="strip_md_bold_works_with_gtsummary_table"/>
    <testcase time="0.00100000000000033" classname="character(0)" name="strip_md_bold_works_with_gtsummary_table"/>
  </testsuite>
  <testsuite name="tbl_hierarchical_rate_and_count" timestamp="2025-08-11T14:33:45Z" hostname="208f74b01090" tests="5" skipped="0" failures="0" errors="0" time="19.757">
    <testcase time="19.754" classname="character(0)" name="tbl_hierarchical_rate_and_count_works"/>
    <testcase time="0.00100000000000122" classname="character(0)" name="tbl_hierarchical_rate_and_count_works"/>
    <testcase time="0.00100000000000122" classname="character(0)" name="tbl_hierarchical_rate_and_count_works"/>
    <testcase time="0" classname="character(0)" name="tbl_hierarchical_rate_and_count_works"/>
    <testcase time="0.000999999999997669" classname="character(0)" name="tbl_hierarchical_rate_and_count_works"/>
  </testsuite>
  <testsuite name="tbl_hierarchical_rate_and_count" timestamp="2025-08-11T14:33:45Z" hostname="208f74b01090" tests="2" skipped="0" failures="0" errors="0" time="0.002">
    <testcase time="0.00100000000000122" classname="character(0)" name="tbl_hierarchical_rate_and_count_sort_"/>
    <testcase time="0.00100000000000122" classname="character(0)" name="tbl_hierarchical_rate_and_count_sort_"/>
  </testsuite>
  <testsuite name="tbl_hierarchical_rate_and_count" timestamp="2025-08-11T14:33:45Z" hostname="208f74b01090" tests="1" skipped="0" failures="0" errors="0" time="0.002">
    <testcase time="0.00199999999999889" classname="character(0)" name="tbl_hierarchical_rate_and_count_digits_styling_defaults_to_gtsummary"/>
  </testsuite>
  <testsuite name="tbl_baseline_chg" timestamp="2025-08-11T14:33:54Z" hostname="208f74b01090" tests="16" skipped="0" failures="0" errors="0" time="9.317">
    <testcase time="9.308" classname="character(0)" name="tbl_baseline_chg_works"/>
    <testcase time="0.00100000000000477" classname="character(0)" name="tbl_baseline_chg_works"/>
    <testcase time="0" classname="character(0)" name="tbl_baseline_chg_works"/>
    <testcase time="0.000999999999997669" classname="character(0)" name="tbl_baseline_chg_works"/>
    <testcase time="0" classname="character(0)" name="tbl_baseline_chg_works"/>
    <testcase time="0.000999999999997669" classname="character(0)" name="tbl_baseline_chg_works"/>
    <testcase time="0.00100000000000477" classname="character(0)" name="tbl_baseline_chg_works"/>
    <testcase time="0" classname="character(0)" name="tbl_baseline_chg_works"/>
    <testcase time="0.000999999999997669" classname="character(0)" name="tbl_baseline_chg_works"/>
    <testcase time="0" classname="character(0)" name="tbl_baseline_chg_works"/>
    <testcase time="0.000999999999997669" classname="character(0)" name="tbl_baseline_chg_works"/>
    <testcase time="0" classname="character(0)" name="tbl_baseline_chg_works"/>
    <testcase time="0.00100000000000477" classname="character(0)" name="tbl_baseline_chg_works"/>
    <testcase time="0.000999999999997669" classname="character(0)" name="tbl_baseline_chg_works"/>
    <testcase time="0" classname="character(0)" name="tbl_baseline_chg_works"/>
    <testcase time="0.000999999999997669" classname="character(0)" name="tbl_baseline_chg_works"/>
  </testsuite>
  <testsuite name="tbl_baseline_chg" timestamp="2025-08-11T14:33:54Z" hostname="208f74b01090" tests="30" skipped="0" failures="0" errors="0" time="0.017">
    <testcase time="0.00100000000000477" classname="character(0)" name="add_overall.tbl_baseline_chg_works"/>
    <testcase time="0.000999999999997669" classname="character(0)" name="add_overall.tbl_baseline_chg_works"/>
    <testcase time="0" classname="character(0)" name="add_overall.tbl_baseline_chg_works"/>
    <testcase time="0.000999999999997669" classname="character(0)" name="add_overall.tbl_baseline_chg_works"/>
    <testcase time="0" classname="character(0)" name="add_overall.tbl_baseline_chg_works"/>
    <testcase time="0.00100000000000477" classname="character(0)" name="add_overall.tbl_baseline_chg_works"/>
    <testcase time="0.000999999999997669" classname="character(0)" name="add_overall.tbl_baseline_chg_works"/>
    <testcase time="0" classname="character(0)" name="add_overall.tbl_baseline_chg_works"/>
    <testcase time="0.000999999999997669" classname="character(0)" name="add_overall.tbl_baseline_chg_works"/>
    <testcase time="0" classname="character(0)" name="add_overall.tbl_baseline_chg_works"/>
    <testcase time="0.00100000000000477" classname="character(0)" name="add_overall.tbl_baseline_chg_works"/>
    <testcase time="0" classname="character(0)" name="add_overall.tbl_baseline_chg_works"/>
    <testcase time="0.000999999999997669" classname="character(0)" name="add_overall.tbl_baseline_chg_works"/>
    <testcase time="0" classname="character(0)" name="add_overall.tbl_baseline_chg_works"/>
    <testcase time="0.000999999999997669" classname="character(0)" name="add_overall.tbl_baseline_chg_works"/>
    <testcase time="0.00100000000000477" classname="character(0)" name="add_overall.tbl_baseline_chg_works"/>
    <testcase time="0" classname="character(0)" name="add_overall.tbl_baseline_chg_works"/>
    <testcase time="0.000999999999997669" classname="character(0)" name="add_overall.tbl_baseline_chg_works"/>
    <testcase time="0" classname="character(0)" name="add_overall.tbl_baseline_chg_works"/>
    <testcase time="0.000999999999997669" classname="character(0)" name="add_overall.tbl_baseline_chg_works"/>
    <testcase time="0" classname="character(0)" name="add_overall.tbl_baseline_chg_works"/>
    <testcase time="0" classname="character(0)" name="add_overall.tbl_baseline_chg_works"/>
    <testcase time="0.000999999999997669" classname="character(0)" name="add_overall.tbl_baseline_chg_works"/>
    <testcase time="0" classname="character(0)" name="add_overall.tbl_baseline_chg_works"/>
    <testcase time="0.000999999999997669" classname="character(0)" name="add_overall.tbl_baseline_chg_works"/>
    <testcase time="0.00100000000000477" classname="character(0)" name="add_overall.tbl_baseline_chg_works"/>
    <testcase time="0" classname="character(0)" name="add_overall.tbl_baseline_chg_works"/>
    <testcase time="0.000999999999997669" classname="character(0)" name="add_overall.tbl_baseline_chg_works"/>
    <testcase time="0.000999999999997669" classname="character(0)" name="add_overall.tbl_baseline_chg_works"/>
    <testcase time="0" classname="character(0)" name="add_overall.tbl_baseline_chg_works"/>
  </testsuite>
  <testsuite name="tbl_baseline_chg" timestamp="2025-08-11T14:33:54Z" hostname="208f74b01090" tests="2" skipped="0" failures="2" errors="0" time="0.027">
    <testcase time="0.00200000000000244" classname="character(0)" name="add_overall.tbl_baseline_chg_messaging">
      <failure type="failure" message="Snapshot of code has changed: ('test-tbl_baseline_chg.R:46:3')">Snapshot of code has changed:
old vs new
  Code
    tbl &lt;- add_overall(tbl_baseline_chg(data = df, test_variable = "PARAMCD", test_cd = "SODIUM", baseline_level = "SCREENING 1", denominator = cards::ADSL))
+ Condition
+   Warning:
+   Using an external vector in selections was deprecated in tidyselect 1.1.0.
+   i Please use `all_of()` or `any_of()` instead.
+     # Was:
+     data %&gt;% select(id)
+   
+     # Now:
+     data %&gt;% select(all_of(id))
+   
+   See &lt;https://tidyselect.r-lib.org/reference/faq-external-vector.html&gt;.
+   Warning:
+   Using an external vector in selections was deprecated in tidyselect 1.1.0.
+   i Please use `all_of()` or `any_of()` instead.
+     # Was:
+     data %&gt;% select(visit)
+   
+     # Now:
+     data %&gt;% select(all_of(visit))
+   
+   See &lt;https://tidyselect.r-lib.org/reference/faq-external-vector.html&gt;.
+   Warning:
+   Using an external vector in selections was deprecated in tidyselect 1.1.0.
+   i Please use `all_of()` or `any_of()` instead.
+     # Was:
+     data %&gt;% select(analysis_variable)
+   
+     # Now:
+     data %&gt;% select(all_of(analysis_variable))
+   
+   See &lt;https://tidyselect.r-lib.org/reference/faq-external-vector.html&gt;.
+   Warning:
+   Using an external vector in selections was deprecated in tidyselect 1.1.0.
+   i Please use `all_of()` or `any_of()` instead.
+     # Was:
+     data %&gt;% select(change_variable)
+   
+     # Now:
+     data %&gt;% select(all_of(change_variable))
+   
+   See &lt;https://tidyselect.r-lib.org/reference/faq-external-vector.html&gt;.
+   Warning:
+   Using an external vector in selections was deprecated in tidyselect 1.1.0.
+   i Please use `all_of()` or `any_of()` instead.
+     # Was:
+     data %&gt;% select(analysis_variable)
+   
+     # Now:
+     data %&gt;% select(all_of(analysis_variable))
+   
+   See &lt;https://tidyselect.r-lib.org/reference/faq-external-vector.html&gt;.
+   Warning:
+   Using an external vector in selections was deprecated in tidyselect 1.1.0.
+   i Please use `all_of()` or `any_of()` instead.
+     # Was:
+     data %&gt;% select(change_variable)
+   
+     # Now:
+     data %&gt;% select(all_of(change_variable))
+   
+   See &lt;https://tidyselect.r-lib.org/reference/faq-external-vector.html&gt;.
+   Warning:
+   Using an external vector in selections was deprecated in tidyselect 1.1.0.
+   i Please use `all_of()` or `any_of()` instead.
+     # Was:
+     data %&gt;% select(id)
+   
+     # Now:
+     data %&gt;% select(all_of(id))
+   
+   See &lt;https://tidyselect.r-lib.org/reference/faq-external-vector.html&gt;.
+   Warning:
+   Using an external vector in selections was deprecated in tidyselect 1.1.0.
+   i Please use `all_of()` or `any_of()` instead.
+     # Was:
+     data %&gt;% select(test_variable)
+   
+     # Now:
+     data %&gt;% select(all_of(test_variable))
+   
+   See &lt;https://tidyselect.r-lib.org/reference/faq-external-vector.html&gt;.
+   Warning:
+   Using an external vector in selections was deprecated in tidyselect 1.1.0.
+   i Please use `all_of()` or `any_of()` instead.
+     # Was:
+     data %&gt;% select(by)
+   
+     # Now:
+     data %&gt;% select(all_of(by))
+   
+   See &lt;https://tidyselect.r-lib.org/reference/faq-external-vector.html&gt;.
+   Warning:
+   Using an external vector in selections was deprecated in tidyselect 1.1.0.
+   i Please use `all_of()` or `any_of()` instead.
+     # Was:
+     data %&gt;% select(id)
+   
+     # Now:
+     data %&gt;% select(all_of(id))
+   
+   See &lt;https://tidyselect.r-lib.org/reference/faq-external-vector.html&gt;.
+   Warning:
+   Using an external vector in selections was deprecated in tidyselect 1.1.0.
+   i Please use `all_of()` or `any_of()` instead.
+     # Was:
+     data %&gt;% select(by)
+   
+     # Now:
+     data %&gt;% select(all_of(by))
+   
+   See &lt;https://tidyselect.r-lib.org/reference/faq-external-vector.html&gt;.
+   Warning:
+   Using an external vector in selections was deprecated in tidyselect 1.1.0.
+   i Please use `all_of()` or `any_of()` instead.
+     # Was:
+     data %&gt;% select(by)
+   
+     # Now:
+     data %&gt;% select(all_of(by))
+   
+   See &lt;https://tidyselect.r-lib.org/reference/faq-external-vector.html&gt;.
+   Warning:
+   Using an external vector in selections was deprecated in tidyselect 1.1.0.
+   i Please use `all_of()` or `any_of()` instead.
+     # Was:
+     data %&gt;% select(by)
+   
+     # Now:
+     data %&gt;% select(all_of(by))
+   
+   See &lt;https://tidyselect.r-lib.org/reference/faq-external-vector.html&gt;.
+   Warning:
+   Using an external vector in selections was deprecated in tidyselect 1.1.0.
+   i Please use `all_of()` or `any_of()` instead.
+     # Was:
+     data %&gt;% select(baseline_level)
+   
+     # Now:
+     data %&gt;% select(all_of(baseline_level))
+   
+   See &lt;https://tidyselect.r-lib.org/reference/faq-external-vector.html&gt;.
  Message
    Original table was not stratified, and overall column cannot be added.
    i Table has been returned unaltered.

* Run `testthat::snapshot_accept('tbl_baseline_chg')` to accept the change.
* Run `testthat::snapshot_review('tbl_baseline_chg')` to interactively review the change.</failure>
    </testcase>
    <testcase time="0.0249999999999986" classname="character(0)" name="add_overall.tbl_baseline_chg_messaging">
      <failure type="failure" message="Snapshot of code has changed: ('test-tbl_baseline_chg.R:59:3')">Snapshot of code has changed:
old vs new
  Code
    tbl &lt;- add_overall(modify_table_body(tbl_baseline_chg(data = df, test_variable = "PARAMCD", test_cd = "SODIUM", by = "TRTA", baseline_level = "SCREENING 1", denominator = cards::ADSL),
    ~ dplyr::filter(.x, dplyr::row_number() %in% 1:5)))
+ Condition
+   Warning:
+   Using an external vector in selections was deprecated in tidyselect 1.1.0.
+   i Please use `all_of()` or `any_of()` instead.
+     # Was:
+     data %&gt;% select(id)
+   
+     # Now:
+     data %&gt;% select(all_of(id))
+   
+   See &lt;https://tidyselect.r-lib.org/reference/faq-external-vector.html&gt;.
+   Warning:
+   Using an external vector in selections was deprecated in tidyselect 1.1.0.
+   i Please use `all_of()` or `any_of()` instead.
+     # Was:
+     data %&gt;% select(visit)
+   
+     # Now:
+     data %&gt;% select(all_of(visit))
+   
+   See &lt;https://tidyselect.r-lib.org/reference/faq-external-vector.html&gt;.
+   Warning:
+   Using an external vector in selections was deprecated in tidyselect 1.1.0.
+   i Please use `all_of()` or `any_of()` instead.
+     # Was:
+     data %&gt;% select(analysis_variable)
+   
+     # Now:
+     data %&gt;% select(all_of(analysis_variable))
+   
+   See &lt;https://tidyselect.r-lib.org/reference/faq-external-vector.html&gt;.
+   Warning:
+   Using an external vector in selections was deprecated in tidyselect 1.1.0.
+   i Please use `all_of()` or `any_of()` instead.
+     # Was:
+     data %&gt;% select(change_variable)
+   
+     # Now:
+     data %&gt;% select(all_of(change_variable))
+   
+   See &lt;https://tidyselect.r-lib.org/reference/faq-external-vector.html&gt;.
+   Warning:
+   Using an external vector in selections was deprecated in tidyselect 1.1.0.
+   i Please use `all_of()` or `any_of()` instead.
+     # Was:
+     data %&gt;% select(analysis_variable)
+   
+     # Now:
+     data %&gt;% select(all_of(analysis_variable))
+   
+   See &lt;https://tidyselect.r-lib.org/reference/faq-external-vector.html&gt;.
+   Warning:
+   Using an external vector in selections was deprecated in tidyselect 1.1.0.
+   i Please use `all_of()` or `any_of()` instead.
+     # Was:
+     data %&gt;% select(change_variable)
+   
+     # Now:
+     data %&gt;% select(all_of(change_variable))
+   
+   See &lt;https://tidyselect.r-lib.org/reference/faq-external-vector.html&gt;.
+   Warning:
+   Using an external vector in selections was deprecated in tidyselect 1.1.0.
+   i Please use `all_of()` or `any_of()` instead.
+     # Was:
+     data %&gt;% select(id)
+   
+     # Now:
+     data %&gt;% select(all_of(id))
+   
+   See &lt;https://tidyselect.r-lib.org/reference/faq-external-vector.html&gt;.
+   Warning:
+   Using an external vector in selections was deprecated in tidyselect 1.1.0.
+   i Please use `all_of()` or `any_of()` instead.
+     # Was:
+     data %&gt;% select(test_variable)
+   
+     # Now:
+     data %&gt;% select(all_of(test_variable))
+   
+   See &lt;https://tidyselect.r-lib.org/reference/faq-external-vector.html&gt;.
+   Warning:
+   Using an external vector in selections was deprecated in tidyselect 1.1.0.
+   i Please use `all_of()` or `any_of()` instead.
+     # Was:
+     data %&gt;% select(by)
+   
+     # Now:
+     data %&gt;% select(all_of(by))
+   
+   See &lt;https://tidyselect.r-lib.org/reference/faq-external-vector.html&gt;.
+   Warning:
+   Using an external vector in selections was deprecated in tidyselect 1.1.0.
+   i Please use `all_of()` or `any_of()` instead.
+     # Was:
+     data %&gt;% select(id)
+   
+     # Now:
+     data %&gt;% select(all_of(id))
+   
+   See &lt;https://tidyselect.r-lib.org/reference/faq-external-vector.html&gt;.
+   Warning:
+   Using an external vector in selections was deprecated in tidyselect 1.1.0.
+   i Please use `all_of()` or `any_of()` instead.
+     # Was:
+     data %&gt;% select(by)
+   
+     # Now:
+     data %&gt;% select(all_of(by))
+   
+   See &lt;https://tidyselect.r-lib.org/reference/faq-external-vector.html&gt;.
+   Warning:
+   Using an external vector in selections was deprecated in tidyselect 1.1.0.
+   i Please use `all_of()` or `any_of()` instead.
+     # Was:
+     data %&gt;% select(by)
+   
+     # Now:
+     data %&gt;% select(all_of(by))
+   
+   See &lt;https://tidyselect.r-lib.org/reference/faq-external-vector.html&gt;.
+   Warning:
+   Using an external vector in selections was deprecated in tidyselect 1.1.0.
+   i Please use `all_of()` or `any_of()` instead.
+     # Was:
+     data %&gt;% select(by)
+   
+     # Now:
+     data %&gt;% select(all_of(by))
+   
+   See &lt;https://tidyselect.r-lib.org/reference/faq-external-vector.html&gt;.
+   Warning:
+   Using an external vector in selections was deprecated in tidyselect 1.1.0.
+   i Please use `all_of()` or `any_of()` instead.
+     # Was:
+     data %&gt;% select(baseline_level)
+   
+     # Now:
+     data %&gt;% select(all_of(baseline_level))
+   
+   See &lt;https://tidyselect.r-lib.org/reference/faq-external-vector.html&gt;.
+   Warning:
+   Using an external vector in selections was deprecated in tidyselect 1.1.0.
+   i Please use `all_of()` or `any_of()` instead.
+     # Was:
+     data %&gt;% select(id)
+   
+     # Now:
+     data %&gt;% select(all_of(id))
+   
+   See &lt;https://tidyselect.r-lib.org/reference/faq-external-vector.html&gt;.
+   Warning:
+   Using an external vector in selections was deprecated in tidyselect 1.1.0.
+   i Please use `all_of()` or `any_of()` instead.
+     # Was:
+     data %&gt;% select(visit)
+   
+     # Now:
+     data %&gt;% select(all_of(visit))
+   
+   See &lt;https://tidyselect.r-lib.org/reference/faq-external-vector.html&gt;.
+   Warning:
+   Using an external vector in selections was deprecated in tidyselect 1.1.0.
+   i Please use `all_of()` or `any_of()` instead.
+     # Was:
+     data %&gt;% select(analysis_variable)
+   
+     # Now:
+     data %&gt;% select(all_of(analysis_variable))
+   
+   See &lt;https://tidyselect.r-lib.org/reference/faq-external-vector.html&gt;.
+   Warning:
+   Using an external vector in selections was deprecated in tidyselect 1.1.0.
+   i Please use `all_of()` or `any_of()` instead.
+     # Was:
+     data %&gt;% select(change_variable)
+   
+     # Now:
+     data %&gt;% select(all_of(change_variable))
+   
+   See &lt;https://tidyselect.r-lib.org/reference/faq-external-vector.html&gt;.
+   Warning:
+   Using an external vector in selections was deprecated in tidyselect 1.1.0.
+   i Please use `all_of()` or `any_of()` instead.
+     # Was:
+     data %&gt;% select(analysis_variable)
+   
+     # Now:
+     data %&gt;% select(all_of(analysis_variable))
+   
+   See &lt;https://tidyselect.r-lib.org/reference/faq-external-vector.html&gt;.
+   Warning:
+   Using an external vector in selections was deprecated in tidyselect 1.1.0.
+   i Please use `all_of()` or `any_of()` instead.
+     # Was:
+     data %&gt;% select(change_variable)
+   
+     # Now:
+     data %&gt;% select(all_of(change_variable))
+   
+   See &lt;https://tidyselect.r-lib.org/reference/faq-external-vector.html&gt;.
+   Warning:
+   Using an external vector in selections was deprecated in tidyselect 1.1.0.
+   i Please use `all_of()` or `any_of()` instead.
+     # Was:
+     data %&gt;% select(id)
+   
+     # Now:
+     data %&gt;% select(all_of(id))
+   
+   See &lt;https://tidyselect.r-lib.org/reference/faq-external-vector.html&gt;.
+   Warning:
+   Using an external vector in selections was deprecated in tidyselect 1.1.0.
+   i Please use `all_of()` or `any_of()` instead.
+     # Was:
+     data %&gt;% select(test_variable)
+   
+     # Now:
+     data %&gt;% select(all_of(test_variable))
+   
+   See &lt;https://tidyselect.r-lib.org/reference/faq-external-vector.html&gt;.
+   Warning:
+   Using an external vector in selections was deprecated in tidyselect 1.1.0.
+   i Please use `all_of()` or `any_of()` instead.
+     # Was:
+     data %&gt;% select(by)
+   
+     # Now:
+     data %&gt;% select(all_of(by))
+   
+   See &lt;https://tidyselect.r-lib.org/reference/faq-external-vector.html&gt;.
+   Warning:
+   Using an external vector in selections was deprecated in tidyselect 1.1.0.
+   i Please use `all_of()` or `any_of()` instead.
+     # Was:
+     data %&gt;% select(id)
+   
+     # Now:
+     data %&gt;% select(all_of(id))
+   
+   See &lt;https://tidyselect.r-lib.org/reference/faq-external-vector.html&gt;.
+   Warning:
+   Using an external vector in selections was deprecated in tidyselect 1.1.0.
+   i Please use `all_of()` or `any_of()` instead.
+     # Was:
+     data %&gt;% select(by)
+   
+     # Now:
+     data %&gt;% select(all_of(by))
+   
+   See &lt;https://tidyselect.r-lib.org/reference/faq-external-vector.html&gt;.
+   Warning:
+   Using an external vector in selections was deprecated in tidyselect 1.1.0.
+   i Please use `all_of()` or `any_of()` instead.
+     # Was:
+     data %&gt;% select(by)
+   
+     # Now:
+     data %&gt;% select(all_of(by))
+   
+   See &lt;https://tidyselect.r-lib.org/reference/faq-external-vector.html&gt;.
+   Warning:
+   Using an external vector in selections was deprecated in tidyselect 1.1.0.
+   i Please use `all_of()` or `any_of()` instead.
+     # Was:
+     data %&gt;% select(by)
+   
+     # Now:
+     data %&gt;% select(all_of(by))
+   
+   See &lt;https://tidyselect.r-lib.org/reference/faq-external-vector.html&gt;.
+   Warning:
+   Using an external vector in selections was deprecated in tidyselect 1.1.0.
+   i Please use `all_of()` or `any_of()` instead.
+     # Was:
+     data %&gt;% select(baseline_level)
+   
+     # Now:
+     data %&gt;% select(all_of(baseline_level))
+   
+   See &lt;https://tidyselect.r-lib.org/reference/faq-external-vector.html&gt;.
  Message
    ! The structures of the original table and the overall table are not identical, and the resulting table may be malformed.

* Run `testthat::snapshot_accept('tbl_baseline_chg')` to accept the change.
* Run `testthat::snapshot_review('tbl_baseline_chg')` to interactively review the change.</failure>
    </testcase>
  </testsuite>
  <testsuite name="tbl_baseline_chg" timestamp="2025-08-11T14:33:54Z" hostname="208f74b01090" tests="19" skipped="0" failures="0" errors="0" time="0.03">
    <testcase time="0.0189999999999984" classname="character(0)" name="tbl_baseline_chg_throws_error_when_required_arguments_are_missing"/>
    <testcase time="0.00100000000000477" classname="character(0)" name="tbl_baseline_chg_throws_error_when_required_arguments_are_missing"/>
    <testcase time="0.000999999999997669" classname="character(0)" name="tbl_baseline_chg_throws_error_when_required_arguments_are_missing"/>
    <testcase time="0" classname="character(0)" name="tbl_baseline_chg_throws_error_when_required_arguments_are_missing"/>
    <testcase time="0.000999999999997669" classname="character(0)" name="tbl_baseline_chg_throws_error_when_required_arguments_are_missing"/>
    <testcase time="0" classname="character(0)" name="tbl_baseline_chg_throws_error_when_required_arguments_are_missing"/>
    <testcase time="0.00100000000000477" classname="character(0)" name="tbl_baseline_chg_throws_error_when_required_arguments_are_missing"/>
    <testcase time="0.000999999999997669" classname="character(0)" name="tbl_baseline_chg_throws_error_when_required_arguments_are_missing"/>
    <testcase time="0" classname="character(0)" name="tbl_baseline_chg_throws_error_when_required_arguments_are_missing"/>
    <testcase time="0.000999999999997669" classname="character(0)" name="tbl_baseline_chg_throws_error_when_required_arguments_are_missing"/>
    <testcase time="0" classname="character(0)" name="tbl_baseline_chg_throws_error_when_required_arguments_are_missing"/>
    <testcase time="0.00100000000000477" classname="character(0)" name="tbl_baseline_chg_throws_error_when_required_arguments_are_missing"/>
    <testcase time="0" classname="character(0)" name="tbl_baseline_chg_throws_error_when_required_arguments_are_missing"/>
    <testcase time="0.000999999999997669" classname="character(0)" name="tbl_baseline_chg_throws_error_when_required_arguments_are_missing"/>
    <testcase time="0.000999999999997669" classname="character(0)" name="tbl_baseline_chg_throws_error_when_required_arguments_are_missing"/>
    <testcase time="0" classname="character(0)" name="tbl_baseline_chg_throws_error_when_required_arguments_are_missing"/>
    <testcase time="0.00100000000000477" classname="character(0)" name="tbl_baseline_chg_throws_error_when_required_arguments_are_missing"/>
    <testcase time="0" classname="character(0)" name="tbl_baseline_chg_throws_error_when_required_arguments_are_missing"/>
    <testcase time="0.000999999999997669" classname="character(0)" name="tbl_baseline_chg_throws_error_when_required_arguments_are_missing"/>
  </testsuite>
  <testsuite name="tbl_baseline_chg" timestamp="2025-08-11T14:33:54Z" hostname="208f74b01090" tests="1" skipped="0" failures="1" errors="0" time="0.001">
    <testcase time="0.000999999999997669" classname="character(0)" name="tbl_baseline_chg_messaging">
      <failure type="failure" message="Snapshot of code has changed: ('test-tbl_baseline_chg.R:142:3')">Snapshot of code has changed:
old[2:4] vs new[2:145]
  Code
    tbl &lt;- tbl_baseline_chg(data = dplyr::mutate(df, TRTA = as.character(TRTA)), test_variable = "PARAMCD", test_cd = "SODIUM", baseline_level = "SCREENING 1", by = "TRTA", denominator = cards::ADSL)
  Message
    i Converting column "TRTA" to a factor.
+ Condition
+   Warning:
+   Using an external vector in selections was deprecated in tidyselect 1.1.0.
+   i Please use `all_of()` or `any_of()` instead.
+     # Was:
+     data %&gt;% select(id)
+   
+     # Now:
+     data %&gt;% select(all_of(id))
+   
+   See &lt;https://tidyselect.r-lib.org/reference/faq-external-vector.html&gt;.
+   Warning:
+   Using an external vector in selections was deprecated in tidyselect 1.1.0.
+   i Please use `all_of()` or `any_of()` instead.
+     # Was:
+     data %&gt;% select(visit)
+   
+     # Now:
+     data %&gt;% select(all_of(visit))
+   
+   See &lt;https://tidyselect.r-lib.org/reference/faq-external-vector.html&gt;.
+   Warning:
+   Using an external vector in selections was deprecated in tidyselect 1.1.0.
+   i Please use `all_of()` or `any_of()` instead.
+     # Was:
+     data %&gt;% select(analysis_variable)
+   
+     # Now:
+     data %&gt;% select(all_of(analysis_variable))
+   
+   See &lt;https://tidyselect.r-lib.org/reference/faq-external-vector.html&gt;.
+   Warning:
+   Using an external vector in selections was deprecated in tidyselect 1.1.0.
+   i Please use `all_of()` or `any_of()` instead.
+     # Was:
+     data %&gt;% select(change_variable)
+   
+     # Now:
+     data %&gt;% select(all_of(change_variable))
+   
+   See &lt;https://tidyselect.r-lib.org/reference/faq-external-vector.html&gt;.
+   Warning:
+   Using an external vector in selections was deprecated in tidyselect 1.1.0.
+   i Please use `all_of()` or `any_of()` instead.
+     # Was:
+     data %&gt;% select(analysis_variable)
+   
+     # Now:
+     data %&gt;% select(all_of(analysis_variable))
+   
+   See &lt;https://tidyselect.r-lib.org/reference/faq-external-vector.html&gt;.
+   Warning:
+   Using an external vector in selections was deprecated in tidyselect 1.1.0.
+   i Please use `all_of()` or `any_of()` instead.
+     # Was:
+     data %&gt;% select(change_variable)
+   
+     # Now:
+     data %&gt;% select(all_of(change_variable))
+   
+   See &lt;https://tidyselect.r-lib.org/reference/faq-external-vector.html&gt;.
+   Warning:
+   Using an external vector in selections was deprecated in tidyselect 1.1.0.
+   i Please use `all_of()` or `any_of()` instead.
+     # Was:
+     data %&gt;% select(id)
+   
+     # Now:
+     data %&gt;% select(all_of(id))
+   
+   See &lt;https://tidyselect.r-lib.org/reference/faq-external-vector.html&gt;.
+   Warning:
+   Using an external vector in selections was deprecated in tidyselect 1.1.0.
+   i Please use `all_of()` or `any_of()` instead.
+     # Was:
+     data %&gt;% select(test_variable)
+   
+     # Now:
+     data %&gt;% select(all_of(test_variable))
+   
+   See &lt;https://tidyselect.r-lib.org/reference/faq-external-vector.html&gt;.
+   Warning:
+   Using an external vector in selections was deprecated in tidyselect 1.1.0.
+   i Please use `all_of()` or `any_of()` instead.
+     # Was:
+     data %&gt;% select(by)
+   
+     # Now:
+     data %&gt;% select(all_of(by))
+   
+   See &lt;https://tidyselect.r-lib.org/reference/faq-external-vector.html&gt;.
+   Warning:
+   Using an external vector in selections was deprecated in tidyselect 1.1.0.
+   i Please use `all_of()` or `any_of()` instead.
+     # Was:
+     data %&gt;% select(id)
+   
+     # Now:
+     data %&gt;% select(all_of(id))
+   
+   See &lt;https://tidyselect.r-lib.org/reference/faq-external-vector.html&gt;.
+   Warning:
+   Using an external vector in selections was deprecated in tidyselect 1.1.0.
+   i Please use `all_of()` or `any_of()` instead.
+     # Was:
+     data %&gt;% select(by)
+   
+     # Now:
+     data %&gt;% select(all_of(by))
+   
+   See &lt;https://tidyselect.r-lib.org/reference/faq-external-vector.html&gt;.
+   Warning:
+   Using an external vector in selections was deprecated in tidyselect 1.1.0.
+   i Please use `all_of()` or `any_of()` instead.
+     # Was:
+     data %&gt;% select(by)
+   
+     # Now:
+     data %&gt;% select(all_of(by))
+   
+   See &lt;https://tidyselect.r-lib.org/reference/faq-external-vector.html&gt;.
+   Warning:
+   Using an external vector in selections was deprecated in tidyselect 1.1.0.
+   i Please use `all_of()` or `any_of()` instead.
+     # Was:
+     data %&gt;% select(by)
+   
+     # Now:
+     data %&gt;% select(all_of(by))
+   
+   See &lt;https://tidyselect.r-lib.org/reference/faq-external-vector.html&gt;.
+   Warning:
+   Using an external vector in selections was deprecated in tidyselect 1.1.0.
+   i Please use `all_of()` or `any_of()` instead.
+     # Was:
+     data %&gt;% select(baseline_level)
+   
+     # Now:
+     data %&gt;% select(all_of(baseline_level))
+   
+   See &lt;https://tidyselect.r-lib.org/reference/faq-external-vector.html&gt;.

* Run `testthat::snapshot_accept('tbl_baseline_chg')` to accept the change.
* Run `testthat::snapshot_review('tbl_baseline_chg')` to interactively review the change.</failure>
    </testcase>
  </testsuite>
  <testsuite name="tbl_roche_summary" timestamp="2025-08-11T14:34:01Z" hostname="208f74b01090" tests="1" skipped="0" failures="0" errors="0" time="6.765">
    <testcase time="6.765" classname="character(0)" name="tbl_roche_summary_works"/>
  </testsuite>
  <testsuite name="tbl_roche_summary" timestamp="2025-08-11T14:34:01Z" hostname="208f74b01090" tests="3" skipped="0" failures="0" errors="0" time="0.003">
    <testcase time="0.00200000000000244" classname="character(0)" name="tbl_roche_summary_add_overall_works"/>
    <testcase time="0.000999999999997669" classname="character(0)" name="tbl_roche_summary_add_overall_works"/>
    <testcase time="0" classname="character(0)" name="tbl_roche_summary_add_overall_works"/>
  </testsuite>
  <testsuite name="tbl_roche_summary" timestamp="2025-08-11T14:34:01Z" hostname="208f74b01090" tests="1" skipped="0" failures="0" errors="0" time="0.002">
    <testcase time="0.00200000000000244" classname="character(0)" name="tbl_roche_summary_recode_counts_for_all_NA_column"/>
  </testsuite>
  <testsuite name="tbl_shift" timestamp="2025-08-11T14:34:23Z" hostname="208f74b01090" tests="4" skipped="0" failures="0" errors="0" time="22.29">
    <testcase time="22.287" classname="character(0)" name="tbl_shift_strata_location_"/>
    <testcase time="0.000999999999990564" classname="character(0)" name="tbl_shift_strata_location_"/>
    <testcase time="0.00100000000000477" classname="character(0)" name="tbl_shift_strata_location_"/>
    <testcase time="0.00100000000000477" classname="character(0)" name="tbl_shift_strata_location_"/>
  </testsuite>
  <testsuite name="tbl_shift" timestamp="2025-08-11T14:34:23Z" hostname="208f74b01090" tests="1" skipped="0" failures="0" errors="0" time="0.003">
    <testcase time="0.00300000000000011" classname="character(0)" name="tbl_shift_by_messaging"/>
  </testsuite>
  <testsuite name="tbl_shift" timestamp="2025-08-11T14:34:23Z" hostname="208f74b01090" tests="1" skipped="0" failures="0" errors="0" time="0.002">
    <testcase time="0.00199999999999534" classname="character(0)" name="tbl_shift_data_header_messaging"/>
  </testsuite>
  <testsuite name="tbl_shift" timestamp="2025-08-11T14:34:23Z" hostname="208f74b01090" tests="4" skipped="0" failures="0" errors="0" time="0.003">
    <testcase time="0.00100000000000477" classname="character(0)" name="add_overall.tbl_shift_"/>
    <testcase time="0.000999999999990564" classname="character(0)" name="add_overall.tbl_shift_"/>
    <testcase time="0.00100000000000477" classname="character(0)" name="add_overall.tbl_shift_"/>
    <testcase time="0" classname="character(0)" name="add_overall.tbl_shift_"/>
  </testsuite>
  <testsuite name="tbl_shift" timestamp="2025-08-11T14:34:23Z" hostname="208f74b01090" tests="2" skipped="0" failures="0" errors="0" time="0.002">
    <testcase time="0.00199999999999534" classname="character(0)" name="add_overall.tbl_shift_messaging"/>
    <testcase time="0" classname="character(0)" name="add_overall.tbl_shift_messaging"/>
  </testsuite>
  <testsuite name="tbl_shift" timestamp="2025-08-11T14:34:23Z" hostname="208f74b01090" tests="2" skipped="0" failures="0" errors="0" time="0.002">
    <testcase time="0.00200000000000955" classname="character(0)" name="add_overall.tbl_shift_strata_NULL_messaging"/>
    <testcase time="0" classname="character(0)" name="add_overall.tbl_shift_strata_NULL_messaging"/>
  </testsuite>
  <testsuite name="tbl_survfit_quantiles" timestamp="2025-08-11T14:34:30Z" hostname="208f74b01090" tests="7" skipped="0" failures="0" errors="0" time="6.254">
    <testcase time="6.24799999999999" classname="character(0)" name="tbl_survfit_quantiles_works"/>
    <testcase time="0.00100000000000477" classname="character(0)" name="tbl_survfit_quantiles_works"/>
    <testcase time="0.00100000000000477" classname="character(0)" name="tbl_survfit_quantiles_works"/>
    <testcase time="0.000999999999990564" classname="character(0)" name="tbl_survfit_quantiles_works"/>
    <testcase time="0.00100000000000477" classname="character(0)" name="tbl_survfit_quantiles_works"/>
    <testcase time="0.00100000000000477" classname="character(0)" name="tbl_survfit_quantiles_works"/>
    <testcase time="0.000999999999990564" classname="character(0)" name="tbl_survfit_quantiles_works"/>
  </testsuite>
  <testsuite name="tbl_survfit_quantiles" timestamp="2025-08-11T14:34:30Z" hostname="208f74b01090" tests="2" skipped="0" failures="0" errors="0" time="0.003">
    <testcase time="0.00200000000000955" classname="character(0)" name="tbl_survfit_quantiles_by_messaging"/>
    <testcase time="0.000999999999990564" classname="character(0)" name="tbl_survfit_quantiles_by_messaging"/>
  </testsuite>
  <testsuite name="tbl_survfit_quantiles" timestamp="2025-08-11T14:34:30Z" hostname="208f74b01090" tests="1" skipped="0" failures="0" errors="0" time="0.002">
    <testcase time="0.00200000000000955" classname="character(0)" name="tbl_survfit_quantiles_estimate_fun_"/>
  </testsuite>
  <testsuite name="tbl_survfit_quantiles" timestamp="2025-08-11T14:34:30Z" hostname="208f74b01090" tests="1" skipped="0" failures="0" errors="0" time="0.001">
    <testcase time="0.000999999999990564" classname="character(0)" name="tbl_survfit_quantiles_method.args_"/>
  </testsuite>
  <testsuite name="tbl_survfit_quantiles" timestamp="2025-08-11T14:34:30Z" hostname="208f74b01090" tests="1" skipped="0" failures="0" errors="0" time="0.002">
    <testcase time="0.00199999999999534" classname="character(0)" name="add_overall.tbl_survfit_quantiles_works"/>
  </testsuite>
  <testsuite name="tbl_survfit_times" timestamp="2025-08-11T14:34:33Z" hostname="208f74b01090" tests="7" skipped="0" failures="0" errors="0" time="3.557">
    <testcase time="3.55300000000001" classname="character(0)" name="tbl_survfit_times_works"/>
    <testcase time="0.000999999999990564" classname="character(0)" name="tbl_survfit_times_works"/>
    <testcase time="0.00100000000000477" classname="character(0)" name="tbl_survfit_times_works"/>
    <testcase time="0" classname="character(0)" name="tbl_survfit_times_works"/>
    <testcase time="0.00100000000000477" classname="character(0)" name="tbl_survfit_times_works"/>
    <testcase time="0" classname="character(0)" name="tbl_survfit_times_works"/>
    <testcase time="0.000999999999990564" classname="character(0)" name="tbl_survfit_times_works"/>
  </testsuite>
  <testsuite name="tbl_survfit_times" timestamp="2025-08-11T14:34:33Z" hostname="208f74b01090" tests="2" skipped="0" failures="0" errors="0" time="0.002">
    <testcase time="0.00200000000000955" classname="character(0)" name="tbl_survfit_times_by_messaging"/>
    <testcase time="0" classname="character(0)" name="tbl_survfit_times_by_messaging"/>
  </testsuite>
  <testsuite name="tbl_survfit_times" timestamp="2025-08-11T14:34:33Z" hostname="208f74b01090" tests="1" skipped="0" failures="0" errors="0" time="0.002">
    <testcase time="0.00199999999999534" classname="character(0)" name="add_overall.tbl_survfit_times_works"/>
  </testsuite>
  <testsuite name="theme_gtsummary_roche" timestamp="2025-08-11T14:34:36Z" hostname="208f74b01090" tests="1" skipped="0" failures="0" errors="0" time="3.099">
    <testcase time="3.099" classname="character(0)" name="theme_gtsummary_roche_works"/>
  </testsuite>
  <testsuite name="theme_gtsummary_roche" timestamp="2025-08-11T14:34:36Z" hostname="208f74b01090" tests="1" skipped="0" failures="0" errors="0" time="0.001">
    <testcase time="0.000999999999990564" classname="character(0)" name="theme_gtsummary_roche_adds_relevant_flextable_directives"/>
  </testsuite>
  <testsuite name="theme_gtsummary_roche" timestamp="2025-08-11T14:34:36Z" hostname="208f74b01090" tests="1" skipped="0" failures="0" errors="0" time="0.002">
    <testcase time="0.00200000000000955" classname="character(0)" name="theme_gtsummary_roche_no_errors_with_a_gt_print"/>
  </testsuite>
  <testsuite name="theme_gtsummary_roche" timestamp="2025-08-11T14:34:36Z" hostname="208f74b01090" tests="7" skipped="0" failures="0" errors="0" time="0.005">
    <testcase time="0.000999999999990564" classname="character(0)" name="theme_gtsummary_roche_styles_tbl_hierarchical_results"/>
    <testcase time="0.00100000000000477" classname="character(0)" name="theme_gtsummary_roche_styles_tbl_hierarchical_results"/>
    <testcase time="0.00100000000000477" classname="character(0)" name="theme_gtsummary_roche_styles_tbl_hierarchical_results"/>
    <testcase time="0" classname="character(0)" name="theme_gtsummary_roche_styles_tbl_hierarchical_results"/>
    <testcase time="0.000999999999990564" classname="character(0)" name="theme_gtsummary_roche_styles_tbl_hierarchical_results"/>
    <testcase time="0" classname="character(0)" name="theme_gtsummary_roche_styles_tbl_hierarchical_results"/>
    <testcase time="0.00100000000000477" classname="character(0)" name="theme_gtsummary_roche_styles_tbl_hierarchical_results"/>
  </testsuite>
  <testsuite name="tbl_hierarchical_rate_by_grade" timestamp="2025-08-11T14:34:50Z" hostname="208f74b01090" tests="7" skipped="0" failures="0" errors="0" time="13.791">
    <testcase time="13.788" classname="character(0)" name="tbl_hierarchical_rate_by_grade_works"/>
    <testcase time="0" classname="character(0)" name="tbl_hierarchical_rate_by_grade_works"/>
    <testcase time="0.00100000000000477" classname="character(0)" name="tbl_hierarchical_rate_by_grade_works"/>
    <testcase time="0" classname="character(0)" name="tbl_hierarchical_rate_by_grade_works"/>
    <testcase time="0.00100000000000477" classname="character(0)" name="tbl_hierarchical_rate_by_grade_works"/>
    <testcase time="0.000999999999990564" classname="character(0)" name="tbl_hierarchical_rate_by_grade_works"/>
    <testcase time="0" classname="character(0)" name="tbl_hierarchical_rate_by_grade_works"/>
  </testsuite>
  <testsuite name="tbl_hierarchical_rate_by_grade" timestamp="2025-08-11T14:34:50Z" hostname="208f74b01090" tests="4" skipped="0" failures="0" errors="0" time="0.003">
    <testcase time="0.00200000000000955" classname="character(0)" name="tbl_hierarchical_rate_by_grade_include_overall_works"/>
    <testcase time="0" classname="character(0)" name="tbl_hierarchical_rate_by_grade_include_overall_works"/>
    <testcase time="0.000999999999990564" classname="character(0)" name="tbl_hierarchical_rate_by_grade_include_overall_works"/>
    <testcase time="0" classname="character(0)" name="tbl_hierarchical_rate_by_grade_include_overall_works"/>
  </testsuite>
  <testsuite name="tbl_hierarchical_rate_by_grade" timestamp="2025-08-11T14:34:50Z" hostname="208f74b01090" tests="2" skipped="0" failures="0" errors="0" time="0.002">
    <testcase time="0.00200000000000955" classname="character(0)" name="tbl_hierarchical_rate_by_grade_works_with_add_overall_"/>
    <testcase time="0" classname="character(0)" name="tbl_hierarchical_rate_by_grade_works_with_add_overall_"/>
  </testsuite>
  <testsuite name="tbl_hierarchical_rate_by_grade" timestamp="2025-08-11T14:34:50Z" hostname="208f74b01090" tests="5" skipped="0" failures="0" errors="0" time="0.004">
    <testcase time="0.00199999999999534" classname="character(0)" name="tbl_hierarchical_rate_by_grade_sort_works"/>
    <testcase time="0" classname="character(0)" name="tbl_hierarchical_rate_by_grade_sort_works"/>
    <testcase time="0.00100000000000477" classname="character(0)" name="tbl_hierarchical_rate_by_grade_sort_works"/>
    <testcase time="0" classname="character(0)" name="tbl_hierarchical_rate_by_grade_sort_works"/>
    <testcase time="0.000999999999990564" classname="character(0)" name="tbl_hierarchical_rate_by_grade_sort_works"/>
  </testsuite>
  <testsuite name="tbl_hierarchical_rate_by_grade" timestamp="2025-08-11T14:34:50Z" hostname="208f74b01090" tests="4" skipped="0" failures="0" errors="0" time="0.003">
    <testcase time="0.00100000000000477" classname="character(0)" name="tbl_hierarchical_rate_by_grade_filter_works"/>
    <testcase time="0.00100000000000477" classname="character(0)" name="tbl_hierarchical_rate_by_grade_filter_works"/>
    <testcase time="0" classname="character(0)" name="tbl_hierarchical_rate_by_grade_filter_works"/>
    <testcase time="0.000999999999990564" classname="character(0)" name="tbl_hierarchical_rate_by_grade_filter_works"/>
  </testsuite>
  <testsuite name="tbl_hierarchical_rate_by_grade" timestamp="2025-08-11T14:34:50Z" hostname="208f74b01090" tests="1" skipped="0" failures="0" errors="0" time="0.001">
    <testcase time="0.00100000000000477" classname="character(0)" name="tbl_hierarchical_rate_by_grade_works_with_non_factor_grade_variables"/>
  </testsuite>
  <testsuite name="tbl_hierarchical_rate_by_grade" timestamp="2025-08-11T14:34:50Z" hostname="208f74b01090" tests="1" skipped="0" failures="0" errors="0" time="0.002">
    <testcase time="0.00199999999999534" classname="character(0)" name="tbl_hierarchical_rate_by_grade_grade_groups_works_with_some_grades_not_in_groups"/>
  </testsuite>
  <testsuite name="tbl_hierarchical_rate_by_grade" timestamp="2025-08-11T14:34:50Z" hostname="208f74b01090" tests="4" skipped="0" failures="0" errors="0" time="0.003">
    <testcase time="0.00100000000000477" classname="character(0)" name="tbl_hierarchical_rate_by_grade_grades_exclude_works"/>
    <testcase time="0.00100000000000477" classname="character(0)" name="tbl_hierarchical_rate_by_grade_grades_exclude_works"/>
    <testcase time="0" classname="character(0)" name="tbl_hierarchical_rate_by_grade_grades_exclude_works"/>
    <testcase time="0.000999999999990564" classname="character(0)" name="tbl_hierarchical_rate_by_grade_grades_exclude_works"/>
  </testsuite>
  <testsuite name="tbl_hierarchical_rate_by_grade" timestamp="2025-08-11T14:34:50Z" hostname="208f74b01090" tests="3" skipped="0" failures="0" errors="0" time="0.003">
    <testcase time="0.00200000000000955" classname="character(0)" name="tbl_hierarchical_rate_by_grade_keep_zero_rows_works"/>
    <testcase time="0" classname="character(0)" name="tbl_hierarchical_rate_by_grade_keep_zero_rows_works"/>
    <testcase time="0.000999999999990564" classname="character(0)" name="tbl_hierarchical_rate_by_grade_keep_zero_rows_works"/>
  </testsuite>
  <testsuite name="tbl_hierarchical_rate_by_grade" timestamp="2025-08-11T14:34:50Z" hostname="208f74b01090" tests="4" skipped="0" failures="0" errors="0" time="0.003">
    <testcase time="0.00100000000000477" classname="character(0)" name="tbl_hierarchical_rate_by_grade_error_messaging_works"/>
    <testcase time="0.00100000000000477" classname="character(0)" name="tbl_hierarchical_rate_by_grade_error_messaging_works"/>
    <testcase time="0" classname="character(0)" name="tbl_hierarchical_rate_by_grade_error_messaging_works"/>
    <testcase time="0.000999999999990564" classname="character(0)" name="tbl_hierarchical_rate_by_grade_error_messaging_works"/>
  </testsuite>
</testsuites>
