<?xml version="1.0" encoding="UTF-8"?>
<testsuites>
  <testsuite name="add_blank_row" timestamp="2025-06-21T00:10:36Z" hostname="42b406636592" tests="1" skipped="0" failures="0" errors="0" time="1.826">
    <testcase time="1.826" classname="character(0)" name="add_blank_row_works"/>
  </testsuite>
  <testsuite name="add_blank_row" timestamp="2025-06-21T00:10:36Z" hostname="42b406636592" tests="1" skipped="1" failures="0" errors="0" time="0.05">
    <testcase time="0.0499999999999998" classname="character(0)" name="add_blank_row_messaging">
      <skipped message="Reason: On CRAN ('test-add_blank_row.R:15:3')"/>
    </testcase>
  </testsuite>
  <testsuite name="add_hierarchical_count_row" timestamp="2025-06-21T00:10:36Z" hostname="42b406636592" tests="1" skipped="1" failures="0" errors="0" time="0.364">
    <testcase time="0.364" classname="character(0)" name="add_hierarchical_count_row_works">
      <skipped message="Reason: On CRAN ('test-add_hierarchical_count_row.R:14:3')"/>
    </testcase>
  </testsuite>
  <testsuite name="roche_pvalue" timestamp="2025-06-21T00:10:36Z" hostname="42b406636592" tests="1" skipped="0" failures="0" errors="0" time="0.065">
    <testcase time="0.0649999999999999" classname="character(0)" name="roche_pvalue_works"/>
  </testsuite>
  <testsuite name="modify_header_rm_md" timestamp="2025-06-21T00:10:38Z" hostname="42b406636592" tests="2" skipped="0" failures="0" errors="0" time="1.933">
    <testcase time="1.933" classname="character(0)" name="strip_md_bold_works_with_gtsummary_table"/>
    <testcase time="0" classname="character(0)" name="strip_md_bold_works_with_gtsummary_table"/>
    <testcase time="0.0359999999999996" classname="character(0)" name="_unnamed_">
      <skipped message="Reason: On CRAN ('test-tbl_hierarchical_rate_and_count.R:1:1')"/>
    </testcase>
  </testsuite>
  <testsuite name="tbl_demographics" timestamp="2025-06-21T00:10:42Z" hostname="42b406636592" tests="2" skipped="1" failures="0" errors="0" time="3.324">
    <testcase time="3.288" classname="character(0)" name="tbl_demographics_works"/>
  </testsuite>
  <testsuite name="tbl_demographics" timestamp="2025-06-21T00:10:42Z" hostname="42b406636592" tests="2" skipped="1" failures="0" errors="0" time="0.004">
    <testcase time="0.00299999999999834" classname="character(0)" name="tbl_demographics_add_overall_works"/>
    <testcase time="0.00100000000000122" classname="character(0)" name="tbl_demographics_add_overall_works">
      <skipped message="Reason: On CRAN ('test-tbl_demographics.R:41:3')"/>
    </testcase>
  </testsuite>
  <testsuite name="tbl_demographics" timestamp="2025-06-21T00:10:42Z" hostname="42b406636592" tests="1" skipped="0" failures="0" errors="0" time="0.015">
    <testcase time="0.0149999999999988" classname="character(0)" name="tbl_demographics_recode_counts_for_all_NA_column"/>
  </testsuite>
  <testsuite name="tbl_survfit_quantiles" timestamp="2025-06-21T00:10:43Z" hostname="42b406636592" tests="2" skipped="1" failures="0" errors="0" time="0.876">
    <testcase time="0.875" classname="character(0)" name="tbl_survfit_quantiles_works"/>
    <testcase time="0.00100000000000122" classname="character(0)" name="tbl_survfit_quantiles_works">
      <skipped message="Reason: On CRAN ('test-tbl_survfit_quantiles.R:13:3')"/>
    </testcase>
  </testsuite>
  <testsuite name="tbl_survfit_quantiles" timestamp="2025-06-21T00:10:43Z" hostname="42b406636592" tests="1" skipped="1" failures="0" errors="0" time="0.013">
    <testcase time="0.0129999999999999" classname="character(0)" name="tbl_survfit_quantiles_by_messaging">
      <skipped message="Reason: On CRAN ('test-tbl_survfit_quantiles.R:55:3')"/>
    </testcase>
  </testsuite>
  <testsuite name="tbl_survfit_quantiles" timestamp="2025-06-21T00:10:43Z" hostname="42b406636592" tests="1" skipped="1" failures="0" errors="0" time="0.023">
    <testcase time="0.0229999999999997" classname="character(0)" name="tbl_survfit_quantiles_estimate_fun_">
      <skipped message="Reason: On CRAN ('test-tbl_survfit_quantiles.R:75:3')"/>
    </testcase>
  </testsuite>
  <testsuite name="tbl_survfit_quantiles" timestamp="2025-06-21T00:10:43Z" hostname="42b406636592" tests="1" skipped="0" failures="0" errors="0" time="0.01">
    <testcase time="0.00999999999999979" classname="character(0)" name="tbl_survfit_quantiles_method.args_"/>
  </testsuite>
  <testsuite name="tbl_survfit_quantiles" timestamp="2025-06-21T00:10:43Z" hostname="42b406636592" tests="1" skipped="1" failures="0" errors="0" time="0.002">
    <testcase time="0.00200000000000067" classname="character(0)" name="add_overall.tbl_survfit_quantiles_works">
      <skipped message="Reason: On CRAN ('test-tbl_survfit_quantiles.R:111:3')"/>
    </testcase>
  </testsuite>
  <testsuite name="theme_gtsummary_roche" timestamp="2025-06-21T00:10:44Z" hostname="42b406636592" tests="1" skipped="1" failures="0" errors="0" time="1.107">
    <testcase time="1.107" classname="character(0)" name="theme_gtsummary_roche_works">
      <skipped message="Reason: On CRAN ('test-theme_gtsummary_roche.R:3:3')"/>
    </testcase>
  </testsuite>
  <testsuite name="theme_gtsummary_roche" timestamp="2025-06-21T00:10:44Z" hostname="42b406636592" tests="1" skipped="1" failures="0" errors="0" time="0.011">
    <testcase time="0.011000000000001" classname="character(0)" name="theme_gtsummary_roche_adds_relevant_flextable_directives">
      <skipped message="Reason: On CRAN ('test-theme_gtsummary_roche.R:17:3')"/>
    </testcase>
  </testsuite>
  <testsuite name="theme_gtsummary_roche" timestamp="2025-06-21T00:10:44Z" hostname="42b406636592" tests="1" skipped="0" failures="0" errors="0" time="0.01">
    <testcase time="0.00999999999999979" classname="character(0)" name="theme_gtsummary_roche_no_errors_with_a_gt_print"/>
  </testsuite>
  <testsuite name="tbl_survfit_times" timestamp="2025-06-21T00:10:44Z" hostname="42b406636592" tests="2" skipped="1" failures="0" errors="0" time="0.441">
    <testcase time="0.44" classname="character(0)" name="tbl_survfit_times_works"/>
    <testcase time="0.000999999999999446" classname="character(0)" name="tbl_survfit_times_works">
      <skipped message="Reason: On CRAN ('test-tbl_survfit_times.R:14:3')"/>
    </testcase>
  </testsuite>
  <testsuite name="tbl_survfit_times" timestamp="2025-06-21T00:10:44Z" hostname="42b406636592" tests="1" skipped="1" failures="0" errors="0" time="0.01">
    <testcase time="0.00999999999999979" classname="character(0)" name="tbl_survfit_times_by_messaging">
      <skipped message="Reason: On CRAN ('test-tbl_survfit_times.R:59:3')"/>
    </testcase>
  </testsuite>
  <testsuite name="tbl_survfit_times" timestamp="2025-06-21T00:10:44Z" hostname="42b406636592" tests="1" skipped="1" failures="0" errors="0" time="0.01">
    <testcase time="0.0100000000000016" classname="character(0)" name="add_overall.tbl_survfit_times_works">
      <skipped message="Reason: On CRAN ('test-tbl_survfit_times.R:81:3')"/>
    </testcase>
  </testsuite>
</testsuites>
